#
# A fatal error has been detected by the Java Runtime Environment:
#
#  SIGSEGV (0xb) at pc=0x00007f7b8ed23563, pid=43191, tid=43214
#
# JRE version: OpenJDK Runtime Environment (17.0.7) (build 17.0.7+0-17.0.7b1000.6-10550314)
# Java VM: OpenJDK 64-Bit Server VM (17.0.7+0-17.0.7b1000.6-10550314, mixed mode, tiered, compressed oops, compressed class ptrs, g1 gc, linux-amd64)
# Problematic frame:
# V  [libjvm.so+0x923563]  G1BlockOffsetTablePart::forward_to_block_containing_addr_slow(HeapWordImpl**, HeapWordImpl**, void const*)+0x2b3
#
# Core dump will be written. Default location: Core dumps may be processed with "/usr/share/apport/apport -p%p -s%s -c%c -d%d -P%P -u%u -g%g -- %E" (or dumping to /home/andriodpc/Documents/EonTechnician(todays work) (2)/EonTechnician(todays work)/EonTechnician/core.43191)
#
# If you would like to submit a bug report, please visit:
#   https://bugreport.java.com/bugreport/crash.jsp
#

---------------  S U M M A R Y ------------

Command Line: --add-opens=java.base/java.util=ALL-UNNAMED --add-opens=java.base/java.lang=ALL-UNNAMED --add-opens=java.base/java.lang.invoke=ALL-UNNAMED --add-opens=java.prefs/java.util.prefs=ALL-UNNAMED --add-opens=java.base/java.nio.charset=ALL-UNNAMED --add-opens=java.base/java.net=ALL-UNNAMED --add-opens=java.base/java.util.concurrent.atomic=ALL-UNNAMED -Xmx4608m -Dfile.encoding=UTF-8 -Duser.country=US -Duser.language=en -Duser.variant -javaagent:/home/andriodpc/.gradle/wrapper/dists/gradle-8.2-all/6mxqtxovn2faat1idb7p6lxsa/gradle-8.2/lib/agents/gradle-instrumentation-agent-8.2.jar org.gradle.launcher.daemon.bootstrap.GradleDaemon 8.2

Host: Intel(R) Core(TM) i5-8400 CPU @ 2.80GHz, 6 cores, 7G, Ubuntu 22.04.3 LTS
Time: Mon Jan 15 13:00:15 2024 IST elapsed time: 4.766397 seconds (0d 0h 0m 4s)

---------------  T H R E A D  ---------------

Current thread (0x00007f7b4c009220):  GCTaskThread "GC Thread#2" [stack: 0x00007f7b5c8fc000,0x00007f7b5c9fc000] [id=43214]

Stack: [0x00007f7b5c8fc000,0x00007f7b5c9fc000],  sp=0x00007f7b5c9faa40,  free space=1018k
Native frames: (J=compiled Java code, j=interpreted, Vv=VM code, C=native code)
V  [libjvm.so+0x923563]  G1BlockOffsetTablePart::forward_to_block_containing_addr_slow(HeapWordImpl**, HeapWordImpl**, void const*)+0x2b3
V  [libjvm.so+0x97e4fe]  G1ScanHRForRegionClosure::scan_memregion(unsigned int, MemRegion)+0x79e
V  [libjvm.so+0x97dac6]  G1ScanHRForRegionClosure::scan_heap_roots(HeapRegion*)+0x586
V  [libjvm.so+0x97d523]  G1ScanHRForRegionClosure::do_heap_region(HeapRegion*)+0x53
V  [libjvm.so+0x97b7e9]  G1RemSet::scan_heap_roots(G1ParScanThreadState*, unsigned int, G1GCPhaseTimes::GCParPhases, G1GCPhaseTimes::GCParPhases, bool)+0xe9
V  [libjvm.so+0x934c88]  G1EvacuateRegionsTask::scan_roots(G1ParScanThreadState*, unsigned int)+0x48
V  [libjvm.so+0x934b5c]  G1EvacuateRegionsBaseTask::work(unsigned int)+0x7c
V  [libjvm.so+0x10b758c]  GangWorker::run()+0x5c
V  [libjvm.so+0x100b9ff]  Thread::call_run()+0xbf
V  [libjvm.so+0xe08ba9]  thread_native_entry(Thread*)+0x119


siginfo: si_signo: 11 (SIGSEGV), si_code: 128 (SI_KERNEL), si_addr: 0x0000000000000000

Register to memory mapping:

RAX=0x1000007f7b8f5add is an unknown value
RBX=
[error occurred during error reporting (printing register info), id 0xb, SIGSEGV (0xb) at pc=0x00007f7b8ed23904]

Registers:
RAX=0x1000007f7b8f5add, RBX=0x00000006e14b6088, RCX=0x0000000000000000, RDX=0x00007f7b880c3270
RSP=0x00007f7b5c9faa40, RBP=0x00007f7b5c9faa80, RSI=0x00000006e14b6088, RDI=0x0000000800000401
R8 =0x00007f7b880965a0, R9 =0x00000006e14ba600, R10=0x00007f7b8f5d1000, R11=0x00007f7b8f60b559
R12=0x00000006e14b6088, R13=0x00007f7b880c3290, R14=0x00000006e14b6200, R15=0x000000000000a5b1
RIP=0x00007f7b8ed23563, EFLAGS=0x0000000000010246, CSGSFS=0x002b000000000033, ERR=0x0000000000000000
  TRAPNO=0x000000000000000d

Top of Stack: (sp=0x00007f7b5c9faa40)
0x00007f7b5c9faa40:   00007f7b5c9faa80 00007f7b880c3290
0x00007f7b5c9faa50:   00000006e14ba600 00007f7b8803a150
0x00007f7b5c9faa60:   00007f7b5c9fac48 0000000000000015
0x00007f7b5c9faa70:   00000006e14b5038 00000006e14ba600 

Instructions: (pc=0x00007f7b8ed23563)
0x00007f7b8ed23463:   08 00 00 00 44 89 d1 d3 e0 48 98 4a 8d 0c 20 48
0x00007f7b8ed23473:   83 c1 ff f7 d8 48 63 f8 48 21 cf 4c 8b 46 08 4c
0x00007f7b8ed23483:   29 c7 48 c1 ef 03 44 89 d1 48 d3 ef 48 8b 9a e8
0x00007f7b8ed23493:   00 00 00 4c 29 c3 48 c1 eb 03 48 d3 eb 48 39 df
0x00007f7b8ed234a3:   73 45 48 89 fa 48 c1 ea 06 4c 8b 5e 20 49 8b 34
0x00007f7b8ed234b3:   d3 48 89 f0 89 f9 48 d3 e8 48 0f a3 fe 72 1e 48
0x00007f7b8ed234c3:   85 c0 0f 84 f2 00 00 00 48 0f bc c0 48 01 c7 48
0x00007f7b8ed234d3:   39 df 4c 8d 1d 7d 80 8e 00 72 09 eb 0a 4c 8d 1d
0x00007f7b8ed234e3:   72 80 8e 00 48 89 fb 44 89 d1 48 d3 e3 49 8d 04
0x00007f7b8ed234f3:   d8 4c 29 e0 48 c1 e8 03 4c 8d 15 fe da 8a 00 e9
0x00007f7b8ed23503:   54 fe ff ff 48 8b 4a 10 4c 39 e1 0f 86 3c ff ff
0x00007f7b8ed23513:   ff 66 2e 0f 1f 84 00 00 00 00 00 66 90 41 8a 03
0x00007f7b8ed23523:   84 c0 74 26 41 8b 7c 24 08 41 8a 4a 08 48 d3 e7
0x00007f7b8ed23533:   49 03 3a 8b 4f 08 85 c9 7e 1c f6 c1 01 75 1b c1
0x00007f7b8ed23543:   e9 03 48 63 c1 e9 0e fe ff ff 49 8b 7c 24 08 8b
0x00007f7b8ed23553:   4f 08 85 c9 7f e4 85 c9 78 25 48 8b 07 4c 89 e6
0x00007f7b8ed23563:   ff 90 00 01 00 00 4c 8d 15 90 da 8a 00 4c 8d 1d
0x00007f7b8ed23573:   e2 7f 8e 00 4c 8b 4d d0 48 98 e9 d9 fd ff ff 31
0x00007f7b8ed23583:   d2 84 c0 0f 94 c2 49 63 44 94 0c 48 d3 e0 c1 e9
0x00007f7b8ed23593:   10 0f b6 c9 48 01 c1 48 8d 05 93 dd 8a 00 48 63
0x00007f7b8ed235a3:   00 48 01 c1 48 83 c1 ff f7 d8 48 98 48 21 c8 48
0x00007f7b8ed235b3:   c1 e8 03 48 98 e9 9e fd ff ff 4c 8d 4b 3f 49 c1
0x00007f7b8ed235c3:   e9 06 48 89 d1 48 c1 e1 06 48 83 c2 01 4c 39 ca
0x00007f7b8ed235d3:   73 31 49 8b 3c d3 48 83 c1 40 48 83 c2 01 48 85
0x00007f7b8ed235e3:   ff 74 ea 48 0f bc ff 48 09 cf 48 39 df 4c 8b 4d
0x00007f7b8ed235f3:   d0 4c 8d 1d 5e 7f 8e 00 0f 82 e6 fe ff ff e9 e4
0x00007f7b8ed23603:   fe ff ff 4c 8b 4d d0 4c 8d 1d 48 7f 8e 00 e9 d4
0x00007f7b8ed23613:   fe ff ff 4d 8b 45 10 45 29 e6 41 c1 ee 03 49 8b
0x00007f7b8ed23623:   40 10 46 88 34 38 4d 8b 45 10 49 8b 08 49 89 dd
0x00007f7b8ed23633:   49 29 cd 49 83 c5 f8 49 c1 ed 09 4d 39 ef 73 6d
0x00007f7b8ed23643:   49 c1 e7 09 49 8d 34 0f 48 81 c6 00 02 00 00 4d
0x00007f7b8ed23653:   89 ee 49 c1 e6 06 4c 89 e8 48 c1 e0 09 48 8d 14 


Stack slot to memory mapping:
stack at sp + 0 slots: 0x00007f7b5c9faa80 points into unknown readable memory: 0x00007f7b5c9fab00 | 00 ab 9f 5c 7b 7f 00 00
stack at sp + 1 slots: 0x00007f7b880c3290 points into unknown readable memory: 0x00000006e1800000 | 00 00 80 e1 06 00 00 00
stack at sp + 2 slots: 
[error occurred during error reporting (inspecting top of stack), id 0xb, SIGSEGV (0xb) at pc=0x00007f7b8ed23563]


---------------  P R O C E S S  ---------------

Threads class SMR info:
_java_thread_list=0x00007f7aec6c9df0, length=34, elements={
0x00007f7b88027ee0, 0x00007f7b88173860, 0x00007f7b88174eb0, 0x00007f7b881a4f40,
0x00007f7b881a62f0, 0x00007f7b881a7700, 0x00007f7b8819a520, 0x00007f7b8819ba00,
0x00007f7b8819ce70, 0x00007f7b882426e0, 0x00007f7b8832a2d0, 0x00007f7b89375c20,
0x00007f7b894b7670, 0x00007f7b894f32d0, 0x00007f7b080174f0, 0x00007f7b000015d0,
0x00007f7b0000e240, 0x00007f7b00037e80, 0x00007f7aec009930, 0x00007f7aec00ce40,
0x00007f7aec00fe70, 0x00007f7aec1a5000, 0x00007f7aec1af1a0, 0x00007f7aec286700,
0x00007f7aec46cc70, 0x00007f7aec46eba0, 0x00007f7aec521ab0, 0x00007f7aec5314c0,
0x00007f7aec541b00, 0x00007f7aec58eef0, 0x00007f7aec59dc90, 0x00007f7aec601380,
0x00007f7aec6bb610, 0x00007f7aec6c9060
}

Java Threads: ( => current thread )
  0x00007f7b88027ee0 JavaThread "main" [_thread_blocked, id=43194, stack(0x00007f7b8f700000,0x00007f7b8f800000)]
  0x00007f7b88173860 JavaThread "Reference Handler" daemon [_thread_blocked, id=43201, stack(0x00007f7b5dc63000,0x00007f7b5dd63000)]
  0x00007f7b88174eb0 JavaThread "Finalizer" daemon [_thread_blocked, id=43202, stack(0x00007f7b5db63000,0x00007f7b5dc63000)]
  0x00007f7b881a4f40 JavaThread "Signal Dispatcher" daemon [_thread_blocked, id=43203, stack(0x00007f7b5da63000,0x00007f7b5db63000)]
  0x00007f7b881a62f0 JavaThread "Service Thread" daemon [_thread_blocked, id=43204, stack(0x00007f7b5d300000,0x00007f7b5d400000)]
  0x00007f7b881a7700 JavaThread "Monitor Deflation Thread" daemon [_thread_blocked, id=43205, stack(0x00007f7b5d200000,0x00007f7b5d300000)]
  0x00007f7b8819a520 JavaThread "C2 CompilerThread0" daemon [_thread_blocked, id=43206, stack(0x00007f7b5d100000,0x00007f7b5d200000)]
  0x00007f7b8819ba00 JavaThread "C1 CompilerThread0" daemon [_thread_blocked, id=43207, stack(0x00007f7b5d000000,0x00007f7b5d100000)]
  0x00007f7b8819ce70 JavaThread "Sweeper thread" daemon [_thread_blocked, id=43208, stack(0x00007f7b5cf00000,0x00007f7b5d000000)]
  0x00007f7b882426e0 JavaThread "Common-Cleaner" daemon [_thread_blocked, id=43209, stack(0x00007f7b5ce00000,0x00007f7b5cf00000)]
  0x00007f7b8832a2d0 JavaThread "Notification Thread" daemon [_thread_blocked, id=43210, stack(0x00007f7b5cd00000,0x00007f7b5ce00000)]
  0x00007f7b89375c20 JavaThread "Daemon health stats" [_thread_blocked, id=43216, stack(0x00007f7b5c100000,0x00007f7b5c200000)]
  0x00007f7b894b7670 JavaThread "Incoming local TCP Connector on port 46521" [_thread_in_native, id=43217, stack(0x00007f7b5c000000,0x00007f7b5c100000)]
  0x00007f7b894f32d0 JavaThread "Daemon periodic checks" [_thread_blocked, id=43218, stack(0x00007f7b13f00000,0x00007f7b14000000)]
  0x00007f7b080174f0 JavaThread "Daemon" [_thread_blocked, id=43219, stack(0x00007f7b13b00000,0x00007f7b13c00000)]
  0x00007f7b000015d0 JavaThread "Handler for socket connection from /127.0.0.1:46521 to /127.0.0.1:36762" [_thread_in_native, id=43220, stack(0x00007f7b13a00000,0x00007f7b13b00000)]
  0x00007f7b0000e240 JavaThread "Cancel handler" [_thread_blocked, id=43221, stack(0x00007f7b13900000,0x00007f7b13a00000)]
  0x00007f7b00037e80 JavaThread "Daemon worker" [_thread_blocked, id=43222, stack(0x00007f7b13800000,0x00007f7b13900000)]
  0x00007f7aec009930 JavaThread "Asynchronous log dispatcher for DefaultDaemonConnection: socket connection from /127.0.0.1:46521 to /127.0.0.1:36762" [_thread_blocked, id=43225, stack(0x00007f7b13700000,0x00007f7b13800000)]
  0x00007f7aec00ce40 JavaThread "Stdin handler" [_thread_blocked, id=43226, stack(0x00007f7b13600000,0x00007f7b13700000)]
  0x00007f7aec00fe70 JavaThread "Daemon client event forwarder" [_thread_blocked, id=43227, stack(0x00007f7b13500000,0x00007f7b13600000)]
  0x00007f7aec1a5000 JavaThread "Cache worker for journal cache (/home/andriodpc/.gradle/caches/journal-1)" [_thread_blocked, id=43231, stack(0x00007f7b5cafe000,0x00007f7b5cbfe000)]
  0x00007f7aec1af1a0 JavaThread "File lock request listener" [_thread_in_native, id=43232, stack(0x00007f7b130fa000,0x00007f7b131fa000)]
  0x00007f7aec286700 JavaThread "Cache worker for file hash cache (/home/andriodpc/.gradle/caches/8.2/fileHashes)" [_thread_blocked, id=43233, stack(0x00007f7b12dfc000,0x00007f7b12efc000)]
  0x00007f7aec46cc70 JavaThread "File watcher server" daemon [_thread_in_native, id=43234, stack(0x00007f7b12ffa000,0x00007f7b130fa000)]
  0x00007f7aec46eba0 JavaThread "File watcher consumer" daemon [_thread_blocked, id=43235, stack(0x00007f7b12cfc000,0x00007f7b12dfc000)]
  0x00007f7aec521ab0 JavaThread "Cache worker for checksums cache (/home/andriodpc/Documents/EonTechnician(todays work) (2)/EonTechnician(todays work)/EonTechnician/.gradle/8.2/checksums)" [_thread_blocked, id=43236, stack(0x00007f7b12bfc000,0x00007f7b12cfc000)]
  0x00007f7aec5314c0 JavaThread "Cache worker for cache directory md-rule (/home/andriodpc/.gradle/caches/8.2/md-rule)" [_thread_blocked, id=43237, stack(0x00007f7b12afc000,0x00007f7b12bfc000)]
  0x00007f7aec541b00 JavaThread "Cache worker for file content cache (/home/andriodpc/.gradle/caches/8.2/fileContent)" [_thread_blocked, id=43238, stack(0x00007f7b129fc000,0x00007f7b12afc000)]
  0x00007f7aec58eef0 JavaThread "Cache worker for file hash cache (/home/andriodpc/Documents/EonTechnician(todays work) (2)/EonTechnician(todays work)/EonTechnician/.gradle/8.2/fileHashes)" [_thread_blocked, id=43239, stack(0x00007f7b128fc000,0x00007f7b129fc000)]
  0x00007f7aec59dc90 JavaThread "Cache worker for cache directory md-supplier (/home/andriodpc/.gradle/caches/8.2/md-supplier)" [_thread_blocked, id=43240, stack(0x00007f7b127fc000,0x00007f7b128fc000)]
  0x00007f7aec601380 JavaThread "Cache worker for execution history cache (/home/andriodpc/.gradle/caches/8.2/executionHistory)" [_thread_blocked, id=43241, stack(0x00007f7b126fc000,0x00007f7b127fc000)]
  0x00007f7aec6bb610 JavaThread "jar transforms" [_thread_blocked, id=43243, stack(0x00007f7b125fc000,0x00007f7b126fc000)]
  0x00007f7aec6c9060 JavaThread "jar transforms Thread 2" [_thread_blocked, id=43244, stack(0x00007f7b124fc000,0x00007f7b125fc000)]

Other Threads:
  0x00007f7b88124000 VMThread "VM Thread" [stack: 0x00007f7b5dd65000,0x00007f7b5de65000] [id=43200]
  0x00007f7b881c6560 WatcherThread [stack: 0x00007f7b5cc00000,0x00007f7b5cd00000] [id=43211]
  0x00007f7b88097570 GCTaskThread "GC Thread#0" [stack: 0x00007f7b8c024000,0x00007f7b8c124000] [id=43195]
  0x00007f7b4c005810 GCTaskThread "GC Thread#1" [stack: 0x00007f7b5c9fe000,0x00007f7b5cafe000] [id=43213]
=>0x00007f7b4c009220 GCTaskThread "GC Thread#2" [stack: 0x00007f7b5c8fc000,0x00007f7b5c9fc000] [id=43214]
  0x00007f7b4c008e10 GCTaskThread "GC Thread#3" [stack: 0x00007f7b5c500000,0x00007f7b5c600000] [id=43215]
  0x00007f7b4c009dd0 GCTaskThread "GC Thread#4" [stack: 0x00007f7b13400000,0x00007f7b13500000] [id=43228]
  0x00007f7b4c006b80 GCTaskThread "GC Thread#5" [stack: 0x00007f7b132fe000,0x00007f7b133fe000] [id=43229]
  0x00007f7b880a1b60 ConcurrentGCThread "G1 Main Marker" [stack: 0x00007f7b87f00000,0x00007f7b88000000] [id=43196]
  0x00007f7b880a2ac0 ConcurrentGCThread "G1 Conc#0" [stack: 0x00007f7b6c900000,0x00007f7b6ca00000] [id=43197]
  0x00007f7b60000eb0 ConcurrentGCThread "G1 Conc#1" [stack: 0x00007f7b131fc000,0x00007f7b132fc000] [id=43230]
  0x00007f7b880e18d0 ConcurrentGCThread "G1 Refine#0" [stack: 0x00007f7b6c1f8000,0x00007f7b6c2f8000] [id=43198]
  0x00007f7b880e27c0 ConcurrentGCThread "G1 Service" [stack: 0x00007f7b6c0f6000,0x00007f7b6c1f6000] [id=43199]

Threads with active compile tasks:
C2 CompilerThread0     4770 2673       4       java.util.LinkedHashMap::get (29 bytes)

VM state: at safepoint (normal execution)

VM Mutex/Monitor currently owned by a thread:  ([mutex/lock_event])
[0x00007f7b88024ad0] Threads_lock - owner thread: 0x00007f7b88124000
[0x00007f7b88025340] Heap_lock - owner thread: 0x00007f7b00037e80

Heap address: 0x00000006e0000000, size: 4608 MB, Compressed Oops mode: Zero based, Oop shift amount: 3

CDS archive(s) not mapped
Compressed class space mapped at: 0x0000000800000000-0x0000000840000000, reserved size: 1073741824
Narrow klass base: 0x0000000800000000, Narrow klass shift: 0, Narrow klass range: 0x40000000

GC Precious Log:
 CPUs: 6 total, 6 available
 Memory: 7792M
 Large Page Support: Disabled
 NUMA Support: Disabled
 Compressed Oops: Enabled (Zero based)
 Heap Region Size: 4M
 Heap Min Capacity: 8M
 Heap Initial Capacity: 124M
 Heap Max Capacity: 4608M
 Pre-touch: Disabled
 Parallel Workers: 6
 Concurrent Workers: 2
 Concurrent Refinement Workers: 6
 Periodic GC: Disabled

Heap:
 garbage-first heap   total 98304K, used 58220K [0x00000006e0000000, 0x0000000800000000)
  region size 4096K, 10 young (40960K), 1 survivors (4096K)
 Metaspace       used 34627K, committed 34880K, reserved 1114112K
  class space    used 4822K, committed 4928K, reserved 1048576K

Heap Regions: E=young(eden), S=young(survivor), O=old, HS=humongous(starts), HC=humongous(continues), CS=collection set, F=free, OA=open archive, CA=closed archive, TAMS=top-at-mark-start (previous, next)
|   0|0x00000006e0000000, 0x00000006e0400000, 0x00000006e0400000|100%|HS|  |TAMS 0x00000006e0400000, 0x00000006e0000000| Complete 
|   1|0x00000006e0400000, 0x00000006e0800000, 0x00000006e0800000|100%| O|  |TAMS 0x00000006e0800000, 0x00000006e0400000| Untracked 
|   2|0x00000006e0800000, 0x00000006e0c00000, 0x00000006e0c00000|100%| O|  |TAMS 0x00000006e0977400, 0x00000006e0800000| Untracked 
|   3|0x00000006e0c00000, 0x00000006e1000000, 0x00000006e1000000|100%| O|  |TAMS 0x00000006e0c00000, 0x00000006e0c00000| Untracked 
|   4|0x00000006e1000000, 0x00000006e1000000, 0x00000006e1400000|  0%| F|  |TAMS 0x00000006e1000000, 0x00000006e1000000| Untracked 
|   5|0x00000006e1400000, 0x00000006e1800000, 0x00000006e1800000|100%| O|  |TAMS 0x00000006e1400000, 0x00000006e1400000| Untracked 
|   6|0x00000006e1800000, 0x00000006e184c000, 0x00000006e1c00000|  7%| O|  |TAMS 0x00000006e1800000, 0x00000006e1800000| Untracked 
|   7|0x00000006e1c00000, 0x00000006e1c00000, 0x00000006e2000000|  0%| F|  |TAMS 0x00000006e1c00000, 0x00000006e1c00000| Untracked 
|   8|0x00000006e2000000, 0x00000006e2000000, 0x00000006e2400000|  0%| F|  |TAMS 0x00000006e2000000, 0x00000006e2000000| Untracked 
|   9|0x00000006e2400000, 0x00000006e2400000, 0x00000006e2800000|  0%| F|  |TAMS 0x00000006e2400000, 0x00000006e2400000| Untracked 
|  10|0x00000006e2800000, 0x00000006e2800000, 0x00000006e2c00000|  0%| F|  |TAMS 0x00000006e2800000, 0x00000006e2800000| Untracked 
|  11|0x00000006e2c00000, 0x00000006e2c00000, 0x00000006e3000000|  0%| F|  |TAMS 0x00000006e2c00000, 0x00000006e2c00000| Untracked 
|  12|0x00000006e3000000, 0x00000006e3000000, 0x00000006e3400000|  0%| F|  |TAMS 0x00000006e3000000, 0x00000006e3000000| Untracked 
|  13|0x00000006e3400000, 0x00000006e35d65d0, 0x00000006e3800000| 45%| S|  |TAMS 0x00000006e3400000, 0x00000006e3400000| Complete 
|  14|0x00000006e3800000, 0x00000006e3c00000, 0x00000006e3c00000|100%| E|CS|TAMS 0x00000006e3800000, 0x00000006e3800000| Complete 
|  15|0x00000006e3c00000, 0x00000006e4000000, 0x00000006e4000000|100%| E|CS|TAMS 0x00000006e3c00000, 0x00000006e3c00000| Complete 
|  16|0x00000006e4000000, 0x00000006e4400000, 0x00000006e4400000|100%| E|CS|TAMS 0x00000006e4000000, 0x00000006e4000000| Complete 
|  17|0x00000006e4400000, 0x00000006e4800000, 0x00000006e4800000|100%| E|CS|TAMS 0x00000006e4400000, 0x00000006e4400000| Complete 
|  18|0x00000006e4800000, 0x00000006e4c00000, 0x00000006e4c00000|100%| E|CS|TAMS 0x00000006e4800000, 0x00000006e4800000| Complete 
|  19|0x00000006e4c00000, 0x00000006e5000000, 0x00000006e5000000|100%| E|CS|TAMS 0x00000006e4c00000, 0x00000006e4c00000| Complete 
|  20|0x00000006e5000000, 0x00000006e5400000, 0x00000006e5400000|100%| E|CS|TAMS 0x00000006e5000000, 0x00000006e5000000| Complete 
|  21|0x00000006e5400000, 0x00000006e5800000, 0x00000006e5800000|100%| E|CS|TAMS 0x00000006e5400000, 0x00000006e5400000| Complete 
|  27|0x00000006e6c00000, 0x00000006e6c8f040, 0x00000006e7000000| 13%| E|CS|TAMS 0x00000006e6c00000, 0x00000006e6c00000| Complete 
|  30|0x00000006e7800000, 0x00000006e7c00000, 0x00000006e7c00000|100%| E|CS|TAMS 0x00000006e7800000, 0x00000006e7800000| Complete 

Card table byte_map: [0x00007f7b8ca24000,0x00007f7b8d324000] _byte_map_base: 0x00007f7b89324000

Marking Bits (Prev, Next): (CMBitMap*) 0x00007f7b88098030, (CMBitMap*) 0x00007f7b88097ff0
 Prev Bits: [0x00007f7b6ca00000, 0x00007f7b71200000)
 Next Bits: [0x00007f7b71200000, 0x00007f7b75a00000)

Polling page: 0x00007f7b8fb6d000

Metaspace:

Usage:
  Non-class:     29.11 MB used.
      Class:      4.71 MB used.
       Both:     33.82 MB used.

Virtual space:
  Non-class space:       64.00 MB reserved,      29.25 MB ( 46%) committed,  1 nodes.
      Class space:        1.00 GB reserved,       4.81 MB ( <1%) committed,  1 nodes.
             Both:        1.06 GB reserved,      34.06 MB (  3%) committed. 

Chunk freelists:
   Non-Class:  2.50 MB
       Class:  11.14 MB
        Both:  13.64 MB

MaxMetaspaceSize: unlimited
CompressedClassSpaceSize: 1.00 GB
Initial GC threshold: 21.00 MB
Current GC threshold: 35.12 MB
CDS: off
MetaspaceReclaimPolicy: balanced
 - commit_granule_bytes: 65536.
 - commit_granule_words: 8192.
 - virtual_space_node_default_size: 8388608.
 - enlarge_chunks_in_place: 1.
 - new_chunks_are_fully_committed: 0.
 - uncommit_free_chunks: 1.
 - use_allocation_guard: 0.
 - handle_deallocations: 1.


Internal statistics:

num_allocs_failed_limit: 3.
num_arena_births: 266.
num_arena_deaths: 0.
num_vsnodes_births: 2.
num_vsnodes_deaths: 0.
num_space_committed: 545.
num_space_uncommitted: 0.
num_chunks_returned_to_freelist: 3.
num_chunks_taken_from_freelist: 1227.
num_chunk_merges: 3.
num_chunk_splits: 829.
num_chunks_enlarged: 602.
num_inconsistent_stats: 0.

CodeHeap 'non-profiled nmethods': size=120032Kb used=1426Kb max_used=1426Kb free=118605Kb
 bounds [0x00007f7b7d4c8000, 0x00007f7b7d738000, 0x00007f7b84a00000]
CodeHeap 'profiled nmethods': size=120028Kb used=5465Kb max_used=5465Kb free=114562Kb
 bounds [0x00007f7b75a00000, 0x00007f7b75f60000, 0x00007f7b7cf37000]
CodeHeap 'non-nmethods': size=5700Kb used=1228Kb max_used=1310Kb free=4471Kb
 bounds [0x00007f7b7cf37000, 0x00007f7b7d1a7000, 0x00007f7b7d4c8000]
 total_blobs=3220 nmethods=2680 adapters=453
 compilation: enabled
              stopped_count=0, restarted_count=0
 full_count=0

Compilation events (20 events):
Event: 4.739 Thread 0x00007f7b8819ba00 2676       3       java.util.ArrayList$ArrayListSpliterator::estimateSize (11 bytes)
Event: 4.740 Thread 0x00007f7b8819ba00 nmethod 2676 0x00007f7b75f51e10 code [0x00007f7b75f51fc0, 0x00007f7b75f52190]
Event: 4.740 Thread 0x00007f7b8819ba00 2677       3       java.util.ArrayList$ArrayListSpliterator::tryAdvance (79 bytes)
Event: 4.741 Thread 0x00007f7b8819ba00 nmethod 2677 0x00007f7b75f52290 code [0x00007f7b75f52480, 0x00007f7b75f529e0]
Event: 4.741 Thread 0x00007f7b8819ba00 2683       3       java.util.stream.AbstractPipeline::copyIntoWithCancel (46 bytes)
Event: 4.741 Thread 0x00007f7b8819ba00 nmethod 2683 0x00007f7b75f52c10 code [0x00007f7b75f52e00, 0x00007f7b75f53310]
Event: 4.741 Thread 0x00007f7b8819ba00 2678       3       org.gradle.internal.instantiation.generator.AbstractClassGenerator$PropertyMetadata::isReadableWithoutSetterOfPropertyType (36 bytes)
Event: 4.743 Thread 0x00007f7b8819ba00 nmethod 2678 0x00007f7b75f53510 code [0x00007f7b75f53760, 0x00007f7b75f541d0]
Event: 4.743 Thread 0x00007f7b8819ba00 2679       3       java.util.stream.MatchOps::makeRef (29 bytes)
Event: 4.745 Thread 0x00007f7b8819ba00 nmethod 2679 0x00007f7b75f54510 code [0x00007f7b75f54780, 0x00007f7b75f55320]
Event: 4.745 Thread 0x00007f7b8819ba00 2680       3       java.util.stream.MatchOps$$Lambda$114/0x00000008001f8458::<init> (15 bytes)
Event: 4.745 Thread 0x00007f7b8819ba00 nmethod 2680 0x00007f7b75f55710 code [0x00007f7b75f558c0, 0x00007f7b75f55af0]
Event: 4.745 Thread 0x00007f7b8819ba00 2681       3       org.gradle.internal.instantiation.generator.AbstractClassGenerator$PropertyMetadata$$Lambda$113/0x00000008002618e0::<init> (10 bytes)
Event: 4.746 Thread 0x00007f7b8819ba00 nmethod 2681 0x00007f7b75f55b90 code [0x00007f7b75f55d40, 0x00007f7b75f55ef0]
Event: 4.746 Thread 0x00007f7b8819ba00 2682       3       java.util.stream.ReferencePipeline::noneMatch (18 bytes)
Event: 4.746 Thread 0x00007f7b8819ba00 nmethod 2682 0x00007f7b75f55f90 code [0x00007f7b75f56160, 0x00007f7b75f563f0]
Event: 4.746 Thread 0x00007f7b8819ba00 2684       1       org.gradle.internal.instantiation.generator.AbstractClassGenerator$PropertyMetadata::getOverridableSetters (5 bytes)
Event: 4.746 Thread 0x00007f7b8819ba00 nmethod 2684 0x00007f7b7d62bb90 code [0x00007f7b7d62bd20, 0x00007f7b7d62bdf0]
Event: 4.751 Thread 0x00007f7b8819a520 nmethod 2670 0x00007f7b7d62be90 code [0x00007f7b7d62c040, 0x00007f7b7d62c498]
Event: 4.751 Thread 0x00007f7b8819a520 2673       4       java.util.LinkedHashMap::get (29 bytes)

GC Heap History (13 events):
Event: 0.227 GC heap before
{Heap before GC invocations=0 (full 0):
 garbage-first heap   total 126976K, used 16384K [0x00000006e0000000, 0x0000000800000000)
  region size 4096K, 4 young (16384K), 0 survivors (0K)
 Metaspace       used 7801K, committed 7936K, reserved 1114112K
  class space    used 692K, committed 768K, reserved 1048576K
}
Event: 0.230 GC heap after
{Heap after GC invocations=1 (full 0):
 garbage-first heap   total 126976K, used 9469K [0x00000006e0000000, 0x0000000800000000)
  region size 4096K, 1 young (4096K), 1 survivors (4096K)
 Metaspace       used 7801K, committed 7936K, reserved 1114112K
  class space    used 692K, committed 768K, reserved 1048576K
}
Event: 0.402 GC heap before
{Heap before GC invocations=1 (full 0):
 garbage-first heap   total 126976K, used 25853K [0x00000006e0000000, 0x0000000800000000)
  region size 4096K, 5 young (20480K), 1 survivors (4096K)
 Metaspace       used 11292K, committed 11456K, reserved 1114112K
  class space    used 1199K, committed 1280K, reserved 1048576K
}
Event: 0.406 GC heap after
{Heap after GC invocations=2 (full 0):
 garbage-first heap   total 126976K, used 10830K [0x00000006e0000000, 0x0000000800000000)
  region size 4096K, 1 young (4096K), 1 survivors (4096K)
 Metaspace       used 11292K, committed 11456K, reserved 1114112K
  class space    used 1199K, committed 1280K, reserved 1048576K
}
Event: 0.802 GC heap before
{Heap before GC invocations=2 (full 0):
 garbage-first heap   total 126976K, used 51790K [0x00000006e0000000, 0x0000000800000000)
  region size 4096K, 12 young (49152K), 1 survivors (4096K)
 Metaspace       used 19004K, committed 19200K, reserved 1114112K
  class space    used 2255K, committed 2368K, reserved 1048576K
}
Event: 0.806 GC heap after
{Heap after GC invocations=3 (full 0):
 garbage-first heap   total 126976K, used 17436K [0x00000006e0000000, 0x0000000800000000)
  region size 4096K, 2 young (8192K), 2 survivors (8192K)
 Metaspace       used 19004K, committed 19200K, reserved 1114112K
  class space    used 2255K, committed 2368K, reserved 1048576K
}
Event: 1.236 GC heap before
{Heap before GC invocations=3 (full 0):
 garbage-first heap   total 126976K, used 25628K [0x00000006e0000000, 0x0000000800000000)
  region size 4096K, 5 young (20480K), 2 survivors (8192K)
 Metaspace       used 21235K, committed 21504K, reserved 1114112K
  class space    used 2612K, committed 2752K, reserved 1048576K
}
Event: 1.243 GC heap after
{Heap after GC invocations=4 (full 0):
 garbage-first heap   total 126976K, used 18420K [0x00000006e0000000, 0x0000000800000000)
  region size 4096K, 1 young (4096K), 1 survivors (4096K)
 Metaspace       used 21235K, committed 21504K, reserved 1114112K
  class space    used 2612K, committed 2752K, reserved 1048576K
}
Event: 3.221 GC heap before
{Heap before GC invocations=5 (full 0):
 garbage-first heap   total 98304K, used 71668K [0x00000006e0000000, 0x0000000800000000)
  region size 4096K, 14 young (57344K), 1 survivors (4096K)
 Metaspace       used 28917K, committed 29184K, reserved 1114112K
  class space    used 3913K, committed 4032K, reserved 1048576K
}
Event: 3.224 GC heap after
{Heap after GC invocations=6 (full 0):
 garbage-first heap   total 98304K, used 20857K [0x00000006e0000000, 0x0000000800000000)
  region size 4096K, 1 young (4096K), 1 survivors (4096K)
 Metaspace       used 28917K, committed 29184K, reserved 1114112K
  class space    used 3913K, committed 4032K, reserved 1048576K
}
Event: 3.331 GC heap before
{Heap before GC invocations=6 (full 0):
 garbage-first heap   total 98304K, used 24953K [0x00000006e0000000, 0x0000000800000000)
  region size 4096K, 2 young (8192K), 1 survivors (4096K)
 Metaspace       used 29334K, committed 29568K, reserved 1114112K
  class space    used 3984K, committed 4096K, reserved 1048576K
}
Event: 3.336 GC heap after
{Heap after GC invocations=7 (full 0):
 garbage-first heap   total 98304K, used 21356K [0x00000006e0000000, 0x0000000800000000)
  region size 4096K, 1 young (4096K), 1 survivors (4096K)
 Metaspace       used 29334K, committed 29568K, reserved 1114112K
  class space    used 3984K, committed 4096K, reserved 1048576K
}
Event: 4.755 GC heap before
{Heap before GC invocations=7 (full 0):
 garbage-first heap   total 98304K, used 58220K [0x00000006e0000000, 0x0000000800000000)
  region size 4096K, 10 young (40960K), 1 survivors (4096K)
 Metaspace       used 34627K, committed 34880K, reserved 1114112K
  class space    used 4822K, committed 4928K, reserved 1048576K
}

Dll operation events (13 events):
Event: 0.001 Loaded shared library /home/andriodpc/Downloads/android-studio-2023.1.1.26-linux/android-studio/jbr/lib/libjava.so
Event: 0.093 Loaded shared library /home/andriodpc/Downloads/android-studio-2023.1.1.26-linux/android-studio/jbr/lib/libzip.so
Event: 0.094 Loaded shared library /home/andriodpc/Downloads/android-studio-2023.1.1.26-linux/android-studio/jbr/lib/libinstrument.so
Event: 0.099 Loaded shared library /home/andriodpc/Downloads/android-studio-2023.1.1.26-linux/android-studio/jbr/lib/libnio.so
Event: 0.106 Loaded shared library /home/andriodpc/Downloads/android-studio-2023.1.1.26-linux/android-studio/jbr/lib/libzip.so
Event: 0.168 Loaded shared library /home/andriodpc/Downloads/android-studio-2023.1.1.26-linux/android-studio/jbr/lib/libjimage.so
Event: 0.199 Loaded shared library /home/andriodpc/Downloads/android-studio-2023.1.1.26-linux/android-studio/jbr/lib/libverify.so
Event: 0.286 Loaded shared library /home/andriodpc/Downloads/android-studio-2023.1.1.26-linux/android-studio/jbr/lib/libnet.so
Event: 0.287 Loaded shared library /home/andriodpc/.gradle/native/68d5fa5c4cc2d200863cafc0d521ce42e7d3e7ee720ec0a83991735586a16f82/linux-amd64/libnative-platform.so
Event: 0.290 Loaded shared library /home/andriodpc/.gradle/native/e376f236ea51e6404a007f0833ffe2c6e607c4080706a723a18a27aeea778392/linux-amd64/libnative-platform-file-events.so
Event: 0.580 Loaded shared library /home/andriodpc/Downloads/android-studio-2023.1.1.26-linux/android-studio/jbr/lib/libmanagement.so
Event: 0.581 Loaded shared library /home/andriodpc/Downloads/android-studio-2023.1.1.26-linux/android-studio/jbr/lib/libmanagement_ext.so
Event: 0.679 Loaded shared library /home/andriodpc/Downloads/android-studio-2023.1.1.26-linux/android-studio/jbr/lib/libextnet.so

Deoptimization events (20 events):
Event: 3.526 Thread 0x00007f7b00037e80 Uncommon trap: trap_request=0xffffff45 fr.pc=0x00007f7b7d517a68 relative=0x0000000000000628
Event: 3.526 Thread 0x00007f7b00037e80 Uncommon trap: reason=unstable_if action=reinterpret pc=0x00007f7b7d517a68 method=java.util.HashMap.hash(Ljava/lang/Object;)I @ 1 c2
Event: 3.526 Thread 0x00007f7b00037e80 DEOPT PACKING pc=0x00007f7b7d517a68 sp=0x00007f7b138f79a0
Event: 3.526 Thread 0x00007f7b00037e80 DEOPT UNPACKING pc=0x00007f7b7cf8d699 sp=0x00007f7b138f7868 mode 2
Event: 4.681 Thread 0x00007f7b00037e80 Uncommon trap: trap_request=0xffffff45 fr.pc=0x00007f7b7d5cf3f0 relative=0x0000000000005e50
Event: 4.681 Thread 0x00007f7b00037e80 Uncommon trap: reason=unstable_if action=reinterpret pc=0x00007f7b7d5cf3f0 method=java.net.URLClassLoader.defineClass(Ljava/lang/String;Ljdk/internal/loader/Resource;)Ljava/lang/Class; @ 21 c2
Event: 4.681 Thread 0x00007f7b00037e80 DEOPT PACKING pc=0x00007f7b7d5cf3f0 sp=0x00007f7b138f9c90
Event: 4.681 Thread 0x00007f7b00037e80 DEOPT UNPACKING pc=0x00007f7b7cf8d699 sp=0x00007f7b138f9a90 mode 2
Event: 4.682 Thread 0x00007f7b00037e80 Uncommon trap: trap_request=0xffffff45 fr.pc=0x00007f7b7d5b99fc relative=0x000000000000625c
Event: 4.682 Thread 0x00007f7b00037e80 Uncommon trap: reason=unstable_if action=reinterpret pc=0x00007f7b7d5b99fc method=java.lang.ClassLoader.getClassLoadingLock(Ljava/lang/String;)Ljava/lang/Object; @ 6 c2
Event: 4.682 Thread 0x00007f7b00037e80 DEOPT PACKING pc=0x00007f7b7d5b99fc sp=0x00007f7b138f83f0
Event: 4.682 Thread 0x00007f7b00037e80 DEOPT UNPACKING pc=0x00007f7b7cf8d699 sp=0x00007f7b138f8440 mode 2
Event: 4.683 Thread 0x00007f7b00037e80 Uncommon trap: trap_request=0xffffff45 fr.pc=0x00007f7b7d58a58c relative=0x00000000000000ec
Event: 4.683 Thread 0x00007f7b00037e80 Uncommon trap: reason=unstable_if action=reinterpret pc=0x00007f7b7d58a58c method=java.lang.ClassLoader.getClassLoadingLock(Ljava/lang/String;)Ljava/lang/Object; @ 6 c2
Event: 4.683 Thread 0x00007f7b00037e80 DEOPT PACKING pc=0x00007f7b7d58a58c sp=0x00007f7b138f8670
Event: 4.683 Thread 0x00007f7b00037e80 DEOPT UNPACKING pc=0x00007f7b7cf8d699 sp=0x00007f7b138f8630 mode 2
Event: 4.683 Thread 0x00007f7b00037e80 Uncommon trap: trap_request=0xffffff45 fr.pc=0x00007f7b7d5ff44c relative=0x000000000000076c
Event: 4.683 Thread 0x00007f7b00037e80 Uncommon trap: reason=unstable_if action=reinterpret pc=0x00007f7b7d5ff44c method=java.lang.Class.getPackageName()Ljava/lang/String; @ 55 c2
Event: 4.683 Thread 0x00007f7b00037e80 DEOPT PACKING pc=0x00007f7b7d5ff44c sp=0x00007f7b138f9860
Event: 4.683 Thread 0x00007f7b00037e80 DEOPT UNPACKING pc=0x00007f7b7cf8d699 sp=0x00007f7b138f9820 mode 2

Classes unloaded (0 events):
No events

Classes redefined (0 events):
No events

Internal exceptions (20 events):
Event: 3.526 Thread 0x00007f7b00037e80 Implicit null exception at 0x00007f7b7d51748f to 0x00007f7b7d517a48
Event: 3.604 Thread 0x00007f7b00037e80 Exception <a 'java/lang/NoSuchMethodError'{0x00000006e53ad150}: 'java.lang.Object java.lang.invoke.DirectMethodHandle$Holder.invokeSpecial(java.lang.Object, java.lang.Object, java.lang.Object, java.lang.Object, java.lang.Object, java.lang.Object, java.lang.Object, java.lang.Object, java.lang.Object, java.lang.Object, java.lang.Object, java.lang.Object, java.lang.Object)'> (0x00000006e53ad150) 
thrown [src/hotspot/share/interpreter/linkResolver.cpp, line 771]
Event: 3.604 Thread 0x00007f7b00037e80 Exception <a 'java/lang/NoSuchMethodError'{0x00000006e53be810}: 'java.lang.Object java.lang.invoke.DirectMethodHandle$Holder.newInvokeSpecial(java.lang.Object, java.lang.Object, java.lang.Object, java.lang.Object, java.lang.Object, java.lang.Object, java.lang.Object, java.lang.Object, java.lang.Object, java.lang.Object, java.lang.Object)'> (0x00000006e53be810) 
thrown [src/hotspot/share/interpreter/linkResolver.cpp, line 771]
Event: 3.605 Thread 0x00007f7b00037e80 Exception <a 'java/lang/NoSuchMethodError'{0x00000006e53c4348}: 'java.lang.Object java.lang.invoke.DirectMethodHandle$Holder.invokeSpecial(java.lang.Object, java.lang.Object, java.lang.Object, java.lang.Object, java.lang.Object, java.lang.Object, java.lang.Object, java.lang.Object, java.lang.Object, java.lang.Object, java.lang.Object, java.lang.Object)'> (0x00000006e53c4348) 
thrown [src/hotspot/share/interpreter/linkResolver.cpp, line 771]
Event: 3.605 Thread 0x00007f7b00037e80 Exception <a 'java/lang/NoSuchMethodError'{0x00000006e53c99e0}: 'java.lang.Object java.lang.invoke.Invokers$Holder.linkToTargetMethod(java.lang.Object, java.lang.Object, java.lang.Object, java.lang.Object, java.lang.Object, java.lang.Object, java.lang.Object, java.lang.Object, java.lang.Object, java.lang.Object, java.lang.Object)'> (0x00000006e53c99e0) 
thrown [src/hotspot/share/interpreter/linkResolver.cpp, line 771]
Event: 3.609 Thread 0x00007f7b00037e80 Exception <a 'java/lang/NoSuchMethodError'{0x00000006e4c2a938}: 'java.lang.Object java.lang.invoke.DirectMethodHandle$Holder.invokeSpecial(java.lang.Object, java.lang.Object, java.lang.Object, java.lang.Object, java.lang.Object, java.lang.Object, java.lang.Object, java.lang.Object, java.lang.Object, java.lang.Object, java.lang.Object, java.lang.Object, java.lang.Object, java.lang.Object)'> (0x00000006e4c2a938) 
thrown [src/hotspot/share/interpreter/linkResolver.cpp, line 771]
Event: 3.610 Thread 0x00007f7b00037e80 Exception <a 'java/lang/NoSuchMethodError'{0x00000006e4c3cce8}: 'java.lang.Object java.lang.invoke.DirectMethodHandle$Holder.newInvokeSpecial(java.lang.Object, java.lang.Object, java.lang.Object, java.lang.Object, java.lang.Object, java.lang.Object, java.lang.Object, java.lang.Object, java.lang.Object, java.lang.Object, java.lang.Object, java.lang.Object)'> (0x00000006e4c3cce8) 
thrown [src/hotspot/share/interpreter/linkResolver.cpp, line 771]
Event: 3.610 Thread 0x00007f7b00037e80 Exception <a 'java/lang/NoSuchMethodError'{0x00000006e4c42680}: 'java.lang.Object java.lang.invoke.Invokers$Holder.linkToTargetMethod(java.lang.Object, java.lang.Object, java.lang.Object, java.lang.Object, java.lang.Object, java.lang.Object, java.lang.Object, java.lang.Object, java.lang.Object, java.lang.Object, java.lang.Object, java.lang.Object)'> (0x00000006e4c42680) 
thrown [src/hotspot/share/interpreter/linkResolver.cpp, line 771]
Event: 3.613 Thread 0x00007f7b00037e80 Exception <a 'java/lang/NoSuchMethodError'{0x00000006e4c7c058}: 'java.lang.Object java.lang.invoke.DirectMethodHandle$Holder.newInvokeSpecial(java.lang.Object, java.lang.Object, java.lang.Object, java.lang.Object, java.lang.Object, java.lang.Object, java.lang.Object, java.lang.Object, java.lang.Object, java.lang.Object)'> (0x00000006e4c7c058) 
thrown [src/hotspot/share/interpreter/linkResolver.cpp, line 771]
Event: 3.613 Thread 0x00007f7b00037e80 Exception <a 'java/lang/NoSuchMethodError'{0x00000006e4c812f8}: 'java.lang.Object java.lang.invoke.Invokers$Holder.linkToTargetMethod(java.lang.Object, java.lang.Object, java.lang.Object, java.lang.Object, java.lang.Object, java.lang.Object, java.lang.Object, java.lang.Object, java.lang.Object, java.lang.Object)'> (0x00000006e4c812f8) 
thrown [src/hotspot/share/interpreter/linkResolver.cpp, line 771]
Event: 3.640 Thread 0x00007f7b00037e80 Exception <a 'java/lang/NoSuchMethodError'{0x00000006e4cd5fa0}: 'java.lang.Object java.lang.invoke.DirectMethodHandle$Holder.invokeStaticInit(java.lang.Object, java.lang.Object, java.lang.Object, java.lang.Object)'> (0x00000006e4cd5fa0) 
thrown [src/hotspot/share/interpreter/linkResolver.cpp, line 771]
Event: 3.820 Thread 0x00007f7b00037e80 Exception <a 'java/lang/NoSuchMethodError'{0x00000006e4757a08}: 'java.lang.Object java.lang.invoke.DirectMethodHandle$Holder.newInvokeSpecial(java.lang.Object, java.lang.Object, java.lang.Object, java.lang.Object, java.lang.Object, java.lang.Object, java.lang.Object, java.lang.Object)'> (0x00000006e4757a08) 
thrown [src/hotspot/share/interpreter/linkResolver.cpp, line 771]
Event: 3.821 Thread 0x00007f7b00037e80 Exception <a 'java/lang/NoSuchMethodError'{0x00000006e475d480}: 'java.lang.Object java.lang.invoke.Invokers$Holder.linkToTargetMethod(java.lang.Object, java.lang.Object, java.lang.Object, java.lang.Object, java.lang.Object, java.lang.Object, java.lang.Object, java.lang.Object)'> (0x00000006e475d480) 
thrown [src/hotspot/share/interpreter/linkResolver.cpp, line 771]
Event: 3.827 Thread 0x00007f7b00037e80 Exception <a 'java/lang/IncompatibleClassChangeError'{0x00000006e47ca9a0}: Found class java.lang.Object, but interface was expected> (0x00000006e47ca9a0) 
thrown [src/hotspot/share/interpreter/linkResolver.cpp, line 838]
Event: 4.280 Thread 0x00007f7b00037e80 Exception <a 'java/lang/NoSuchMethodError'{0x00000006e3f04ea0}: 'int java.lang.invoke.DirectMethodHandle$Holder.invokeStaticInit(java.lang.Object, java.lang.Object, java.lang.Object)'> (0x00000006e3f04ea0) 
thrown [src/hotspot/share/interpreter/linkResolver.cpp, line 771]
Event: 4.284 Thread 0x00007f7b00037e80 Exception <a 'java/lang/NoSuchMethodError'{0x00000006e3f1abe0}: 'java.lang.Object java.lang.invoke.DirectMethodHandle$Holder.newInvokeSpecial(java.lang.Object, java.lang.Object, long)'> (0x00000006e3f1abe0) 
thrown [src/hotspot/share/interpreter/linkResolver.cpp, line 771]
Event: 4.284 Thread 0x00007f7b00037e80 Exception <a 'java/lang/NoSuchMethodError'{0x00000006e3f1f1f0}: 'java.lang.Object java.lang.invoke.Invokers$Holder.linkToTargetMethod(java.lang.Object, long, java.lang.Object)'> (0x00000006e3f1f1f0) 
thrown [src/hotspot/share/interpreter/linkResolver.cpp, line 771]
Event: 4.338 Thread 0x00007f7b00037e80 Exception <a 'java/lang/NoSuchMethodError'{0x00000006e3845798}: 'java.lang.Object java.lang.invoke.DirectMethodHandle$Holder.invokeStatic(java.lang.Object, java.lang.Object, int, java.lang.Object)'> (0x00000006e3845798) 
thrown [src/hotspot/share/interpreter/linkResolver.cpp, line 771]
Event: 4.338 Thread 0x00007f7b00037e80 Exception <a 'java/lang/NoSuchMethodError'{0x00000006e384d350}: 'java.lang.Object java.lang.invoke.DirectMethodHandle$Holder.newInvokeSpecial(java.lang.Object, java.lang.Object, int, java.lang.Object)'> (0x00000006e384d350) 
thrown [src/hotspot/share/interpreter/linkResolver.cpp, line 771]
Event: 4.338 Thread 0x00007f7b00037e80 Exception <a 'java/lang/NoSuchMethodError'{0x00000006e3851c38}: 'java.lang.Object java.lang.invoke.DirectMethodHandle$Holder.invokeSpecial(java.lang.Object, java.lang.Object, java.lang.Object, int, java.lang.Object)'> (0x00000006e3851c38) 
thrown [src/hotspot/share/interpreter/linkResolver.cpp, line 771]

VM Operations (20 events):
Event: 1.614 Executing VM operation: HandshakeAllThreads done
Event: 2.614 Executing VM operation: Cleanup
Event: 2.614 Executing VM operation: Cleanup done
Event: 3.142 Executing VM operation: HandshakeAllThreads
Event: 3.142 Executing VM operation: HandshakeAllThreads done
Event: 3.221 Executing VM operation: G1CollectForAllocation
Event: 3.224 Executing VM operation: G1CollectForAllocation done
Event: 3.331 Executing VM operation: G1CollectForAllocation
Event: 3.336 Executing VM operation: G1CollectForAllocation done
Event: 3.528 Executing VM operation: HandshakeAllThreads
Event: 3.528 Executing VM operation: HandshakeAllThreads done
Event: 3.814 Executing VM operation: HandshakeAllThreads
Event: 3.814 Executing VM operation: HandshakeAllThreads done
Event: 4.346 Executing VM operation: HandshakeAllThreads
Event: 4.346 Executing VM operation: HandshakeAllThreads done
Event: 4.346 Executing VM operation: Cleanup
Event: 4.346 Executing VM operation: Cleanup done
Event: 4.346 Executing VM operation: HandshakeAllThreads
Event: 4.346 Executing VM operation: HandshakeAllThreads done
Event: 4.755 Executing VM operation: G1CollectForAllocation

Events (20 events):
Event: 4.340 Thread 0x00007f7aec6bb610 Thread added: 0x00007f7aec6bb610
Event: 4.340 Protecting memory [0x00007f7b125fc000,0x00007f7b12600000] with protection modes 0
Event: 4.354 loading class sun/nio/fs/BasicFileAttributesHolder
Event: 4.354 loading class sun/nio/fs/BasicFileAttributesHolder done
Event: 4.451 loading class java/nio/charset/CharacterCodingException
Event: 4.451 loading class java/nio/charset/CharacterCodingException done
Event: 4.654 Thread 0x00007f7aec6c9060 Thread added: 0x00007f7aec6c9060
Event: 4.654 Protecting memory [0x00007f7b124fc000,0x00007f7b12500000] with protection modes 0
Event: 4.733 loading class java/beans/Transient
Event: 4.733 loading class java/beans/Transient done
Event: 4.741 loading class java/util/stream/Streams$RangeIntSpliterator
Event: 4.742 loading class java/util/stream/Streams$RangeIntSpliterator done
Event: 4.745 loading class java/util/stream/IntPipeline$1
Event: 4.745 loading class java/util/stream/IntPipeline$1 done
Event: 4.746 loading class java/util/stream/Nodes$FixedNodeBuilder
Event: 4.746 loading class java/util/stream/Nodes$ArrayNode
Event: 4.746 loading class java/util/stream/Nodes$ArrayNode done
Event: 4.746 loading class java/util/stream/Nodes$FixedNodeBuilder done
Event: 4.746 loading class java/util/stream/IntPipeline$1$1
Event: 4.747 loading class java/util/stream/IntPipeline$1$1 done


Dynamic libraries:
00200000-00201000 r--p 00000000 08:02 28324202                           /home/andriodpc/Downloads/android-studio-2023.1.1.26-linux/android-studio/jbr/bin/java
00201000-00202000 r-xp 00000000 08:02 28324202                           /home/andriodpc/Downloads/android-studio-2023.1.1.26-linux/android-studio/jbr/bin/java
00202000-00203000 r--p 00000000 08:02 28324202                           /home/andriodpc/Downloads/android-studio-2023.1.1.26-linux/android-studio/jbr/bin/java
00203000-00204000 rw-p 00000000 08:02 28324202                           /home/andriodpc/Downloads/android-studio-2023.1.1.26-linux/android-studio/jbr/bin/java
01d4a000-01d92000 rw-p 00000000 00:00 0                                  [heap]
6e0000000-6e5800000 rw-p 00000000 00:00 0 
6e5800000-6e6c00000 ---p 00000000 00:00 0 
6e6c00000-6e7000000 rw-p 00000000 00:00 0 
6e7000000-6e7800000 ---p 00000000 00:00 0 
6e7800000-6e7c00000 rw-p 00000000 00:00 0 
6e7c00000-800000000 ---p 00000000 00:00 0 
800000000-800010000 rw-p 00000000 00:00 0 
800010000-800030000 rw-p 00000000 00:00 0 
800030000-8000b0000 rw-p 00000000 00:00 0 
8000b0000-800130000 rw-p 00000000 00:00 0 
800130000-8001b0000 rw-p 00000000 00:00 0 
8001b0000-8001f0000 rw-p 00000000 00:00 0 
8001f0000-8002f0000 rw-p 00000000 00:00 0 
8002f0000-800300000 ---p 00000000 00:00 0 
800300000-8004e0000 rw-p 00000000 00:00 0 
8004e0000-840000000 ---p 00000000 00:00 0 
7f7aa4000000-7f7aa4021000 rw-p 00000000 00:00 0 
7f7aa4021000-7f7aa8000000 ---p 00000000 00:00 0 
7f7aac000000-7f7aac021000 rw-p 00000000 00:00 0 
7f7aac021000-7f7ab0000000 ---p 00000000 00:00 0 
7f7ab0000000-7f7ab037e000 rw-p 00000000 00:00 0 
7f7ab037e000-7f7ab4000000 ---p 00000000 00:00 0 
7f7ab4000000-7f7ab4021000 rw-p 00000000 00:00 0 
7f7ab4021000-7f7ab8000000 ---p 00000000 00:00 0 
7f7ab8000000-7f7ab8021000 rw-p 00000000 00:00 0 
7f7ab8021000-7f7abc000000 ---p 00000000 00:00 0 
7f7abc000000-7f7abc021000 rw-p 00000000 00:00 0 
7f7abc021000-7f7ac0000000 ---p 00000000 00:00 0 
7f7ac0000000-7f7ac0021000 rw-p 00000000 00:00 0 
7f7ac0021000-7f7ac4000000 ---p 00000000 00:00 0 
7f7ac4000000-7f7ac4021000 rw-p 00000000 00:00 0 
7f7ac4021000-7f7ac8000000 ---p 00000000 00:00 0 
7f7ac8000000-7f7ac8021000 rw-p 00000000 00:00 0 
7f7ac8021000-7f7acc000000 ---p 00000000 00:00 0 
7f7acc000000-7f7acc021000 rw-p 00000000 00:00 0 
7f7acc021000-7f7ad0000000 ---p 00000000 00:00 0 
7f7ad0000000-7f7ad0021000 rw-p 00000000 00:00 0 
7f7ad0021000-7f7ad4000000 ---p 00000000 00:00 0 
7f7ad4000000-7f7ad4021000 rw-p 00000000 00:00 0 
7f7ad4021000-7f7ad8000000 ---p 00000000 00:00 0 
7f7ad8000000-7f7ad8021000 rw-p 00000000 00:00 0 
7f7ad8021000-7f7adc000000 ---p 00000000 00:00 0 
7f7adc000000-7f7adc021000 rw-p 00000000 00:00 0 
7f7adc021000-7f7ae0000000 ---p 00000000 00:00 0 
7f7ae0000000-7f7ae0021000 rw-p 00000000 00:00 0 
7f7ae0021000-7f7ae4000000 ---p 00000000 00:00 0 
7f7ae4000000-7f7ae4021000 rw-p 00000000 00:00 0 
7f7ae4021000-7f7ae8000000 ---p 00000000 00:00 0 
7f7ae8000000-7f7ae8021000 rw-p 00000000 00:00 0 
7f7ae8021000-7f7aec000000 ---p 00000000 00:00 0 
7f7aec000000-7f7aec6e6000 rw-p 00000000 00:00 0 
7f7aec6e6000-7f7af0000000 ---p 00000000 00:00 0 
7f7af0000000-7f7af0021000 rw-p 00000000 00:00 0 
7f7af0021000-7f7af4000000 ---p 00000000 00:00 0 
7f7af4000000-7f7af403e000 rw-p 00000000 00:00 0 
7f7af403e000-7f7af8000000 ---p 00000000 00:00 0 
7f7af8000000-7f7af8021000 rw-p 00000000 00:00 0 
7f7af8021000-7f7afc000000 ---p 00000000 00:00 0 
7f7afc000000-7f7afc021000 rw-p 00000000 00:00 0 
7f7afc021000-7f7b00000000 ---p 00000000 00:00 0 
7f7b00000000-7f7b0003b000 rw-p 00000000 00:00 0 
7f7b0003b000-7f7b04000000 ---p 00000000 00:00 0 
7f7b04000000-7f7b04023000 rw-p 00000000 00:00 0 
7f7b04023000-7f7b08000000 ---p 00000000 00:00 0 
7f7b08000000-7f7b08055000 rw-p 00000000 00:00 0 
7f7b08055000-7f7b0c000000 ---p 00000000 00:00 0 
7f7b0c000000-7f7b0c021000 rw-p 00000000 00:00 0 
7f7b0c021000-7f7b10000000 ---p 00000000 00:00 0 
7f7b1225a000-7f7b124fc000 rw-p 00000000 00:00 0 
7f7b124fc000-7f7b12500000 ---p 00000000 00:00 0 
7f7b12500000-7f7b125fc000 rw-p 00000000 00:00 0 
7f7b125fc000-7f7b12600000 ---p 00000000 00:00 0 
7f7b12600000-7f7b126fc000 rw-p 00000000 00:00 0 
7f7b126fc000-7f7b12700000 ---p 00000000 00:00 0 
7f7b12700000-7f7b127fc000 rw-p 00000000 00:00 0 
7f7b127fc000-7f7b12800000 ---p 00000000 00:00 0 
7f7b12800000-7f7b128fc000 rw-p 00000000 00:00 0 
7f7b128fc000-7f7b12900000 ---p 00000000 00:00 0 
7f7b12900000-7f7b129fc000 rw-p 00000000 00:00 0 
7f7b129fc000-7f7b12a00000 ---p 00000000 00:00 0 
7f7b12a00000-7f7b12afc000 rw-p 00000000 00:00 0 
7f7b12afc000-7f7b12b00000 ---p 00000000 00:00 0 
7f7b12b00000-7f7b12bfc000 rw-p 00000000 00:00 0 
7f7b12bfc000-7f7b12c00000 ---p 00000000 00:00 0 
7f7b12c00000-7f7b12cfc000 rw-p 00000000 00:00 0 
7f7b12cfc000-7f7b12d00000 ---p 00000000 00:00 0 
7f7b12d00000-7f7b12dfc000 rw-p 00000000 00:00 0 
7f7b12dfc000-7f7b12e00000 ---p 00000000 00:00 0 
7f7b12e00000-7f7b12efc000 rw-p 00000000 00:00 0 
7f7b12ffa000-7f7b12ffe000 ---p 00000000 00:00 0 
7f7b12ffe000-7f7b130fa000 rw-p 00000000 00:00 0 
7f7b130fa000-7f7b130fe000 ---p 00000000 00:00 0 
7f7b130fe000-7f7b131fa000 rw-p 00000000 00:00 0 
7f7b131fa000-7f7b131fb000 ---p 00000000 00:00 0 
7f7b131fb000-7f7b132fc000 rw-p 00000000 00:00 0 
7f7b132fc000-7f7b132fd000 ---p 00000000 00:00 0 
7f7b132fd000-7f7b133fe000 rw-p 00000000 00:00 0 
7f7b133fe000-7f7b133ff000 ---p 00000000 00:00 0 
7f7b133ff000-7f7b13500000 rw-p 00000000 00:00 0 
7f7b13500000-7f7b13504000 ---p 00000000 00:00 0 
7f7b13504000-7f7b13600000 rw-p 00000000 00:00 0 
7f7b13600000-7f7b13604000 ---p 00000000 00:00 0 
7f7b13604000-7f7b13700000 rw-p 00000000 00:00 0 
7f7b13700000-7f7b13704000 ---p 00000000 00:00 0 
7f7b13704000-7f7b13800000 rw-p 00000000 00:00 0 
7f7b13800000-7f7b13804000 ---p 00000000 00:00 0 
7f7b13804000-7f7b13900000 rw-p 00000000 00:00 0 
7f7b13900000-7f7b13904000 ---p 00000000 00:00 0 
7f7b13904000-7f7b13a00000 rw-p 00000000 00:00 0 
7f7b13a00000-7f7b13a04000 ---p 00000000 00:00 0 
7f7b13a04000-7f7b13b00000 rw-p 00000000 00:00 0 
7f7b13b00000-7f7b13b04000 ---p 00000000 00:00 0 
7f7b13b04000-7f7b13c00000 rw-p 00000000 00:00 0 
7f7b13c00000-7f7b13c9a000 r--p 00000000 08:02 1319027                    /usr/lib/x86_64-linux-gnu/libstdc++.so.6.0.30
7f7b13c9a000-7f7b13dab000 r-xp 0009a000 08:02 1319027                    /usr/lib/x86_64-linux-gnu/libstdc++.so.6.0.30
7f7b13dab000-7f7b13e1a000 r--p 001ab000 08:02 1319027                    /usr/lib/x86_64-linux-gnu/libstdc++.so.6.0.30
7f7b13e1a000-7f7b13e1b000 ---p 0021a000 08:02 1319027                    /usr/lib/x86_64-linux-gnu/libstdc++.so.6.0.30
7f7b13e1b000-7f7b13e26000 r--p 0021a000 08:02 1319027                    /usr/lib/x86_64-linux-gnu/libstdc++.so.6.0.30
7f7b13e26000-7f7b13e29000 rw-p 00225000 08:02 1319027                    /usr/lib/x86_64-linux-gnu/libstdc++.so.6.0.30
7f7b13e29000-7f7b13e2c000 rw-p 00000000 00:00 0 
7f7b13f00000-7f7b13f04000 ---p 00000000 00:00 0 
7f7b13f04000-7f7b14000000 rw-p 00000000 00:00 0 
7f7b14000000-7f7b14021000 rw-p 00000000 00:00 0 
7f7b14021000-7f7b18000000 ---p 00000000 00:00 0 
7f7b18000000-7f7b181bf000 rw-p 00000000 00:00 0 
7f7b181bf000-7f7b1c000000 ---p 00000000 00:00 0 
7f7b1c000000-7f7b1c021000 rw-p 00000000 00:00 0 
7f7b1c021000-7f7b20000000 ---p 00000000 00:00 0 
7f7b20000000-7f7b20edb000 rw-p 00000000 00:00 0 
7f7b20edb000-7f7b24000000 ---p 00000000 00:00 0 
7f7b24000000-7f7b24021000 rw-p 00000000 00:00 0 
7f7b24021000-7f7b28000000 ---p 00000000 00:00 0 
7f7b28000000-7f7b28021000 rw-p 00000000 00:00 0 
7f7b28021000-7f7b2c000000 ---p 00000000 00:00 0 
7f7b2c000000-7f7b2c6c1000 rw-p 00000000 00:00 0 
7f7b2c6c1000-7f7b30000000 ---p 00000000 00:00 0 
7f7b30000000-7f7b30021000 rw-p 00000000 00:00 0 
7f7b30021000-7f7b34000000 ---p 00000000 00:00 0 
7f7b34000000-7f7b34021000 rw-p 00000000 00:00 0 
7f7b34021000-7f7b38000000 ---p 00000000 00:00 0 
7f7b38000000-7f7b39095000 rw-p 00000000 00:00 0 
7f7b39095000-7f7b3c000000 ---p 00000000 00:00 0 
7f7b3c000000-7f7b3c021000 rw-p 00000000 00:00 0 
7f7b3c021000-7f7b40000000 ---p 00000000 00:00 0 
7f7b40000000-7f7b40021000 rw-p 00000000 00:00 0 
7f7b40021000-7f7b44000000 ---p 00000000 00:00 0 
7f7b44000000-7f7b44021000 rw-p 00000000 00:00 0 
7f7b44021000-7f7b48000000 ---p 00000000 00:00 0 
7f7b48000000-7f7b48021000 rw-p 00000000 00:00 0 
7f7b48021000-7f7b4c000000 ---p 00000000 00:00 0 
7f7b4c000000-7f7b4c021000 rw-p 00000000 00:00 0 
7f7b4c021000-7f7b50000000 ---p 00000000 00:00 0 
7f7b50000000-7f7b50021000 rw-p 00000000 00:00 0 
7f7b50021000-7f7b54000000 ---p 00000000 00:00 0 
7f7b54000000-7f7b544f0000 rw-p 00000000 00:00 0 
7f7b544f0000-7f7b54530000 rw-p 00000000 00:00 0 
7f7b54530000-7f7b54570000 rw-p 00000000 00:00 0 
7f7b54570000-7f7b54670000 rw-p 00000000 00:00 0 
7f7b54670000-7f7b546f0000 rw-p 00000000 00:00 0 
7f7b546f0000-7f7b548f0000 rw-p 00000000 00:00 0 
7f7b548f0000-7f7b549f0000 rw-p 00000000 00:00 0 
7f7b549f0000-7f7b54af0000 rw-p 00000000 00:00 0 
7f7b54af0000-7f7b54cb0000 rw-p 00000000 00:00 0 
7f7b54cb0000-7f7b54cf0000 rw-p 00000000 00:00 0 
7f7b54cf0000-7f7b54ef0000 rw-p 00000000 00:00 0 
7f7b54ef0000-7f7b54fb0000 rw-p 00000000 00:00 0 
7f7b54fb0000-7f7b54ff0000 rw-p 00000000 00:00 0 
7f7b54ff0000-7f7b551b0000 rw-p 00000000 00:00 0 
7f7b551b0000-7f7b551f0000 rw-p 00000000 00:00 0 
7f7b551f0000-7f7b554c0000 rw-p 00000000 00:00 0 
7f7b554c0000-7f7b55500000 ---p 00000000 00:00 0 
7f7b55500000-7f7b55d80000 rw-p 00000000 00:00 0 
7f7b55d80000-7f7b58000000 ---p 00000000 00:00 0 
7f7b58000000-7f7b58021000 rw-p 00000000 00:00 0 
7f7b58021000-7f7b5c000000 ---p 00000000 00:00 0 
7f7b5c000000-7f7b5c004000 ---p 00000000 00:00 0 
7f7b5c004000-7f7b5c100000 rw-p 00000000 00:00 0 
7f7b5c100000-7f7b5c104000 ---p 00000000 00:00 0 
7f7b5c104000-7f7b5c200000 rw-p 00000000 00:00 0 
7f7b5c200000-7f7b5c253000 r-xp 00000000 08:02 28196970                   /home/andriodpc/.gradle/native/e376f236ea51e6404a007f0833ffe2c6e607c4080706a723a18a27aeea778392/linux-amd64/libnative-platform-file-events.so
7f7b5c253000-7f7b5c452000 ---p 00053000 08:02 28196970                   /home/andriodpc/.gradle/native/e376f236ea51e6404a007f0833ffe2c6e607c4080706a723a18a27aeea778392/linux-amd64/libnative-platform-file-events.so
7f7b5c452000-7f7b5c453000 r--p 00052000 08:02 28196970                   /home/andriodpc/.gradle/native/e376f236ea51e6404a007f0833ffe2c6e607c4080706a723a18a27aeea778392/linux-amd64/libnative-platform-file-events.so
7f7b5c453000-7f7b5c455000 rw-p 00053000 08:02 28196970                   /home/andriodpc/.gradle/native/e376f236ea51e6404a007f0833ffe2c6e607c4080706a723a18a27aeea778392/linux-amd64/libnative-platform-file-events.so
7f7b5c4fe000-7f7b5c4ff000 ---p 00000000 00:00 0 
7f7b5c4ff000-7f7b5c600000 rw-p 00000000 00:00 0 
7f7b5c600000-7f7b5c605000 r-xp 00000000 08:02 28196963                   /home/andriodpc/.gradle/native/68d5fa5c4cc2d200863cafc0d521ce42e7d3e7ee720ec0a83991735586a16f82/linux-amd64/libnative-platform.so
7f7b5c605000-7f7b5c805000 ---p 00005000 08:02 28196963                   /home/andriodpc/.gradle/native/68d5fa5c4cc2d200863cafc0d521ce42e7d3e7ee720ec0a83991735586a16f82/linux-amd64/libnative-platform.so
7f7b5c805000-7f7b5c806000 r--p 00005000 08:02 28196963                   /home/andriodpc/.gradle/native/68d5fa5c4cc2d200863cafc0d521ce42e7d3e7ee720ec0a83991735586a16f82/linux-amd64/libnative-platform.so
7f7b5c806000-7f7b5c807000 rw-p 00006000 08:02 28196963                   /home/andriodpc/.gradle/native/68d5fa5c4cc2d200863cafc0d521ce42e7d3e7ee720ec0a83991735586a16f82/linux-amd64/libnative-platform.so
7f7b5c8fa000-7f7b5c8fb000 ---p 00000000 00:00 0 
7f7b5c8fb000-7f7b5c9fc000 rw-p 00000000 00:00 0 
7f7b5c9fc000-7f7b5c9fd000 ---p 00000000 00:00 0 
7f7b5c9fd000-7f7b5cafe000 rw-p 00000000 00:00 0 
7f7b5cafe000-7f7b5cb02000 ---p 00000000 00:00 0 
7f7b5cb02000-7f7b5cbfe000 rw-p 00000000 00:00 0 
7f7b5cbfe000-7f7b5cbff000 ---p 00000000 00:00 0 
7f7b5cbff000-7f7b5cd00000 rw-p 00000000 00:00 0 
7f7b5cd00000-7f7b5cd04000 ---p 00000000 00:00 0 
7f7b5cd04000-7f7b5ce00000 rw-p 00000000 00:00 0 
7f7b5ce00000-7f7b5ce04000 ---p 00000000 00:00 0 
7f7b5ce04000-7f7b5cf00000 rw-p 00000000 00:00 0 
7f7b5cf00000-7f7b5cf04000 ---p 00000000 00:00 0 
7f7b5cf04000-7f7b5d000000 rw-p 00000000 00:00 0 
7f7b5d000000-7f7b5d004000 ---p 00000000 00:00 0 
7f7b5d004000-7f7b5d100000 rw-p 00000000 00:00 0 
7f7b5d100000-7f7b5d104000 ---p 00000000 00:00 0 
7f7b5d104000-7f7b5d200000 rw-p 00000000 00:00 0 
7f7b5d200000-7f7b5d204000 ---p 00000000 00:00 0 
7f7b5d204000-7f7b5d300000 rw-p 00000000 00:00 0 
7f7b5d300000-7f7b5d304000 ---p 00000000 00:00 0 
7f7b5d304000-7f7b5d400000 rw-p 00000000 00:00 0 
7f7b5d400000-7f7b5d973000 r--p 00000000 08:02 1315242                    /usr/lib/locale/locale-archive
7f7b5da63000-7f7b5da67000 ---p 00000000 00:00 0 
7f7b5da67000-7f7b5db63000 rw-p 00000000 00:00 0 
7f7b5db63000-7f7b5db67000 ---p 00000000 00:00 0 
7f7b5db67000-7f7b5dc63000 rw-p 00000000 00:00 0 
7f7b5dc63000-7f7b5dc67000 ---p 00000000 00:00 0 
7f7b5dc67000-7f7b5dd63000 rw-p 00000000 00:00 0 
7f7b5dd63000-7f7b5dd64000 ---p 00000000 00:00 0 
7f7b5dd64000-7f7b5de65000 rw-p 00000000 00:00 0 
7f7b5df7f000-7f7b60000000 rw-p 00000000 00:00 0 
7f7b60000000-7f7b60021000 rw-p 00000000 00:00 0 
7f7b60021000-7f7b64000000 ---p 00000000 00:00 0 
7f7b64000000-7f7b64021000 rw-p 00000000 00:00 0 
7f7b64021000-7f7b68000000 ---p 00000000 00:00 0 
7f7b68000000-7f7b68021000 rw-p 00000000 00:00 0 
7f7b68021000-7f7b6c000000 ---p 00000000 00:00 0 
7f7b6c029000-7f7b6c02c000 r--p 00000000 08:02 1318239                    /usr/lib/x86_64-linux-gnu/libgcc_s.so.1
7f7b6c02c000-7f7b6c043000 r-xp 00003000 08:02 1318239                    /usr/lib/x86_64-linux-gnu/libgcc_s.so.1
7f7b6c043000-7f7b6c047000 r--p 0001a000 08:02 1318239                    /usr/lib/x86_64-linux-gnu/libgcc_s.so.1
7f7b6c047000-7f7b6c048000 r--p 0001d000 08:02 1318239                    /usr/lib/x86_64-linux-gnu/libgcc_s.so.1
7f7b6c048000-7f7b6c049000 rw-p 0001e000 08:02 1318239                    /usr/lib/x86_64-linux-gnu/libgcc_s.so.1
7f7b6c051000-7f7b6c058000 r--s 00000000 08:02 1596471                    /usr/lib/x86_64-linux-gnu/gconv/gconv-modules.cache
7f7b6c058000-7f7b6c0f4000 rw-p 00000000 00:00 0 
7f7b6c0f4000-7f7b6c0f5000 ---p 00000000 00:00 0 
7f7b6c0f5000-7f7b6c1f6000 rw-p 00000000 00:00 0 
7f7b6c1f6000-7f7b6c1f7000 ---p 00000000 00:00 0 
7f7b6c1f7000-7f7b6c8fe000 rw-p 00000000 00:00 0 
7f7b6c8fe000-7f7b6c8ff000 ---p 00000000 00:00 0 
7f7b6c8ff000-7f7b6cb60000 rw-p 00000000 00:00 0 
7f7b6cb60000-7f7b6cbb0000 ---p 00000000 00:00 0 
7f7b6cbb0000-7f7b6cbc0000 rw-p 00000000 00:00 0 
7f7b6cbc0000-7f7b6cbe0000 ---p 00000000 00:00 0 
7f7b6cbe0000-7f7b6cbf0000 rw-p 00000000 00:00 0 
7f7b6cbf0000-7f7b71200000 ---p 00000000 00:00 0 
7f7b71200000-7f7b71360000 rw-p 00000000 00:00 0 
7f7b71360000-7f7b713b0000 ---p 00000000 00:00 0 
7f7b713b0000-7f7b713c0000 rw-p 00000000 00:00 0 
7f7b713c0000-7f7b713e0000 ---p 00000000 00:00 0 
7f7b713e0000-7f7b713f0000 rw-p 00000000 00:00 0 
7f7b713f0000-7f7b75a00000 ---p 00000000 00:00 0 
7f7b75a00000-7f7b75f60000 rwxp 00000000 00:00 0 
7f7b75f60000-7f7b7cf37000 ---p 00000000 00:00 0 
7f7b7cf37000-7f7b7d1a7000 rwxp 00000000 00:00 0 
7f7b7d1a7000-7f7b7d4c8000 ---p 00000000 00:00 0 
7f7b7d4c8000-7f7b7d738000 rwxp 00000000 00:00 0 
7f7b7d738000-7f7b84a00000 ---p 00000000 00:00 0 
7f7b84a00000-7f7b87ed5000 r--s 00000000 08:02 28323901                   /home/andriodpc/Downloads/android-studio-2023.1.1.26-linux/android-studio/jbr/lib/modules
7f7b87ed6000-7f7b87edc000 r--p 00000000 08:02 28323834                   /home/andriodpc/Downloads/android-studio-2023.1.1.26-linux/android-studio/jbr/lib/libverify.so
7f7b87edc000-7f7b87ee4000 r-xp 00005000 08:02 28323834                   /home/andriodpc/Downloads/android-studio-2023.1.1.26-linux/android-studio/jbr/lib/libverify.so
7f7b87ee4000-7f7b87ee6000 r--p 0000c000 08:02 28323834                   /home/andriodpc/Downloads/android-studio-2023.1.1.26-linux/android-studio/jbr/lib/libverify.so
7f7b87ee6000-7f7b87ee7000 rw-p 0000d000 08:02 28323834                   /home/andriodpc/Downloads/android-studio-2023.1.1.26-linux/android-studio/jbr/lib/libverify.so
7f7b87ee7000-7f7b87eee000 r--p 00000000 08:02 28323823                   /home/andriodpc/Downloads/android-studio-2023.1.1.26-linux/android-studio/jbr/lib/libnet.so
7f7b87eee000-7f7b87efb000 r-xp 00006000 08:02 28323823                   /home/andriodpc/Downloads/android-studio-2023.1.1.26-linux/android-studio/jbr/lib/libnet.so
7f7b87efb000-7f7b87efc000 r--p 00012000 08:02 28323823                   /home/andriodpc/Downloads/android-studio-2023.1.1.26-linux/android-studio/jbr/lib/libnet.so
7f7b87efc000-7f7b87efe000 rw-p 00012000 08:02 28323823                   /home/andriodpc/Downloads/android-studio-2023.1.1.26-linux/android-studio/jbr/lib/libnet.so
7f7b87efe000-7f7b87eff000 ---p 00000000 00:00 0 
7f7b87eff000-7f7b88000000 rw-p 00000000 00:00 0 
7f7b88000000-7f7b8950c000 rw-p 00000000 00:00 0 
7f7b8950c000-7f7b8c000000 ---p 00000000 00:00 0 
7f7b8c000000-7f7b8c001000 r--p 00000000 08:02 28323849                   /home/andriodpc/Downloads/android-studio-2023.1.1.26-linux/android-studio/jbr/lib/libextnet.so
7f7b8c001000-7f7b8c003000 r-xp 00000000 08:02 28323849                   /home/andriodpc/Downloads/android-studio-2023.1.1.26-linux/android-studio/jbr/lib/libextnet.so
7f7b8c003000-7f7b8c004000 r--p 00001000 08:02 28323849                   /home/andriodpc/Downloads/android-studio-2023.1.1.26-linux/android-studio/jbr/lib/libextnet.so
7f7b8c004000-7f7b8c005000 rw-p 00001000 08:02 28323849                   /home/andriodpc/Downloads/android-studio-2023.1.1.26-linux/android-studio/jbr/lib/libextnet.so
7f7b8c005000-7f7b8c008000 r--p 00000000 08:02 28323839                   /home/andriodpc/Downloads/android-studio-2023.1.1.26-linux/android-studio/jbr/lib/libmanagement_ext.so
7f7b8c008000-7f7b8c00b000 r-xp 00002000 08:02 28323839                   /home/andriodpc/Downloads/android-studio-2023.1.1.26-linux/android-studio/jbr/lib/libmanagement_ext.so
7f7b8c00b000-7f7b8c00c000 r--p 00004000 08:02 28323839                   /home/andriodpc/Downloads/android-studio-2023.1.1.26-linux/android-studio/jbr/lib/libmanagement_ext.so
7f7b8c00c000-7f7b8c00d000 rw-p 00004000 08:02 28323839                   /home/andriodpc/Downloads/android-studio-2023.1.1.26-linux/android-studio/jbr/lib/libmanagement_ext.so
7f7b8c00d000-7f7b8c018000 r--p 00000000 08:02 28323892                   /home/andriodpc/Downloads/android-studio-2023.1.1.26-linux/android-studio/jbr/lib/libnio.so
7f7b8c018000-7f7b8c020000 r-xp 0000a000 08:02 28323892                   /home/andriodpc/Downloads/android-studio-2023.1.1.26-linux/android-studio/jbr/lib/libnio.so
7f7b8c020000-7f7b8c021000 r--p 00011000 08:02 28323892                   /home/andriodpc/Downloads/android-studio-2023.1.1.26-linux/android-studio/jbr/lib/libnio.so
7f7b8c021000-7f7b8c022000 rw-p 00011000 08:02 28323892                   /home/andriodpc/Downloads/android-studio-2023.1.1.26-linux/android-studio/jbr/lib/libnio.so
7f7b8c022000-7f7b8c023000 ---p 00000000 00:00 0 
7f7b8c023000-7f7b8c150000 rw-p 00000000 00:00 0 
7f7b8c150000-7f7b8c15a000 ---p 00000000 00:00 0 
7f7b8c15a000-7f7b8c15c000 rw-p 00000000 00:00 0 
7f7b8c15c000-7f7b8c160000 ---p 00000000 00:00 0 
7f7b8c160000-7f7b8c162000 rw-p 00000000 00:00 0 
7f7b8c162000-7f7b8ca24000 ---p 00000000 00:00 0 
7f7b8ca24000-7f7b8ca50000 rw-p 00000000 00:00 0 
7f7b8ca50000-7f7b8ca5a000 ---p 00000000 00:00 0 
7f7b8ca5a000-7f7b8ca5c000 rw-p 00000000 00:00 0 
7f7b8ca5c000-7f7b8ca60000 ---p 00000000 00:00 0 
7f7b8ca60000-7f7b8ca62000 rw-p 00000000 00:00 0 
7f7b8ca62000-7f7b8d324000 ---p 00000000 00:00 0 
7f7b8d324000-7f7b8d350000 rw-p 00000000 00:00 0 
7f7b8d350000-7f7b8d35a000 ---p 00000000 00:00 0 
7f7b8d35a000-7f7b8d35c000 rw-p 00000000 00:00 0 
7f7b8d35c000-7f7b8d360000 ---p 00000000 00:00 0 
7f7b8d360000-7f7b8d362000 rw-p 00000000 00:00 0 
7f7b8d362000-7f7b8dc24000 ---p 00000000 00:00 0 
7f7b8dc24000-7f7b8e22f000 rw-p 00000000 00:00 0 
7f7b8e22f000-7f7b8e315000 ---p 00000000 00:00 0 
7f7b8e315000-7f7b8e320000 rw-p 00000000 00:00 0 
7f7b8e320000-7f7b8e400000 ---p 00000000 00:00 0 
7f7b8e400000-7f7b8e937000 r--p 00000000 08:02 28323816                   /home/andriodpc/Downloads/android-studio-2023.1.1.26-linux/android-studio/jbr/lib/server/libjvm.so
7f7b8e937000-7f7b8f50a000 r-xp 00536000 08:02 28323816                   /home/andriodpc/Downloads/android-studio-2023.1.1.26-linux/android-studio/jbr/lib/server/libjvm.so
7f7b8f50a000-7f7b8f5cc000 r--p 01108000 08:02 28323816                   /home/andriodpc/Downloads/android-studio-2023.1.1.26-linux/android-studio/jbr/lib/server/libjvm.so
7f7b8f5cc000-7f7b8f5f5000 rw-p 011c9000 08:02 28323816                   /home/andriodpc/Downloads/android-studio-2023.1.1.26-linux/android-studio/jbr/lib/server/libjvm.so
7f7b8f5f5000-7f7b8f66a000 rw-p 00000000 00:00 0 
7f7b8f66d000-7f7b8f676000 r--p 00000000 08:02 28323894                   /home/andriodpc/Downloads/android-studio-2023.1.1.26-linux/android-studio/jbr/lib/libzip.so
7f7b8f676000-7f7b8f68b000 r-xp 00008000 08:02 28323894                   /home/andriodpc/Downloads/android-studio-2023.1.1.26-linux/android-studio/jbr/lib/libzip.so
7f7b8f68b000-7f7b8f68d000 r--p 0001c000 08:02 28323894                   /home/andriodpc/Downloads/android-studio-2023.1.1.26-linux/android-studio/jbr/lib/libzip.so
7f7b8f68d000-7f7b8f68e000 rw-p 0001d000 08:02 28323894                   /home/andriodpc/Downloads/android-studio-2023.1.1.26-linux/android-studio/jbr/lib/libzip.so
7f7b8f68e000-7f7b8f6d9000 rw-p 00000000 00:00 0 
7f7b8f6d9000-7f7b8f6eb000 r--p 00000000 08:02 28323842                   /home/andriodpc/Downloads/android-studio-2023.1.1.26-linux/android-studio/jbr/lib/libjava.so
7f7b8f6eb000-7f7b8f6fd000 r-xp 00011000 08:02 28323842                   /home/andriodpc/Downloads/android-studio-2023.1.1.26-linux/android-studio/jbr/lib/libjava.so
7f7b8f6fd000-7f7b8f6fe000 r--p 00022000 08:02 28323842                   /home/andriodpc/Downloads/android-studio-2023.1.1.26-linux/android-studio/jbr/lib/libjava.so
7f7b8f6fe000-7f7b8f700000 rw-p 00022000 08:02 28323842                   /home/andriodpc/Downloads/android-studio-2023.1.1.26-linux/android-studio/jbr/lib/libjava.so
7f7b8f700000-7f7b8f704000 ---p 00000000 00:00 0 
7f7b8f704000-7f7b8f800000 rw-p 00000000 00:00 0 
7f7b8f800000-7f7b8f828000 r--p 00000000 08:02 1312866                    /usr/lib/x86_64-linux-gnu/libc.so.6
7f7b8f828000-7f7b8f9bd000 r-xp 00028000 08:02 1312866                    /usr/lib/x86_64-linux-gnu/libc.so.6
7f7b8f9bd000-7f7b8fa15000 r--p 001bd000 08:02 1312866                    /usr/lib/x86_64-linux-gnu/libc.so.6
7f7b8fa15000-7f7b8fa16000 ---p 00215000 08:02 1312866                    /usr/lib/x86_64-linux-gnu/libc.so.6
7f7b8fa16000-7f7b8fa1a000 r--p 00215000 08:02 1312866                    /usr/lib/x86_64-linux-gnu/libc.so.6
7f7b8fa1a000-7f7b8fa1c000 rw-p 00219000 08:02 1312866                    /usr/lib/x86_64-linux-gnu/libc.so.6
7f7b8fa1c000-7f7b8fa29000 rw-p 00000000 00:00 0 
7f7b8fa2a000-7f7b8fa2d000 r--p 00000000 08:02 28323812                   /home/andriodpc/Downloads/android-studio-2023.1.1.26-linux/android-studio/jbr/lib/libmanagement.so
7f7b8fa2d000-7f7b8fa2f000 r-xp 00002000 08:02 28323812                   /home/andriodpc/Downloads/android-studio-2023.1.1.26-linux/android-studio/jbr/lib/libmanagement.so
7f7b8fa2f000-7f7b8fa30000 r--p 00003000 08:02 28323812                   /home/andriodpc/Downloads/android-studio-2023.1.1.26-linux/android-studio/jbr/lib/libmanagement.so
7f7b8fa30000-7f7b8fa31000 rw-p 00003000 08:02 28323812                   /home/andriodpc/Downloads/android-studio-2023.1.1.26-linux/android-studio/jbr/lib/libmanagement.so
7f7b8fa31000-7f7b8fa36000 rw-p 00000000 00:00 0 
7f7b8fa36000-7f7b8fa3d000 ---p 00000000 00:00 0 
7f7b8fa3d000-7f7b8fa45000 rw-s 00000000 08:02 15597869                   /tmp/hsperfdata_andriodpc/43191
7f7b8fa45000-7f7b8fa50000 r--p 00000000 08:02 28323835                   /home/andriodpc/Downloads/android-studio-2023.1.1.26-linux/android-studio/jbr/lib/libjimage.so
7f7b8fa50000-7f7b8fa65000 r-xp 0000a000 08:02 28323835                   /home/andriodpc/Downloads/android-studio-2023.1.1.26-linux/android-studio/jbr/lib/libjimage.so
7f7b8fa65000-7f7b8fa67000 r--p 0001e000 08:02 28323835                   /home/andriodpc/Downloads/android-studio-2023.1.1.26-linux/android-studio/jbr/lib/libjimage.so
7f7b8fa67000-7f7b8fa68000 rw-p 0001f000 08:02 28323835                   /home/andriodpc/Downloads/android-studio-2023.1.1.26-linux/android-studio/jbr/lib/libjimage.so
7f7b8fa68000-7f7b8fa69000 r--p 00000000 08:02 1312956                    /usr/lib/x86_64-linux-gnu/librt.so.1
7f7b8fa69000-7f7b8fa6a000 r-xp 00001000 08:02 1312956                    /usr/lib/x86_64-linux-gnu/librt.so.1
7f7b8fa6a000-7f7b8fa6b000 r--p 00002000 08:02 1312956                    /usr/lib/x86_64-linux-gnu/librt.so.1
7f7b8fa6b000-7f7b8fa6c000 r--p 00002000 08:02 1312956                    /usr/lib/x86_64-linux-gnu/librt.so.1
7f7b8fa6c000-7f7b8fa6d000 rw-p 00003000 08:02 1312956                    /usr/lib/x86_64-linux-gnu/librt.so.1
7f7b8fa6d000-7f7b8fa7b000 r--p 00000000 08:02 1312882                    /usr/lib/x86_64-linux-gnu/libm.so.6
7f7b8fa7b000-7f7b8faf7000 r-xp 0000e000 08:02 1312882                    /usr/lib/x86_64-linux-gnu/libm.so.6
7f7b8faf7000-7f7b8fb52000 r--p 0008a000 08:02 1312882                    /usr/lib/x86_64-linux-gnu/libm.so.6
7f7b8fb52000-7f7b8fb53000 r--p 000e4000 08:02 1312882                    /usr/lib/x86_64-linux-gnu/libm.so.6
7f7b8fb53000-7f7b8fb54000 rw-p 000e5000 08:02 1312882                    /usr/lib/x86_64-linux-gnu/libm.so.6
7f7b8fb54000-7f7b8fb56000 rw-p 00000000 00:00 0 
7f7b8fb56000-7f7b8fb57000 r--p 00000000 08:02 1312875                    /usr/lib/x86_64-linux-gnu/libdl.so.2
7f7b8fb57000-7f7b8fb58000 r-xp 00001000 08:02 1312875                    /usr/lib/x86_64-linux-gnu/libdl.so.2
7f7b8fb58000-7f7b8fb59000 r--p 00002000 08:02 1312875                    /usr/lib/x86_64-linux-gnu/libdl.so.2
7f7b8fb59000-7f7b8fb5a000 r--p 00002000 08:02 1312875                    /usr/lib/x86_64-linux-gnu/libdl.so.2
7f7b8fb5a000-7f7b8fb5b000 rw-p 00003000 08:02 1312875                    /usr/lib/x86_64-linux-gnu/libdl.so.2
7f7b8fb5b000-7f7b8fb5c000 r--p 00000000 08:02 1312924                    /usr/lib/x86_64-linux-gnu/libpthread.so.0
7f7b8fb5c000-7f7b8fb5d000 r-xp 00001000 08:02 1312924                    /usr/lib/x86_64-linux-gnu/libpthread.so.0
7f7b8fb5d000-7f7b8fb5e000 r--p 00002000 08:02 1312924                    /usr/lib/x86_64-linux-gnu/libpthread.so.0
7f7b8fb5e000-7f7b8fb5f000 r--p 00002000 08:02 1312924                    /usr/lib/x86_64-linux-gnu/libpthread.so.0
7f7b8fb5f000-7f7b8fb60000 rw-p 00003000 08:02 1312924                    /usr/lib/x86_64-linux-gnu/libpthread.so.0
7f7b8fb60000-7f7b8fb64000 r--p 00000000 08:02 28323811                   /home/andriodpc/Downloads/android-studio-2023.1.1.26-linux/android-studio/jbr/lib/libinstrument.so
7f7b8fb64000-7f7b8fb6b000 r-xp 00003000 08:02 28323811                   /home/andriodpc/Downloads/android-studio-2023.1.1.26-linux/android-studio/jbr/lib/libinstrument.so
7f7b8fb6b000-7f7b8fb6c000 r--p 00009000 08:02 28323811                   /home/andriodpc/Downloads/android-studio-2023.1.1.26-linux/android-studio/jbr/lib/libinstrument.so
7f7b8fb6c000-7f7b8fb6d000 rw-p 00009000 08:02 28323811                   /home/andriodpc/Downloads/android-studio-2023.1.1.26-linux/android-studio/jbr/lib/libinstrument.so
7f7b8fb6d000-7f7b8fb6e000 ---p 00000000 00:00 0 
7f7b8fb6e000-7f7b8fb6f000 r--p 00000000 00:00 0 
7f7b8fb6f000-7f7b8fb78000 r--p 00000000 08:02 28323847                   /home/andriodpc/Downloads/android-studio-2023.1.1.26-linux/android-studio/jbr/lib/libjli.so
7f7b8fb78000-7f7b8fb87000 r-xp 00008000 08:02 28323847                   /home/andriodpc/Downloads/android-studio-2023.1.1.26-linux/android-studio/jbr/lib/libjli.so
7f7b8fb87000-7f7b8fb88000 r--p 00016000 08:02 28323847                   /home/andriodpc/Downloads/android-studio-2023.1.1.26-linux/android-studio/jbr/lib/libjli.so
7f7b8fb88000-7f7b8fb89000 rw-p 00016000 08:02 28323847                   /home/andriodpc/Downloads/android-studio-2023.1.1.26-linux/android-studio/jbr/lib/libjli.so
7f7b8fb89000-7f7b8fb8b000 rw-p 00000000 00:00 0 
7f7b8fb8b000-7f7b8fb8d000 r--p 00000000 08:02 1311923                    /usr/lib/x86_64-linux-gnu/ld-linux-x86-64.so.2
7f7b8fb8d000-7f7b8fbb7000 r-xp 00002000 08:02 1311923                    /usr/lib/x86_64-linux-gnu/ld-linux-x86-64.so.2
7f7b8fbb7000-7f7b8fbc2000 r--p 0002c000 08:02 1311923                    /usr/lib/x86_64-linux-gnu/ld-linux-x86-64.so.2
7f7b8fbc2000-7f7b8fbc3000 ---p 00000000 00:00 0 
7f7b8fbc3000-7f7b8fbc5000 r--p 00037000 08:02 1311923                    /usr/lib/x86_64-linux-gnu/ld-linux-x86-64.so.2
7f7b8fbc5000-7f7b8fbc7000 rw-p 00039000 08:02 1311923                    /usr/lib/x86_64-linux-gnu/ld-linux-x86-64.so.2
7ffd1412a000-7ffd1414b000 rw-p 00000000 00:00 0                          [stack]
7ffd141ed000-7ffd141f1000 r--p 00000000 00:00 0                          [vvar]
7ffd141f1000-7ffd141f3000 r-xp 00000000 00:00 0                          [vdso]
ffffffffff600000-ffffffffff601000 --xp 00000000 00:00 0                  [vsyscall]


VM Arguments:
jvm_args: --add-opens=java.base/java.util=ALL-UNNAMED --add-opens=java.base/java.lang=ALL-UNNAMED --add-opens=java.base/java.lang.invoke=ALL-UNNAMED --add-opens=java.prefs/java.util.prefs=ALL-UNNAMED --add-opens=java.base/java.nio.charset=ALL-UNNAMED --add-opens=java.base/java.net=ALL-UNNAMED --add-opens=java.base/java.util.concurrent.atomic=ALL-UNNAMED -Xmx4608m -Dfile.encoding=UTF-8 -Duser.country=US -Duser.language=en -Duser.variant -javaagent:/home/andriodpc/.gradle/wrapper/dists/gradle-8.2-all/6mxqtxovn2faat1idb7p6lxsa/gradle-8.2/lib/agents/gradle-instrumentation-agent-8.2.jar 
java_command: org.gradle.launcher.daemon.bootstrap.GradleDaemon 8.2
java_class_path (initial): /home/andriodpc/.gradle/wrapper/dists/gradle-8.2-all/6mxqtxovn2faat1idb7p6lxsa/gradle-8.2/lib/gradle-launcher-8.2.jar
Launcher Type: SUN_STANDARD

[Global flags]
     intx CICompilerCount                          = 3                                         {product} {ergonomic}
     uint ConcGCThreads                            = 2                                         {product} {ergonomic}
     uint G1ConcRefinementThreads                  = 6                                         {product} {ergonomic}
   size_t G1HeapRegionSize                         = 4194304                                   {product} {ergonomic}
    uintx GCDrainStackTargetSize                   = 64                                        {product} {ergonomic}
   size_t InitialHeapSize                          = 130023424                                 {product} {ergonomic}
   size_t MarkStackSize                            = 4194304                                   {product} {ergonomic}
   size_t MaxHeapSize                              = 4831838208                                {product} {command line}
   size_t MaxNewSize                               = 2898264064                                {product} {ergonomic}
   size_t MinHeapDeltaBytes                        = 4194304                                   {product} {ergonomic}
   size_t MinHeapSize                              = 8388608                                   {product} {ergonomic}
    uintx NonNMethodCodeHeapSize                   = 5832780                                {pd product} {ergonomic}
    uintx NonProfiledCodeHeapSize                  = 122912730                              {pd product} {ergonomic}
    uintx ProfiledCodeHeapSize                     = 122912730                              {pd product} {ergonomic}
    uintx ReservedCodeCacheSize                    = 251658240                              {pd product} {ergonomic}
     bool SegmentedCodeCache                       = true                                      {product} {ergonomic}
   size_t SoftMaxHeapSize                          = 4831838208                             {manageable} {ergonomic}
     bool UseCompressedClassPointers               = true                           {product lp64_product} {ergonomic}
     bool UseCompressedOops                        = true                           {product lp64_product} {ergonomic}
     bool UseG1GC                                  = true                                      {product} {ergonomic}

Logging:
Log output configuration:
 #0: stdout all=warning uptime,level,tags
 #1: stderr all=off uptime,level,tags

Environment Variables:
PATH=/usr/local/sbin:/usr/local/bin:/usr/sbin:/usr/bin:/sbin:/bin:/usr/games:/usr/local/games:/snap/bin:/snap/bin
USERNAME=andriodpc
SHELL=/bin/bash
DISPLAY=:0
LANG=en_US.UTF-8
TERM=xterm-256color

Active Locale:
LC_ALL=en_US.UTF-8
LC_COLLATE=en_US.UTF-8
LC_CTYPE=en_US.UTF-8
LC_MESSAGES=en_US.UTF-8
LC_MONETARY=en_US.UTF-8
LC_NUMERIC=en_US.UTF-8
LC_TIME=en_US.UTF-8

Signal Handlers:
   SIGSEGV: crash_handler in libjvm.so, mask=11100100010111111101111111111110, flags=SA_RESTART|SA_SIGINFO, unblocked
    SIGBUS: crash_handler in libjvm.so, mask=11100100010111111101111111111110, flags=SA_RESTART|SA_SIGINFO, unblocked
    SIGFPE: crash_handler in libjvm.so, mask=11100100010111111101111111111110, flags=SA_RESTART|SA_SIGINFO, unblocked
   SIGPIPE: javaSignalHandler in libjvm.so, mask=11100100010111111101111111111110, flags=SA_RESTART|SA_SIGINFO, blocked
   SIGXFSZ: javaSignalHandler in libjvm.so, mask=11100100010111111101111111111110, flags=SA_RESTART|SA_SIGINFO, blocked
    SIGILL: crash_handler in libjvm.so, mask=11100100010111111101111111111110, flags=SA_RESTART|SA_SIGINFO, unblocked
   SIGUSR2: SR_handler in libjvm.so, mask=00100000000000000000000000000000, flags=SA_RESTART|SA_SIGINFO, blocked
    SIGHUP: UserHandler in libjvm.so, mask=11100100010111111101111111111110, flags=SA_RESTART|SA_SIGINFO, blocked
    SIGINT: UserHandler in libjvm.so, mask=11100100010111111101111111111110, flags=SA_RESTART|SA_SIGINFO, blocked
   SIGTERM: UserHandler in libjvm.so, mask=11100100010111111101111111111110, flags=SA_RESTART|SA_SIGINFO, blocked
   SIGQUIT: UserHandler in libjvm.so, mask=11100100010111111101111111111110, flags=SA_RESTART|SA_SIGINFO, blocked
   SIGTRAP: crash_handler in libjvm.so, mask=11100100010111111101111111111110, flags=SA_RESTART|SA_SIGINFO, unblocked

JNI global refs:
JNI global refs: 22, weak refs: 0

JNI global refs memory usage: 867, weak refs: 865

OOME stack traces (most recent first):
Classloader memory used:
Loader org.gradle.internal.classloader.VisitableURLClassLoader                         : 1998K
Loader bootstrap                                                                       : 1872K
Loader org.gradle.initialization.MixInLegacyTypesClassLoader                           : 424K
Loader jdk.internal.loader.ClassLoaders$AppClassLoader                                 : 28293B
Loader jdk.internal.reflect.DelegatingClassLoader                                      : 3014B
Loader org.gradle.groovy.scripts.internal.DefaultScriptCompilationHandler$ScriptClassLoader: 791B
Loader jdk.internal.loader.ClassLoaders$PlatformClassLoader                            : 771B

Classes loaded by more than one classloader:
Class org.gradle.internal.installation.GradleInstallation                             : loaded 2 times (x 74B)
Class org.gradle.internal.classpath.ClassPath                                         : loaded 2 times (x 69B)
Class org.gradle.api.internal.classpath.DefaultModuleRegistry                         : loaded 2 times (x 85B)
Class org.gradle.api.Action                                                           : loaded 2 times (x 69B)
Class org.gradle.api.internal.DefaultClassPathProvider                                : loaded 2 times (x 75B)
Class org.gradle.internal.installation.GradleInstallation$1                           : loaded 2 times (x 74B)
Class org.gradle.internal.classloader.FilteringClassLoader                            : loaded 2 times (x 103B)
Class org.gradle.internal.classpath.DefaultClassPath$ImmutableUniqueList$Builder      : loaded 2 times (x 74B)
Class org.gradle.internal.classloader.ClassLoaderVisitor                              : loaded 2 times (x 75B)
Class org.gradle.internal.service.DefaultServiceLocator                               : loaded 2 times (x 82B)
Class org.gradle.internal.service.UnknownServiceException                             : loaded 2 times (x 82B)
Class org.gradle.internal.classloader.DefaultClassLoaderFactory                       : loaded 2 times (x 81B)
Class org.gradle.internal.classloader.VisitableURLClassLoader$Spec                    : loaded 2 times (x 73B)
Class org.gradle.api.GradleException                                                  : loaded 2 times (x 81B)
Class org.gradle.api.internal.classpath.ModuleRegistry                                : loaded 2 times (x 69B)
Class org.gradle.api.internal.ClassPathProvider                                       : loaded 2 times (x 69B)
Class org.gradle.internal.classloader.ClasspathUtil$1                                 : loaded 2 times (x 75B)
Class org.gradle.internal.classloader.ClassLoaderFactory                              : loaded 2 times (x 69B)
Class org.gradle.api.internal.classpath.ManifestUtil                                  : loaded 2 times (x 70B)
Class org.gradle.api.specs.Spec                                                       : loaded 2 times (x 69B)
Class org.gradle.internal.IoActions                                                   : loaded 2 times (x 70B)
Class org.gradle.api.internal.classpath.EffectiveClassPath                            : loaded 2 times (x 89B)
Class org.gradle.internal.installation.CurrentGradleInstallation                      : loaded 2 times (x 72B)
Class org.gradle.internal.agents.InstrumentingClassLoader                             : loaded 2 times (x 69B)
Class org.gradle.internal.installation.CurrentGradleInstallationLocator               : loaded 2 times (x 70B)
Class org.gradle.api.internal.classpath.Module                                        : loaded 2 times (x 69B)
Class org.gradle.internal.service.CachingServiceLocator                               : loaded 2 times (x 81B)
Class org.gradle.internal.classpath.DefaultClassPath                                  : loaded 2 times (x 89B)
Class org.gradle.internal.classloader.SystemClassLoaderSpec                           : loaded 2 times (x 70B)
Class org.gradle.api.UncheckedIOException                                             : loaded 2 times (x 81B)
Class org.gradle.internal.classloader.ClasspathUtil                                   : loaded 2 times (x 70B)
Class org.gradle.api.internal.DefaultClassPathRegistry                                : loaded 2 times (x 75B)
Class org.gradle.api.internal.classpath.DefaultModuleRegistry$DefaultModule           : loaded 2 times (x 85B)
Class org.gradle.api.internal.classpath.UnknownModuleException                        : loaded 2 times (x 81B)
Class org.gradle.internal.service.ServiceLookupException                              : loaded 2 times (x 81B)
Class org.gradle.cache.GlobalCache                                                    : loaded 2 times (x 69B)
Class [Lorg.gradle.api.internal.ClassPathProvider;                                    : loaded 2 times (x 68B)
Class org.gradle.util.internal.GUtil                                                  : loaded 2 times (x 70B)
Class org.gradle.internal.classloader.ClassLoaderSpec                                 : loaded 2 times (x 70B)
Class org.gradle.internal.classloader.VisitableURLClassLoader                         : loaded 2 times (x 115B)
Class org.gradle.internal.Cast                                                        : loaded 2 times (x 70B)
Class org.gradle.api.internal.ClassPathRegistry                                       : loaded 2 times (x 69B)
Class org.gradle.internal.classloader.VisitableURLClassLoader$InstrumentingVisitableURLClassLoader: loaded 2 times (x 121B)
Class org.gradle.internal.classloader.ClassLoaderHierarchy                            : loaded 2 times (x 69B)
Class org.gradle.internal.InternalTransformer                                         : loaded 2 times (x 69B)
Class org.gradle.internal.service.ServiceLocator                                      : loaded 2 times (x 69B)
Class org.gradle.internal.classpath.DefaultClassPath$ImmutableUniqueList              : loaded 2 times (x 160B)
Class org.gradle.internal.classpath.TransformedClassPath                              : loaded 2 times (x 95B)


---------------  S Y S T E M  ---------------

OS:
DISTRIB_ID=Ubuntu
DISTRIB_RELEASE=22.04
DISTRIB_CODENAME=jammy
DISTRIB_DESCRIPTION="Ubuntu 22.04.3 LTS"
uname: Linux 6.5.0-14-generic #14~22.04.1-Ubuntu SMP PREEMPT_DYNAMIC Mon Nov 20 18:15:30 UTC 2 x86_64
OS uptime: 1 days 22:08 hours
libc: glibc 2.35 NPTL 2.35 
rlimit (soft/hard): STACK 8192k/infinity , CORE 0k/infinity , NPROC 30869/30869 , NOFILE 1048576/1048576 , AS infinity/infinity , CPU infinity/infinity , DATA infinity/infinity , FSIZE infinity/infinity , MEMLOCK 997384k/997384k
load average: 4.92 5.95 4.04

/proc/meminfo:
MemTotal:        7979100 kB
MemFree:         3186744 kB
MemAvailable:    4536896 kB
Buffers:           49488 kB
Cached:          1530744 kB
SwapCached:        28304 kB
Active:          3223324 kB
Inactive:         885024 kB
Active(anon):    2454508 kB
Inactive(anon):   192140 kB
Active(file):     768816 kB
Inactive(file):   692884 kB
Unevictable:      101424 kB
Mlocked:              16 kB
SwapTotal:       2097148 kB
SwapFree:        1317168 kB
Zswap:                 0 kB
Zswapped:              0 kB
Dirty:              6388 kB
Writeback:             0 kB
AnonPages:       2616544 kB
Mapped:           650848 kB
Shmem:            118480 kB
KReclaimable:     266204 kB
Slab:             451744 kB
SReclaimable:     266204 kB
SUnreclaim:       185540 kB
KernelStack:       13632 kB
PageTables:        31284 kB
SecPageTables:         0 kB
NFS_Unstable:          0 kB
Bounce:                0 kB
WritebackTmp:          0 kB
CommitLimit:     6086696 kB
Committed_AS:    8104836 kB
VmallocTotal:   34359738367 kB
VmallocUsed:       42000 kB
VmallocChunk:          0 kB
Percpu:             6816 kB
HardwareCorrupted:     0 kB
AnonHugePages:         0 kB
ShmemHugePages:        0 kB
ShmemPmdMapped:        0 kB
FileHugePages:         0 kB
FilePmdMapped:         0 kB
Unaccepted:            0 kB
HugePages_Total:       0
HugePages_Free:        0
HugePages_Rsvd:        0
HugePages_Surp:        0
Hugepagesize:       2048 kB
Hugetlb:               0 kB
DirectMap4k:      198644 kB
DirectMap2M:     5949440 kB
DirectMap1G:     2097152 kB

/sys/kernel/mm/transparent_hugepage/enabled: always [madvise] never
/sys/kernel/mm/transparent_hugepage/defrag (defrag/compaction efforts parameter): always defer defer+madvise [madvise] never

Process Memory:
Virtual Size: 9523400K (peak: 9587368K)
Resident Set Size: 225428K (peak: 225428K) (anon: 195220K, file: 30208K, shmem: 0K)
Swapped out: 0K
C-Heap outstanding allocations: 68051K, retained: 23852K
glibc malloc tunables: (default)

/proc/sys/kernel/threads-max (system-wide limit on the number of threads): 61738
/proc/sys/vm/max_map_count (maximum number of memory map areas a process may have): 65530
/proc/sys/kernel/pid_max (system-wide limit on number of process identifiers): 4194304

container (cgroup) information:
container_type: cgroupv2
cpu_cpuset_cpus: not supported
cpu_memory_nodes: not supported
active_processor_count: 6
cpu_quota: not supported
cpu_period: not supported
cpu_shares: not supported
memory_limit_in_bytes: unlimited
memory_and_swap_limit_in_bytes: unlimited
memory_soft_limit_in_bytes: unlimited
memory_usage_in_bytes: 2677892 k
memory_max_usage_in_bytes: not supported
memory_swap_current_in_bytes: unlimited
memory_swap_max_limit_in_bytes: unlimited
maximum number of tasks: 9260
current number of tasks: 184

Steal ticks since vm start: 0
Steal ticks percentage since vm start:  0.000

CPU: total 6 (initial active 6) (6 cores per cpu, 1 threads per core) family 6 model 158 stepping 10 microcode 0xf4, cx8, cmov, fxsr, mmx, 3dnowpref, sse, sse2, sse3, ssse3, sse4.1, sse4.2, popcnt, lzcnt, tsc, tscinvbit, avx, avx2, aes, erms, clmul, bmi1, bmi2, adx, fma, vzeroupper, clflush, clflushopt
CPU Model and flags from /proc/cpuinfo:
model name	: Intel(R) Core(TM) i5-8400 CPU @ 2.80GHz
flags		: fpu vme de pse tsc msr pae mce cx8 apic sep mtrr pge mca cmov pat pse36 clflush dts acpi mmx fxsr sse sse2 ss ht tm pbe syscall nx pdpe1gb rdtscp lm constant_tsc art arch_perfmon pebs bts rep_good nopl xtopology nonstop_tsc cpuid aperfmperf pni pclmulqdq dtes64 monitor ds_cpl vmx est tm2 ssse3 sdbg fma cx16 xtpr pdcm pcid sse4_1 sse4_2 x2apic movbe popcnt tsc_deadline_timer aes xsave avx f16c rdrand lahf_lm abm 3dnowprefetch cpuid_fault epb invpcid_single pti ssbd ibrs ibpb stibp tpr_shadow flexpriority ept vpid ept_ad fsgsbase tsc_adjust bmi1 avx2 smep bmi2 erms invpcid mpx rdseed adx smap clflushopt intel_pt xsaveopt xsavec xgetbv1 xsaves dtherm ida arat pln pts hwp hwp_notify hwp_act_window hwp_epp vnmi md_clear flush_l1d arch_capabilities

Online cpus: 0-5
Offline cpus: 
BIOS frequency limitation: <Not Available>
Frequency switch latency (ns): 0
Available cpu frequencies: <Not Available>
Current governor: powersave
Core performance/turbo boost: <Not Available>

Memory: 4k page, physical 7979100k(3186744k free), swap 2097148k(1317168k free)
Page Sizes: 4k

vm_info: OpenJDK 64-Bit Server VM (17.0.7+0-17.0.7b1000.6-10550314) for linux-amd64 JRE (17.0.7+0-17.0.7b1000.6-10550314), built on Jul 24 2023 17:08:11 by "androidbuild" with clang Android (8508608, based on r450784e) Clang 14.0.7 (https://android.googlesource.com/toolchain/llvm-project 4c603efb0cca074e9238af8b4106c30add4418f6)

END.
