#
# A fatal error has been detected by the Java Runtime Environment:
#
#  SIGSEGV (0xb) at pc=0x00007fcfd23e1f80, pid=16106, tid=16160
#
# JRE version: OpenJDK Runtime Environment (17.0.7) (build 17.0.7+0-17.0.7b1000.6-10550314)
# Java VM: OpenJDK 64-Bit Server VM (17.0.7+0-17.0.7b1000.6-10550314, mixed mode, tiered, compressed oops, compressed class ptrs, g1 gc, linux-amd64)
# Problematic frame:
# V  [libjvm.so+0xde1f80]  Unique_Node_List::remove_useless_nodes(VectorSet&)+0x90
#
# Core dump will be written. Default location: Core dumps may be processed with "/usr/share/apport/apport -p%p -s%s -c%c -d%d -P%P -u%u -g%g -- %E" (or dumping to /home/andriodpc/Documents/EonTechnician(todays work) (2)/EonTechnician(todays work)/EonTechnician/core.16106)
#
# If you would like to submit a bug report, please visit:
#   https://bugreport.java.com/bugreport/crash.jsp
#

---------------  S U M M A R Y ------------

Command Line: --add-opens=java.base/java.util=ALL-UNNAMED --add-opens=java.base/java.lang=ALL-UNNAMED --add-opens=java.base/java.lang.invoke=ALL-UNNAMED --add-opens=java.prefs/java.util.prefs=ALL-UNNAMED --add-opens=java.base/java.nio.charset=ALL-UNNAMED --add-opens=java.base/java.net=ALL-UNNAMED --add-opens=java.base/java.util.concurrent.atomic=ALL-UNNAMED -Xmx4608m -Dfile.encoding=UTF-8 -Duser.country=US -Duser.language=en -Duser.variant -javaagent:/home/andriodpc/.gradle/wrapper/dists/gradle-8.2-all/6mxqtxovn2faat1idb7p6lxsa/gradle-8.2/lib/agents/gradle-instrumentation-agent-8.2.jar org.gradle.launcher.daemon.bootstrap.GradleDaemon 8.2

Host: Intel(R) Core(TM) i5-8400 CPU @ 2.80GHz, 6 cores, 7G, Ubuntu 22.04.3 LTS
Time: Mon Jan  8 15:43:04 2024 IST elapsed time: 12.895803 seconds (0d 0h 0m 12s)

---------------  T H R E A D  ---------------

Current thread (0x00007fcf783a23d0):  JavaThread "C2 CompilerThread1" daemon [_thread_in_native, id=16160, stack(0x00007fcf697fa000,0x00007fcf698fa000)]


Current CompileTask:
C2:  12895 2723       4       jdk.internal.loader.URLClassPath::getResource (74 bytes)

Stack: [0x00007fcf697fa000,0x00007fcf698fa000],  sp=0x00007fcf698f72a0,  free space=1012k
Native frames: (J=compiled Java code, j=interpreted, Vv=VM code, C=native code)
V  [libjvm.so+0xde1f80]  Unique_Node_List::remove_useless_nodes(VectorSet&)+0x90
V  [libjvm.so+0xe431e2]  PhaseRemoveUseless::PhaseRemoveUseless(PhaseGVN*, Unique_Node_List*, Phase::PhaseNumber)+0x152
V  [libjvm.so+0x83ab54]  Compile::inline_string_calls(bool)+0x64
V  [libjvm.so+0x839923]  Compile::Compile(ciEnv*, ciMethod*, int, bool, bool, bool, bool, bool, DirectiveSet*)+0xc03
V  [libjvm.so+0x79cb2e]  C2Compiler::compile_method(ciEnv*, ciMethod*, int, bool, DirectiveSet*)+0xde
V  [libjvm.so+0x84bf5d]  CompileBroker::invoke_compiler_on_method(CompileTask*)+0x8dd
V  [libjvm.so+0x84b530]  CompileBroker::compiler_thread_loop()+0x400
V  [libjvm.so+0x100d3d5]  JavaThread::thread_main_inner()+0x145
V  [libjvm.so+0x100b9ff]  Thread::call_run()+0xbf
V  [libjvm.so+0xe08ba9]  thread_native_entry(Thread*)+0x119


siginfo: si_signo: 11 (SIGSEGV), si_code: 1 (SEGV_MAPERR), si_addr: 0x00007bcf3c3443e0

Register to memory mapping:

RAX=0x0000000000000dc7 is an unknown value
RBX=0x000000000000025f is an unknown value
RCX=0x00007bcf3c3443b8 is an unknown value
RDX=0x000000000000004c is an unknown value
RSP=0x00007fcf698f72a0 is pointing into the stack for thread: 0x00007fcf783a23d0
RBP=0x00007fcf698f72d0 is pointing into the stack for thread: 0x00007fcf783a23d0
RSI=0x00000000010bf510 points into unknown readable memory: 0x00007fcf78258f00 | 00 8f 25 78 cf 7f 00 00
RDI=0x00000000f3e00004 is an unknown value
R8 =0x00007fcf698f7350 is pointing into the stack for thread: 0x00007fcf783a23d0
R9 =0x0 is NULL
R10=0x0000000001108000 points into unknown readable memory: 0x0000000000000000 | 00 00 00 00 00 00 00 00
R11=0x0000000000000206 is an unknown value
R12=0x000000000000025f is an unknown value
R13=0x00007bcf3c3443b8 is an unknown value
R14=4096 is a compressed pointer to class: 0x0000000800001000
java.nio.Bits$1 {0x0000000800001000}
 - instance size:     2
 - klass size:        80
 - access:            synchronized 
 - state:             fully_initialized
 - name:              'java/nio/Bits$1'
 - super:             'java/lang/Object'
 - sub:               
 - arrays:            NULL
 - methods:           Array<T>(0x00007fcf945c7b50)
 - method ordering:   Array<T>(0x00007fcf94000018)
 - default_methods:   Array<T>(0x0000000000000000)
 - local interfaces:  Array<T>(0x00007fcf945c7768)
 - trans. interfaces: Array<T>(0x00007fcf945c7768)
 - constants:         constant pool [49] {0x00007fcf945c7560} for 'java/nio/Bits$1' cache=0x00007fcf945c7f50
 - class loader data:  loader data: 0x00007fcfcc0f0a10 of 'bootstrap'
 - source file:       'Bits.java'
 - class annotations:       Array<T>(0x0000000000000000)
 - class type annotations:  Array<T>(0x0000000000000000)
 - field annotations:       Array<T>(0x0000000000000000)
 - field type annotations:  Array<T>(0x0000000000000000)
 - inner classes:     Array<T>(0x00007fcf945c7f08)
 - nest members:     Array<T>(0x00007fcf94000028)
 - permitted subclasses:     Array<T>(0x00007fcf94000028)
 - java mirror:       a 'java/lang/Class'{0x00000006e095f380} = 'java/nio/Bits$1'
 - vtable length      9  (start addr: 0x00000008000011f8)
 - itable length      8 (start addr: 0x0000000800001240)
 - ---- static fields (0 words):
 - ---- non-static fields (0 words):
 - non-static oop maps: 
R15=0x00007fcf698f7f08 is pointing into the stack for thread: 0x00007fcf783a23d0


Registers:
RAX=0x0000000000000dc7, RBX=0x000000000000025f, RCX=0x00007bcf3c3443b8, RDX=0x000000000000004c
RSP=0x00007fcf698f72a0, RBP=0x00007fcf698f72d0, RSI=0x00000000010bf510, RDI=0x00000000f3e00004
R8 =0x00007fcf698f7350, R9 =0x0000000000000000, R10=0x0000000001108000, R11=0x0000000000000206
R12=0x000000000000025f, R13=0x00007bcf3c3443b8, R14=0x0000000000001000, R15=0x00007fcf698f7f08
RIP=0x00007fcfd23e1f80, EFLAGS=0x0000000000010283, CSGSFS=0x002b000000000033, ERR=0x0000000000000004
  TRAPNO=0x000000000000000e

Top of Stack: (sp=0x00007fcf698f72a0)
0x00007fcf698f72a0:   00007fcf698f7350 00007fcf698f7f08
0x00007fcf698f72b0:   00007fcf698f7330 00007fcf698f7350
0x00007fcf698f72c0:   00007fcf698f7488 00007fcf698f7320
0x00007fcf698f72d0:   00007fcf698f7310 00007fcfd24431e2 

Instructions: (pc=0x00007fcfd23e1f80)
0x00007fcfd23e1e80:   55 48 89 e5 8b 47 18 48 85 c0 74 23 48 8b 4f 10
0x00007fcfd23e1e90:   31 d2 66 2e 0f 1f 84 00 00 00 00 00 0f 1f 40 00
0x00007fcfd23e1ea0:   48 39 34 d1 74 0b 48 83 c2 01 48 39 d0 75 f1 5d
0x00007fcfd23e1eb0:   c3 83 c0 ff 89 47 18 48 8b 04 c1 48 89 04 d1 5d
0x00007fcfd23e1ec0:   c3 66 2e 0f 1f 84 00 00 00 00 00 0f 1f 44 00 00
0x00007fcfd23e1ed0:   55 48 89 e5 5d c3 66 2e 0f 1f 84 00 00 00 00 00
0x00007fcfd23e1ee0:   55 48 89 e5 5d c3 66 2e 0f 1f 84 00 00 00 00 00
0x00007fcfd23e1ef0:   55 48 89 e5 41 57 41 56 41 55 41 54 53 50 8b 47
0x00007fcfd23e1f00:   18 85 c0 0f 84 ed 00 00 00 49 89 f0 49 89 ff 31
0x00007fcfd23e1f10:   db 48 89 75 d0 eb 5e 66 0f 1f 84 00 00 00 00 00
0x00007fcfd23e1f20:   41 89 47 08 49 8b 3f 4a 8d 14 f5 00 00 00 00 89
0x00007fcfd23e1f30:   c1 48 c1 e1 03 45 31 c0 e8 63 62 89 ff 49 89 47
0x00007fcfd23e1f40:   10 4a 8d 3c f0 41 8b 57 08 44 29 f2 48 c1 e2 03
0x00007fcfd23e1f50:   31 f6 e8 b9 70 32 00 49 8b 77 10 4c 8b 45 d0 4e
0x00007fcfd23e1f60:   89 2c e6 83 c3 ff 41 8b 47 18 83 c3 01 39 c3 0f
0x00007fcfd23e1f70:   83 81 00 00 00 49 8b 77 10 41 89 dc 4a 8b 0c e6
0x00007fcfd23e1f80:   8b 49 28 48 89 ca 48 c1 ea 05 41 3b 10 73 0c 49
0x00007fcfd23e1f90:   8b 78 08 8b 3c 97 0f a3 cf 72 cf 41 3b 57 20 73
0x00007fcfd23e1fa0:   18 b8 fe ff ff ff d3 c0 49 8b 4f 28 89 d2 21 04
0x00007fcfd23e1fb0:   91 49 8b 77 10 41 8b 47 18 83 c0 ff 41 89 47 18
0x00007fcfd23e1fc0:   4c 8b 2c c6 45 8b 77 08 41 39 de 77 92 8d 43 01
0x00007fcfd23e1fd0:   85 d8 0f 94 c1 85 c0 0f 95 c2 84 ca 0f 85 3e ff
0x00007fcfd23e1fe0:   ff ff 0f bd c8 83 f1 1f f6 d9 b8 01 00 00 00 d3
0x00007fcfd23e1ff0:   e0 e9 2a ff ff ff 48 83 c4 08 5b 41 5c 41 5d 41
0x00007fcfd23e2000:   5e 41 5f 5d c3 66 2e 0f 1f 84 00 00 00 00 00 90
0x00007fcfd23e2010:   55 48 89 e5 41 57 41 56 53 50 49 89 fe 48 8b 77
0x00007fcfd23e2020:   10 4c 8b 3f 48 8b 57 08 49 29 f7 49 83 e7 f0 48
0x00007fcfd23e2030:   29 f2 48 8d 1c 12 48 83 e3 e0 48 8b 7f 18 48 83
0x00007fcfd23e2040:   e2 f0 48 89 d9 45 31 c0 e8 53 61 89 ff 49 89 46
0x00007fcfd23e2050:   10 48 01 c3 49 89 5e 08 49 01 c7 4d 89 3e 48 83
0x00007fcfd23e2060:   c4 08 5b 41 5e 41 5f 5d c3 0f 1f 80 00 00 00 00
0x00007fcfd23e2070:   55 48 89 e5 48 8b 07 48 8b 4f 10 48 29 c8 48 83 


Stack slot to memory mapping:
stack at sp + 0 slots: 0x00007fcf698f7350 is pointing into the stack for thread: 0x00007fcf783a23d0
stack at sp + 1 slots: 0x00007fcf698f7f08 is pointing into the stack for thread: 0x00007fcf783a23d0
stack at sp + 2 slots: 0x00007fcf698f7330 is pointing into the stack for thread: 0x00007fcf783a23d0
stack at sp + 3 slots: 0x00007fcf698f7350 is pointing into the stack for thread: 0x00007fcf783a23d0
stack at sp + 4 slots: 0x00007fcf698f7488 is pointing into the stack for thread: 0x00007fcf783a23d0
stack at sp + 5 slots: 0x00007fcf698f7320 is pointing into the stack for thread: 0x00007fcf783a23d0
stack at sp + 6 slots: 0x00007fcf698f7310 is pointing into the stack for thread: 0x00007fcf783a23d0
stack at sp + 7 slots: 0x00007fcfd24431e2: <offset 0x0000000000e431e2> in /home/andriodpc/Downloads/android-studio-2023.1.1.26-linux/android-studio/jbr/lib/server/libjvm.so at 0x00007fcfd1600000


---------------  P R O C E S S  ---------------

Threads class SMR info:
_java_thread_list=0x00007fcf783a33d0, length=35, elements={
0x00007fcfcc027ee0, 0x00007fcfcc173860, 0x00007fcfcc174eb0, 0x00007fcfcc1a4f40,
0x00007fcfcc1a62f0, 0x00007fcfcc1a7700, 0x00007fcfcc19a520, 0x00007fcfcc19ba00,
0x00007fcfcc19ce70, 0x00007fcfcc2425b0, 0x00007fcfcc325a90, 0x00007fcfcd1f6440,
0x00007fcfcd287e60, 0x00007fcfcd2c3c40, 0x00007fcf48021490, 0x00007fcf400015d0,
0x00007fcf40006830, 0x00007fcf40007e90, 0x00007fcf3c007910, 0x00007fcf3c00e160,
0x00007fcf3c011180, 0x00007fcf3c1dc0a0, 0x00007fcf3c1e6320, 0x00007fcf3c39ca10,
0x00007fcf3c57b5c0, 0x00007fcf3c5848c0, 0x00007fcf3c638510, 0x00007fcf3c2a0490,
0x00007fcf3c2ae600, 0x00007fcf3c31f690, 0x00007fcf3c2d4ef0, 0x00007fcf3c364ea0,
0x00007fcf3c830ea0, 0x00007fcf3c83de60, 0x00007fcf783a23d0
}

Java Threads: ( => current thread )
  0x00007fcfcc027ee0 JavaThread "main" [_thread_blocked, id=16109, stack(0x00007fcfd2900000,0x00007fcfd2a00000)]
  0x00007fcfcc173860 JavaThread "Reference Handler" daemon [_thread_blocked, id=16116, stack(0x00007fcfacec0000,0x00007fcfacfc0000)]
  0x00007fcfcc174eb0 JavaThread "Finalizer" daemon [_thread_blocked, id=16117, stack(0x00007fcfacdc0000,0x00007fcfacec0000)]
  0x00007fcfcc1a4f40 JavaThread "Signal Dispatcher" daemon [_thread_blocked, id=16118, stack(0x00007fcfac700000,0x00007fcfac800000)]
  0x00007fcfcc1a62f0 JavaThread "Service Thread" daemon [_thread_blocked, id=16119, stack(0x00007fcfac600000,0x00007fcfac700000)]
  0x00007fcfcc1a7700 JavaThread "Monitor Deflation Thread" daemon [_thread_blocked, id=16120, stack(0x00007fcfac500000,0x00007fcfac600000)]
  0x00007fcfcc19a520 JavaThread "C2 CompilerThread0" daemon [_thread_in_native, id=16121, stack(0x00007fcfac400000,0x00007fcfac500000)]
  0x00007fcfcc19ba00 JavaThread "C1 CompilerThread0" daemon [_thread_blocked, id=16122, stack(0x00007fcfac300000,0x00007fcfac400000)]
  0x00007fcfcc19ce70 JavaThread "Sweeper thread" daemon [_thread_blocked, id=16123, stack(0x00007fcfac200000,0x00007fcfac300000)]
  0x00007fcfcc2425b0 JavaThread "Common-Cleaner" daemon [_thread_blocked, id=16124, stack(0x00007fcfac100000,0x00007fcfac200000)]
  0x00007fcfcc325a90 JavaThread "Notification Thread" daemon [_thread_blocked, id=16125, stack(0x00007fcfac000000,0x00007fcfac100000)]
  0x00007fcfcd1f6440 JavaThread "Daemon health stats" [_thread_blocked, id=16131, stack(0x00007fcf6bdfe000,0x00007fcf6befe000)]
  0x00007fcfcd287e60 JavaThread "Incoming local TCP Connector on port 43491" [_thread_in_native, id=16132, stack(0x00007fcf6b700000,0x00007fcf6b800000)]
  0x00007fcfcd2c3c40 JavaThread "Daemon periodic checks" [_thread_blocked, id=16133, stack(0x00007fcf6b300000,0x00007fcf6b400000)]
  0x00007fcf48021490 JavaThread "Daemon" [_thread_blocked, id=16134, stack(0x00007fcf6af00000,0x00007fcf6b000000)]
  0x00007fcf400015d0 JavaThread "Handler for socket connection from /127.0.0.1:43491 to /127.0.0.1:59884" [_thread_in_native, id=16135, stack(0x00007fcf6ae00000,0x00007fcf6af00000)]
  0x00007fcf40006830 JavaThread "Cancel handler" [_thread_blocked, id=16136, stack(0x00007fcf6ad00000,0x00007fcf6ae00000)]
  0x00007fcf40007e90 JavaThread "Daemon worker" [_thread_in_vm, id=16137, stack(0x00007fcf6ac00000,0x00007fcf6ad00000)]
  0x00007fcf3c007910 JavaThread "Asynchronous log dispatcher for DefaultDaemonConnection: socket connection from /127.0.0.1:43491 to /127.0.0.1:59884" [_thread_blocked, id=16140, stack(0x00007fcf6ab00000,0x00007fcf6ac00000)]
  0x00007fcf3c00e160 JavaThread "Stdin handler" [_thread_blocked, id=16141, stack(0x00007fcf6aa00000,0x00007fcf6ab00000)]
  0x00007fcf3c011180 JavaThread "Daemon client event forwarder" [_thread_blocked, id=16142, stack(0x00007fcf6a900000,0x00007fcf6aa00000)]
  0x00007fcf3c1dc0a0 JavaThread "Cache worker for journal cache (/home/andriodpc/.gradle/caches/journal-1)" [_thread_blocked, id=16146, stack(0x00007fcf6a4fa000,0x00007fcf6a5fa000)]
  0x00007fcf3c1e6320 JavaThread "File lock request listener" [_thread_in_native, id=16147, stack(0x00007fcf6a3fa000,0x00007fcf6a4fa000)]
  0x00007fcf3c39ca10 JavaThread "Cache worker for file hash cache (/home/andriodpc/.gradle/caches/8.2/fileHashes)" [_thread_blocked, id=16148, stack(0x00007fcf6a2fa000,0x00007fcf6a3fa000)]
  0x00007fcf3c57b5c0 JavaThread "File watcher server" daemon [_thread_in_native, id=16149, stack(0x00007fcf6a1fa000,0x00007fcf6a2fa000)]
  0x00007fcf3c5848c0 JavaThread "File watcher consumer" daemon [_thread_blocked, id=16150, stack(0x00007fcf6a0fa000,0x00007fcf6a1fa000)]
  0x00007fcf3c638510 JavaThread "Cache worker for checksums cache (/home/andriodpc/Documents/EonTechnician(todays work) (2)/EonTechnician(todays work)/EonTechnician/.gradle/8.2/checksums)" [_thread_blocked, id=16151, stack(0x00007fcf69ffa000,0x00007fcf6a0fa000)]
  0x00007fcf3c2a0490 JavaThread "Cache worker for cache directory md-rule (/home/andriodpc/.gradle/caches/8.2/md-rule)" [_thread_blocked, id=16152, stack(0x00007fcf69efa000,0x00007fcf69ffa000)]
  0x00007fcf3c2ae600 JavaThread "Cache worker for file content cache (/home/andriodpc/.gradle/caches/8.2/fileContent)" [_thread_blocked, id=16153, stack(0x00007fcf69dfa000,0x00007fcf69efa000)]
  0x00007fcf3c31f690 JavaThread "Cache worker for file hash cache (/home/andriodpc/Documents/EonTechnician(todays work) (2)/EonTechnician(todays work)/EonTechnician/.gradle/8.2/fileHashes)" [_thread_blocked, id=16154, stack(0x00007fcf69cfa000,0x00007fcf69dfa000)]
  0x00007fcf3c2d4ef0 JavaThread "Cache worker for cache directory md-supplier (/home/andriodpc/.gradle/caches/8.2/md-supplier)" [_thread_blocked, id=16155, stack(0x00007fcf69bfa000,0x00007fcf69cfa000)]
  0x00007fcf3c364ea0 JavaThread "Cache worker for execution history cache (/home/andriodpc/.gradle/caches/8.2/executionHistory)" [_thread_blocked, id=16156, stack(0x00007fcf69afa000,0x00007fcf69bfa000)]
  0x00007fcf3c830ea0 JavaThread "jar transforms" [_thread_blocked, id=16158, stack(0x00007fcf699fa000,0x00007fcf69afa000)]
  0x00007fcf3c83de60 JavaThread "jar transforms Thread 2" [_thread_blocked, id=16159, stack(0x00007fcf698fa000,0x00007fcf699fa000)]
=>0x00007fcf783a23d0 JavaThread "C2 CompilerThread1" daemon [_thread_in_native, id=16160, stack(0x00007fcf697fa000,0x00007fcf698fa000)]

Other Threads:
  0x00007fcfcc124000 VMThread "VM Thread" [stack: 0x00007fcfacfc2000,0x00007fcfad0c2000] [id=16115]
  0x00007fcfcc1ce550 WatcherThread [stack: 0x00007fcf6bf00000,0x00007fcf6c000000] [id=16126]
  0x00007fcfcc097570 GCTaskThread "GC Thread#0" [stack: 0x00007fcfd0424000,0x00007fcfd0524000] [id=16110]
  0x00007fcf8c005810 GCTaskThread "GC Thread#1" [stack: 0x00007fcf6bcfe000,0x00007fcf6bdfe000] [id=16128]
  0x00007fcf8c008f70 GCTaskThread "GC Thread#2" [stack: 0x00007fcf6bbfc000,0x00007fcf6bcfc000] [id=16129]
  0x00007fcf8c008b80 GCTaskThread "GC Thread#3" [stack: 0x00007fcf6bada000,0x00007fcf6bbda000] [id=16130]
  0x00007fcf8c009920 GCTaskThread "GC Thread#4" [stack: 0x00007fcf6a800000,0x00007fcf6a900000] [id=16143]
  0x00007fcf8c006960 GCTaskThread "GC Thread#5" [stack: 0x00007fcf6a6fe000,0x00007fcf6a7fe000] [id=16144]
  0x00007fcfcc0a1b60 ConcurrentGCThread "G1 Main Marker" [stack: 0x00007fcfd0322000,0x00007fcfd0422000] [id=16111]
  0x00007fcfcc0a2ac0 ConcurrentGCThread "G1 Conc#0" [stack: 0x00007fcfd0220000,0x00007fcfd0320000] [id=16112]
  0x00007fcfa0000eb0 ConcurrentGCThread "G1 Conc#1" [stack: 0x00007fcf6a5fc000,0x00007fcf6a6fc000] [id=16145]
  0x00007fcfcc0e18d0 ConcurrentGCThread "G1 Refine#0" [stack: 0x00007fcfad3fd000,0x00007fcfad4fd000] [id=16113]
  0x00007fcfcc0e27c0 ConcurrentGCThread "G1 Service" [stack: 0x00007fcfad2fb000,0x00007fcfad3fb000] [id=16114]

Threads with active compile tasks:
C2 CompilerThread0    12900 2721  s!   4       jdk.internal.loader.URLClassPath::getLoader (194 bytes)
C2 CompilerThread1    12900 2723       4       jdk.internal.loader.URLClassPath::getResource (74 bytes)

VM state: not at safepoint (normal execution)

VM Mutex/Monitor currently owned by a thread: None

Heap address: 0x00000006e0000000, size: 4608 MB, Compressed Oops mode: Zero based, Oop shift amount: 3

CDS archive(s) not mapped
Compressed class space mapped at: 0x0000000800000000-0x0000000840000000, reserved size: 1073741824
Narrow klass base: 0x0000000800000000, Narrow klass shift: 0, Narrow klass range: 0x40000000

GC Precious Log:
 CPUs: 6 total, 6 available
 Memory: 7792M
 Large Page Support: Disabled
 NUMA Support: Disabled
 Compressed Oops: Enabled (Zero based)
 Heap Region Size: 4M
 Heap Min Capacity: 8M
 Heap Initial Capacity: 124M
 Heap Max Capacity: 4608M
 Pre-touch: Disabled
 Parallel Workers: 6
 Concurrent Workers: 2
 Concurrent Refinement Workers: 6
 Periodic GC: Disabled

Heap:
 garbage-first heap   total 98304K, used 23218K [0x00000006e0000000, 0x0000000800000000)
  region size 4096K, 2 young (8192K), 1 survivors (4096K)
 Metaspace       used 36218K, committed 36544K, reserved 1114112K
  class space    used 5031K, committed 5184K, reserved 1048576K

Heap Regions: E=young(eden), S=young(survivor), O=old, HS=humongous(starts), HC=humongous(continues), CS=collection set, F=free, OA=open archive, CA=closed archive, TAMS=top-at-mark-start (previous, next)
|   0|0x00000006e0000000, 0x00000006e0400000, 0x00000006e0400000|100%|HS|  |TAMS 0x00000006e0400000, 0x00000006e0000000| Complete 
|   1|0x00000006e0400000, 0x00000006e0800000, 0x00000006e0800000|100%| O|  |TAMS 0x00000006e0800000, 0x00000006e0400000| Untracked 
|   2|0x00000006e0800000, 0x00000006e0c00000, 0x00000006e0c00000|100%| O|  |TAMS 0x00000006e0c00000, 0x00000006e0800000| Untracked 
|   3|0x00000006e0c00000, 0x00000006e1000000, 0x00000006e1000000|100%| O|  |TAMS 0x00000006e1000000, 0x00000006e0c00000| Untracked 
|   4|0x00000006e1000000, 0x00000006e1000000, 0x00000006e1400000|  0%| F|  |TAMS 0x00000006e1000000, 0x00000006e1000000| Untracked 
|   5|0x00000006e1400000, 0x00000006e1800000, 0x00000006e1800000|100%| O|  |TAMS 0x00000006e1800000, 0x00000006e1400000| Untracked 
|   6|0x00000006e1800000, 0x00000006e1845c00, 0x00000006e1c00000|  6%| O|  |TAMS 0x00000006e1845c00, 0x00000006e1800000| Untracked 
|   7|0x00000006e1c00000, 0x00000006e1c00000, 0x00000006e2000000|  0%| F|  |TAMS 0x00000006e1c00000, 0x00000006e1c00000| Untracked 
|   8|0x00000006e2000000, 0x00000006e2000000, 0x00000006e2400000|  0%| F|  |TAMS 0x00000006e2000000, 0x00000006e2000000| Untracked 
|   9|0x00000006e2400000, 0x00000006e2400000, 0x00000006e2800000|  0%| F|  |TAMS 0x00000006e2400000, 0x00000006e2400000| Untracked 
|  10|0x00000006e2800000, 0x00000006e2800000, 0x00000006e2c00000|  0%| F|  |TAMS 0x00000006e2800000, 0x00000006e2800000| Untracked 
|  11|0x00000006e2c00000, 0x00000006e2c00000, 0x00000006e3000000|  0%| F|  |TAMS 0x00000006e2c00000, 0x00000006e2c00000| Untracked 
|  12|0x00000006e3000000, 0x00000006e3000000, 0x00000006e3400000|  0%| F|  |TAMS 0x00000006e3000000, 0x00000006e3000000| Untracked 
|  13|0x00000006e3400000, 0x00000006e3400000, 0x00000006e3800000|  0%| F|  |TAMS 0x00000006e3400000, 0x00000006e3400000| Untracked 
|  14|0x00000006e3800000, 0x00000006e3800000, 0x00000006e3c00000|  0%| F|  |TAMS 0x00000006e3800000, 0x00000006e3800000| Untracked 
|  15|0x00000006e3c00000, 0x00000006e3c00000, 0x00000006e4000000|  0%| F|  |TAMS 0x00000006e3c00000, 0x00000006e3c00000| Untracked 
|  16|0x00000006e4000000, 0x00000006e4000000, 0x00000006e4400000|  0%| F|  |TAMS 0x00000006e4000000, 0x00000006e4000000| Untracked 
|  17|0x00000006e4400000, 0x00000006e4400000, 0x00000006e4800000|  0%| F|  |TAMS 0x00000006e4400000, 0x00000006e4400000| Untracked 
|  18|0x00000006e4800000, 0x00000006e4800000, 0x00000006e4c00000|  0%| F|  |TAMS 0x00000006e4800000, 0x00000006e4800000| Untracked 
|  19|0x00000006e4c00000, 0x00000006e4c00000, 0x00000006e5000000|  0%| F|  |TAMS 0x00000006e4c00000, 0x00000006e4c00000| Untracked 
|  20|0x00000006e5000000, 0x00000006e5000000, 0x00000006e5400000|  0%| F|  |TAMS 0x00000006e5000000, 0x00000006e5000000| Untracked 
|  21|0x00000006e5400000, 0x00000006e5666c00, 0x00000006e5800000| 60%| S|CS|TAMS 0x00000006e5400000, 0x00000006e5400000| Complete 
|  27|0x00000006e6c00000, 0x00000006e6c00000, 0x00000006e7000000|  0%| F|  |TAMS 0x00000006e6c00000, 0x00000006e6c00000| Untracked 
|  30|0x00000006e7800000, 0x00000006e7be80b0, 0x00000006e7c00000| 97%| E|  |TAMS 0x00000006e7800000, 0x00000006e7800000| Complete 

Card table byte_map: [0x00007fcfb9100000,0x00007fcfb9a00000] _byte_map_base: 0x00007fcfb5a00000

Marking Bits (Prev, Next): (CMBitMap*) 0x00007fcfcc097ff0, (CMBitMap*) 0x00007fcfcc098030
 Prev Bits: [0x00007fcfb4000000, 0x00007fcfb8800000)
 Next Bits: [0x00007fcfaf800000, 0x00007fcfb4000000)

Polling page: 0x00007fcfd2d41000

Metaspace:

Usage:
  Non-class:     30.47 MB used.
      Class:      4.91 MB used.
       Both:     35.38 MB used.

Virtual space:
  Non-class space:       64.00 MB reserved,      30.62 MB ( 48%) committed,  1 nodes.
      Class space:        1.00 GB reserved,       5.06 MB ( <1%) committed,  1 nodes.
             Both:        1.06 GB reserved,      35.69 MB (  3%) committed. 

Chunk freelists:
   Non-Class:  1.17 MB
       Class:  10.95 MB
        Both:  12.12 MB

MaxMetaspaceSize: unlimited
CompressedClassSpaceSize: 1.00 GB
Initial GC threshold: 21.00 MB
Current GC threshold: 58.69 MB
CDS: off
MetaspaceReclaimPolicy: balanced
 - commit_granule_bytes: 65536.
 - commit_granule_words: 8192.
 - virtual_space_node_default_size: 8388608.
 - enlarge_chunks_in_place: 1.
 - new_chunks_are_fully_committed: 0.
 - uncommit_free_chunks: 1.
 - use_allocation_guard: 0.
 - handle_deallocations: 1.


Internal statistics:

num_allocs_failed_limit: 6.
num_arena_births: 292.
num_arena_deaths: 0.
num_vsnodes_births: 2.
num_vsnodes_deaths: 0.
num_space_committed: 572.
num_space_uncommitted: 0.
num_chunks_returned_to_freelist: 6.
num_chunks_taken_from_freelist: 1331.
num_chunk_merges: 6.
num_chunk_splits: 895.
num_chunks_enlarged: 636.
num_inconsistent_stats: 0.

CodeHeap 'non-profiled nmethods': size=120032Kb used=1507Kb max_used=1507Kb free=118524Kb
 bounds [0x00007fcfc14c8000, 0x00007fcfc1738000, 0x00007fcfc8a00000]
CodeHeap 'profiled nmethods': size=120028Kb used=5706Kb max_used=5706Kb free=114322Kb
 bounds [0x00007fcfb9a00000, 0x00007fcfb9fa0000, 0x00007fcfc0f37000]
CodeHeap 'non-nmethods': size=5700Kb used=1230Kb max_used=1303Kb free=4469Kb
 bounds [0x00007fcfc0f37000, 0x00007fcfc11a7000, 0x00007fcfc14c8000]
 total_blobs=3345 nmethods=2803 adapters=455
 compilation: enabled
              stopped_count=0, restarted_count=0
 full_count=0

Compilation events (20 events):
Event: 12.885 Thread 0x00007fcfcc19ba00 2802       1       java.lang.ClassValue::version (5 bytes)
Event: 12.885 Thread 0x00007fcfcc19ba00 nmethod 2802 0x00007fcfc1640690 code [0x00007fcfc1640820, 0x00007fcfc16408f0]
Event: 12.885 Thread 0x00007fcfcc19ba00 2804       1       java.util.stream.Collectors$CollectorImpl::characteristics (5 bytes)
Event: 12.885 Thread 0x00007fcfcc19ba00 nmethod 2804 0x00007fcfc1640990 code [0x00007fcfc1640b20, 0x00007fcfc1640bf0]
Event: 12.885 Thread 0x00007fcfcc19ba00 2805       3       org.codehaus.groovy.util.ManagedReference::<init> (40 bytes)
Event: 12.885 Thread 0x00007fcfcc19ba00 nmethod 2805 0x00007fcfb9f8dc10 code [0x00007fcfb9f8dde0, 0x00007fcfb9f8e290]
Event: 12.885 Thread 0x00007fcfcc19ba00 2808       3       java.util.LinkedList::node (65 bytes)
Event: 12.886 Thread 0x00007fcfcc19ba00 nmethod 2808 0x00007fcfb9f8e410 code [0x00007fcfb9f8e5c0, 0x00007fcfb9f8e8b0]
Event: 12.886 Thread 0x00007fcfcc19ba00 2806       3       org.codehaus.groovy.util.ManagedReference::<init> (14 bytes)
Event: 12.886 Thread 0x00007fcfcc19ba00 nmethod 2806 0x00007fcfb9f8ea10 code [0x00007fcfb9f8ebc0, 0x00007fcfb9f8ed60]
Event: 12.886 Thread 0x00007fcfcc19ba00 2807       3       org.codehaus.groovy.util.ReferenceManager$1::afterReferenceCreation (57 bytes)
Event: 12.886 Thread 0x00007fcfcc19ba00 nmethod 2807 0x00007fcfb9f8ee90 code [0x00007fcfb9f8f060, 0x00007fcfb9f8f4a0]
Event: 12.886 Thread 0x00007fcfcc19ba00 2810   !   3       org.codehaus.groovy.util.LazyReference::getLocked (85 bytes)
Event: 12.886 Thread 0x00007fcfcc19ba00 nmethod 2810 0x00007fcfb9f8f610 code [0x00007fcfb9f8f8c0, 0x00007fcfb9f90700]
Event: 12.888 Thread 0x00007fcfcc19ba00 2811       3       java.util.WeakHashMap::get (75 bytes)
Event: 12.888 Thread 0x00007fcfcc19ba00 nmethod 2811 0x00007fcfb9f90c10 code [0x00007fcfb9f90e40, 0x00007fcfb9f91710]
Event: 12.888 Thread 0x00007fcfcc19ba00 2812       3       org.codehaus.groovy.reflection.CachedClass::getInterfaces (11 bytes)
Event: 12.888 Thread 0x00007fcfcc19ba00 nmethod 2812 0x00007fcfb9f91a90 code [0x00007fcfb9f91c40, 0x00007fcfb9f91f20]
Event: 12.888 Thread 0x00007fcfcc19ba00 2813       3       org.codehaus.groovy.util.ReferenceType$1::createReference (11 bytes)
Event: 12.889 Thread 0x00007fcfcc19ba00 nmethod 2813 0x00007fcfb9f92010 code [0x00007fcfb9f921e0, 0x00007fcfb9f92670]

GC Heap History (16 events):
Event: 2.872 GC heap before
{Heap before GC invocations=0 (full 0):
 garbage-first heap   total 126976K, used 16384K [0x00000006e0000000, 0x0000000800000000)
  region size 4096K, 4 young (16384K), 0 survivors (0K)
 Metaspace       used 8060K, committed 8256K, reserved 1114112K
  class space    used 720K, committed 832K, reserved 1048576K
}
Event: 2.876 GC heap after
{Heap after GC invocations=1 (full 0):
 garbage-first heap   total 126976K, used 9925K [0x00000006e0000000, 0x0000000800000000)
  region size 4096K, 1 young (4096K), 1 survivors (4096K)
 Metaspace       used 8060K, committed 8256K, reserved 1114112K
  class space    used 720K, committed 832K, reserved 1048576K
}
Event: 3.945 GC heap before
{Heap before GC invocations=1 (full 0):
 garbage-first heap   total 126976K, used 26309K [0x00000006e0000000, 0x0000000800000000)
  region size 4096K, 5 young (20480K), 1 survivors (4096K)
 Metaspace       used 11340K, committed 11520K, reserved 1114112K
  class space    used 1199K, committed 1280K, reserved 1048576K
}
Event: 3.949 GC heap after
{Heap after GC invocations=2 (full 0):
 garbage-first heap   total 126976K, used 10737K [0x00000006e0000000, 0x0000000800000000)
  region size 4096K, 1 young (4096K), 1 survivors (4096K)
 Metaspace       used 11340K, committed 11520K, reserved 1114112K
  class space    used 1199K, committed 1280K, reserved 1048576K
}
Event: 8.137 GC heap before
{Heap before GC invocations=2 (full 0):
 garbage-first heap   total 126976K, used 51697K [0x00000006e0000000, 0x0000000800000000)
  region size 4096K, 12 young (49152K), 1 survivors (4096K)
 Metaspace       used 19316K, committed 19520K, reserved 1114112K
  class space    used 2301K, committed 2432K, reserved 1048576K
}
Event: 8.141 GC heap after
{Heap after GC invocations=3 (full 0):
 garbage-first heap   total 126976K, used 17438K [0x00000006e0000000, 0x0000000800000000)
  region size 4096K, 2 young (8192K), 2 survivors (8192K)
 Metaspace       used 19316K, committed 19520K, reserved 1114112K
  class space    used 2301K, committed 2432K, reserved 1048576K
}
Event: 8.526 GC heap before
{Heap before GC invocations=3 (full 0):
 garbage-first heap   total 126976K, used 25630K [0x00000006e0000000, 0x0000000800000000)
  region size 4096K, 5 young (20480K), 2 survivors (8192K)
 Metaspace       used 21246K, committed 21504K, reserved 1114112K
  class space    used 2611K, committed 2752K, reserved 1048576K
}
Event: 8.532 GC heap after
{Heap after GC invocations=4 (full 0):
 garbage-first heap   total 126976K, used 18113K [0x00000006e0000000, 0x0000000800000000)
  region size 4096K, 1 young (4096K), 1 survivors (4096K)
 Metaspace       used 21246K, committed 21504K, reserved 1114112K
  class space    used 2611K, committed 2752K, reserved 1048576K
}
Event: 10.990 GC heap before
{Heap before GC invocations=5 (full 0):
 garbage-first heap   total 98304K, used 71361K [0x00000006e0000000, 0x0000000800000000)
  region size 4096K, 14 young (57344K), 1 survivors (4096K)
 Metaspace       used 28859K, committed 29120K, reserved 1114112K
  class space    used 3897K, committed 4032K, reserved 1048576K
}
Event: 11.000 GC heap after
{Heap after GC invocations=6 (full 0):
 garbage-first heap   total 98304K, used 21123K [0x00000006e0000000, 0x0000000800000000)
  region size 4096K, 1 young (4096K), 1 survivors (4096K)
 Metaspace       used 28859K, committed 29120K, reserved 1114112K
  class space    used 3897K, committed 4032K, reserved 1048576K
}
Event: 11.152 GC heap before
{Heap before GC invocations=6 (full 0):
 garbage-first heap   total 98304K, used 25219K [0x00000006e0000000, 0x0000000800000000)
  region size 4096K, 2 young (8192K), 1 survivors (4096K)
 Metaspace       used 29309K, committed 29568K, reserved 1114112K
  class space    used 3981K, committed 4096K, reserved 1048576K
}
Event: 11.158 GC heap after
{Heap after GC invocations=7 (full 0):
 garbage-first heap   total 98304K, used 21241K [0x00000006e0000000, 0x0000000800000000)
  region size 4096K, 1 young (4096K), 1 survivors (4096K)
 Metaspace       used 29309K, committed 29568K, reserved 1114112K
  class space    used 3981K, committed 4096K, reserved 1048576K
}
Event: 12.716 GC heap before
{Heap before GC invocations=7 (full 0):
 garbage-first heap   total 98304K, used 58105K [0x00000006e0000000, 0x0000000800000000)
  region size 4096K, 10 young (40960K), 1 survivors (4096K)
 Metaspace       used 34513K, committed 34816K, reserved 1114112K
  class space    used 4808K, committed 4928K, reserved 1048576K
}
Event: 12.719 GC heap after
{Heap after GC invocations=8 (full 0):
 garbage-first heap   total 98304K, used 22655K [0x00000006e0000000, 0x0000000800000000)
  region size 4096K, 1 young (4096K), 1 survivors (4096K)
 Metaspace       used 34513K, committed 34816K, reserved 1114112K
  class space    used 4808K, committed 4928K, reserved 1048576K
}
Event: 12.863 GC heap before
{Heap before GC invocations=8 (full 0):
 garbage-first heap   total 98304K, used 26751K [0x00000006e0000000, 0x0000000800000000)
  region size 4096K, 3 young (12288K), 1 survivors (4096K)
 Metaspace       used 35613K, committed 35968K, reserved 1114112K
  class space    used 4975K, committed 5184K, reserved 1048576K
}
Event: 12.866 GC heap after
{Heap after GC invocations=9 (full 0):
 garbage-first heap   total 98304K, used 23218K [0x00000006e0000000, 0x0000000800000000)
  region size 4096K, 1 young (4096K), 1 survivors (4096K)
 Metaspace       used 35613K, committed 35968K, reserved 1114112K
  class space    used 4975K, committed 5184K, reserved 1048576K
}

Dll operation events (13 events):
Event: 0.212 Loaded shared library /home/andriodpc/Downloads/android-studio-2023.1.1.26-linux/android-studio/jbr/lib/libjava.so
Event: 1.012 Loaded shared library /home/andriodpc/Downloads/android-studio-2023.1.1.26-linux/android-studio/jbr/lib/libzip.so
Event: 1.025 Loaded shared library /home/andriodpc/Downloads/android-studio-2023.1.1.26-linux/android-studio/jbr/lib/libinstrument.so
Event: 1.067 Loaded shared library /home/andriodpc/Downloads/android-studio-2023.1.1.26-linux/android-studio/jbr/lib/libnio.so
Event: 1.111 Loaded shared library /home/andriodpc/Downloads/android-studio-2023.1.1.26-linux/android-studio/jbr/lib/libzip.so
Event: 1.663 Loaded shared library /home/andriodpc/Downloads/android-studio-2023.1.1.26-linux/android-studio/jbr/lib/libjimage.so
Event: 2.073 Loaded shared library /home/andriodpc/Downloads/android-studio-2023.1.1.26-linux/android-studio/jbr/lib/libverify.so
Event: 3.017 Loaded shared library /home/andriodpc/Downloads/android-studio-2023.1.1.26-linux/android-studio/jbr/lib/libnet.so
Event: 3.051 Loaded shared library /home/andriodpc/.gradle/native/68d5fa5c4cc2d200863cafc0d521ce42e7d3e7ee720ec0a83991735586a16f82/linux-amd64/libnative-platform.so
Event: 3.072 Loaded shared library /home/andriodpc/.gradle/native/e376f236ea51e6404a007f0833ffe2c6e607c4080706a723a18a27aeea778392/linux-amd64/libnative-platform-file-events.so
Event: 6.498 Loaded shared library /home/andriodpc/Downloads/android-studio-2023.1.1.26-linux/android-studio/jbr/lib/libmanagement.so
Event: 6.549 Loaded shared library /home/andriodpc/Downloads/android-studio-2023.1.1.26-linux/android-studio/jbr/lib/libmanagement_ext.so
Event: 7.694 Loaded shared library /home/andriodpc/Downloads/android-studio-2023.1.1.26-linux/android-studio/jbr/lib/libextnet.so

Deoptimization events (20 events):
Event: 12.811 Thread 0x00007fcf40007e90 Uncommon trap: trap_request=0xffffffc6 fr.pc=0x00007fcfc162e5c8 relative=0x0000000000000928
Event: 12.811 Thread 0x00007fcf40007e90 Uncommon trap: reason=bimorphic_or_optimized_type_check action=maybe_recompile pc=0x00007fcfc162e5c8 method=java.io.BufferedInputStream.read([BII)I @ 101 c2
Event: 12.811 Thread 0x00007fcf40007e90 DEOPT PACKING pc=0x00007fcfc162e5c8 sp=0x00007fcf6acf8260
Event: 12.811 Thread 0x00007fcf40007e90 DEOPT UNPACKING pc=0x00007fcfc0f8d699 sp=0x00007fcf6acf8218 mode 2
Event: 12.811 Thread 0x00007fcf40007e90 Uncommon trap: trap_request=0xffffffc6 fr.pc=0x00007fcfc162e5c8 relative=0x0000000000000928
Event: 12.811 Thread 0x00007fcf40007e90 Uncommon trap: reason=bimorphic_or_optimized_type_check action=maybe_recompile pc=0x00007fcfc162e5c8 method=java.io.BufferedInputStream.read([BII)I @ 101 c2
Event: 12.811 Thread 0x00007fcf40007e90 DEOPT PACKING pc=0x00007fcfc162e5c8 sp=0x00007fcf6acf8260
Event: 12.811 Thread 0x00007fcf40007e90 DEOPT UNPACKING pc=0x00007fcfc0f8d699 sp=0x00007fcf6acf8218 mode 2
Event: 12.812 Thread 0x00007fcf40007e90 Uncommon trap: trap_request=0xffffffc6 fr.pc=0x00007fcfc162e5c8 relative=0x0000000000000928
Event: 12.812 Thread 0x00007fcf40007e90 Uncommon trap: reason=bimorphic_or_optimized_type_check action=maybe_recompile pc=0x00007fcfc162e5c8 method=java.io.BufferedInputStream.read([BII)I @ 101 c2
Event: 12.812 Thread 0x00007fcf40007e90 DEOPT PACKING pc=0x00007fcfc162e5c8 sp=0x00007fcf6acf8260
Event: 12.812 Thread 0x00007fcf40007e90 DEOPT UNPACKING pc=0x00007fcfc0f8d699 sp=0x00007fcf6acf8218 mode 2
Event: 12.812 Thread 0x00007fcf40007e90 Uncommon trap: trap_request=0xffffffc6 fr.pc=0x00007fcfc162e5c8 relative=0x0000000000000928
Event: 12.812 Thread 0x00007fcf40007e90 Uncommon trap: reason=bimorphic_or_optimized_type_check action=maybe_recompile pc=0x00007fcfc162e5c8 method=java.io.BufferedInputStream.read([BII)I @ 101 c2
Event: 12.812 Thread 0x00007fcf40007e90 DEOPT PACKING pc=0x00007fcfc162e5c8 sp=0x00007fcf6acf8260
Event: 12.812 Thread 0x00007fcf40007e90 DEOPT UNPACKING pc=0x00007fcfc0f8d699 sp=0x00007fcf6acf8218 mode 2
Event: 12.837 Thread 0x00007fcf40007e90 Uncommon trap: trap_request=0xffffff45 fr.pc=0x00007fcfc162cd0c relative=0x000000000000060c
Event: 12.837 Thread 0x00007fcf40007e90 Uncommon trap: reason=unstable_if action=reinterpret pc=0x00007fcfc162cd0c method=jdk.internal.org.objectweb.asm.MethodWriter.visitVarInsn(II)V @ 108 c2
Event: 12.837 Thread 0x00007fcf40007e90 DEOPT PACKING pc=0x00007fcfc162cd0c sp=0x00007fcf6acf1bb0
Event: 12.837 Thread 0x00007fcf40007e90 DEOPT UNPACKING pc=0x00007fcfc0f8d699 sp=0x00007fcf6acf1b98 mode 2

Classes unloaded (0 events):
No events

Classes redefined (0 events):
No events

Internal exceptions (20 events):
Event: 11.796 Thread 0x00007fcf40007e90 Exception <a 'java/lang/NoSuchMethodError'{0x00000006e4c968e8}: 'java.lang.Object java.lang.invoke.DirectMethodHandle$Holder.newInvokeSpecial(java.lang.Object, java.lang.Object, java.lang.Object, java.lang.Object, java.lang.Object, java.lang.Object, java.lang.Object, java.lang.Object, java.lang.Object, java.lang.Object, java.lang.Object, java.lang.Object)'> (0x00000006e4c968e8) 
thrown [src/hotspot/share/interpreter/linkResolver.cpp, line 771]
Event: 11.796 Thread 0x00007fcf40007e90 Exception <a 'java/lang/NoSuchMethodError'{0x00000006e4c9c280}: 'java.lang.Object java.lang.invoke.Invokers$Holder.linkToTargetMethod(java.lang.Object, java.lang.Object, java.lang.Object, java.lang.Object, java.lang.Object, java.lang.Object, java.lang.Object, java.lang.Object, java.lang.Object, java.lang.Object, java.lang.Object, java.lang.Object)'> (0x00000006e4c9c280) 
thrown [src/hotspot/share/interpreter/linkResolver.cpp, line 771]
Event: 11.797 Thread 0x00007fcf40007e90 Exception <a 'java/lang/NoSuchMethodError'{0x00000006e4cd5c58}: 'java.lang.Object java.lang.invoke.DirectMethodHandle$Holder.newInvokeSpecial(java.lang.Object, java.lang.Object, java.lang.Object, java.lang.Object, java.lang.Object, java.lang.Object, java.lang.Object, java.lang.Object, java.lang.Object, java.lang.Object)'> (0x00000006e4cd5c58) 
thrown [src/hotspot/share/interpreter/linkResolver.cpp, line 771]
Event: 11.798 Thread 0x00007fcf40007e90 Exception <a 'java/lang/NoSuchMethodError'{0x00000006e4cdadf0}: 'java.lang.Object java.lang.invoke.Invokers$Holder.linkToTargetMethod(java.lang.Object, java.lang.Object, java.lang.Object, java.lang.Object, java.lang.Object, java.lang.Object, java.lang.Object, java.lang.Object, java.lang.Object, java.lang.Object)'> (0x00000006e4cdadf0) 
thrown [src/hotspot/share/interpreter/linkResolver.cpp, line 771]
Event: 11.820 Thread 0x00007fcf40007e90 Exception <a 'java/lang/NoSuchMethodError'{0x00000006e4d54b38}: 'java.lang.Object java.lang.invoke.DirectMethodHandle$Holder.invokeStaticInit(java.lang.Object, java.lang.Object, java.lang.Object, java.lang.Object)'> (0x00000006e4d54b38) 
thrown [src/hotspot/share/interpreter/linkResolver.cpp, line 771]
Event: 11.958 Thread 0x00007fcf40007e90 Exception <a 'java/lang/NoSuchMethodError'{0x00000006e47c4bc8}: 'java.lang.Object java.lang.invoke.DirectMethodHandle$Holder.newInvokeSpecial(java.lang.Object, java.lang.Object, java.lang.Object, java.lang.Object, java.lang.Object, java.lang.Object, java.lang.Object, java.lang.Object)'> (0x00000006e47c4bc8) 
thrown [src/hotspot/share/interpreter/linkResolver.cpp, line 771]
Event: 11.958 Thread 0x00007fcf40007e90 Exception <a 'java/lang/NoSuchMethodError'{0x00000006e47ca640}: 'java.lang.Object java.lang.invoke.Invokers$Holder.linkToTargetMethod(java.lang.Object, java.lang.Object, java.lang.Object, java.lang.Object, java.lang.Object, java.lang.Object, java.lang.Object, java.lang.Object)'> (0x00000006e47ca640) 
thrown [src/hotspot/share/interpreter/linkResolver.cpp, line 771]
Event: 11.962 Thread 0x00007fcf40007e90 Exception <a 'java/lang/IncompatibleClassChangeError'{0x00000006e4037e30}: Found class java.lang.Object, but interface was expected> (0x00000006e4037e30) 
thrown [src/hotspot/share/interpreter/linkResolver.cpp, line 838]
Event: 12.333 Thread 0x00007fcf40007e90 Exception <a 'java/lang/NoSuchMethodError'{0x00000006e3f723b0}: 'int java.lang.invoke.DirectMethodHandle$Holder.invokeStaticInit(java.lang.Object, java.lang.Object, java.lang.Object)'> (0x00000006e3f723b0) 
thrown [src/hotspot/share/interpreter/linkResolver.cpp, line 771]
Event: 12.334 Thread 0x00007fcf40007e90 Exception <a 'java/lang/NoSuchMethodError'{0x00000006e3f88940}: 'java.lang.Object java.lang.invoke.DirectMethodHandle$Holder.newInvokeSpecial(java.lang.Object, java.lang.Object, long)'> (0x00000006e3f88940) 
thrown [src/hotspot/share/interpreter/linkResolver.cpp, line 771]
Event: 12.334 Thread 0x00007fcf40007e90 Exception <a 'java/lang/NoSuchMethodError'{0x00000006e3f8cf50}: 'java.lang.Object java.lang.invoke.Invokers$Holder.linkToTargetMethod(java.lang.Object, long, java.lang.Object)'> (0x00000006e3f8cf50) 
thrown [src/hotspot/share/interpreter/linkResolver.cpp, line 771]
Event: 12.347 Thread 0x00007fcf40007e90 Exception <a 'java/lang/NoSuchMethodError'{0x00000006e38b30c0}: 'java.lang.Object java.lang.invoke.DirectMethodHandle$Holder.invokeStatic(java.lang.Object, java.lang.Object, int, java.lang.Object)'> (0x00000006e38b30c0) 
thrown [src/hotspot/share/interpreter/linkResolver.cpp, line 771]
Event: 12.347 Thread 0x00007fcf40007e90 Exception <a 'java/lang/NoSuchMethodError'{0x00000006e38bac78}: 'java.lang.Object java.lang.invoke.DirectMethodHandle$Holder.newInvokeSpecial(java.lang.Object, java.lang.Object, int, java.lang.Object)'> (0x00000006e38bac78) 
thrown [src/hotspot/share/interpreter/linkResolver.cpp, line 771]
Event: 12.347 Thread 0x00007fcf40007e90 Exception <a 'java/lang/NoSuchMethodError'{0x00000006e38bf560}: 'java.lang.Object java.lang.invoke.DirectMethodHandle$Holder.invokeSpecial(java.lang.Object, java.lang.Object, java.lang.Object, int, java.lang.Object)'> (0x00000006e38bf560) 
thrown [src/hotspot/share/interpreter/linkResolver.cpp, line 771]
Event: 12.738 Thread 0x00007fcf40007e90 Exception <a 'java/lang/NoSuchMethodError'{0x00000006e788f2e0}: 'java.lang.Object java.lang.invoke.DirectMethodHandle$Holder.invokeSpecial(java.lang.Object, java.lang.Object, java.lang.Object, int, java.lang.Object, java.lang.Object)'> (0x00000006e788f2e0) 
thrown [src/hotspot/share/interpreter/linkResolver.cpp, line 771]
Event: 12.837 Thread 0x00007fcf40007e90 Implicit null exception at 0x00007fcfc162c7c7 to 0x00007fcfc162cd00
Event: 12.869 Thread 0x00007fcf40007e90 Exception <a 'java/lang/NoSuchMethodError'{0x00000006e78450e0}: 'void java.lang.invoke.DirectMethodHandle$Holder.invokeStaticInit(java.lang.Object, java.lang.Object, java.lang.Object)'> (0x00000006e78450e0) 
thrown [src/hotspot/share/interpreter/linkResolver.cpp, line 771]
Event: 12.870 Thread 0x00007fcf40007e90 Exception <a 'java/lang/NoSuchMethodError'{0x00000006e784c580}: 'void java.lang.invoke.DirectMethodHandle$Holder.invokeStaticInit(java.lang.Object, java.lang.Object, java.lang.Object, java.lang.Object)'> (0x00000006e784c580) 
thrown [src/hotspot/share/interpreter/linkResolver.cpp, line 771]
Event: 12.871 Thread 0x00007fcf40007e90 Exception <a 'java/lang/NoSuchMethodError'{0x00000006e786e790}: 'void java.lang.invoke.DirectMethodHandle$Holder.invokeStaticInit(java.lang.Object, java.lang.Object, java.lang.Object, java.lang.Object, java.lang.Object)'> (0x00000006e786e790) 
thrown [src/hotspot/share/interpreter/linkResolver.cpp, line 771]
Event: 12.877 Thread 0x00007fcf40007e90 Exception <a 'java/lang/NoSuchMethodError'{0x00000006e78da810}: 'int java.lang.invoke.DirectMethodHandle$Holder.invokeStaticInit(java.lang.Object, java.lang.Object, java.lang.Object, java.lang.Object)'> (0x00000006e78da810) 
thrown [src/hotspot/share/interpreter/linkResolver.cpp, line 771]

VM Operations (20 events):
Event: 11.700 Executing VM operation: HandshakeAllThreads
Event: 11.700 Executing VM operation: HandshakeAllThreads done
Event: 11.954 Executing VM operation: HandshakeAllThreads
Event: 11.954 Executing VM operation: HandshakeAllThreads done
Event: 12.367 Executing VM operation: HandshakeAllThreads
Event: 12.367 Executing VM operation: HandshakeAllThreads done
Event: 12.367 Executing VM operation: Cleanup
Event: 12.367 Executing VM operation: Cleanup done
Event: 12.368 Executing VM operation: HandshakeAllThreads
Event: 12.368 Executing VM operation: HandshakeAllThreads done
Event: 12.716 Executing VM operation: G1CollectForAllocation
Event: 12.719 Executing VM operation: G1CollectForAllocation done
Event: 12.833 Executing VM operation: HandshakeAllThreads
Event: 12.833 Executing VM operation: HandshakeAllThreads done
Event: 12.863 Executing VM operation: CollectForMetadataAllocation
Event: 12.866 Executing VM operation: CollectForMetadataAllocation done
Event: 12.877 Executing VM operation: G1Concurrent
Event: 12.879 Executing VM operation: G1Concurrent done
Event: 12.883 Executing VM operation: G1Concurrent
Event: 12.883 Executing VM operation: G1Concurrent done

Events (20 events):
Event: 12.858 loading class java/lang/reflect/MalformedParameterizedTypeException
Event: 12.858 loading class java/lang/reflect/MalformedParameterizedTypeException done
Event: 12.868 loading class java/lang/IllegalCallerException
Event: 12.868 loading class java/lang/IllegalCallerException done
Event: 12.869 Thread 0x00007fcf783a23d0 Thread added: 0x00007fcf783a23d0
Event: 12.870 Protecting memory [0x00007fcf697fa000,0x00007fcf697fe000] with protection modes 0
Event: 12.880 loading class java/util/HashMap$KeySpliterator
Event: 12.880 loading class java/util/HashMap$KeySpliterator done
Event: 12.884 loading class java/lang/ClassFormatError
Event: 12.884 loading class java/lang/ClassFormatError done
Event: 12.886 loading class java/lang/ProcessHandle
Event: 12.887 loading class java/lang/ProcessHandle done
Event: 12.887 loading class java/util/concurrent/CompletableFuture
Event: 12.887 loading class java/util/concurrent/CompletionStage
Event: 12.887 loading class java/util/concurrent/CompletionStage done
Event: 12.887 loading class java/util/concurrent/CompletableFuture done
Event: 12.887 loading class java/lang/ProcessHandle$Info
Event: 12.888 loading class java/lang/ProcessHandle$Info done
Event: 12.889 loading class java/io/UnsupportedEncodingException
Event: 12.889 loading class java/io/UnsupportedEncodingException done


Dynamic libraries:
00200000-00201000 r--p 00000000 08:02 28324202                           /home/andriodpc/Downloads/android-studio-2023.1.1.26-linux/android-studio/jbr/bin/java
00201000-00202000 r-xp 00000000 08:02 28324202                           /home/andriodpc/Downloads/android-studio-2023.1.1.26-linux/android-studio/jbr/bin/java
00202000-00203000 r--p 00000000 08:02 28324202                           /home/andriodpc/Downloads/android-studio-2023.1.1.26-linux/android-studio/jbr/bin/java
00203000-00204000 rw-p 00000000 08:02 28324202                           /home/andriodpc/Downloads/android-studio-2023.1.1.26-linux/android-studio/jbr/bin/java
0106f000-012d8000 rw-p 00000000 00:00 0                                  [heap]
6e0000000-6e5800000 rw-p 00000000 00:00 0 
6e5800000-6e6c00000 ---p 00000000 00:00 0 
6e6c00000-6e7000000 rw-p 00000000 00:00 0 
6e7000000-6e7800000 ---p 00000000 00:00 0 
6e7800000-6e7c00000 rw-p 00000000 00:00 0 
6e7c00000-800000000 ---p 00000000 00:00 0 
800000000-800010000 rw-p 00000000 00:00 0 
800010000-800030000 rw-p 00000000 00:00 0 
800030000-8000b0000 rw-p 00000000 00:00 0 
8000b0000-800130000 rw-p 00000000 00:00 0 
800130000-8001b0000 rw-p 00000000 00:00 0 
8001b0000-8001f0000 rw-p 00000000 00:00 0 
8001f0000-8002d0000 rw-p 00000000 00:00 0 
8002d0000-8002f0000 rw-p 00000000 00:00 0 
8002f0000-800510000 rw-p 00000000 00:00 0 
800510000-840000000 ---p 00000000 00:00 0 
7fcee8000000-7fcee8021000 rw-p 00000000 00:00 0 
7fcee8021000-7fceec000000 ---p 00000000 00:00 0 
7fcef0000000-7fcef0021000 rw-p 00000000 00:00 0 
7fcef0021000-7fcef4000000 ---p 00000000 00:00 0 
7fcef4000000-7fcef449f000 rw-p 00000000 00:00 0 
7fcef449f000-7fcef8000000 ---p 00000000 00:00 0 
7fcef8000000-7fcef8021000 rw-p 00000000 00:00 0 
7fcef8021000-7fcefc000000 ---p 00000000 00:00 0 
7fcefc000000-7fcefc021000 rw-p 00000000 00:00 0 
7fcefc021000-7fcf00000000 ---p 00000000 00:00 0 
7fcf00000000-7fcf00021000 rw-p 00000000 00:00 0 
7fcf00021000-7fcf04000000 ---p 00000000 00:00 0 
7fcf04000000-7fcf04021000 rw-p 00000000 00:00 0 
7fcf04021000-7fcf08000000 ---p 00000000 00:00 0 
7fcf08000000-7fcf08021000 rw-p 00000000 00:00 0 
7fcf08021000-7fcf0c000000 ---p 00000000 00:00 0 
7fcf0c000000-7fcf0c021000 rw-p 00000000 00:00 0 
7fcf0c021000-7fcf10000000 ---p 00000000 00:00 0 
7fcf10000000-7fcf10021000 rw-p 00000000 00:00 0 
7fcf10021000-7fcf14000000 ---p 00000000 00:00 0 
7fcf14000000-7fcf14021000 rw-p 00000000 00:00 0 
7fcf14021000-7fcf18000000 ---p 00000000 00:00 0 
7fcf18000000-7fcf18021000 rw-p 00000000 00:00 0 
7fcf18021000-7fcf1c000000 ---p 00000000 00:00 0 
7fcf1c000000-7fcf1c021000 rw-p 00000000 00:00 0 
7fcf1c021000-7fcf20000000 ---p 00000000 00:00 0 
7fcf20000000-7fcf20021000 rw-p 00000000 00:00 0 
7fcf20021000-7fcf24000000 ---p 00000000 00:00 0 
7fcf24000000-7fcf24021000 rw-p 00000000 00:00 0 
7fcf24021000-7fcf28000000 ---p 00000000 00:00 0 
7fcf28000000-7fcf28021000 rw-p 00000000 00:00 0 
7fcf28021000-7fcf2c000000 ---p 00000000 00:00 0 
7fcf2c000000-7fcf2c021000 rw-p 00000000 00:00 0 
7fcf2c021000-7fcf30000000 ---p 00000000 00:00 0 
7fcf30000000-7fcf30021000 rw-p 00000000 00:00 0 
7fcf30021000-7fcf34000000 ---p 00000000 00:00 0 
7fcf34000000-7fcf34021000 rw-p 00000000 00:00 0 
7fcf34021000-7fcf38000000 ---p 00000000 00:00 0 
7fcf38000000-7fcf38021000 rw-p 00000000 00:00 0 
7fcf38021000-7fcf3c000000 ---p 00000000 00:00 0 
7fcf3c000000-7fcf3c927000 rw-p 00000000 00:00 0 
7fcf3c927000-7fcf40000000 ---p 00000000 00:00 0 
7fcf40000000-7fcf40021000 rw-p 00000000 00:00 0 
7fcf40021000-7fcf44000000 ---p 00000000 00:00 0 
7fcf44000000-7fcf44036000 rw-p 00000000 00:00 0 
7fcf44036000-7fcf48000000 ---p 00000000 00:00 0 
7fcf48000000-7fcf4805f000 rw-p 00000000 00:00 0 
7fcf4805f000-7fcf4c000000 ---p 00000000 00:00 0 
7fcf4c000000-7fcf4c021000 rw-p 00000000 00:00 0 
7fcf4c021000-7fcf50000000 ---p 00000000 00:00 0 
7fcf50000000-7fcf50021000 rw-p 00000000 00:00 0 
7fcf50021000-7fcf54000000 ---p 00000000 00:00 0 
7fcf54000000-7fcf54023000 rw-p 00000000 00:00 0 
7fcf54023000-7fcf58000000 ---p 00000000 00:00 0 
7fcf58000000-7fcf58165000 rw-p 00000000 00:00 0 
7fcf58165000-7fcf5c000000 ---p 00000000 00:00 0 
7fcf5c000000-7fcf5c021000 rw-p 00000000 00:00 0 
7fcf5c021000-7fcf60000000 ---p 00000000 00:00 0 
7fcf60000000-7fcf60021000 rw-p 00000000 00:00 0 
7fcf60021000-7fcf64000000 ---p 00000000 00:00 0 
7fcf64000000-7fcf64021000 rw-p 00000000 00:00 0 
7fcf64021000-7fcf68000000 ---p 00000000 00:00 0 
7fcf69558000-7fcf697fa000 rw-p 00000000 00:00 0 
7fcf697fa000-7fcf697fe000 ---p 00000000 00:00 0 
7fcf697fe000-7fcf698fa000 rw-p 00000000 00:00 0 
7fcf698fa000-7fcf698fe000 ---p 00000000 00:00 0 
7fcf698fe000-7fcf699fa000 rw-p 00000000 00:00 0 
7fcf699fa000-7fcf699fe000 ---p 00000000 00:00 0 
7fcf699fe000-7fcf69afa000 rw-p 00000000 00:00 0 
7fcf69afa000-7fcf69afe000 ---p 00000000 00:00 0 
7fcf69afe000-7fcf69bfa000 rw-p 00000000 00:00 0 
7fcf69bfa000-7fcf69bfe000 ---p 00000000 00:00 0 
7fcf69bfe000-7fcf69cfa000 rw-p 00000000 00:00 0 
7fcf69cfa000-7fcf69cfe000 ---p 00000000 00:00 0 
7fcf69cfe000-7fcf69dfa000 rw-p 00000000 00:00 0 
7fcf69dfa000-7fcf69dfe000 ---p 00000000 00:00 0 
7fcf69dfe000-7fcf69efa000 rw-p 00000000 00:00 0 
7fcf69efa000-7fcf69efe000 ---p 00000000 00:00 0 
7fcf69efe000-7fcf69ffa000 rw-p 00000000 00:00 0 
7fcf69ffa000-7fcf69ffe000 ---p 00000000 00:00 0 
7fcf69ffe000-7fcf6a0fa000 rw-p 00000000 00:00 0 
7fcf6a0fa000-7fcf6a0fe000 ---p 00000000 00:00 0 
7fcf6a0fe000-7fcf6a1fa000 rw-p 00000000 00:00 0 
7fcf6a1fa000-7fcf6a1fe000 ---p 00000000 00:00 0 
7fcf6a1fe000-7fcf6a2fa000 rw-p 00000000 00:00 0 
7fcf6a2fa000-7fcf6a2fe000 ---p 00000000 00:00 0 
7fcf6a2fe000-7fcf6a3fa000 rw-p 00000000 00:00 0 
7fcf6a3fa000-7fcf6a3fe000 ---p 00000000 00:00 0 
7fcf6a3fe000-7fcf6a4fa000 rw-p 00000000 00:00 0 
7fcf6a4fa000-7fcf6a4fe000 ---p 00000000 00:00 0 
7fcf6a4fe000-7fcf6a5fa000 rw-p 00000000 00:00 0 
7fcf6a5fa000-7fcf6a5fb000 ---p 00000000 00:00 0 
7fcf6a5fb000-7fcf6a6fc000 rw-p 00000000 00:00 0 
7fcf6a6fc000-7fcf6a6fd000 ---p 00000000 00:00 0 
7fcf6a6fd000-7fcf6a7fe000 rw-p 00000000 00:00 0 
7fcf6a7fe000-7fcf6a7ff000 ---p 00000000 00:00 0 
7fcf6a7ff000-7fcf6a900000 rw-p 00000000 00:00 0 
7fcf6a900000-7fcf6a904000 ---p 00000000 00:00 0 
7fcf6a904000-7fcf6aa00000 rw-p 00000000 00:00 0 
7fcf6aa00000-7fcf6aa04000 ---p 00000000 00:00 0 
7fcf6aa04000-7fcf6ab00000 rw-p 00000000 00:00 0 
7fcf6ab00000-7fcf6ab04000 ---p 00000000 00:00 0 
7fcf6ab04000-7fcf6ac00000 rw-p 00000000 00:00 0 
7fcf6ac00000-7fcf6ac04000 ---p 00000000 00:00 0 
7fcf6ac04000-7fcf6ad00000 rw-p 00000000 00:00 0 
7fcf6ad00000-7fcf6ad04000 ---p 00000000 00:00 0 
7fcf6ad04000-7fcf6ae00000 rw-p 00000000 00:00 0 
7fcf6ae00000-7fcf6ae04000 ---p 00000000 00:00 0 
7fcf6ae04000-7fcf6af00000 rw-p 00000000 00:00 0 
7fcf6af00000-7fcf6af04000 ---p 00000000 00:00 0 
7fcf6af04000-7fcf6b000000 rw-p 00000000 00:00 0 
7fcf6b000000-7fcf6b09a000 r--p 00000000 08:02 1319027                    /usr/lib/x86_64-linux-gnu/libstdc++.so.6.0.30
7fcf6b09a000-7fcf6b1ab000 r-xp 0009a000 08:02 1319027                    /usr/lib/x86_64-linux-gnu/libstdc++.so.6.0.30
7fcf6b1ab000-7fcf6b21a000 r--p 001ab000 08:02 1319027                    /usr/lib/x86_64-linux-gnu/libstdc++.so.6.0.30
7fcf6b21a000-7fcf6b21b000 ---p 0021a000 08:02 1319027                    /usr/lib/x86_64-linux-gnu/libstdc++.so.6.0.30
7fcf6b21b000-7fcf6b226000 r--p 0021a000 08:02 1319027                    /usr/lib/x86_64-linux-gnu/libstdc++.so.6.0.30
7fcf6b226000-7fcf6b229000 rw-p 00225000 08:02 1319027                    /usr/lib/x86_64-linux-gnu/libstdc++.so.6.0.30
7fcf6b229000-7fcf6b22c000 rw-p 00000000 00:00 0 
7fcf6b300000-7fcf6b304000 ---p 00000000 00:00 0 
7fcf6b304000-7fcf6b400000 rw-p 00000000 00:00 0 
7fcf6b400000-7fcf6b453000 r-xp 00000000 08:02 28196970                   /home/andriodpc/.gradle/native/e376f236ea51e6404a007f0833ffe2c6e607c4080706a723a18a27aeea778392/linux-amd64/libnative-platform-file-events.so
7fcf6b453000-7fcf6b652000 ---p 00053000 08:02 28196970                   /home/andriodpc/.gradle/native/e376f236ea51e6404a007f0833ffe2c6e607c4080706a723a18a27aeea778392/linux-amd64/libnative-platform-file-events.so
7fcf6b652000-7fcf6b653000 r--p 00052000 08:02 28196970                   /home/andriodpc/.gradle/native/e376f236ea51e6404a007f0833ffe2c6e607c4080706a723a18a27aeea778392/linux-amd64/libnative-platform-file-events.so
7fcf6b653000-7fcf6b655000 rw-p 00053000 08:02 28196970                   /home/andriodpc/.gradle/native/e376f236ea51e6404a007f0833ffe2c6e607c4080706a723a18a27aeea778392/linux-amd64/libnative-platform-file-events.so
7fcf6b700000-7fcf6b704000 ---p 00000000 00:00 0 
7fcf6b704000-7fcf6b800000 rw-p 00000000 00:00 0 
7fcf6b800000-7fcf6b805000 r-xp 00000000 08:02 28196963                   /home/andriodpc/.gradle/native/68d5fa5c4cc2d200863cafc0d521ce42e7d3e7ee720ec0a83991735586a16f82/linux-amd64/libnative-platform.so
7fcf6b805000-7fcf6ba05000 ---p 00005000 08:02 28196963                   /home/andriodpc/.gradle/native/68d5fa5c4cc2d200863cafc0d521ce42e7d3e7ee720ec0a83991735586a16f82/linux-amd64/libnative-platform.so
7fcf6ba05000-7fcf6ba06000 r--p 00005000 08:02 28196963                   /home/andriodpc/.gradle/native/68d5fa5c4cc2d200863cafc0d521ce42e7d3e7ee720ec0a83991735586a16f82/linux-amd64/libnative-platform.so
7fcf6ba06000-7fcf6ba07000 rw-p 00006000 08:02 28196963                   /home/andriodpc/.gradle/native/68d5fa5c4cc2d200863cafc0d521ce42e7d3e7ee720ec0a83991735586a16f82/linux-amd64/libnative-platform.so
7fcf6bad8000-7fcf6bad9000 ---p 00000000 00:00 0 
7fcf6bad9000-7fcf6bbda000 rw-p 00000000 00:00 0 
7fcf6bbda000-7fcf6bbdd000 r--p 00000000 08:02 1318239                    /usr/lib/x86_64-linux-gnu/libgcc_s.so.1
7fcf6bbdd000-7fcf6bbf4000 r-xp 00003000 08:02 1318239                    /usr/lib/x86_64-linux-gnu/libgcc_s.so.1
7fcf6bbf4000-7fcf6bbf8000 r--p 0001a000 08:02 1318239                    /usr/lib/x86_64-linux-gnu/libgcc_s.so.1
7fcf6bbf8000-7fcf6bbf9000 r--p 0001d000 08:02 1318239                    /usr/lib/x86_64-linux-gnu/libgcc_s.so.1
7fcf6bbf9000-7fcf6bbfa000 rw-p 0001e000 08:02 1318239                    /usr/lib/x86_64-linux-gnu/libgcc_s.so.1
7fcf6bbfa000-7fcf6bbfb000 ---p 00000000 00:00 0 
7fcf6bbfb000-7fcf6bcfc000 rw-p 00000000 00:00 0 
7fcf6bcfc000-7fcf6bcfd000 ---p 00000000 00:00 0 
7fcf6bcfd000-7fcf6bdfe000 rw-p 00000000 00:00 0 
7fcf6bdfe000-7fcf6be02000 ---p 00000000 00:00 0 
7fcf6be02000-7fcf6befe000 rw-p 00000000 00:00 0 
7fcf6befe000-7fcf6beff000 ---p 00000000 00:00 0 
7fcf6beff000-7fcf6c000000 rw-p 00000000 00:00 0 
7fcf6c000000-7fcf6c021000 rw-p 00000000 00:00 0 
7fcf6c021000-7fcf70000000 ---p 00000000 00:00 0 
7fcf70000000-7fcf70021000 rw-p 00000000 00:00 0 
7fcf70021000-7fcf74000000 ---p 00000000 00:00 0 
7fcf74000000-7fcf75c35000 rw-p 00000000 00:00 0 
7fcf75c35000-7fcf78000000 ---p 00000000 00:00 0 
7fcf78000000-7fcf783ab000 rw-p 00000000 00:00 0 
7fcf783ab000-7fcf7c000000 ---p 00000000 00:00 0 
7fcf7c000000-7fcf7c021000 rw-p 00000000 00:00 0 
7fcf7c021000-7fcf80000000 ---p 00000000 00:00 0 
7fcf80000000-7fcf80021000 rw-p 00000000 00:00 0 
7fcf80021000-7fcf84000000 ---p 00000000 00:00 0 
7fcf84000000-7fcf84021000 rw-p 00000000 00:00 0 
7fcf84021000-7fcf88000000 ---p 00000000 00:00 0 
7fcf88000000-7fcf88021000 rw-p 00000000 00:00 0 
7fcf88021000-7fcf8c000000 ---p 00000000 00:00 0 
7fcf8c000000-7fcf8c021000 rw-p 00000000 00:00 0 
7fcf8c021000-7fcf90000000 ---p 00000000 00:00 0 
7fcf90000000-7fcf90021000 rw-p 00000000 00:00 0 
7fcf90021000-7fcf94000000 ---p 00000000 00:00 0 
7fcf94000000-7fcf944f0000 rw-p 00000000 00:00 0 
7fcf944f0000-7fcf94530000 rw-p 00000000 00:00 0 
7fcf94530000-7fcf94570000 rw-p 00000000 00:00 0 
7fcf94570000-7fcf94670000 rw-p 00000000 00:00 0 
7fcf94670000-7fcf946f0000 rw-p 00000000 00:00 0 
7fcf946f0000-7fcf948f0000 rw-p 00000000 00:00 0 
7fcf948f0000-7fcf949f0000 rw-p 00000000 00:00 0 
7fcf949f0000-7fcf94af0000 rw-p 00000000 00:00 0 
7fcf94af0000-7fcf94cb0000 rw-p 00000000 00:00 0 
7fcf94cb0000-7fcf94cf0000 rw-p 00000000 00:00 0 
7fcf94cf0000-7fcf94ef0000 rw-p 00000000 00:00 0 
7fcf94ef0000-7fcf94fb0000 rw-p 00000000 00:00 0 
7fcf94fb0000-7fcf94ff0000 rw-p 00000000 00:00 0 
7fcf94ff0000-7fcf951b0000 rw-p 00000000 00:00 0 
7fcf951b0000-7fcf951f0000 rw-p 00000000 00:00 0 
7fcf951f0000-7fcf953d0000 rw-p 00000000 00:00 0 
7fcf953d0000-7fcf953f0000 rw-p 00000000 00:00 0 
7fcf953f0000-7fcf954f0000 rw-p 00000000 00:00 0 
7fcf954f0000-7fcf955d0000 rw-p 00000000 00:00 0 
7fcf955d0000-7fcf95600000 ---p 00000000 00:00 0 
7fcf95600000-7fcf95f00000 rw-p 00000000 00:00 0 
7fcf95f00000-7fcf98000000 ---p 00000000 00:00 0 
7fcf98000000-7fcf98021000 rw-p 00000000 00:00 0 
7fcf98021000-7fcf9c000000 ---p 00000000 00:00 0 
7fcf9c000000-7fcf9c021000 rw-p 00000000 00:00 0 
7fcf9c021000-7fcfa0000000 ---p 00000000 00:00 0 
7fcfa0000000-7fcfa0021000 rw-p 00000000 00:00 0 
7fcfa0021000-7fcfa4000000 ---p 00000000 00:00 0 
7fcfa4000000-7fcfa4021000 rw-p 00000000 00:00 0 
7fcfa4021000-7fcfa8000000 ---p 00000000 00:00 0 
7fcfa8000000-7fcfa8021000 rw-p 00000000 00:00 0 
7fcfa8021000-7fcfac000000 ---p 00000000 00:00 0 
7fcfac000000-7fcfac004000 ---p 00000000 00:00 0 
7fcfac004000-7fcfac100000 rw-p 00000000 00:00 0 
7fcfac100000-7fcfac104000 ---p 00000000 00:00 0 
7fcfac104000-7fcfac200000 rw-p 00000000 00:00 0 
7fcfac200000-7fcfac204000 ---p 00000000 00:00 0 
7fcfac204000-7fcfac300000 rw-p 00000000 00:00 0 
7fcfac300000-7fcfac304000 ---p 00000000 00:00 0 
7fcfac304000-7fcfac400000 rw-p 00000000 00:00 0 
7fcfac400000-7fcfac404000 ---p 00000000 00:00 0 
7fcfac404000-7fcfac500000 rw-p 00000000 00:00 0 
7fcfac500000-7fcfac504000 ---p 00000000 00:00 0 
7fcfac504000-7fcfac600000 rw-p 00000000 00:00 0 
7fcfac600000-7fcfac604000 ---p 00000000 00:00 0 
7fcfac604000-7fcfac700000 rw-p 00000000 00:00 0 
7fcfac700000-7fcfac704000 ---p 00000000 00:00 0 
7fcfac704000-7fcfac800000 rw-p 00000000 00:00 0 
7fcfac800000-7fcfacd73000 r--p 00000000 08:02 1315571                    /usr/lib/locale/locale-archive
7fcfacd8c000-7fcfacd93000 r--s 00000000 08:02 1576359                    /usr/lib/x86_64-linux-gnu/gconv/gconv-modules.cache
7fcfacd93000-7fcfacd94000 r--p 00000000 08:02 28323849                   /home/andriodpc/Downloads/android-studio-2023.1.1.26-linux/android-studio/jbr/lib/libextnet.so
7fcfacd94000-7fcfacd96000 r-xp 00000000 08:02 28323849                   /home/andriodpc/Downloads/android-studio-2023.1.1.26-linux/android-studio/jbr/lib/libextnet.so
7fcfacd96000-7fcfacd97000 r--p 00001000 08:02 28323849                   /home/andriodpc/Downloads/android-studio-2023.1.1.26-linux/android-studio/jbr/lib/libextnet.so
7fcfacd97000-7fcfacd98000 rw-p 00001000 08:02 28323849                   /home/andriodpc/Downloads/android-studio-2023.1.1.26-linux/android-studio/jbr/lib/libextnet.so
7fcfacd98000-7fcfacd9e000 r--p 00000000 08:02 28323834                   /home/andriodpc/Downloads/android-studio-2023.1.1.26-linux/android-studio/jbr/lib/libverify.so
7fcfacd9e000-7fcfacda6000 r-xp 00005000 08:02 28323834                   /home/andriodpc/Downloads/android-studio-2023.1.1.26-linux/android-studio/jbr/lib/libverify.so
7fcfacda6000-7fcfacda8000 r--p 0000c000 08:02 28323834                   /home/andriodpc/Downloads/android-studio-2023.1.1.26-linux/android-studio/jbr/lib/libverify.so
7fcfacda8000-7fcfacda9000 rw-p 0000d000 08:02 28323834                   /home/andriodpc/Downloads/android-studio-2023.1.1.26-linux/android-studio/jbr/lib/libverify.so
7fcfacda9000-7fcfacdb0000 r--p 00000000 08:02 28323823                   /home/andriodpc/Downloads/android-studio-2023.1.1.26-linux/android-studio/jbr/lib/libnet.so
7fcfacdb0000-7fcfacdbd000 r-xp 00006000 08:02 28323823                   /home/andriodpc/Downloads/android-studio-2023.1.1.26-linux/android-studio/jbr/lib/libnet.so
7fcfacdbd000-7fcfacdbe000 r--p 00012000 08:02 28323823                   /home/andriodpc/Downloads/android-studio-2023.1.1.26-linux/android-studio/jbr/lib/libnet.so
7fcfacdbe000-7fcfacdc0000 rw-p 00012000 08:02 28323823                   /home/andriodpc/Downloads/android-studio-2023.1.1.26-linux/android-studio/jbr/lib/libnet.so
7fcfacdc0000-7fcfacdc4000 ---p 00000000 00:00 0 
7fcfacdc4000-7fcfacec0000 rw-p 00000000 00:00 0 
7fcfacec0000-7fcfacec4000 ---p 00000000 00:00 0 
7fcfacec4000-7fcfacfc0000 rw-p 00000000 00:00 0 
7fcfacfc0000-7fcfacfc1000 ---p 00000000 00:00 0 
7fcfacfc1000-7fcfad0c2000 rw-p 00000000 00:00 0 
7fcfad1dc000-7fcfad2f9000 rw-p 00000000 00:00 0 
7fcfad2f9000-7fcfad2fa000 ---p 00000000 00:00 0 
7fcfad2fa000-7fcfad3fb000 rw-p 00000000 00:00 0 
7fcfad3fb000-7fcfad3fc000 ---p 00000000 00:00 0 
7fcfad3fc000-7fcfaf960000 rw-p 00000000 00:00 0 
7fcfaf960000-7fcfaf9b0000 ---p 00000000 00:00 0 
7fcfaf9b0000-7fcfaf9c0000 rw-p 00000000 00:00 0 
7fcfaf9c0000-7fcfaf9e0000 ---p 00000000 00:00 0 
7fcfaf9e0000-7fcfaf9f0000 rw-p 00000000 00:00 0 
7fcfaf9f0000-7fcfb4000000 ---p 00000000 00:00 0 
7fcfb4000000-7fcfb4160000 rw-p 00000000 00:00 0 
7fcfb4160000-7fcfb41b0000 ---p 00000000 00:00 0 
7fcfb41b0000-7fcfb41c0000 rw-p 00000000 00:00 0 
7fcfb41c0000-7fcfb41e0000 ---p 00000000 00:00 0 
7fcfb41e0000-7fcfb41f0000 rw-p 00000000 00:00 0 
7fcfb41f0000-7fcfb8800000 ---p 00000000 00:00 0 
7fcfb8800000-7fcfb882c000 rw-p 00000000 00:00 0 
7fcfb882c000-7fcfb8836000 ---p 00000000 00:00 0 
7fcfb8836000-7fcfb8838000 rw-p 00000000 00:00 0 
7fcfb8838000-7fcfb883c000 ---p 00000000 00:00 0 
7fcfb883c000-7fcfb883e000 rw-p 00000000 00:00 0 
7fcfb883e000-7fcfb9100000 ---p 00000000 00:00 0 
7fcfb9100000-7fcfb912c000 rw-p 00000000 00:00 0 
7fcfb912c000-7fcfb9136000 ---p 00000000 00:00 0 
7fcfb9136000-7fcfb9138000 rw-p 00000000 00:00 0 
7fcfb9138000-7fcfb913c000 ---p 00000000 00:00 0 
7fcfb913c000-7fcfb913e000 rw-p 00000000 00:00 0 
7fcfb913e000-7fcfb9a00000 ---p 00000000 00:00 0 
7fcfb9a00000-7fcfb9fa0000 rwxp 00000000 00:00 0 
7fcfb9fa0000-7fcfc0f37000 ---p 00000000 00:00 0 
7fcfc0f37000-7fcfc11a7000 rwxp 00000000 00:00 0 
7fcfc11a7000-7fcfc14c8000 ---p 00000000 00:00 0 
7fcfc14c8000-7fcfc1738000 rwxp 00000000 00:00 0 
7fcfc1738000-7fcfc8a00000 ---p 00000000 00:00 0 
7fcfc8a00000-7fcfcbed5000 r--s 00000000 08:02 28323901                   /home/andriodpc/Downloads/android-studio-2023.1.1.26-linux/android-studio/jbr/lib/modules
7fcfcbed6000-7fcfcbed9000 r--p 00000000 08:02 28323839                   /home/andriodpc/Downloads/android-studio-2023.1.1.26-linux/android-studio/jbr/lib/libmanagement_ext.so
7fcfcbed9000-7fcfcbedc000 r-xp 00002000 08:02 28323839                   /home/andriodpc/Downloads/android-studio-2023.1.1.26-linux/android-studio/jbr/lib/libmanagement_ext.so
7fcfcbedc000-7fcfcbedd000 r--p 00004000 08:02 28323839                   /home/andriodpc/Downloads/android-studio-2023.1.1.26-linux/android-studio/jbr/lib/libmanagement_ext.so
7fcfcbedd000-7fcfcbede000 rw-p 00004000 08:02 28323839                   /home/andriodpc/Downloads/android-studio-2023.1.1.26-linux/android-studio/jbr/lib/libmanagement_ext.so
7fcfcbede000-7fcfcbee7000 r--p 00000000 08:02 28323894                   /home/andriodpc/Downloads/android-studio-2023.1.1.26-linux/android-studio/jbr/lib/libzip.so
7fcfcbee7000-7fcfcbefc000 r-xp 00008000 08:02 28323894                   /home/andriodpc/Downloads/android-studio-2023.1.1.26-linux/android-studio/jbr/lib/libzip.so
7fcfcbefc000-7fcfcbefe000 r--p 0001c000 08:02 28323894                   /home/andriodpc/Downloads/android-studio-2023.1.1.26-linux/android-studio/jbr/lib/libzip.so
7fcfcbefe000-7fcfcbeff000 rw-p 0001d000 08:02 28323894                   /home/andriodpc/Downloads/android-studio-2023.1.1.26-linux/android-studio/jbr/lib/libzip.so
7fcfcbeff000-7fcfcc000000 rw-p 00000000 00:00 0 
7fcfcc000000-7fcfcd2dd000 rw-p 00000000 00:00 0 
7fcfcd2dd000-7fcfd0000000 ---p 00000000 00:00 0 
7fcfd0000000-7fcfd0003000 r--p 00000000 08:02 28323812                   /home/andriodpc/Downloads/android-studio-2023.1.1.26-linux/android-studio/jbr/lib/libmanagement.so
7fcfd0003000-7fcfd0005000 r-xp 00002000 08:02 28323812                   /home/andriodpc/Downloads/android-studio-2023.1.1.26-linux/android-studio/jbr/lib/libmanagement.so
7fcfd0005000-7fcfd0006000 r--p 00003000 08:02 28323812                   /home/andriodpc/Downloads/android-studio-2023.1.1.26-linux/android-studio/jbr/lib/libmanagement.so
7fcfd0006000-7fcfd0007000 rw-p 00003000 08:02 28323812                   /home/andriodpc/Downloads/android-studio-2023.1.1.26-linux/android-studio/jbr/lib/libmanagement.so
7fcfd0007000-7fcfd0012000 r--p 00000000 08:02 28323892                   /home/andriodpc/Downloads/android-studio-2023.1.1.26-linux/android-studio/jbr/lib/libnio.so
7fcfd0012000-7fcfd001a000 r-xp 0000a000 08:02 28323892                   /home/andriodpc/Downloads/android-studio-2023.1.1.26-linux/android-studio/jbr/lib/libnio.so
7fcfd001a000-7fcfd001b000 r--p 00011000 08:02 28323892                   /home/andriodpc/Downloads/android-studio-2023.1.1.26-linux/android-studio/jbr/lib/libnio.so
7fcfd001b000-7fcfd001c000 rw-p 00011000 08:02 28323892                   /home/andriodpc/Downloads/android-studio-2023.1.1.26-linux/android-studio/jbr/lib/libnio.so
7fcfd001c000-7fcfd021e000 rw-p 00000000 00:00 0 
7fcfd021e000-7fcfd021f000 ---p 00000000 00:00 0 
7fcfd021f000-7fcfd0320000 rw-p 00000000 00:00 0 
7fcfd0320000-7fcfd0321000 ---p 00000000 00:00 0 
7fcfd0321000-7fcfd0422000 rw-p 00000000 00:00 0 
7fcfd0422000-7fcfd0423000 ---p 00000000 00:00 0 
7fcfd0423000-7fcfd0550000 rw-p 00000000 00:00 0 
7fcfd0550000-7fcfd055a000 ---p 00000000 00:00 0 
7fcfd055a000-7fcfd055c000 rw-p 00000000 00:00 0 
7fcfd055c000-7fcfd0560000 ---p 00000000 00:00 0 
7fcfd0560000-7fcfd0562000 rw-p 00000000 00:00 0 
7fcfd0562000-7fcfd0e24000 ---p 00000000 00:00 0 
7fcfd0e24000-7fcfd142f000 rw-p 00000000 00:00 0 
7fcfd142f000-7fcfd1515000 ---p 00000000 00:00 0 
7fcfd1515000-7fcfd1521000 rw-p 00000000 00:00 0 
7fcfd1521000-7fcfd1600000 ---p 00000000 00:00 0 
7fcfd1600000-7fcfd1b37000 r--p 00000000 08:02 28323816                   /home/andriodpc/Downloads/android-studio-2023.1.1.26-linux/android-studio/jbr/lib/server/libjvm.so
7fcfd1b37000-7fcfd270a000 r-xp 00536000 08:02 28323816                   /home/andriodpc/Downloads/android-studio-2023.1.1.26-linux/android-studio/jbr/lib/server/libjvm.so
7fcfd270a000-7fcfd27cc000 r--p 01108000 08:02 28323816                   /home/andriodpc/Downloads/android-studio-2023.1.1.26-linux/android-studio/jbr/lib/server/libjvm.so
7fcfd27cc000-7fcfd27f5000 rw-p 011c9000 08:02 28323816                   /home/andriodpc/Downloads/android-studio-2023.1.1.26-linux/android-studio/jbr/lib/server/libjvm.so
7fcfd27f5000-7fcfd286a000 rw-p 00000000 00:00 0 
7fcfd286b000-7fcfd28b6000 rw-p 00000000 00:00 0 
7fcfd28b6000-7fcfd28c8000 r--p 00000000 08:02 28323842                   /home/andriodpc/Downloads/android-studio-2023.1.1.26-linux/android-studio/jbr/lib/libjava.so
7fcfd28c8000-7fcfd28da000 r-xp 00011000 08:02 28323842                   /home/andriodpc/Downloads/android-studio-2023.1.1.26-linux/android-studio/jbr/lib/libjava.so
7fcfd28da000-7fcfd28db000 r--p 00022000 08:02 28323842                   /home/andriodpc/Downloads/android-studio-2023.1.1.26-linux/android-studio/jbr/lib/libjava.so
7fcfd28db000-7fcfd28dd000 rw-p 00022000 08:02 28323842                   /home/andriodpc/Downloads/android-studio-2023.1.1.26-linux/android-studio/jbr/lib/libjava.so
7fcfd28dd000-7fcfd28e8000 r--p 00000000 08:02 28323835                   /home/andriodpc/Downloads/android-studio-2023.1.1.26-linux/android-studio/jbr/lib/libjimage.so
7fcfd28e8000-7fcfd28fd000 r-xp 0000a000 08:02 28323835                   /home/andriodpc/Downloads/android-studio-2023.1.1.26-linux/android-studio/jbr/lib/libjimage.so
7fcfd28fd000-7fcfd28ff000 r--p 0001e000 08:02 28323835                   /home/andriodpc/Downloads/android-studio-2023.1.1.26-linux/android-studio/jbr/lib/libjimage.so
7fcfd28ff000-7fcfd2900000 rw-p 0001f000 08:02 28323835                   /home/andriodpc/Downloads/android-studio-2023.1.1.26-linux/android-studio/jbr/lib/libjimage.so
7fcfd2900000-7fcfd2904000 ---p 00000000 00:00 0 
7fcfd2904000-7fcfd2a00000 rw-p 00000000 00:00 0 
7fcfd2a00000-7fcfd2a28000 r--p 00000000 08:02 1312871                    /usr/lib/x86_64-linux-gnu/libc.so.6
7fcfd2a28000-7fcfd2bbd000 r-xp 00028000 08:02 1312871                    /usr/lib/x86_64-linux-gnu/libc.so.6
7fcfd2bbd000-7fcfd2c15000 r--p 001bd000 08:02 1312871                    /usr/lib/x86_64-linux-gnu/libc.so.6
7fcfd2c15000-7fcfd2c19000 r--p 00214000 08:02 1312871                    /usr/lib/x86_64-linux-gnu/libc.so.6
7fcfd2c19000-7fcfd2c1b000 rw-p 00218000 08:02 1312871                    /usr/lib/x86_64-linux-gnu/libc.so.6
7fcfd2c1b000-7fcfd2c2d000 rw-p 00000000 00:00 0 
7fcfd2c2d000-7fcfd2c34000 ---p 00000000 00:00 0 
7fcfd2c34000-7fcfd2c3c000 rw-s 00000000 08:02 15597577                   /tmp/hsperfdata_andriodpc/16106
7fcfd2c3c000-7fcfd2c3d000 r--p 00000000 08:02 1312905                    /usr/lib/x86_64-linux-gnu/librt.so.1
7fcfd2c3d000-7fcfd2c3e000 r-xp 00001000 08:02 1312905                    /usr/lib/x86_64-linux-gnu/librt.so.1
7fcfd2c3e000-7fcfd2c3f000 r--p 00002000 08:02 1312905                    /usr/lib/x86_64-linux-gnu/librt.so.1
7fcfd2c3f000-7fcfd2c40000 r--p 00002000 08:02 1312905                    /usr/lib/x86_64-linux-gnu/librt.so.1
7fcfd2c40000-7fcfd2c41000 rw-p 00003000 08:02 1312905                    /usr/lib/x86_64-linux-gnu/librt.so.1
7fcfd2c41000-7fcfd2c4f000 r--p 00000000 08:02 1312880                    /usr/lib/x86_64-linux-gnu/libm.so.6
7fcfd2c4f000-7fcfd2ccb000 r-xp 0000e000 08:02 1312880                    /usr/lib/x86_64-linux-gnu/libm.so.6
7fcfd2ccb000-7fcfd2d26000 r--p 0008a000 08:02 1312880                    /usr/lib/x86_64-linux-gnu/libm.so.6
7fcfd2d26000-7fcfd2d27000 r--p 000e4000 08:02 1312880                    /usr/lib/x86_64-linux-gnu/libm.so.6
7fcfd2d27000-7fcfd2d28000 rw-p 000e5000 08:02 1312880                    /usr/lib/x86_64-linux-gnu/libm.so.6
7fcfd2d28000-7fcfd2d2a000 rw-p 00000000 00:00 0 
7fcfd2d2a000-7fcfd2d2b000 r--p 00000000 08:02 1312879                    /usr/lib/x86_64-linux-gnu/libdl.so.2
7fcfd2d2b000-7fcfd2d2c000 r-xp 00001000 08:02 1312879                    /usr/lib/x86_64-linux-gnu/libdl.so.2
7fcfd2d2c000-7fcfd2d2d000 r--p 00002000 08:02 1312879                    /usr/lib/x86_64-linux-gnu/libdl.so.2
7fcfd2d2d000-7fcfd2d2e000 r--p 00002000 08:02 1312879                    /usr/lib/x86_64-linux-gnu/libdl.so.2
7fcfd2d2e000-7fcfd2d2f000 rw-p 00003000 08:02 1312879                    /usr/lib/x86_64-linux-gnu/libdl.so.2
7fcfd2d2f000-7fcfd2d30000 r--p 00000000 08:02 1312901                    /usr/lib/x86_64-linux-gnu/libpthread.so.0
7fcfd2d30000-7fcfd2d31000 r-xp 00001000 08:02 1312901                    /usr/lib/x86_64-linux-gnu/libpthread.so.0
7fcfd2d31000-7fcfd2d32000 r--p 00002000 08:02 1312901                    /usr/lib/x86_64-linux-gnu/libpthread.so.0
7fcfd2d32000-7fcfd2d33000 r--p 00002000 08:02 1312901                    /usr/lib/x86_64-linux-gnu/libpthread.so.0
7fcfd2d33000-7fcfd2d34000 rw-p 00003000 08:02 1312901                    /usr/lib/x86_64-linux-gnu/libpthread.so.0
7fcfd2d34000-7fcfd2d38000 r--p 00000000 08:02 28323811                   /home/andriodpc/Downloads/android-studio-2023.1.1.26-linux/android-studio/jbr/lib/libinstrument.so
7fcfd2d38000-7fcfd2d3f000 r-xp 00003000 08:02 28323811                   /home/andriodpc/Downloads/android-studio-2023.1.1.26-linux/android-studio/jbr/lib/libinstrument.so
7fcfd2d3f000-7fcfd2d40000 r--p 00009000 08:02 28323811                   /home/andriodpc/Downloads/android-studio-2023.1.1.26-linux/android-studio/jbr/lib/libinstrument.so
7fcfd2d40000-7fcfd2d41000 rw-p 00009000 08:02 28323811                   /home/andriodpc/Downloads/android-studio-2023.1.1.26-linux/android-studio/jbr/lib/libinstrument.so
7fcfd2d41000-7fcfd2d42000 ---p 00000000 00:00 0 
7fcfd2d42000-7fcfd2d43000 r--p 00000000 00:00 0 
7fcfd2d43000-7fcfd2d4c000 r--p 00000000 08:02 28323847                   /home/andriodpc/Downloads/android-studio-2023.1.1.26-linux/android-studio/jbr/lib/libjli.so
7fcfd2d4c000-7fcfd2d5b000 r-xp 00008000 08:02 28323847                   /home/andriodpc/Downloads/android-studio-2023.1.1.26-linux/android-studio/jbr/lib/libjli.so
7fcfd2d5b000-7fcfd2d5c000 r--p 00016000 08:02 28323847                   /home/andriodpc/Downloads/android-studio-2023.1.1.26-linux/android-studio/jbr/lib/libjli.so
7fcfd2d5c000-7fcfd2d5d000 rw-p 00016000 08:02 28323847                   /home/andriodpc/Downloads/android-studio-2023.1.1.26-linux/android-studio/jbr/lib/libjli.so
7fcfd2d5d000-7fcfd2d5f000 rw-p 00000000 00:00 0 
7fcfd2d5f000-7fcfd2d61000 r--p 00000000 08:02 1312863                    /usr/lib/x86_64-linux-gnu/ld-linux-x86-64.so.2
7fcfd2d61000-7fcfd2d8b000 r-xp 00002000 08:02 1312863                    /usr/lib/x86_64-linux-gnu/ld-linux-x86-64.so.2
7fcfd2d8b000-7fcfd2d96000 r--p 0002c000 08:02 1312863                    /usr/lib/x86_64-linux-gnu/ld-linux-x86-64.so.2
7fcfd2d96000-7fcfd2d97000 ---p 00000000 00:00 0 
7fcfd2d97000-7fcfd2d99000 r--p 00037000 08:02 1312863                    /usr/lib/x86_64-linux-gnu/ld-linux-x86-64.so.2
7fcfd2d99000-7fcfd2d9b000 rw-p 00039000 08:02 1312863                    /usr/lib/x86_64-linux-gnu/ld-linux-x86-64.so.2
7ffc54a58000-7ffc54a79000 rw-p 00000000 00:00 0                          [stack]
7ffc54b6c000-7ffc54b70000 r--p 00000000 00:00 0                          [vvar]
7ffc54b70000-7ffc54b72000 r-xp 00000000 00:00 0                          [vdso]
ffffffffff600000-ffffffffff601000 --xp 00000000 00:00 0                  [vsyscall]


VM Arguments:
jvm_args: --add-opens=java.base/java.util=ALL-UNNAMED --add-opens=java.base/java.lang=ALL-UNNAMED --add-opens=java.base/java.lang.invoke=ALL-UNNAMED --add-opens=java.prefs/java.util.prefs=ALL-UNNAMED --add-opens=java.base/java.nio.charset=ALL-UNNAMED --add-opens=java.base/java.net=ALL-UNNAMED --add-opens=java.base/java.util.concurrent.atomic=ALL-UNNAMED -Xmx4608m -Dfile.encoding=UTF-8 -Duser.country=US -Duser.language=en -Duser.variant -javaagent:/home/andriodpc/.gradle/wrapper/dists/gradle-8.2-all/6mxqtxovn2faat1idb7p6lxsa/gradle-8.2/lib/agents/gradle-instrumentation-agent-8.2.jar 
java_command: org.gradle.launcher.daemon.bootstrap.GradleDaemon 8.2
java_class_path (initial): /home/andriodpc/.gradle/wrapper/dists/gradle-8.2-all/6mxqtxovn2faat1idb7p6lxsa/gradle-8.2/lib/gradle-launcher-8.2.jar
Launcher Type: SUN_STANDARD

[Global flags]
     intx CICompilerCount                          = 3                                         {product} {ergonomic}
     uint ConcGCThreads                            = 2                                         {product} {ergonomic}
     uint G1ConcRefinementThreads                  = 6                                         {product} {ergonomic}
   size_t G1HeapRegionSize                         = 4194304                                   {product} {ergonomic}
    uintx GCDrainStackTargetSize                   = 64                                        {product} {ergonomic}
   size_t InitialHeapSize                          = 130023424                                 {product} {ergonomic}
   size_t MarkStackSize                            = 4194304                                   {product} {ergonomic}
   size_t MaxHeapSize                              = 4831838208                                {product} {command line}
   size_t MaxNewSize                               = 2898264064                                {product} {ergonomic}
   size_t MinHeapDeltaBytes                        = 4194304                                   {product} {ergonomic}
   size_t MinHeapSize                              = 8388608                                   {product} {ergonomic}
    uintx NonNMethodCodeHeapSize                   = 5832780                                {pd product} {ergonomic}
    uintx NonProfiledCodeHeapSize                  = 122912730                              {pd product} {ergonomic}
    uintx ProfiledCodeHeapSize                     = 122912730                              {pd product} {ergonomic}
    uintx ReservedCodeCacheSize                    = 251658240                              {pd product} {ergonomic}
     bool SegmentedCodeCache                       = true                                      {product} {ergonomic}
   size_t SoftMaxHeapSize                          = 4831838208                             {manageable} {ergonomic}
     bool UseCompressedClassPointers               = true                           {product lp64_product} {ergonomic}
     bool UseCompressedOops                        = true                           {product lp64_product} {ergonomic}
     bool UseG1GC                                  = true                                      {product} {ergonomic}

Logging:
Log output configuration:
 #0: stdout all=warning uptime,level,tags
 #1: stderr all=off uptime,level,tags

Environment Variables:
PATH=/usr/local/sbin:/usr/local/bin:/usr/sbin:/usr/bin:/sbin:/bin:/usr/games:/usr/local/games:/snap/bin:/snap/bin
USERNAME=andriodpc
SHELL=/bin/bash
DISPLAY=:0
LANG=en_US.UTF-8
TERM=xterm-256color

Active Locale:
LC_ALL=en_US.UTF-8
LC_COLLATE=en_US.UTF-8
LC_CTYPE=en_US.UTF-8
LC_MESSAGES=en_US.UTF-8
LC_MONETARY=en_US.UTF-8
LC_NUMERIC=en_US.UTF-8
LC_TIME=en_US.UTF-8

Signal Handlers:
   SIGSEGV: crash_handler in libjvm.so, mask=11100100010111111101111111111110, flags=SA_RESTART|SA_SIGINFO, unblocked
    SIGBUS: crash_handler in libjvm.so, mask=11100100010111111101111111111110, flags=SA_RESTART|SA_SIGINFO, unblocked
    SIGFPE: crash_handler in libjvm.so, mask=11100100010111111101111111111110, flags=SA_RESTART|SA_SIGINFO, unblocked
   SIGPIPE: javaSignalHandler in libjvm.so, mask=11100100010111111101111111111110, flags=SA_RESTART|SA_SIGINFO, blocked
   SIGXFSZ: javaSignalHandler in libjvm.so, mask=11100100010111111101111111111110, flags=SA_RESTART|SA_SIGINFO, blocked
    SIGILL: crash_handler in libjvm.so, mask=11100100010111111101111111111110, flags=SA_RESTART|SA_SIGINFO, unblocked
   SIGUSR2: SR_handler in libjvm.so, mask=00100000000000000000000000000000, flags=SA_RESTART|SA_SIGINFO, blocked
    SIGHUP: UserHandler in libjvm.so, mask=11100100010111111101111111111110, flags=SA_RESTART|SA_SIGINFO, blocked
    SIGINT: UserHandler in libjvm.so, mask=11100100010111111101111111111110, flags=SA_RESTART|SA_SIGINFO, blocked
   SIGTERM: UserHandler in libjvm.so, mask=11100100010111111101111111111110, flags=SA_RESTART|SA_SIGINFO, blocked
   SIGQUIT: UserHandler in libjvm.so, mask=11100100010111111101111111111110, flags=SA_RESTART|SA_SIGINFO, blocked
   SIGTRAP: crash_handler in libjvm.so, mask=11100100010111111101111111111110, flags=SA_RESTART|SA_SIGINFO, unblocked

JNI global refs:
JNI global refs: 22, weak refs: 2

JNI global refs memory usage: 867, weak refs: 865

OOME stack traces (most recent first):
Classloader memory used:
Loader org.gradle.internal.classloader.VisitableURLClassLoader                         : 2193K
Loader bootstrap                                                                       : 1908K
Loader org.gradle.initialization.MixInLegacyTypesClassLoader                           : 424K
Loader jdk.internal.loader.ClassLoaders$AppClassLoader                                 : 28293B
Loader jdk.internal.reflect.DelegatingClassLoader                                      : 3014B
Loader org.gradle.groovy.scripts.internal.DefaultScriptCompilationHandler$ScriptClassLoader: 791B
Loader jdk.internal.loader.ClassLoaders$PlatformClassLoader                            : 771B

Classes loaded by more than one classloader:
Class org.gradle.internal.installation.GradleInstallation                             : loaded 2 times (x 74B)
Class org.gradle.internal.classpath.ClassPath                                         : loaded 2 times (x 69B)
Class org.gradle.api.internal.classpath.DefaultModuleRegistry                         : loaded 2 times (x 85B)
Class org.gradle.api.Action                                                           : loaded 2 times (x 69B)
Class org.gradle.api.internal.DefaultClassPathProvider                                : loaded 2 times (x 75B)
Class org.gradle.internal.installation.GradleInstallation$1                           : loaded 2 times (x 74B)
Class org.gradle.internal.classloader.FilteringClassLoader                            : loaded 2 times (x 103B)
Class org.gradle.internal.classpath.DefaultClassPath$ImmutableUniqueList$Builder      : loaded 2 times (x 74B)
Class org.gradle.internal.classloader.ClassLoaderVisitor                              : loaded 2 times (x 75B)
Class org.gradle.internal.service.DefaultServiceLocator                               : loaded 2 times (x 82B)
Class org.gradle.internal.service.UnknownServiceException                             : loaded 2 times (x 82B)
Class org.gradle.internal.classloader.DefaultClassLoaderFactory                       : loaded 2 times (x 81B)
Class org.gradle.internal.classloader.VisitableURLClassLoader$Spec                    : loaded 2 times (x 73B)
Class org.gradle.api.GradleException                                                  : loaded 2 times (x 81B)
Class org.gradle.api.internal.classpath.ModuleRegistry                                : loaded 2 times (x 69B)
Class org.gradle.api.internal.ClassPathProvider                                       : loaded 2 times (x 69B)
Class org.gradle.internal.classloader.ClasspathUtil$1                                 : loaded 2 times (x 75B)
Class org.gradle.internal.classloader.ClassLoaderFactory                              : loaded 2 times (x 69B)
Class org.gradle.api.internal.classpath.ManifestUtil                                  : loaded 2 times (x 70B)
Class org.gradle.api.specs.Spec                                                       : loaded 2 times (x 69B)
Class org.gradle.internal.IoActions                                                   : loaded 2 times (x 70B)
Class org.gradle.api.internal.classpath.EffectiveClassPath                            : loaded 2 times (x 89B)
Class org.gradle.internal.installation.CurrentGradleInstallation                      : loaded 2 times (x 72B)
Class org.gradle.internal.agents.InstrumentingClassLoader                             : loaded 2 times (x 69B)
Class org.gradle.internal.installation.CurrentGradleInstallationLocator               : loaded 2 times (x 70B)
Class org.gradle.api.internal.classpath.Module                                        : loaded 2 times (x 69B)
Class org.gradle.internal.service.CachingServiceLocator                               : loaded 2 times (x 81B)
Class org.gradle.internal.classpath.DefaultClassPath                                  : loaded 2 times (x 89B)
Class org.gradle.internal.classloader.SystemClassLoaderSpec                           : loaded 2 times (x 70B)
Class org.gradle.api.UncheckedIOException                                             : loaded 2 times (x 81B)
Class org.gradle.internal.classloader.ClasspathUtil                                   : loaded 2 times (x 70B)
Class org.gradle.api.internal.DefaultClassPathRegistry                                : loaded 2 times (x 75B)
Class org.gradle.api.internal.classpath.DefaultModuleRegistry$DefaultModule           : loaded 2 times (x 85B)
Class org.gradle.api.internal.classpath.UnknownModuleException                        : loaded 2 times (x 81B)
Class org.gradle.internal.service.ServiceLookupException                              : loaded 2 times (x 81B)
Class org.gradle.cache.GlobalCache                                                    : loaded 2 times (x 69B)
Class [Lorg.gradle.api.internal.ClassPathProvider;                                    : loaded 2 times (x 68B)
Class org.gradle.util.internal.GUtil                                                  : loaded 2 times (x 70B)
Class org.gradle.internal.classloader.ClassLoaderSpec                                 : loaded 2 times (x 70B)
Class org.gradle.internal.classloader.VisitableURLClassLoader                         : loaded 2 times (x 115B)
Class org.gradle.internal.Cast                                                        : loaded 2 times (x 70B)
Class org.gradle.api.internal.ClassPathRegistry                                       : loaded 2 times (x 69B)
Class org.gradle.internal.classloader.VisitableURLClassLoader$InstrumentingVisitableURLClassLoader: loaded 2 times (x 121B)
Class org.gradle.internal.classloader.ClassLoaderHierarchy                            : loaded 2 times (x 69B)
Class org.gradle.internal.InternalTransformer                                         : loaded 2 times (x 69B)
Class org.gradle.internal.service.ServiceLocator                                      : loaded 2 times (x 69B)
Class org.gradle.internal.classpath.DefaultClassPath$ImmutableUniqueList              : loaded 2 times (x 160B)
Class org.gradle.internal.classpath.TransformedClassPath                              : loaded 2 times (x 95B)


---------------  S Y S T E M  ---------------

OS:
DISTRIB_ID=Ubuntu
DISTRIB_RELEASE=22.04
DISTRIB_CODENAME=jammy
DISTRIB_DESCRIPTION="Ubuntu 22.04.3 LTS"
uname: Linux 6.2.0-39-generic #40~22.04.1-Ubuntu SMP PREEMPT_DYNAMIC Thu Nov 16 10:53:04 UTC 2 x86_64
OS uptime: 0 days 4:39 hours
libc: glibc 2.35 NPTL 2.35 
rlimit (soft/hard): STACK 8192k/infinity , CORE 0k/infinity , NPROC 30871/30871 , NOFILE 1048576/1048576 , AS infinity/infinity , CPU infinity/infinity , DATA infinity/infinity , FSIZE infinity/infinity , MEMLOCK 997440k/997440k
load average: 3.61 2.05 1.24

/proc/meminfo:
MemTotal:        7979544 kB
MemFree:         1520244 kB
MemAvailable:    2034860 kB
Buffers:           42988 kB
Cached:           778020 kB
SwapCached:        21072 kB
Active:          1087856 kB
Inactive:        4875964 kB
Active(anon):     758524 kB
Inactive(anon):  4561764 kB
Active(file):     329332 kB
Inactive(file):   314200 kB
Unevictable:        4456 kB
Mlocked:              48 kB
SwapTotal:       2097148 kB
SwapFree:        1557252 kB
Zswap:                 0 kB
Zswapped:              0 kB
Dirty:             21584 kB
Writeback:             0 kB
AnonPages:       5135936 kB
Mapped:           317264 kB
Shmem:            177088 kB
KReclaimable:     179204 kB
Slab:             346508 kB
SReclaimable:     179204 kB
SUnreclaim:       167304 kB
KernelStack:       16656 kB
PageTables:        45236 kB
SecPageTables:         0 kB
NFS_Unstable:          0 kB
Bounce:                0 kB
WritebackTmp:          0 kB
CommitLimit:     6086920 kB
Committed_AS:   12226996 kB
VmallocTotal:   34359738367 kB
VmallocUsed:       46012 kB
VmallocChunk:          0 kB
Percpu:             6656 kB
HardwareCorrupted:     0 kB
AnonHugePages:         0 kB
ShmemHugePages:        0 kB
ShmemPmdMapped:        0 kB
FileHugePages:         0 kB
FilePmdMapped:         0 kB
HugePages_Total:       0
HugePages_Free:        0
HugePages_Rsvd:        0
HugePages_Surp:        0
Hugepagesize:       2048 kB
Hugetlb:               0 kB
DirectMap4k:      192500 kB
DirectMap2M:     4907008 kB
DirectMap1G:     3145728 kB

/sys/kernel/mm/transparent_hugepage/enabled: always [madvise] never
/sys/kernel/mm/transparent_hugepage/defrag (defrag/compaction efforts parameter): always defer defer+madvise [madvise] never

Process Memory:
Virtual Size: 9526600K (peak: 9587364K)
Resident Set Size: 225536K (peak: 225536K) (anon: 196736K, file: 28800K, shmem: 0K)
Swapped out: 0K
C-Heap outstanding allocations: 65679K, retained: 23028K
glibc malloc tunables: (default)

/proc/sys/kernel/threads-max (system-wide limit on the number of threads): 61743
/proc/sys/vm/max_map_count (maximum number of memory map areas a process may have): 65530
/proc/sys/kernel/pid_max (system-wide limit on number of process identifiers): 4194304

container (cgroup) information:
container_type: cgroupv2
cpu_cpuset_cpus: not supported
cpu_memory_nodes: not supported
active_processor_count: 6
cpu_quota: not supported
cpu_period: not supported
cpu_shares: not supported
memory_limit_in_bytes: unlimited
memory_and_swap_limit_in_bytes: unlimited
memory_soft_limit_in_bytes: unlimited
memory_usage_in_bytes: 3738208 k
memory_max_usage_in_bytes: not supported
memory_swap_current_in_bytes: 117720 k
memory_swap_max_limit_in_bytes: unlimited
maximum number of tasks: 9261
current number of tasks: 204

Steal ticks since vm start: 0
Steal ticks percentage since vm start:  0.000

CPU: total 6 (initial active 6) (6 cores per cpu, 1 threads per core) family 6 model 158 stepping 10 microcode 0xf4, cx8, cmov, fxsr, mmx, 3dnowpref, sse, sse2, sse3, ssse3, sse4.1, sse4.2, popcnt, lzcnt, tsc, tscinvbit, avx, avx2, aes, erms, clmul, bmi1, bmi2, adx, fma, vzeroupper, clflush, clflushopt
CPU Model and flags from /proc/cpuinfo:
model name	: Intel(R) Core(TM) i5-8400 CPU @ 2.80GHz
flags		: fpu vme de pse tsc msr pae mce cx8 apic sep mtrr pge mca cmov pat pse36 clflush dts acpi mmx fxsr sse sse2 ss ht tm pbe syscall nx pdpe1gb rdtscp lm constant_tsc art arch_perfmon pebs bts rep_good nopl xtopology nonstop_tsc cpuid aperfmperf pni pclmulqdq dtes64 monitor ds_cpl vmx est tm2 ssse3 sdbg fma cx16 xtpr pdcm pcid sse4_1 sse4_2 x2apic movbe popcnt tsc_deadline_timer aes xsave avx f16c rdrand lahf_lm abm 3dnowprefetch cpuid_fault epb invpcid_single pti ssbd ibrs ibpb stibp tpr_shadow vnmi flexpriority ept vpid ept_ad fsgsbase tsc_adjust bmi1 avx2 smep bmi2 erms invpcid mpx rdseed adx smap clflushopt intel_pt xsaveopt xsavec xgetbv1 xsaves dtherm ida arat pln pts hwp hwp_notify hwp_act_window hwp_epp md_clear flush_l1d arch_capabilities

Online cpus: 0-5
Offline cpus: 
BIOS frequency limitation: <Not Available>
Frequency switch latency (ns): 0
Available cpu frequencies: <Not Available>
Current governor: powersave
Core performance/turbo boost: <Not Available>

Memory: 4k page, physical 7979544k(1520244k free), swap 2097148k(1557252k free)
Page Sizes: 4k

vm_info: OpenJDK 64-Bit Server VM (17.0.7+0-17.0.7b1000.6-10550314) for linux-amd64 JRE (17.0.7+0-17.0.7b1000.6-10550314), built on Jul 24 2023 17:08:11 by "androidbuild" with clang Android (8508608, based on r450784e) Clang 14.0.7 (https://android.googlesource.com/toolchain/llvm-project 4c603efb0cca074e9238af8b4106c30add4418f6)

END.
