#
# A fatal error has been detected by the Java Runtime Environment:
#
#  SIGSEGV (0xb) at pc=0x00007f32fbf24fb1, pid=3616, tid=3621
#
# JRE version: OpenJDK Runtime Environment (17.0.7) (build 17.0.7+0-17.0.7b1000.6-10550314)
# Java VM: OpenJDK 64-Bit Server VM (17.0.7+0-17.0.7b1000.6-10550314, mixed mode, tiered, compressed oops, compressed class ptrs, g1 gc, linux-amd64)
# Problematic frame:
# V  [libjvm.so+0x924fb1]  G1CMOopClosure::do_oop(narrowOop*)+0xf1
#
# Core dump will be written. Default location: Core dumps may be processed with "/usr/share/apport/apport -p%p -s%s -c%c -d%d -P%P -u%u -g%g -- %E" (or dumping to /home/andriodpc/Documents/EonTechnician(todays work) (2)/EonTechnician(todays work)/EonTechnician/core.3616)
#
# If you would like to submit a bug report, please visit:
#   https://bugreport.java.com/bugreport/crash.jsp
#

---------------  S U M M A R Y ------------

Command Line: org.jetbrains.kotlin.cli.jvm.K2JVMCompiler @/home/andriodpc/Documents/EonTechnician(todays work) (2)/EonTechnician(todays work)/EonTechnician/app/build/20240109_4555699953072095664.compiler.options

Host: Intel(R) Core(TM) i5-8400 CPU @ 2.80GHz, 6 cores, 7G, Ubuntu 22.04.3 LTS
Time: Tue Jan  9 11:21:13 2024 IST elapsed time: 1.094235 seconds (0d 0h 0m 1s)

---------------  T H R E A D  ---------------

Current thread (0x00007f32f4091390):  ConcurrentGCThread "G1 Conc#0" [stack: 0x00007f32f80bd000,0x00007f32f81bd000] [id=3621]

Stack: [0x00007f32f80bd000,0x00007f32f81bd000],  sp=0x00007f32f81b9bc0,  free space=1010k
Native frames: (J=compiled Java code, j=interpreted, Vv=VM code, C=native code)
V  [libjvm.so+0x924fb1]  G1CMOopClosure::do_oop(narrowOop*)+0xf1
V  [libjvm.so+0x924ddb]  void OopOopIterateDispatch<G1CMOopClosure>::Table::oop_oop_iterate<InstanceKlass, narrowOop>(G1CMOopClosure*, oopDesc*, Klass*)+0x9b
V  [libjvm.so+0x937c92]  G1CMBitMapClosure::do_addr(HeapWordImpl**)+0x1f2
V  [libjvm.so+0x93e406]  G1CMTask::do_marking_step(double, bool, bool)+0x4b6
V  [libjvm.so+0x940555]  G1CMConcurrentMarkingTask::work(unsigned int)+0xc5
V  [libjvm.so+0x10b758c]  GangWorker::run()+0x5c
V  [libjvm.so+0x100b9ff]  Thread::call_run()+0xbf
V  [libjvm.so+0xe08ba9]  thread_native_entry(Thread*)+0x119


siginfo: si_signo: 11 (SIGSEGV), si_code: 1 (SEGV_MAPERR), si_addr: 0x000000039b2a9180

Register to memory mapping:

RAX=0x00007f32fc7d1000: <offset 0x00000000011d1000> in /home/andriodpc/Downloads/android-studio-2023.1.1.26-linux/android-studio/jbr/lib/server/libjvm.so at 0x00007f32fb600000
RBX=0x0000000000008e38 is an unknown value
RCX=0x0000240000024003 is an unknown value
RDX=0x0000001000000001 is an unknown value
RSP=0x00007f32f81b9bc0 points into unknown readable memory: 0x0000000000000001 | 01 00 00 00 00 00 00 00
RBP=0x00007f32f81b9bf0 points into unknown readable memory: 0x00007f32f81b9c30 | 30 9c 1b f8 32 7f 00 00
RSI=0x00007f32f84861c0 points into unknown readable memory: 0x0000241000024000 | 00 40 02 00 10 24 00 00
RDI=0x000000039b2a9178 is an unknown value
R8 =0x00007f32f4110108 points into unknown readable memory: 0x0000000000000003 | 03 00 00 00 00 00 00 00
R9 =0x00007f32f4080500 points into unknown readable memory: 0x00007f32fc7a9db0 | b0 9d 7a fc 32 7f 00 00
R10=0x0000000000240000 is an unknown value
R11=0x00007f32fc80b559: <offset 0x000000000120b559> in /home/andriodpc/Downloads/android-studio-2023.1.1.26-linux/android-studio/jbr/lib/server/libjvm.so at 0x00007f32fb600000
R12=0x00007f32f40804f0 points into unknown readable memory: 0x00007f32f4090430 | 30 04 09 f4 32 7f 00 00
R13=0x0 is NULL
R14=0x00007f32f4092500 points into unknown readable memory: 0x00007f32fc7a9ce0 | e0 9c 7a fc 32 7f 00 00
R15=0x00000000873c7120 is pointing into object: [B 
{0x00000000873c7088} - klass: {type array byte}
 - length: 179


Registers:
RAX=0x00007f32fc7d1000, RBX=0x0000000000008e38, RCX=0x0000240000024003, RDX=0x0000001000000001
RSP=0x00007f32f81b9bc0, RBP=0x00007f32f81b9bf0, RSI=0x00007f32f84861c0, RDI=0x000000039b2a9178
R8 =0x00007f32f4110108, R9 =0x00007f32f4080500, R10=0x0000000000240000, R11=0x00007f32fc80b559
R12=0x00007f32f40804f0, R13=0x0000000000000000, R14=0x00007f32f4092500, R15=0x00000000873c7120
RIP=0x00007f32fbf24fb1, EFLAGS=0x0000000000010206, CSGSFS=0x002b000000000033, ERR=0x0000000000000004
  TRAPNO=0x000000000000000e

Top of Stack: (sp=0x00007f32f81b9bc0)
0x00007f32f81b9bc0:   0000000000000001 00000000873c731c
0x00007f32f81b9bd0:   00007f32f81bbc80 00000001000420c0
0x00007f32f81b9be0:   00000000873c7320 00000001000420b8
0x00007f32f81b9bf0:   00007f32f81b9c30 00007f32fbf24ddb 

Instructions: (pc=0x00007f32fbf24fb1)
0x00007f32fbf24eb1:   41 5f 5d c3 cc cc cc cc cc cc cc cc cc cc cc 55
0x00007f32fbf24ec1:   48 89 e5 41 57 41 56 41 55 41 54 53 50 4c 8b 77
0x00007f32fbf24ed1:   20 49 83 86 b8 00 00 00 01 8b 16 48 8d 05 0d c1
0x00007f32fbf24ee1:   8a 00 8a 48 08 49 89 d7 49 d3 e7 48 85 d2 0f 84
0x00007f32fbf24ef1:   c0 02 00 00 4c 03 38 0f 84 b7 02 00 00 4d 8b 66
0x00007f32fbf24f01:   20 49 8b 44 24 08 8a 88 c0 01 00 00 4c 89 fa 48
0x00007f32fbf24f11:   d3 ea 48 8b 80 b0 01 00 00 48 8b 04 d0 4c 39 b8
0x00007f32fbf24f21:   f0 00 00 00 0f 86 8a 02 00 00 45 8b 6e 10 49 8b
0x00007f32fbf24f31:   9c 24 98 00 00 00 48 8b 03 48 89 df 4c 89 fe ff
0x00007f32fbf24f41:   10 4c 89 f8 48 2b 43 08 48 c1 e8 03 8a 4b 18 48
0x00007f32fbf24f51:   d3 e8 48 8b 7b 20 48 89 c3 ba 01 00 00 00 89 c1
0x00007f32fbf24f61:   48 d3 e2 48 c1 eb 06 48 8d 34 df 48 8b 0c df 48
0x00007f32fbf24f71:   89 cf 48 09 d7 48 39 cf 0f 84 36 02 00 00 48 89
0x00007f32fbf24f81:   c8 f0 48 0f b1 3e 48 39 c8 48 89 c1 75 e1 4c 8d
0x00007f32fbf24f91:   1d c3 65 8e 00 41 8a 13 84 d2 74 24 41 8b 7f 08
0x00007f32fbf24fa1:   48 8d 05 58 c0 8a 00 8a 48 08 48 d3 e7 48 03 38
0x00007f32fbf24fb1:   8b 47 08 85 c0 7e 14 a8 01 75 14 c1 e8 03 eb 5b
0x00007f32fbf24fc1:   49 8b 7f 08 8b 47 08 85 c0 7f ec 85 c0 78 14 48
0x00007f32fbf24fd1:   8b 07 4c 89 fe 4c 89 db ff 90 00 01 00 00 49 89
0x00007f32fbf24fe1:   db eb 38 31 c9 84 d2 0f 94 c1 49 63 54 8f 0c 89
0x00007f32fbf24ff1:   c1 48 d3 e2 c1 e8 10 0f b6 c0 48 01 d0 48 8d 0d
0x00007f32fbf25001:   2f c3 8a 00 48 63 09 48 8d 14 01 48 83 c2 ff f7
0x00007f32fbf25011:   d9 48 63 c1 48 21 d0 48 c1 e8 03 4c 63 c0 49 8b
0x00007f32fbf25021:   84 24 08 03 00 00 4a 8b 14 e8 48 8b 42 18 48 8b
0x00007f32fbf25031:   98 b8 01 00 00 8a 88 c0 01 00 00 48 d3 e3 48 8b
0x00007f32fbf25041:   72 40 4c 89 ff 48 29 df 48 8d 05 60 7c 8e 00 8a
0x00007f32fbf25051:   08 48 d3 ef 8b 4a 60 21 f9 48 c1 e1 04 8b 1c 0e
0x00007f32fbf25061:   39 fb 75 06 48 83 c2 50 eb 31 4c 8d 0c 0e 4c 8d
0x00007f32fbf25071:   14 0e 49 83 c2 08 48 8b 44 0e 08 48 85 c0 74 0d
0x00007f32fbf25081:   48 c1 e3 03 48 03 5a 38 f0 48 0f c1 03 49 c7 02
0x00007f32fbf25091:   00 00 00 00 41 89 39 48 83 c2 58 48 83 02 01 4c
0x00007f32fbf250a1:   01 44 0e 08 49 8b 46 20 48 8b 80 f0 02 00 00 49 


Stack slot to memory mapping:
stack at sp + 0 slots: 0x0000000000000001 is an unknown value
stack at sp + 1 slots: 0x00000000873c731c is pointing into object: java.lang.String 
{0x00000000873c7308} - klass: 'java/lang/String'

[error occurred during error reporting (inspecting top of stack), id 0xb, SIGSEGV (0xb) at pc=0x00007f32fc0275ee]


---------------  P R O C E S S  ---------------

Threads class SMR info:
_java_thread_list=0x00007f32a407eed0, length=12, elements={
0x00007f32f4025f70, 0x00007f32f4193020, 0x00007f32f4194670, 0x00007f32f41c4740,
0x00007f32f41c5af0, 0x00007f32f41c6f00, 0x00007f32f41b9d20, 0x00007f32f41bb200,
0x00007f32f41bc670, 0x00007f32f425a7d0, 0x00007f32f4265990, 0x00007f32a407def0
}

Java Threads: ( => current thread )
  0x00007f32f4025f70 JavaThread "main" [_thread_in_native, id=3618, stack(0x00007f32fc900000,0x00007f32fca00000)]
  0x00007f32f4193020 JavaThread "Reference Handler" daemon [_thread_blocked, id=3625, stack(0x00007f32dd0e2000,0x00007f32dd1e2000)]
  0x00007f32f4194670 JavaThread "Finalizer" daemon [_thread_blocked, id=3626, stack(0x00007f32dcfe2000,0x00007f32dd0e2000)]
  0x00007f32f41c4740 JavaThread "Signal Dispatcher" daemon [_thread_blocked, id=3627, stack(0x00007f32dc900000,0x00007f32dca00000)]
  0x00007f32f41c5af0 JavaThread "Service Thread" daemon [_thread_blocked, id=3628, stack(0x00007f32dc800000,0x00007f32dc900000)]
  0x00007f32f41c6f00 JavaThread "Monitor Deflation Thread" daemon [_thread_blocked, id=3629, stack(0x00007f32dc700000,0x00007f32dc800000)]
  0x00007f32f41b9d20 JavaThread "C2 CompilerThread0" daemon [_thread_in_native, id=3630, stack(0x00007f32dc600000,0x00007f32dc700000)]
  0x00007f32f41bb200 JavaThread "C1 CompilerThread0" daemon [_thread_blocked, id=3631, stack(0x00007f32dc500000,0x00007f32dc600000)]
  0x00007f32f41bc670 JavaThread "Sweeper thread" daemon [_thread_blocked, id=3632, stack(0x00007f32dc400000,0x00007f32dc500000)]
  0x00007f32f425a7d0 JavaThread "Notification Thread" daemon [_thread_blocked, id=3633, stack(0x00007f32dc300000,0x00007f32dc400000)]
  0x00007f32f4265990 JavaThread "Common-Cleaner" daemon [_thread_blocked, id=3635, stack(0x00007f32dc0fe000,0x00007f32dc1fe000)]
  0x00007f32a407def0 JavaThread "C2 CompilerThread1" daemon [_thread_blocked, id=3636, stack(0x00007f3293f00000,0x00007f3294000000)]

Other Threads:
  0x00007f32f41437c0 VMThread "VM Thread" [stack: 0x00007f32dd1e4000,0x00007f32dd2e4000] [id=3624]
  0x00007f32f41e5a50 WatcherThread [stack: 0x00007f32dc200000,0x00007f32dc300000] [id=3634]
  0x00007f32f407fa80 GCTaskThread "GC Thread#0" [stack: 0x00007f32f82c1000,0x00007f32f83c1000] [id=3619]
  0x00007f32bc005850 GCTaskThread "GC Thread#1" [stack: 0x00007f3293b00000,0x00007f3293c00000] [id=3637]
  0x00007f32bc00bf80 GCTaskThread "GC Thread#2" [stack: 0x00007f32939fe000,0x00007f3293afe000] [id=3638]
  0x00007f32bc00c940 GCTaskThread "GC Thread#3" [stack: 0x00007f32938fc000,0x00007f32939fc000] [id=3639]
  0x00007f32bc00d390 GCTaskThread "GC Thread#4" [stack: 0x00007f32937fa000,0x00007f32938fa000] [id=3640]
  0x00007f32bc00de00 GCTaskThread "GC Thread#5" [stack: 0x00007f32936f8000,0x00007f32937f8000] [id=3641]
  0x00007f32f4090430 ConcurrentGCThread "G1 Main Marker" [stack: 0x00007f32f81bf000,0x00007f32f82bf000] [id=3620]
=>0x00007f32f4091390 ConcurrentGCThread "G1 Conc#0" [stack: 0x00007f32f80bd000,0x00007f32f81bd000] [id=3621]
  0x00007f32d0000eb0 ConcurrentGCThread "G1 Conc#1" [stack: 0x00007f32935f6000,0x00007f32936f6000] [id=3642]
  0x00007f32f40fd630 ConcurrentGCThread "G1 Refine#0" [stack: 0x00007f32dd583000,0x00007f32dd683000] [id=3622]
  0x00007f32f40fe520 ConcurrentGCThread "G1 Service" [stack: 0x00007f32dd481000,0x00007f32dd581000] [id=3623]

Threads with active compile tasks:
C2 CompilerThread0     1099 1924   !   4       jdk.internal.loader.BuiltinClassLoader::loadClassOrNull (143 bytes)

VM state: not at safepoint (normal execution)

VM Mutex/Monitor currently owned by a thread: None

Heap address: 0x0000000086200000, size: 1950 MB, Compressed Oops mode: 32-bit

CDS archive(s) not mapped
Compressed class space mapped at: 0x0000000100000000-0x0000000140000000, reserved size: 1073741824
Narrow klass base: 0x0000000000000000, Narrow klass shift: 3, Narrow klass range: 0x140000000

GC Precious Log:
 CPUs: 6 total, 6 available
 Memory: 7792M
 Large Page Support: Disabled
 NUMA Support: Disabled
 Compressed Oops: Enabled (32-bit)
 Heap Region Size: 1M
 Heap Min Capacity: 8M
 Heap Initial Capacity: 122M
 Heap Max Capacity: 1950M
 Pre-touch: Disabled
 Parallel Workers: 6
 Concurrent Workers: 2
 Concurrent Refinement Workers: 6
 Periodic GC: Disabled

Heap:
 garbage-first heap   total 40960K, used 21186K [0x0000000086200000, 0x0000000100000000)
  region size 1024K, 4 young (4096K), 1 survivors (1024K)
 Metaspace       used 30500K, committed 30720K, reserved 1114112K
  class space    used 3608K, committed 3712K, reserved 1048576K

Heap Regions: E=young(eden), S=young(survivor), O=old, HS=humongous(starts), HC=humongous(continues), CS=collection set, F=free, OA=open archive, CA=closed archive, TAMS=top-at-mark-start (previous, next)
|   0|0x0000000086200000, 0x0000000086300000, 0x0000000086300000|100%|HS|  |TAMS 0x0000000086300000, 0x0000000086300000| Complete 
|   1|0x0000000086300000, 0x0000000086400000, 0x0000000086400000|100%|HC|  |TAMS 0x0000000086400000, 0x0000000086400000| Complete 
|   2|0x0000000086400000, 0x0000000086500000, 0x0000000086500000|100%|HC|  |TAMS 0x0000000086500000, 0x0000000086500000| Complete 
|   3|0x0000000086500000, 0x0000000086600000, 0x0000000086600000|100%| O|  |TAMS 0x0000000086600000, 0x0000000086600000| Untracked 
|   4|0x0000000086600000, 0x0000000086700000, 0x0000000086700000|100%| O|  |TAMS 0x0000000086700000, 0x0000000086700000| Untracked 
|   5|0x0000000086700000, 0x0000000086700000, 0x0000000086800000|  0%| F|  |TAMS 0x0000000086700000, 0x0000000086700000| Untracked 
|   6|0x0000000086800000, 0x0000000086900000, 0x0000000086900000|100%|HS|  |TAMS 0x0000000086800000, 0x0000000086900000| Complete 
|   7|0x0000000086900000, 0x0000000086a00000, 0x0000000086a00000|100%|HC|  |TAMS 0x0000000086900000, 0x0000000086a00000| Complete 
|   8|0x0000000086a00000, 0x0000000086b00000, 0x0000000086b00000|100%|HC|  |TAMS 0x0000000086a00000, 0x0000000086b00000| Complete 
|   9|0x0000000086b00000, 0x0000000086b00000, 0x0000000086c00000|  0%| F|  |TAMS 0x0000000086b00000, 0x0000000086b00000| Untracked 
|  10|0x0000000086c00000, 0x0000000086c00000, 0x0000000086d00000|  0%| F|  |TAMS 0x0000000086c00000, 0x0000000086c00000| Untracked 
|  11|0x0000000086d00000, 0x0000000086d00000, 0x0000000086e00000|  0%| F|  |TAMS 0x0000000086d00000, 0x0000000086d00000| Untracked 
|  12|0x0000000086e00000, 0x0000000086e00000, 0x0000000086f00000|  0%| F|  |TAMS 0x0000000086e00000, 0x0000000086e00000| Untracked 
|  13|0x0000000086f00000, 0x0000000086f00000, 0x0000000087000000|  0%| F|  |TAMS 0x0000000086f00000, 0x0000000086f00000| Untracked 
|  14|0x0000000087000000, 0x0000000087000000, 0x0000000087100000|  0%| F|  |TAMS 0x0000000087000000, 0x0000000087000000| Untracked 
|  15|0x0000000087100000, 0x0000000087100000, 0x0000000087200000|  0%| F|  |TAMS 0x0000000087100000, 0x0000000087100000| Untracked 
|  16|0x0000000087200000, 0x0000000087300000, 0x0000000087300000|100%| O|  |TAMS 0x0000000087200000, 0x0000000087300000| Untracked 
|  17|0x0000000087300000, 0x0000000087400000, 0x0000000087400000|100%| O|  |TAMS 0x0000000087300000, 0x0000000087400000| Untracked 
|  18|0x0000000087400000, 0x0000000087500000, 0x0000000087500000|100%| O|  |TAMS 0x0000000087400000, 0x0000000087500000| Untracked 
|  19|0x0000000087500000, 0x0000000087600000, 0x0000000087600000|100%| O|  |TAMS 0x0000000087500000, 0x0000000087600000| Untracked 
|  20|0x0000000087600000, 0x0000000087700000, 0x0000000087700000|100%| O|  |TAMS 0x0000000087600000, 0x0000000087700000| Untracked 
|  21|0x0000000087700000, 0x0000000087800000, 0x0000000087800000|100%| O|  |TAMS 0x0000000087700000, 0x0000000087800000| Untracked 
|  22|0x0000000087800000, 0x0000000087900000, 0x0000000087900000|100%| O|  |TAMS 0x0000000087800000, 0x0000000087900000| Untracked 
|  23|0x0000000087900000, 0x0000000087a00000, 0x0000000087a00000|100%| O|  |TAMS 0x0000000087900000, 0x0000000087a00000| Untracked 
|  24|0x0000000087a00000, 0x0000000087b00000, 0x0000000087b00000|100%| O|  |TAMS 0x0000000087a00000, 0x0000000087b00000| Untracked 
|  25|0x0000000087b00000, 0x0000000087c00000, 0x0000000087c00000|100%| O|  |TAMS 0x0000000087b00000, 0x0000000087c00000| Untracked 
|  26|0x0000000087c00000, 0x0000000087c04200, 0x0000000087d00000|  1%| O|  |TAMS 0x0000000087c00000, 0x0000000087c04200| Untracked 
|  27|0x0000000087d00000, 0x0000000087d00000, 0x0000000087e00000|  0%| F|  |TAMS 0x0000000087d00000, 0x0000000087d00000| Untracked 
|  28|0x0000000087e00000, 0x0000000087e00000, 0x0000000087f00000|  0%| F|  |TAMS 0x0000000087e00000, 0x0000000087e00000| Untracked 
|  29|0x0000000087f00000, 0x0000000087f00000, 0x0000000088000000|  0%| F|  |TAMS 0x0000000087f00000, 0x0000000087f00000| Untracked 
|  30|0x0000000088000000, 0x00000000880ac880, 0x0000000088100000| 67%| S|CS|TAMS 0x0000000088000000, 0x0000000088000000| Complete 
|  31|0x0000000088100000, 0x0000000088100000, 0x0000000088200000|  0%| F|  |TAMS 0x0000000088100000, 0x0000000088100000| Untracked 
|  32|0x0000000088200000, 0x0000000088200000, 0x0000000088300000|  0%| F|  |TAMS 0x0000000088200000, 0x0000000088200000| Untracked 
|  33|0x0000000088300000, 0x0000000088300000, 0x0000000088400000|  0%| F|  |TAMS 0x0000000088300000, 0x0000000088300000| Untracked 
|  34|0x0000000088400000, 0x0000000088400000, 0x0000000088500000|  0%| F|  |TAMS 0x0000000088400000, 0x0000000088400000| Untracked 
| 117|0x000000008d700000, 0x000000008d700000, 0x000000008d800000|  0%| F|  |TAMS 0x000000008d700000, 0x000000008d700000| Untracked 
| 118|0x000000008d800000, 0x000000008d800000, 0x000000008d900000|  0%| F|  |TAMS 0x000000008d800000, 0x000000008d800000| Untracked 
| 119|0x000000008d900000, 0x000000008d9bf720, 0x000000008da00000| 74%| E|  |TAMS 0x000000008d900000, 0x000000008d900000| Complete 
| 120|0x000000008da00000, 0x000000008db00000, 0x000000008db00000|100%| E|CS|TAMS 0x000000008da00000, 0x000000008da00000| Complete 
| 121|0x000000008db00000, 0x000000008dc00000, 0x000000008dc00000|100%| E|CS|TAMS 0x000000008db00000, 0x000000008db00000| Complete 

Card table byte_map: [0x00007f32fa686000,0x00007f32faa55000] _byte_map_base: 0x00007f32fa255000

Marking Bits (Prev, Next): (CMBitMap*) 0x00007f32f4080540, (CMBitMap*) 0x00007f32f4080500
 Prev Bits: [0x00007f32dfb88000, 0x00007f32e1a00000)
 Next Bits: [0x00007f32f843f000, 0x00007f32fa2b7000)

Polling page: 0x00007f32fcd4c000

Metaspace:

Usage:
  Non-class:     26.28 MB used.
      Class:      3.53 MB used.
       Both:     29.81 MB used.

Virtual space:
  Non-class space:       64.00 MB reserved,      26.44 MB ( 41%) committed,  1 nodes.
      Class space:        1.00 GB reserved,       3.62 MB ( <1%) committed,  1 nodes.
             Both:        1.06 GB reserved,      30.06 MB (  3%) committed. 

Chunk freelists:
   Non-Class:  5.59 MB
       Class:  12.33 MB
        Both:  17.92 MB

MaxMetaspaceSize: unlimited
CompressedClassSpaceSize: 1.00 GB
Initial GC threshold: 21.00 MB
Current GC threshold: 35.25 MB
CDS: off
MetaspaceReclaimPolicy: balanced
 - commit_granule_bytes: 65536.
 - commit_granule_words: 8192.
 - virtual_space_node_default_size: 8388608.
 - enlarge_chunks_in_place: 1.
 - new_chunks_are_fully_committed: 0.
 - uncommit_free_chunks: 1.
 - use_allocation_guard: 0.
 - handle_deallocations: 1.


Internal statistics:

num_allocs_failed_limit: 3.
num_arena_births: 182.
num_arena_deaths: 0.
num_vsnodes_births: 2.
num_vsnodes_deaths: 0.
num_space_committed: 481.
num_space_uncommitted: 0.
num_chunks_returned_to_freelist: 3.
num_chunks_taken_from_freelist: 915.
num_chunk_merges: 3.
num_chunk_splits: 694.
num_chunks_enlarged: 595.
num_inconsistent_stats: 0.

CodeHeap 'non-profiled nmethods': size=120032Kb used=728Kb max_used=728Kb free=119303Kb
 bounds [0x00007f32e94c8000, 0x00007f32e9738000, 0x00007f32f0a00000]
CodeHeap 'profiled nmethods': size=120028Kb used=3471Kb max_used=3471Kb free=116556Kb
 bounds [0x00007f32e1a00000, 0x00007f32e1d70000, 0x00007f32e8f37000]
CodeHeap 'non-nmethods': size=5700Kb used=1224Kb max_used=1256Kb free=4475Kb
 bounds [0x00007f32e8f37000, 0x00007f32e91a7000, 0x00007f32e94c8000]
 total_blobs=2530 nmethods=1992 adapters=452
 compilation: enabled
              stopped_count=0, restarted_count=0
 full_count=0

Compilation events (20 events):
Event: 1.029 Thread 0x00007f32f41bb200 nmethod 1966 0x00007f32e9578810 code [0x00007f32e95789a0, 0x00007f32e9578a70]
Event: 1.029 Thread 0x00007f32f41bb200 1968       1       jdk.internal.org.objectweb.asm.ClassReader::getMaxStringLength (5 bytes)
Event: 1.029 Thread 0x00007f32f41bb200 nmethod 1968 0x00007f32e9578b10 code [0x00007f32e9578ca0, 0x00007f32e9578d70]
Event: 1.039 Thread 0x00007f32f41bb200 1970       3       java.lang.invoke.InnerClassLambdaMetafactory::getOpcodeOffset (38 bytes)
Event: 1.039 Thread 0x00007f32f41bb200 nmethod 1970 0x00007f32e1d54090 code [0x00007f32e1d54260, 0x00007f32e1d54530]
Event: 1.046 Thread 0x00007f32f41bb200 1971       3       java.lang.Package::<init> (47 bytes)
Event: 1.046 Thread 0x00007f32f41bb200 nmethod 1971 0x00007f32e1d54610 code [0x00007f32e1d54800, 0x00007f32e1d54c60]
Event: 1.046 Thread 0x00007f32f41bb200 1972       3       java.lang.Package$VersionInfo::getInstance (53 bytes)
Event: 1.046 Thread 0x00007f32f41bb200 nmethod 1972 0x00007f32e1d54e90 code [0x00007f32e1d55060, 0x00007f32e1d55420]
Event: 1.050 Thread 0x00007f32f41bb200 1973       3       java.lang.invoke.TypeConvertingMethodAdapter::cast (42 bytes)
Event: 1.050 Thread 0x00007f32f41bb200 nmethod 1973 0x00007f32e1d55510 code [0x00007f32e1d55700, 0x00007f32e1d55b60]
Event: 1.052 Thread 0x00007f32f41bb200 1975       3       java.lang.invoke.VarHandle::checkExactAccessMode (28 bytes)
Event: 1.053 Thread 0x00007f32f41bb200 nmethod 1975 0x00007f32e1d55d10 code [0x00007f32e1d55f60, 0x00007f32e1d56b00]
Event: 1.053 Thread 0x00007f32f41bb200 1976       3       java.lang.invoke.VarForm::getMemberName (31 bytes)
Event: 1.053 Thread 0x00007f32f41bb200 nmethod 1976 0x00007f32e1d56e90 code [0x00007f32e1d57060, 0x00007f32e1d572f0]
Event: 1.057 Thread 0x00007f32f41bb200 1978   !   3       java.util.concurrent.ConcurrentHashMap::replaceNode (437 bytes)
Event: 1.058 Thread 0x00007f32f41bb200 nmethod 1978 0x00007f32e1d57410 code [0x00007f32e1d57780, 0x00007f32e1d58ff0]
Event: 1.058 Thread 0x00007f32f41bb200 1980       3       sun.invoke.util.VerifyAccess::isTypeVisible (47 bytes)
Event: 1.058 Thread 0x00007f32f41bb200 nmethod 1980 0x00007f32e1d59d10 code [0x00007f32e1d59f00, 0x00007f32e1d5a310]
Event: 1.058 Thread 0x00007f32f41bb200 1981       3       java.lang.invoke.DirectMethodHandle::preparedLambdaForm (244 bytes)

GC Heap History (12 events):
Event: 0.400 GC heap before
{Heap before GC invocations=0 (full 0):
 garbage-first heap   total 124928K, used 24576K [0x0000000086200000, 0x0000000100000000)
  region size 1024K, 21 young (21504K), 0 survivors (0K)
 Metaspace       used 13574K, committed 13696K, reserved 1114112K
  class space    used 1332K, committed 1408K, reserved 1048576K
}
Event: 0.404 GC heap after
{Heap after GC invocations=1 (full 0):
 garbage-first heap   total 124928K, used 6080K [0x0000000086200000, 0x0000000100000000)
  region size 1024K, 3 young (3072K), 3 survivors (3072K)
 Metaspace       used 13574K, committed 13696K, reserved 1114112K
  class space    used 1332K, committed 1408K, reserved 1048576K
}
Event: 0.732 GC heap before
{Heap before GC invocations=1 (full 0):
 garbage-first heap   total 124928K, used 36800K [0x0000000086200000, 0x0000000100000000)
  region size 1024K, 33 young (33792K), 3 survivors (3072K)
 Metaspace       used 21191K, committed 21440K, reserved 1114112K
  class space    used 2330K, committed 2432K, reserved 1048576K
}
Event: 0.740 GC heap after
{Heap after GC invocations=2 (full 0):
 garbage-first heap   total 124928K, used 9323K [0x0000000086200000, 0x0000000100000000)
  region size 1024K, 4 young (4096K), 4 survivors (4096K)
 Metaspace       used 21191K, committed 21440K, reserved 1114112K
  class space    used 2330K, committed 2432K, reserved 1048576K
}
Event: 0.745 GC heap before
{Heap before GC invocations=2 (full 0):
 garbage-first heap   total 124928K, used 9323K [0x0000000086200000, 0x0000000100000000)
  region size 1024K, 5 young (5120K), 4 survivors (4096K)
 Metaspace       used 21345K, committed 21504K, reserved 1114112K
  class space    used 2349K, committed 2432K, reserved 1048576K
}
Event: 0.749 GC heap after
{Heap after GC invocations=3 (full 0):
 garbage-first heap   total 124928K, used 9513K [0x0000000086200000, 0x0000000100000000)
  region size 1024K, 4 young (4096K), 4 survivors (4096K)
 Metaspace       used 21345K, committed 21504K, reserved 1114112K
  class space    used 2349K, committed 2432K, reserved 1048576K
}
Event: 0.933 GC heap before
{Heap before GC invocations=4 (full 0):
 garbage-first heap   total 37888K, used 28969K [0x0000000086200000, 0x0000000100000000)
  region size 1024K, 21 young (21504K), 4 survivors (4096K)
 Metaspace       used 25971K, committed 26176K, reserved 1114112K
  class space    used 2877K, committed 2944K, reserved 1048576K
}
Event: 0.942 GC heap after
{Heap after GC invocations=5 (full 0):
 garbage-first heap   total 40960K, used 18773K [0x0000000086200000, 0x0000000100000000)
  region size 1024K, 10 young (10240K), 10 survivors (10240K)
 Metaspace       used 25971K, committed 26176K, reserved 1114112K
  class space    used 2877K, committed 2944K, reserved 1048576K
}
Event: 0.966 GC heap before
{Heap before GC invocations=5 (full 0):
 garbage-first heap   total 40960K, used 19797K [0x0000000086200000, 0x0000000100000000)
  region size 1024K, 11 young (11264K), 10 survivors (10240K)
 Metaspace       used 26843K, committed 27072K, reserved 1114112K
  class space    used 2977K, committed 3072K, reserved 1048576K
}
Event: 0.974 GC heap after
{Heap after GC invocations=6 (full 0):
 garbage-first heap   total 40960K, used 19472K [0x0000000086200000, 0x0000000100000000)
  region size 1024K, 1 young (1024K), 1 survivors (1024K)
 Metaspace       used 26843K, committed 27072K, reserved 1114112K
  class space    used 2977K, committed 3072K, reserved 1048576K
}
Event: 1.055 GC heap before
{Heap before GC invocations=6 (full 0):
 garbage-first heap   total 40960K, used 26640K [0x0000000086200000, 0x0000000100000000)
  region size 1024K, 9 young (9216K), 1 survivors (1024K)
 Metaspace       used 29205K, committed 29376K, reserved 1114112K
  class space    used 3296K, committed 3392K, reserved 1048576K
}
Event: 1.056 GC heap after
{Heap after GC invocations=7 (full 0):
 garbage-first heap   total 40960K, used 19138K [0x0000000086200000, 0x0000000100000000)
  region size 1024K, 1 young (1024K), 1 survivors (1024K)
 Metaspace       used 29205K, committed 29376K, reserved 1114112K
  class space    used 3296K, committed 3392K, reserved 1048576K
}

Dll operation events (7 events):
Event: 0.001 Loaded shared library /home/andriodpc/Downloads/android-studio-2023.1.1.26-linux/android-studio/jbr/lib/libjava.so
Event: 0.097 Loaded shared library /home/andriodpc/Downloads/android-studio-2023.1.1.26-linux/android-studio/jbr/lib/libnio.so
Event: 0.115 Loaded shared library /home/andriodpc/Downloads/android-studio-2023.1.1.26-linux/android-studio/jbr/lib/libzip.so
Event: 0.158 Loaded shared library /home/andriodpc/Downloads/android-studio-2023.1.1.26-linux/android-studio/jbr/lib/libverify.so
Event: 0.161 Loaded shared library /home/andriodpc/Downloads/android-studio-2023.1.1.26-linux/android-studio/jbr/lib/libjimage.so
Event: 0.214 Loaded shared library /tmp/libjansi-1.6.21-release-334(1.6.21)-7145668571968316198.so
Event: 0.883 Loaded shared library /home/andriodpc/Downloads/android-studio-2023.1.1.26-linux/android-studio/jbr/lib/libnet.so

Deoptimization events (20 events):
Event: 0.899 Thread 0x00007f32f4025f70 DEOPT PACKING pc=0x00007f32e1d11730 sp=0x00007f32fc9fd9d0
Event: 0.899 Thread 0x00007f32f4025f70 DEOPT UNPACKING pc=0x00007f32e8f8de2f sp=0x00007f32fc9fce98 mode 0
Event: 0.899 Thread 0x00007f32f4025f70 DEOPT PACKING pc=0x00007f32e1d11730 sp=0x00007f32fc9fd9d0
Event: 0.899 Thread 0x00007f32f4025f70 DEOPT UNPACKING pc=0x00007f32e8f8de2f sp=0x00007f32fc9fce98 mode 0
Event: 0.899 Thread 0x00007f32f4025f70 DEOPT PACKING pc=0x00007f32e1d11730 sp=0x00007f32fc9fd9d0
Event: 0.899 Thread 0x00007f32f4025f70 DEOPT UNPACKING pc=0x00007f32e8f8de2f sp=0x00007f32fc9fce98 mode 0
Event: 0.900 Thread 0x00007f32f4025f70 DEOPT PACKING pc=0x00007f32e1d11730 sp=0x00007f32fc9fd9d0
Event: 0.900 Thread 0x00007f32f4025f70 DEOPT UNPACKING pc=0x00007f32e8f8de2f sp=0x00007f32fc9fce98 mode 0
Event: 0.900 Thread 0x00007f32f4025f70 DEOPT PACKING pc=0x00007f32e1d11730 sp=0x00007f32fc9fd9d0
Event: 0.900 Thread 0x00007f32f4025f70 DEOPT UNPACKING pc=0x00007f32e8f8de2f sp=0x00007f32fc9fce98 mode 0
Event: 0.900 Thread 0x00007f32f4025f70 DEOPT PACKING pc=0x00007f32e1d11730 sp=0x00007f32fc9fd9d0
Event: 0.900 Thread 0x00007f32f4025f70 DEOPT UNPACKING pc=0x00007f32e8f8de2f sp=0x00007f32fc9fce98 mode 0
Event: 0.900 Thread 0x00007f32f4025f70 DEOPT PACKING pc=0x00007f32e1d11730 sp=0x00007f32fc9fd9d0
Event: 0.900 Thread 0x00007f32f4025f70 DEOPT UNPACKING pc=0x00007f32e8f8de2f sp=0x00007f32fc9fce98 mode 0
Event: 0.923 Thread 0x00007f32f4025f70 Uncommon trap: trap_request=0xffffff45 fr.pc=0x00007f32e9563ec0 relative=0x00000000000000a0
Event: 0.923 Thread 0x00007f32f4025f70 Uncommon trap: reason=unstable_if action=reinterpret pc=0x00007f32e9563ec0 method=jdk.internal.misc.Unsafe.getLongUnaligned(Ljava/lang/Object;J)J @ 7 c2
Event: 0.923 Thread 0x00007f32f4025f70 DEOPT PACKING pc=0x00007f32e9563ec0 sp=0x00007f32fc9fcaa0
Event: 0.923 Thread 0x00007f32f4025f70 DEOPT UNPACKING pc=0x00007f32e8f8d699 sp=0x00007f32fc9fca70 mode 2
Event: 0.928 Thread 0x00007f32f4025f70 DEOPT PACKING pc=0x00007f32e1c5b171 sp=0x00007f32fc9fca70
Event: 0.928 Thread 0x00007f32f4025f70 DEOPT UNPACKING pc=0x00007f32e8f8de2f sp=0x00007f32fc9fbfa0 mode 0

Classes unloaded (0 events):
No events

Classes redefined (0 events):
No events

Internal exceptions (20 events):
Event: 0.616 Thread 0x00007f32f4025f70 Exception <a 'java/lang/NoSuchMethodError'{0x000000008c82fcc8}: 'int java.lang.invoke.DelegatingMethodHandle$Holder.reinvoke_L(java.lang.Object, java.lang.Object, java.lang.Object, long, java.lang.Object, java.lang.Object)'> (0x000000008c82fcc8) 
thrown [src/hotspot/share/interpreter/linkResolver.cpp, line 771]
Event: 0.617 Thread 0x00007f32f4025f70 Exception <a 'java/lang/NoSuchMethodError'{0x000000008c83e848}: 'void java.lang.invoke.DelegatingMethodHandle$Holder.reinvoke_L(java.lang.Object, java.lang.Object, java.lang.Object, long, java.lang.Object)'> (0x000000008c83e848) 
thrown [src/hotspot/share/interpreter/linkResolver.cpp, line 771]
Event: 0.618 Thread 0x00007f32f4025f70 Exception <a 'java/lang/NoSuchMethodError'{0x000000008c846480}: 'java.lang.Object java.lang.invoke.DirectMethodHandle$Holder.invokeSpecial(java.lang.Object, java.lang.Object, java.lang.Object, java.lang.Object, long)'> (0x000000008c846480) 
thrown [src/hotspot/share/interpreter/linkResolver.cpp, line 771]
Event: 0.619 Thread 0x00007f32f4025f70 Exception <a 'java/lang/NoSuchMethodError'{0x000000008c85ebe0}: 'long java.lang.invoke.Invokers$Holder.invoke_MT(java.lang.Object, java.lang.Object, java.lang.Object, java.lang.Object)'> (0x000000008c85ebe0) 
thrown [src/hotspot/share/interpreter/linkResolver.cpp, line 771]
Event: 0.620 Thread 0x00007f32f4025f70 Exception <a 'java/lang/NoSuchMethodError'{0x000000008c86a3b8}: 'int java.lang.invoke.DirectMethodHandle$Holder.invokeSpecial(java.lang.Object, java.lang.Object, java.lang.Object)'> (0x000000008c86a3b8) 
thrown [src/hotspot/share/interpreter/linkResolver.cpp, line 771]
Event: 0.620 Thread 0x00007f32f4025f70 Exception <a 'java/lang/NoSuchMethodError'{0x000000008c86e3e8}: 'int java.lang.invoke.DirectMethodHandle$Holder.invokeSpecial(java.lang.Object, java.lang.Object, java.lang.Object, java.lang.Object)'> (0x000000008c86e3e8) 
thrown [src/hotspot/share/interpreter/linkResolver.cpp, line 771]
Event: 0.620 Thread 0x00007f32f4025f70 Exception <a 'java/lang/NoSuchMethodError'{0x000000008c871a50}: 'int java.lang.invoke.Invokers$Holder.invoke_MT(java.lang.Object, java.lang.Object, java.lang.Object, java.lang.Object)'> (0x000000008c871a50) 
thrown [src/hotspot/share/interpreter/linkResolver.cpp, line 771]
Event: 0.621 Thread 0x00007f32f4025f70 Exception <a 'java/lang/NoSuchMethodError'{0x000000008c8ce5b8}: 'int java.lang.invoke.DelegatingMethodHandle$Holder.reinvoke_L(java.lang.Object, java.lang.Object, java.lang.Object, long, int)'> (0x000000008c8ce5b8) 
thrown [src/hotspot/share/interpreter/linkResolver.cpp, line 771]
Event: 0.668 Thread 0x00007f32f4025f70 Exception <a 'java/lang/NoSuchMethodError'{0x000000008c123418}: 'java.lang.Object java.lang.invoke.DirectMethodHandle$Holder.invokeStaticInit(java.lang.Object)'> (0x000000008c123418) 
thrown [src/hotspot/share/interpreter/linkResolver.cpp, line 771]
Event: 0.743 Thread 0x00007f32f4025f70 Exception <a 'java/lang/NoSuchMethodError'{0x000000008db3c660}: 'java.lang.Object java.lang.invoke.DirectMethodHandle$Holder.invokeStaticInit(java.lang.Object, int)'> (0x000000008db3c660) 
thrown [src/hotspot/share/interpreter/linkResolver.cpp, line 771]
Event: 0.752 Thread 0x00007f32f4025f70 Exception <a 'java/lang/NoSuchMethodError'{0x000000008db4cd18}: 'void java.lang.invoke.DirectMethodHandle$Holder.invokeStatic(java.lang.Object, java.lang.Object)'> (0x000000008db4cd18) 
thrown [src/hotspot/share/interpreter/linkResolver.cpp, line 771]
Event: 0.768 Thread 0x00007f32f4025f70 Exception <a 'java/lang/NoSuchMethodError'{0x000000008818f3d8}: 'long java.lang.invoke.DirectMethodHandle$Holder.invokeStatic(java.lang.Object)'> (0x000000008818f3d8) 
thrown [src/hotspot/share/interpreter/linkResolver.cpp, line 771]
Event: 0.768 Thread 0x00007f32f4025f70 Exception <a 'java/lang/NoSuchMethodError'{0x0000000088192b30}: 'long java.lang.invoke.DirectMethodHandle$Holder.invokeStaticInit(java.lang.Object)'> (0x0000000088192b30) 
thrown [src/hotspot/share/interpreter/linkResolver.cpp, line 771]
Event: 0.800 Thread 0x00007f32f4025f70 Exception <a 'java/lang/NoSuchMethodError'{0x0000000087d09f38}: 'int java.lang.invoke.DirectMethodHandle$Holder.invokeStaticInit(java.lang.Object, java.lang.Object, java.lang.Object)'> (0x0000000087d09f38) 
thrown [src/hotspot/share/interpreter/linkResolver.cpp, line 771]
Event: 0.802 Thread 0x00007f32f4025f70 Exception <a 'java/lang/NoSuchMethodError'{0x0000000087d315f0}: 'int java.lang.invoke.DirectMethodHandle$Holder.invokeStaticInit(java.lang.Object, java.lang.Object)'> (0x0000000087d315f0) 
thrown [src/hotspot/share/interpreter/linkResolver.cpp, line 771]
Event: 0.811 Thread 0x00007f32f4025f70 Exception <a 'java/lang/NoSuchMethodError'{0x0000000087c0a6d8}: 'void java.lang.invoke.DirectMethodHandle$Holder.invokeSpecial(java.lang.Object, java.lang.Object, java.lang.Object)'> (0x0000000087c0a6d8) 
thrown [src/hotspot/share/interpreter/linkResolver.cpp, line 771]
Event: 0.976 Thread 0x00007f32f4025f70 Exception <a 'sun/nio/fs/UnixException'{0x000000008db18a78}> (0x000000008db18a78) 
thrown [src/hotspot/share/prims/jni.cpp, line 517]
Event: 0.977 Thread 0x00007f32f4025f70 Exception <a 'java/lang/NoSuchMethodError'{0x000000008db1fef8}: 'void java.lang.invoke.DirectMethodHandle$Holder.invokeStatic(java.lang.Object, java.lang.Object, java.lang.Object, java.lang.Object)'> (0x000000008db1fef8) 
thrown [src/hotspot/share/interpreter/linkResolver.cpp, line 771]
Event: 1.012 Thread 0x00007f32f4025f70 Exception <a 'java/lang/NoSuchMethodError'{0x000000008d7cdd38}: 'void java.lang.invoke.DirectMethodHandle$Holder.invokeStaticInit(java.lang.Object, java.lang.Object)'> (0x000000008d7cdd38) 
thrown [src/hotspot/share/interpreter/linkResolver.cpp, line 771]
Event: 1.052 Thread 0x00007f32f4025f70 Exception <a 'java/lang/NoSuchMethodError'{0x00000000881b5aa8}: 'void java.lang.invoke.DirectMethodHandle$Holder.invokeVirtual(java.lang.Object, java.lang.Object)'> (0x00000000881b5aa8) 
thrown [src/hotspot/share/interpreter/linkResolver.cpp, line 771]

VM Operations (20 events):
Event: 0.866 Executing VM operation: HandshakeAllThreads
Event: 0.866 Executing VM operation: HandshakeAllThreads done
Event: 0.868 Executing VM operation: HandshakeAllThreads
Event: 0.868 Executing VM operation: HandshakeAllThreads done
Event: 0.873 Executing VM operation: HandshakeAllThreads
Event: 0.873 Executing VM operation: HandshakeAllThreads done
Event: 0.875 Executing VM operation: HandshakeAllThreads
Event: 0.875 Executing VM operation: HandshakeAllThreads done
Event: 0.880 Executing VM operation: HandshakeAllThreads
Event: 0.880 Executing VM operation: HandshakeAllThreads done
Event: 0.880 Executing VM operation: HandshakeAllThreads
Event: 0.880 Executing VM operation: HandshakeAllThreads done
Event: 0.933 Executing VM operation: G1CollectForAllocation
Event: 0.942 Executing VM operation: G1CollectForAllocation done
Event: 0.966 Executing VM operation: G1CollectForAllocation
Event: 0.974 Executing VM operation: G1CollectForAllocation done
Event: 0.993 Executing VM operation: HandshakeAllThreads
Event: 0.993 Executing VM operation: HandshakeAllThreads done
Event: 1.055 Executing VM operation: G1CollectForAllocation
Event: 1.056 Executing VM operation: G1CollectForAllocation done

Events (20 events):
Event: 0.963 loading class com/sun/org/apache/xerces/internal/impl/io/MalformedByteSequenceException
Event: 0.963 loading class java/io/CharConversionException
Event: 0.963 loading class java/io/CharConversionException done
Event: 0.963 loading class com/sun/org/apache/xerces/internal/impl/io/MalformedByteSequenceException done
Event: 0.964 loading class java/text/ParseException
Event: 0.964 loading class java/text/ParseException done
Event: 0.965 loading class java/util/ConcurrentModificationException
Event: 0.965 loading class java/util/ConcurrentModificationException done
Event: 0.976 loading class sun/nio/fs/UnixException
Event: 0.976 loading class sun/nio/fs/UnixException done
Event: 0.988 loading class java/util/concurrent/atomic/AtomicReferenceArray
Event: 0.988 loading class java/util/concurrent/atomic/AtomicReferenceArray done
Event: 0.988 loading class java/lang/invoke/VarHandleReferences$Array
Event: 0.988 loading class java/lang/invoke/VarHandleReferences$Array done
Event: 1.041 loading class jdk/internal/reflect/UnsafeStaticIntegerFieldAccessorImpl
Event: 1.041 loading class jdk/internal/reflect/UnsafeStaticIntegerFieldAccessorImpl done
Event: 1.049 loading class javax/swing/Icon
Event: 1.049 loading class javax/swing/Icon done
Event: 1.050 loading class sun/invoke/util/VerifyAccess$1
Event: 1.050 loading class sun/invoke/util/VerifyAccess$1 done


Dynamic libraries:
00200000-00201000 r--p 00000000 08:02 28324202                           /home/andriodpc/Downloads/android-studio-2023.1.1.26-linux/android-studio/jbr/bin/java
00201000-00202000 r-xp 00000000 08:02 28324202                           /home/andriodpc/Downloads/android-studio-2023.1.1.26-linux/android-studio/jbr/bin/java
00202000-00203000 r--p 00000000 08:02 28324202                           /home/andriodpc/Downloads/android-studio-2023.1.1.26-linux/android-studio/jbr/bin/java
00203000-00204000 rw-p 00000000 08:02 28324202                           /home/andriodpc/Downloads/android-studio-2023.1.1.26-linux/android-studio/jbr/bin/java
00d1a000-00d62000 rw-p 00000000 00:00 0                                  [heap]
86200000-88500000 rw-p 00000000 00:00 0 
88500000-8d700000 ---p 00000000 00:00 0 
8d700000-8dc00000 rw-p 00000000 00:00 0 
8dc00000-100000000 ---p 00000000 00:00 0 
100000000-100030000 rw-p 00000000 00:00 0 
100030000-1000b0000 rw-p 00000000 00:00 0 
1000b0000-100150000 rw-p 00000000 00:00 0 
100150000-100170000 rw-p 00000000 00:00 0 
100170000-1001f0000 rw-p 00000000 00:00 0 
1001f0000-1002f0000 rw-p 00000000 00:00 0 
1002f0000-100300000 ---p 00000000 00:00 0 
100300000-1003c0000 rw-p 00000000 00:00 0 
1003c0000-140000000 ---p 00000000 00:00 0 
7f3274000000-7f3274021000 rw-p 00000000 00:00 0 
7f3274021000-7f3278000000 ---p 00000000 00:00 0 
7f3278000000-7f3278021000 rw-p 00000000 00:00 0 
7f3278021000-7f327c000000 ---p 00000000 00:00 0 
7f327c000000-7f327c021000 rw-p 00000000 00:00 0 
7f327c021000-7f3280000000 ---p 00000000 00:00 0 
7f3280000000-7f3280021000 rw-p 00000000 00:00 0 
7f3280021000-7f3284000000 ---p 00000000 00:00 0 
7f3284000000-7f3284021000 rw-p 00000000 00:00 0 
7f3284021000-7f3288000000 ---p 00000000 00:00 0 
7f3288000000-7f3288021000 rw-p 00000000 00:00 0 
7f3288021000-7f328c000000 ---p 00000000 00:00 0 
7f328c000000-7f328c5b7000 rw-p 00000000 00:00 0 
7f328c5b7000-7f3290000000 ---p 00000000 00:00 0 
7f3292f08000-7f32935f4000 rw-p 00000000 00:00 0 
7f32935f4000-7f32935f5000 ---p 00000000 00:00 0 
7f32935f5000-7f32936f6000 rw-p 00000000 00:00 0 
7f32936f6000-7f32936f7000 ---p 00000000 00:00 0 
7f32936f7000-7f32937f8000 rw-p 00000000 00:00 0 
7f32937f8000-7f32937f9000 ---p 00000000 00:00 0 
7f32937f9000-7f32938fa000 rw-p 00000000 00:00 0 
7f32938fa000-7f32938fb000 ---p 00000000 00:00 0 
7f32938fb000-7f32939fc000 rw-p 00000000 00:00 0 
7f32939fc000-7f32939fd000 ---p 00000000 00:00 0 
7f32939fd000-7f3293afe000 rw-p 00000000 00:00 0 
7f3293afe000-7f3293aff000 ---p 00000000 00:00 0 
7f3293aff000-7f3293c00000 rw-p 00000000 00:00 0 
7f3293c00000-7f3293c03000 r-xp 00000000 08:02 15466537                   /tmp/libjansi-1.6.21-release-334(1.6.21)-7145668571968316198.so
7f3293c03000-7f3293e02000 ---p 00003000 08:02 15466537                   /tmp/libjansi-1.6.21-release-334(1.6.21)-7145668571968316198.so
7f3293e02000-7f3293e03000 rw-p 00002000 08:02 15466537                   /tmp/libjansi-1.6.21-release-334(1.6.21)-7145668571968316198.so
7f3293f00000-7f3293f04000 ---p 00000000 00:00 0 
7f3293f04000-7f3294000000 rw-p 00000000 00:00 0 
7f3294000000-7f3294021000 rw-p 00000000 00:00 0 
7f3294021000-7f3298000000 ---p 00000000 00:00 0 
7f3298000000-7f3298021000 rw-p 00000000 00:00 0 
7f3298021000-7f329c000000 ---p 00000000 00:00 0 
7f329c000000-7f329c021000 rw-p 00000000 00:00 0 
7f329c021000-7f32a0000000 ---p 00000000 00:00 0 
7f32a0000000-7f32a0021000 rw-p 00000000 00:00 0 
7f32a0021000-7f32a4000000 ---p 00000000 00:00 0 
7f32a4000000-7f32a4980000 rw-p 00000000 00:00 0 
7f32a4980000-7f32a8000000 ---p 00000000 00:00 0 
7f32a8000000-7f32a8418000 rw-p 00000000 00:00 0 
7f32a8418000-7f32ac000000 ---p 00000000 00:00 0 
7f32ac000000-7f32ac021000 rw-p 00000000 00:00 0 
7f32ac021000-7f32b0000000 ---p 00000000 00:00 0 
7f32b0000000-7f32b0021000 rw-p 00000000 00:00 0 
7f32b0021000-7f32b4000000 ---p 00000000 00:00 0 
7f32b4000000-7f32b4021000 rw-p 00000000 00:00 0 
7f32b4021000-7f32b8000000 ---p 00000000 00:00 0 
7f32b8000000-7f32b8021000 rw-p 00000000 00:00 0 
7f32b8021000-7f32bc000000 ---p 00000000 00:00 0 
7f32bc000000-7f32bc021000 rw-p 00000000 00:00 0 
7f32bc021000-7f32c0000000 ---p 00000000 00:00 0 
7f32c0000000-7f32c0021000 rw-p 00000000 00:00 0 
7f32c0021000-7f32c4000000 ---p 00000000 00:00 0 
7f32c4000000-7f32c44f0000 rw-p 00000000 00:00 0 
7f32c44f0000-7f32c4570000 rw-p 00000000 00:00 0 
7f32c4570000-7f32c45f0000 rw-p 00000000 00:00 0 
7f32c45f0000-7f32c4670000 rw-p 00000000 00:00 0 
7f32c4670000-7f32c46f0000 rw-p 00000000 00:00 0 
7f32c46f0000-7f32c4970000 rw-p 00000000 00:00 0 
7f32c4970000-7f32c49f0000 rw-p 00000000 00:00 0 
7f32c49f0000-7f32c4cf0000 rw-p 00000000 00:00 0 
7f32c4cf0000-7f32c4df0000 rw-p 00000000 00:00 0 
7f32c4df0000-7f32c50f0000 rw-p 00000000 00:00 0 
7f32c50f0000-7f32c51f0000 rw-p 00000000 00:00 0 
7f32c51f0000-7f32c55f0000 rw-p 00000000 00:00 0 
7f32c55f0000-7f32c56f0000 rw-p 00000000 00:00 0 
7f32c56f0000-7f32c57f0000 rw-p 00000000 00:00 0 
7f32c57f0000-7f32c5a90000 rw-p 00000000 00:00 0 
7f32c5a90000-7f32c8000000 ---p 00000000 00:00 0 
7f32c8000000-7f32c8021000 rw-p 00000000 00:00 0 
7f32c8021000-7f32cc000000 ---p 00000000 00:00 0 
7f32cc000000-7f32cc021000 rw-p 00000000 00:00 0 
7f32cc021000-7f32d0000000 ---p 00000000 00:00 0 
7f32d0000000-7f32d0021000 rw-p 00000000 00:00 0 
7f32d0021000-7f32d4000000 ---p 00000000 00:00 0 
7f32d4000000-7f32d4046000 rw-p 00000000 00:00 0 
7f32d4046000-7f32d8000000 ---p 00000000 00:00 0 
7f32d8000000-7f32d8021000 rw-p 00000000 00:00 0 
7f32d8021000-7f32dc000000 ---p 00000000 00:00 0 
7f32dc0fe000-7f32dc102000 ---p 00000000 00:00 0 
7f32dc102000-7f32dc1fe000 rw-p 00000000 00:00 0 
7f32dc1fe000-7f32dc1ff000 ---p 00000000 00:00 0 
7f32dc1ff000-7f32dc300000 rw-p 00000000 00:00 0 
7f32dc300000-7f32dc304000 ---p 00000000 00:00 0 
7f32dc304000-7f32dc400000 rw-p 00000000 00:00 0 
7f32dc400000-7f32dc404000 ---p 00000000 00:00 0 
7f32dc404000-7f32dc500000 rw-p 00000000 00:00 0 
7f32dc500000-7f32dc504000 ---p 00000000 00:00 0 
7f32dc504000-7f32dc600000 rw-p 00000000 00:00 0 
7f32dc600000-7f32dc604000 ---p 00000000 00:00 0 
7f32dc604000-7f32dc700000 rw-p 00000000 00:00 0 
7f32dc700000-7f32dc704000 ---p 00000000 00:00 0 
7f32dc704000-7f32dc800000 rw-p 00000000 00:00 0 
7f32dc800000-7f32dc804000 ---p 00000000 00:00 0 
7f32dc804000-7f32dc900000 rw-p 00000000 00:00 0 
7f32dc900000-7f32dc904000 ---p 00000000 00:00 0 
7f32dc904000-7f32dca00000 rw-p 00000000 00:00 0 
7f32dca00000-7f32dcf73000 r--p 00000000 08:02 1315571                    /usr/lib/locale/locale-archive
7f32dcfb1000-7f32dcfe2000 rw-p 00000000 00:00 0 
7f32dcfe2000-7f32dcfe6000 ---p 00000000 00:00 0 
7f32dcfe6000-7f32dd0e2000 rw-p 00000000 00:00 0 
7f32dd0e2000-7f32dd0e6000 ---p 00000000 00:00 0 
7f32dd0e6000-7f32dd1e2000 rw-p 00000000 00:00 0 
7f32dd1e2000-7f32dd1e3000 ---p 00000000 00:00 0 
7f32dd1e3000-7f32dd2e4000 rw-p 00000000 00:00 0 
7f32dd3fe000-7f32dd47f000 rw-p 00000000 00:00 0 
7f32dd47f000-7f32dd480000 ---p 00000000 00:00 0 
7f32dd480000-7f32dd581000 rw-p 00000000 00:00 0 
7f32dd581000-7f32dd582000 ---p 00000000 00:00 0 
7f32dd582000-7f32dfc14000 rw-p 00000000 00:00 0 
7f32dfc14000-7f32dfd5c000 ---p 00000000 00:00 0 
7f32dfd5c000-7f32dfd70000 rw-p 00000000 00:00 0 
7f32dfd70000-7f32e1a00000 ---p 00000000 00:00 0 
7f32e1a00000-7f32e1d70000 rwxp 00000000 00:00 0 
7f32e1d70000-7f32e8f37000 ---p 00000000 00:00 0 
7f32e8f37000-7f32e91a7000 rwxp 00000000 00:00 0 
7f32e91a7000-7f32e94c8000 ---p 00000000 00:00 0 
7f32e94c8000-7f32e9738000 rwxp 00000000 00:00 0 
7f32e9738000-7f32f0a00000 ---p 00000000 00:00 0 
7f32f0a00000-7f32f3ed5000 r--s 00000000 08:02 28323901                   /home/andriodpc/Downloads/android-studio-2023.1.1.26-linux/android-studio/jbr/lib/modules
7f32f3eff000-7f32f4000000 rw-p 00000000 00:00 0 
7f32f4000000-7f32f4e5e000 rw-p 00000000 00:00 0 
7f32f4e5e000-7f32f8000000 ---p 00000000 00:00 0 
7f32f8013000-7f32f801a000 r--p 00000000 08:02 28323823                   /home/andriodpc/Downloads/android-studio-2023.1.1.26-linux/android-studio/jbr/lib/libnet.so
7f32f801a000-7f32f8027000 r-xp 00006000 08:02 28323823                   /home/andriodpc/Downloads/android-studio-2023.1.1.26-linux/android-studio/jbr/lib/libnet.so
7f32f8027000-7f32f8028000 r--p 00012000 08:02 28323823                   /home/andriodpc/Downloads/android-studio-2023.1.1.26-linux/android-studio/jbr/lib/libnet.so
7f32f8028000-7f32f802a000 rw-p 00012000 08:02 28323823                   /home/andriodpc/Downloads/android-studio-2023.1.1.26-linux/android-studio/jbr/lib/libnet.so
7f32f802a000-7f32f8035000 r--p 00000000 08:02 28323892                   /home/andriodpc/Downloads/android-studio-2023.1.1.26-linux/android-studio/jbr/lib/libnio.so
7f32f8035000-7f32f803d000 r-xp 0000a000 08:02 28323892                   /home/andriodpc/Downloads/android-studio-2023.1.1.26-linux/android-studio/jbr/lib/libnio.so
7f32f803d000-7f32f803e000 r--p 00011000 08:02 28323892                   /home/andriodpc/Downloads/android-studio-2023.1.1.26-linux/android-studio/jbr/lib/libnio.so
7f32f803e000-7f32f803f000 rw-p 00011000 08:02 28323892                   /home/andriodpc/Downloads/android-studio-2023.1.1.26-linux/android-studio/jbr/lib/libnio.so
7f32f803f000-7f32f8048000 r--p 00000000 08:02 28323894                   /home/andriodpc/Downloads/android-studio-2023.1.1.26-linux/android-studio/jbr/lib/libzip.so
7f32f8048000-7f32f805d000 r-xp 00008000 08:02 28323894                   /home/andriodpc/Downloads/android-studio-2023.1.1.26-linux/android-studio/jbr/lib/libzip.so
7f32f805d000-7f32f805f000 r--p 0001c000 08:02 28323894                   /home/andriodpc/Downloads/android-studio-2023.1.1.26-linux/android-studio/jbr/lib/libzip.so
7f32f805f000-7f32f8060000 rw-p 0001d000 08:02 28323894                   /home/andriodpc/Downloads/android-studio-2023.1.1.26-linux/android-studio/jbr/lib/libzip.so
7f32f8060000-7f32f80bb000 rw-p 00000000 00:00 0 
7f32f80bb000-7f32f80bc000 ---p 00000000 00:00 0 
7f32f80bc000-7f32f81bd000 rw-p 00000000 00:00 0 
7f32f81bd000-7f32f81be000 ---p 00000000 00:00 0 
7f32f81be000-7f32f82bf000 rw-p 00000000 00:00 0 
7f32f82bf000-7f32f82c0000 ---p 00000000 00:00 0 
7f32f82c0000-7f32f84cb000 rw-p 00000000 00:00 0 
7f32f84cb000-7f32f8613000 ---p 00000000 00:00 0 
7f32f8613000-7f32f8627000 rw-p 00000000 00:00 0 
7f32f8627000-7f32fa2b7000 ---p 00000000 00:00 0 
7f32fa2b7000-7f32fa2c9000 rw-p 00000000 00:00 0 
7f32fa2c9000-7f32fa2f1000 ---p 00000000 00:00 0 
7f32fa2f1000-7f32fa2f4000 rw-p 00000000 00:00 0 
7f32fa2f4000-7f32fa686000 ---p 00000000 00:00 0 
7f32fa686000-7f32fa698000 rw-p 00000000 00:00 0 
7f32fa698000-7f32fa6c0000 ---p 00000000 00:00 0 
7f32fa6c0000-7f32fa6c3000 rw-p 00000000 00:00 0 
7f32fa6c3000-7f32faa55000 ---p 00000000 00:00 0 
7f32faa55000-7f32faa67000 rw-p 00000000 00:00 0 
7f32faa67000-7f32faa8f000 ---p 00000000 00:00 0 
7f32faa8f000-7f32faa92000 rw-p 00000000 00:00 0 
7f32faa92000-7f32fae24000 ---p 00000000 00:00 0 
7f32fae24000-7f32fb42f000 rw-p 00000000 00:00 0 
7f32fb42f000-7f32fb515000 ---p 00000000 00:00 0 
7f32fb515000-7f32fb51c000 rw-p 00000000 00:00 0 
7f32fb51c000-7f32fb600000 ---p 00000000 00:00 0 
7f32fb600000-7f32fbb37000 r--p 00000000 08:02 28323816                   /home/andriodpc/Downloads/android-studio-2023.1.1.26-linux/android-studio/jbr/lib/server/libjvm.so
7f32fbb37000-7f32fc70a000 r-xp 00536000 08:02 28323816                   /home/andriodpc/Downloads/android-studio-2023.1.1.26-linux/android-studio/jbr/lib/server/libjvm.so
7f32fc70a000-7f32fc7cc000 r--p 01108000 08:02 28323816                   /home/andriodpc/Downloads/android-studio-2023.1.1.26-linux/android-studio/jbr/lib/server/libjvm.so
7f32fc7cc000-7f32fc7f5000 rw-p 011c9000 08:02 28323816                   /home/andriodpc/Downloads/android-studio-2023.1.1.26-linux/android-studio/jbr/lib/server/libjvm.so
7f32fc7f5000-7f32fc86a000 rw-p 00000000 00:00 0 
7f32fc86e000-7f32fc875000 r--s 00000000 08:02 1576359                    /usr/lib/x86_64-linux-gnu/gconv/gconv-modules.cache
7f32fc875000-7f32fc8b6000 rw-p 00000000 00:00 0 
7f32fc8b6000-7f32fc8c8000 r--p 00000000 08:02 28323842                   /home/andriodpc/Downloads/android-studio-2023.1.1.26-linux/android-studio/jbr/lib/libjava.so
7f32fc8c8000-7f32fc8da000 r-xp 00011000 08:02 28323842                   /home/andriodpc/Downloads/android-studio-2023.1.1.26-linux/android-studio/jbr/lib/libjava.so
7f32fc8da000-7f32fc8db000 r--p 00022000 08:02 28323842                   /home/andriodpc/Downloads/android-studio-2023.1.1.26-linux/android-studio/jbr/lib/libjava.so
7f32fc8db000-7f32fc8dd000 rw-p 00022000 08:02 28323842                   /home/andriodpc/Downloads/android-studio-2023.1.1.26-linux/android-studio/jbr/lib/libjava.so
7f32fc8dd000-7f32fc8e8000 r--p 00000000 08:02 28323835                   /home/andriodpc/Downloads/android-studio-2023.1.1.26-linux/android-studio/jbr/lib/libjimage.so
7f32fc8e8000-7f32fc8fd000 r-xp 0000a000 08:02 28323835                   /home/andriodpc/Downloads/android-studio-2023.1.1.26-linux/android-studio/jbr/lib/libjimage.so
7f32fc8fd000-7f32fc8ff000 r--p 0001e000 08:02 28323835                   /home/andriodpc/Downloads/android-studio-2023.1.1.26-linux/android-studio/jbr/lib/libjimage.so
7f32fc8ff000-7f32fc900000 rw-p 0001f000 08:02 28323835                   /home/andriodpc/Downloads/android-studio-2023.1.1.26-linux/android-studio/jbr/lib/libjimage.so
7f32fc900000-7f32fc904000 ---p 00000000 00:00 0 
7f32fc904000-7f32fca00000 rw-p 00000000 00:00 0 
7f32fca00000-7f32fca28000 r--p 00000000 08:02 1312871                    /usr/lib/x86_64-linux-gnu/libc.so.6
7f32fca28000-7f32fcbbd000 r-xp 00028000 08:02 1312871                    /usr/lib/x86_64-linux-gnu/libc.so.6
7f32fcbbd000-7f32fcc15000 r--p 001bd000 08:02 1312871                    /usr/lib/x86_64-linux-gnu/libc.so.6
7f32fcc15000-7f32fcc19000 r--p 00214000 08:02 1312871                    /usr/lib/x86_64-linux-gnu/libc.so.6
7f32fcc19000-7f32fcc1b000 rw-p 00218000 08:02 1312871                    /usr/lib/x86_64-linux-gnu/libc.so.6
7f32fcc1b000-7f32fcc28000 rw-p 00000000 00:00 0 
7f32fcc2a000-7f32fcc30000 r--p 00000000 08:02 28323834                   /home/andriodpc/Downloads/android-studio-2023.1.1.26-linux/android-studio/jbr/lib/libverify.so
7f32fcc30000-7f32fcc38000 r-xp 00005000 08:02 28323834                   /home/andriodpc/Downloads/android-studio-2023.1.1.26-linux/android-studio/jbr/lib/libverify.so
7f32fcc38000-7f32fcc3a000 r--p 0000c000 08:02 28323834                   /home/andriodpc/Downloads/android-studio-2023.1.1.26-linux/android-studio/jbr/lib/libverify.so
7f32fcc3a000-7f32fcc3b000 rw-p 0000d000 08:02 28323834                   /home/andriodpc/Downloads/android-studio-2023.1.1.26-linux/android-studio/jbr/lib/libverify.so
7f32fcc3b000-7f32fcc40000 rw-p 00000000 00:00 0 
7f32fcc40000-7f32fcc47000 ---p 00000000 00:00 0 
7f32fcc47000-7f32fcc48000 r--p 00000000 08:02 1312905                    /usr/lib/x86_64-linux-gnu/librt.so.1
7f32fcc48000-7f32fcc49000 r-xp 00001000 08:02 1312905                    /usr/lib/x86_64-linux-gnu/librt.so.1
7f32fcc49000-7f32fcc4a000 r--p 00002000 08:02 1312905                    /usr/lib/x86_64-linux-gnu/librt.so.1
7f32fcc4a000-7f32fcc4b000 r--p 00002000 08:02 1312905                    /usr/lib/x86_64-linux-gnu/librt.so.1
7f32fcc4b000-7f32fcc4c000 rw-p 00003000 08:02 1312905                    /usr/lib/x86_64-linux-gnu/librt.so.1
7f32fcc4c000-7f32fcc5a000 r--p 00000000 08:02 1312880                    /usr/lib/x86_64-linux-gnu/libm.so.6
7f32fcc5a000-7f32fccd6000 r-xp 0000e000 08:02 1312880                    /usr/lib/x86_64-linux-gnu/libm.so.6
7f32fccd6000-7f32fcd31000 r--p 0008a000 08:02 1312880                    /usr/lib/x86_64-linux-gnu/libm.so.6
7f32fcd31000-7f32fcd32000 r--p 000e4000 08:02 1312880                    /usr/lib/x86_64-linux-gnu/libm.so.6
7f32fcd32000-7f32fcd33000 rw-p 000e5000 08:02 1312880                    /usr/lib/x86_64-linux-gnu/libm.so.6
7f32fcd33000-7f32fcd35000 rw-p 00000000 00:00 0 
7f32fcd35000-7f32fcd36000 r--p 00000000 08:02 1312879                    /usr/lib/x86_64-linux-gnu/libdl.so.2
7f32fcd36000-7f32fcd37000 r-xp 00001000 08:02 1312879                    /usr/lib/x86_64-linux-gnu/libdl.so.2
7f32fcd37000-7f32fcd38000 r--p 00002000 08:02 1312879                    /usr/lib/x86_64-linux-gnu/libdl.so.2
7f32fcd38000-7f32fcd39000 r--p 00002000 08:02 1312879                    /usr/lib/x86_64-linux-gnu/libdl.so.2
7f32fcd39000-7f32fcd3a000 rw-p 00003000 08:02 1312879                    /usr/lib/x86_64-linux-gnu/libdl.so.2
7f32fcd3a000-7f32fcd3b000 r--p 00000000 08:02 1312901                    /usr/lib/x86_64-linux-gnu/libpthread.so.0
7f32fcd3b000-7f32fcd3c000 r-xp 00001000 08:02 1312901                    /usr/lib/x86_64-linux-gnu/libpthread.so.0
7f32fcd3c000-7f32fcd3d000 r--p 00002000 08:02 1312901                    /usr/lib/x86_64-linux-gnu/libpthread.so.0
7f32fcd3d000-7f32fcd3e000 r--p 00002000 08:02 1312901                    /usr/lib/x86_64-linux-gnu/libpthread.so.0
7f32fcd3e000-7f32fcd3f000 rw-p 00003000 08:02 1312901                    /usr/lib/x86_64-linux-gnu/libpthread.so.0
7f32fcd3f000-7f32fcd40000 r--p 00000000 08:02 1312908                    /usr/lib/x86_64-linux-gnu/libutil.so.1
7f32fcd40000-7f32fcd41000 r-xp 00001000 08:02 1312908                    /usr/lib/x86_64-linux-gnu/libutil.so.1
7f32fcd41000-7f32fcd42000 r--p 00002000 08:02 1312908                    /usr/lib/x86_64-linux-gnu/libutil.so.1
7f32fcd42000-7f32fcd43000 r--p 00002000 08:02 1312908                    /usr/lib/x86_64-linux-gnu/libutil.so.1
7f32fcd43000-7f32fcd44000 rw-p 00003000 08:02 1312908                    /usr/lib/x86_64-linux-gnu/libutil.so.1
7f32fcd44000-7f32fcd4c000 rw-s 00000000 08:02 15597650                   /tmp/hsperfdata_andriodpc/3616
7f32fcd4c000-7f32fcd4d000 ---p 00000000 00:00 0 
7f32fcd4d000-7f32fcd4e000 r--p 00000000 00:00 0 
7f32fcd4e000-7f32fcd57000 r--p 00000000 08:02 28323847                   /home/andriodpc/Downloads/android-studio-2023.1.1.26-linux/android-studio/jbr/lib/libjli.so
7f32fcd57000-7f32fcd66000 r-xp 00008000 08:02 28323847                   /home/andriodpc/Downloads/android-studio-2023.1.1.26-linux/android-studio/jbr/lib/libjli.so
7f32fcd66000-7f32fcd67000 r--p 00016000 08:02 28323847                   /home/andriodpc/Downloads/android-studio-2023.1.1.26-linux/android-studio/jbr/lib/libjli.so
7f32fcd67000-7f32fcd68000 rw-p 00016000 08:02 28323847                   /home/andriodpc/Downloads/android-studio-2023.1.1.26-linux/android-studio/jbr/lib/libjli.so
7f32fcd68000-7f32fcd6a000 rw-p 00000000 00:00 0 
7f32fcd6a000-7f32fcd6c000 r--p 00000000 08:02 1312863                    /usr/lib/x86_64-linux-gnu/ld-linux-x86-64.so.2
7f32fcd6c000-7f32fcd96000 r-xp 00002000 08:02 1312863                    /usr/lib/x86_64-linux-gnu/ld-linux-x86-64.so.2
7f32fcd96000-7f32fcda1000 r--p 0002c000 08:02 1312863                    /usr/lib/x86_64-linux-gnu/ld-linux-x86-64.so.2
7f32fcda1000-7f32fcda2000 ---p 00000000 00:00 0 
7f32fcda2000-7f32fcda4000 r--p 00037000 08:02 1312863                    /usr/lib/x86_64-linux-gnu/ld-linux-x86-64.so.2
7f32fcda4000-7f32fcda6000 rw-p 00039000 08:02 1312863                    /usr/lib/x86_64-linux-gnu/ld-linux-x86-64.so.2
7ffcf7f2d000-7ffcf7f4f000 rw-p 00000000 00:00 0                          [stack]
7ffcf7ff3000-7ffcf7ff7000 r--p 00000000 00:00 0                          [vvar]
7ffcf7ff7000-7ffcf7ff9000 r-xp 00000000 00:00 0                          [vdso]
ffffffffff600000-ffffffffff601000 --xp 00000000 00:00 0                  [vsyscall]


VM Arguments:
java_command: org.jetbrains.kotlin.cli.jvm.K2JVMCompiler @/home/andriodpc/Documents/EonTechnician(todays work) (2)/EonTechnician(todays work)/EonTechnician/app/build/20240109_4555699953072095664.compiler.options
java_class_path (initial): /home/andriodpc/.gradle/caches/modules-2/files-2.1/org.jetbrains.kotlin/kotlin-compiler-embeddable/1.6.21/97bdd5a752ce73b58ef16c17bc7f0ea2faff7a2e/kotlin-compiler-embeddable-1.6.21.jar:/home/andriodpc/.gradle/caches/modules-2/files-2.1/org.jetbrains.kotlin/kotlin-reflect/1.6.21/5dc3574d9b7bebfcb4ec6b10ada4aaa9e140bd0b/kotlin-reflect-1.6.21.jar:/home/andriodpc/.gradle/caches/modules-2/files-2.1/org.jetbrains.kotlin/kotlin-stdlib/1.6.21/11ef67f1900634fd951bad28c53ec957fabbe5b8/kotlin-stdlib-1.6.21.jar:/home/andriodpc/.gradle/caches/modules-2/files-2.1/org.jetbrains.kotlin/kotlin-script-runtime/1.6.21/99c6675100da5d6d5b1c5a1032f27f28008d101b/kotlin-script-runtime-1.6.21.jar:/home/andriodpc/.gradle/caches/modules-2/files-2.1/org.jetbrains.kotlin/kotlin-daemon-embeddable/1.6.21/46b78cf392e1c4f10854c3cadba44abb7b82250f/kotlin-daemon-embeddable-1.6.21.jar:/home/andriodpc/.gradle/caches/modules-2/files-2.1/org.jetbrains.intellij.deps/trove4j/1.0.20200330/3afb14d5f9ceb459d724e907a21145e8ff394f02/trove4j-1.0.20200330.jar:/home/andriodpc/.gradle/caches/modules-2/files-2.1/net.java.dev.jna/jna/5.6.0/330f2244e9030119ab3030fc3fededc86713d9cc/jna-5.6.0.jar:/home/andriodpc/.gradle/caches/modules-2/files-2.1/org.jetbrains.kotlin/kotlin-stdlib-common/1.6.21/5e5b55c26dbc80372a920aef60eb774b714559b8/kotlin-stdlib-common-1.6.21.jar:/home/andriodpc/.gradle/caches/modules-2/files-2.1/org.jetbrains/annotations/13.0/919f0dfe192fb4e063e7dacadee7f8bb9a2672a9/annotations-13.0.jar
Launcher Type: SUN_STANDARD

[Global flags]
     intx CICompilerCount                          = 3                                         {product} {ergonomic}
     uint ConcGCThreads                            = 2                                         {product} {ergonomic}
     uint G1ConcRefinementThreads                  = 6                                         {product} {ergonomic}
   size_t G1HeapRegionSize                         = 1048576                                   {product} {ergonomic}
    uintx GCDrainStackTargetSize                   = 64                                        {product} {ergonomic}
   size_t InitialHeapSize                          = 127926272                                 {product} {ergonomic}
   size_t MarkStackSize                            = 4194304                                   {product} {ergonomic}
   size_t MaxHeapSize                              = 2044723200                                {product} {ergonomic}
   size_t MaxNewSize                               = 1226833920                                {product} {ergonomic}
   size_t MinHeapDeltaBytes                        = 1048576                                   {product} {ergonomic}
   size_t MinHeapSize                              = 8388608                                   {product} {ergonomic}
    uintx NonNMethodCodeHeapSize                   = 5832780                                {pd product} {ergonomic}
    uintx NonProfiledCodeHeapSize                  = 122912730                              {pd product} {ergonomic}
    uintx ProfiledCodeHeapSize                     = 122912730                              {pd product} {ergonomic}
    uintx ReservedCodeCacheSize                    = 251658240                              {pd product} {ergonomic}
     bool SegmentedCodeCache                       = true                                      {product} {ergonomic}
   size_t SoftMaxHeapSize                          = 2044723200                             {manageable} {ergonomic}
     bool UseCompressedClassPointers               = true                           {product lp64_product} {ergonomic}
     bool UseCompressedOops                        = true                           {product lp64_product} {ergonomic}
     bool UseG1GC                                  = true                                      {product} {ergonomic}

Logging:
Log output configuration:
 #0: stdout all=warning uptime,level,tags
 #1: stderr all=off uptime,level,tags

Environment Variables:
PATH=/usr/local/sbin:/usr/local/bin:/usr/sbin:/usr/bin:/sbin:/bin:/usr/games:/usr/local/games:/snap/bin:/snap/bin
USERNAME=andriodpc
SHELL=/bin/bash
DISPLAY=:0
LANG=en_US.UTF-8
TERM=xterm-256color

Active Locale:
LC_ALL=en_US.UTF-8
LC_COLLATE=en_US.UTF-8
LC_CTYPE=en_US.UTF-8
LC_MESSAGES=en_US.UTF-8
LC_MONETARY=en_US.UTF-8
LC_NUMERIC=en_US.UTF-8
LC_TIME=en_US.UTF-8

Signal Handlers:
   SIGSEGV: crash_handler in libjvm.so, mask=11100100010111111101111111111110, flags=SA_RESTART|SA_SIGINFO, unblocked
    SIGBUS: crash_handler in libjvm.so, mask=11100100010111111101111111111110, flags=SA_RESTART|SA_SIGINFO, unblocked
    SIGFPE: crash_handler in libjvm.so, mask=11100100010111111101111111111110, flags=SA_RESTART|SA_SIGINFO, unblocked
   SIGPIPE: javaSignalHandler in libjvm.so, mask=11100100010111111101111111111110, flags=SA_RESTART|SA_SIGINFO, blocked
   SIGXFSZ: javaSignalHandler in libjvm.so, mask=11100100010111111101111111111110, flags=SA_RESTART|SA_SIGINFO, blocked
    SIGILL: crash_handler in libjvm.so, mask=11100100010111111101111111111110, flags=SA_RESTART|SA_SIGINFO, unblocked
   SIGUSR2: SR_handler in libjvm.so, mask=00100000000000000000000000000000, flags=SA_RESTART|SA_SIGINFO, blocked
    SIGHUP: UserHandler in libjvm.so, mask=11100100010111111101111111111110, flags=SA_RESTART|SA_SIGINFO, blocked
    SIGINT: UserHandler in libjvm.so, mask=11100100010111111101111111111110, flags=SA_RESTART|SA_SIGINFO, blocked
   SIGTERM: UserHandler in libjvm.so, mask=11100100010111111101111111111110, flags=SA_RESTART|SA_SIGINFO, blocked
   SIGQUIT: UserHandler in libjvm.so, mask=11100100010111111101111111111110, flags=SA_RESTART|SA_SIGINFO, blocked
   SIGTRAP: crash_handler in libjvm.so, mask=11100100010111111101111111111110, flags=SA_RESTART|SA_SIGINFO, unblocked

JNI global refs:
JNI global refs: 8, weak refs: 0

JNI global refs memory usage: 867, weak refs: 865

OOME stack traces (most recent first):
Classloader memory used:
Loader jdk.internal.loader.ClassLoaders$AppClassLoader                                 : 2257K
Loader bootstrap                                                                       : 1562K
Loader jdk.internal.loader.ClassLoaders$PlatformClassLoader                            : 34502B
Loader jdk.internal.reflect.DelegatingClassLoader                                      : 6062B


---------------  S Y S T E M  ---------------

OS:
DISTRIB_ID=Ubuntu
DISTRIB_RELEASE=22.04
DISTRIB_CODENAME=jammy
DISTRIB_DESCRIPTION="Ubuntu 22.04.3 LTS"
uname: Linux 6.2.0-39-generic #40~22.04.1-Ubuntu SMP PREEMPT_DYNAMIC Thu Nov 16 10:53:04 UTC 2 x86_64
OS uptime: 0 days 0:18 hours
libc: glibc 2.35 NPTL 2.35 
rlimit (soft/hard): STACK 8192k/infinity , CORE 0k/infinity , NPROC 30871/30871 , NOFILE 1048576/1048576 , AS infinity/infinity , CPU infinity/infinity , DATA infinity/infinity , FSIZE infinity/infinity , MEMLOCK 997440k/997440k
load average: 1.85 2.37 2.51

/proc/meminfo:
MemTotal:        7979540 kB
MemFree:          365524 kB
MemAvailable:    1810708 kB
Buffers:          171704 kB
Cached:          1625564 kB
SwapCached:           56 kB
Active:           852488 kB
Inactive:        6210876 kB
Active(anon):     112828 kB
Inactive(anon):  5439400 kB
Active(file):     739660 kB
Inactive(file):   771476 kB
Unevictable:       15028 kB
Mlocked:              16 kB
SwapTotal:       2097148 kB
SwapFree:        2084264 kB
Zswap:                 0 kB
Zswapped:              0 kB
Dirty:              5976 kB
Writeback:             0 kB
AnonPages:       5281192 kB
Mapped:           851144 kB
Shmem:            286132 kB
KReclaimable:     242168 kB
Slab:             406660 kB
SReclaimable:     242168 kB
SUnreclaim:       164492 kB
KernelStack:       15728 kB
PageTables:        39480 kB
SecPageTables:         0 kB
NFS_Unstable:          0 kB
Bounce:                0 kB
WritebackTmp:          0 kB
CommitLimit:     6086916 kB
Committed_AS:   11068252 kB
VmallocTotal:   34359738367 kB
VmallocUsed:       44956 kB
VmallocChunk:          0 kB
Percpu:             6560 kB
HardwareCorrupted:     0 kB
AnonHugePages:         0 kB
ShmemHugePages:        0 kB
ShmemPmdMapped:        0 kB
FileHugePages:         0 kB
FilePmdMapped:         0 kB
HugePages_Total:       0
HugePages_Free:        0
HugePages_Rsvd:        0
HugePages_Surp:        0
Hugepagesize:       2048 kB
Hugetlb:               0 kB
DirectMap4k:      149492 kB
DirectMap2M:     4950016 kB
DirectMap1G:     3145728 kB

/sys/kernel/mm/transparent_hugepage/enabled: always [madvise] never
/sys/kernel/mm/transparent_hugepage/defrag (defrag/compaction efforts parameter): always defer defer+madvise [madvise] never

Process Memory:
Virtual Size: 5236208K (peak: 5239280K)
Resident Set Size: 151320K (peak: 151320K) (anon: 123288K, file: 28032K, shmem: 0K)
Swapped out: 0K
C-Heap outstanding allocations: 54387K, retained: 5428K
glibc malloc tunables: (default)

/proc/sys/kernel/threads-max (system-wide limit on the number of threads): 61743
/proc/sys/vm/max_map_count (maximum number of memory map areas a process may have): 65530
/proc/sys/kernel/pid_max (system-wide limit on number of process identifiers): 4194304

container (cgroup) information:
container_type: cgroupv2
cpu_cpuset_cpus: not supported
cpu_memory_nodes: not supported
active_processor_count: 6
cpu_quota: not supported
cpu_period: not supported
cpu_shares: not supported
memory_limit_in_bytes: unlimited
memory_and_swap_limit_in_bytes: unlimited
memory_soft_limit_in_bytes: unlimited
memory_usage_in_bytes: 4857548 k
memory_max_usage_in_bytes: not supported
memory_swap_current_in_bytes: unlimited
memory_swap_max_limit_in_bytes: unlimited
maximum number of tasks: 9261
current number of tasks: 254

Steal ticks since vm start: 0
Steal ticks percentage since vm start:  0.000

CPU: total 6 (initial active 6) (6 cores per cpu, 1 threads per core) family 6 model 158 stepping 10 microcode 0xf4, cx8, cmov, fxsr, mmx, 3dnowpref, sse, sse2, sse3, ssse3, sse4.1, sse4.2, popcnt, lzcnt, tsc, tscinvbit, avx, avx2, aes, erms, clmul, bmi1, bmi2, adx, fma, vzeroupper, clflush, clflushopt
CPU Model and flags from /proc/cpuinfo:
model name	: Intel(R) Core(TM) i5-8400 CPU @ 2.80GHz
flags		: fpu vme de pse tsc msr pae mce cx8 apic sep mtrr pge mca cmov pat pse36 clflush dts acpi mmx fxsr sse sse2 ss ht tm pbe syscall nx pdpe1gb rdtscp lm constant_tsc art arch_perfmon pebs bts rep_good nopl xtopology nonstop_tsc cpuid aperfmperf pni pclmulqdq dtes64 monitor ds_cpl vmx est tm2 ssse3 sdbg fma cx16 xtpr pdcm pcid sse4_1 sse4_2 x2apic movbe popcnt tsc_deadline_timer aes xsave avx f16c rdrand lahf_lm abm 3dnowprefetch cpuid_fault epb invpcid_single pti ssbd ibrs ibpb stibp tpr_shadow vnmi flexpriority ept vpid ept_ad fsgsbase tsc_adjust bmi1 avx2 smep bmi2 erms invpcid mpx rdseed adx smap clflushopt intel_pt xsaveopt xsavec xgetbv1 xsaves dtherm ida arat pln pts hwp hwp_notify hwp_act_window hwp_epp md_clear flush_l1d arch_capabilities

Online cpus: 0-5
Offline cpus: 
BIOS frequency limitation: <Not Available>
Frequency switch latency (ns): 0
Available cpu frequencies: <Not Available>
Current governor: powersave
Core performance/turbo boost: <Not Available>

Memory: 4k page, physical 7979540k(365524k free), swap 2097148k(2084264k free)
Page Sizes: 4k

vm_info: OpenJDK 64-Bit Server VM (17.0.7+0-17.0.7b1000.6-10550314) for linux-amd64 JRE (17.0.7+0-17.0.7b1000.6-10550314), built on Jul 24 2023 17:08:11 by "androidbuild" with clang Android (8508608, based on r450784e) Clang 14.0.7 (https://android.googlesource.com/toolchain/llvm-project 4c603efb0cca074e9238af8b4106c30add4418f6)

END.
