#
# A fatal error has been detected by the Java Runtime Environment:
#
#  SIGSEGV (0xb) at pc=0x00007f40aa487645, pid=9880, tid=9917
#
# JRE version: OpenJDK Runtime Environment (17.0.7) (build 17.0.7+0-17.0.7b1000.6-10550314)
# Java VM: OpenJDK 64-Bit Server VM (17.0.7+0-17.0.7b1000.6-10550314, mixed mode, tiered, compressed oops, compressed class ptrs, g1 gc, linux-amd64)
# Problematic frame:
# V  [libjvm.so+0xe87645]  RelocIterator::set_limits(unsigned char*, unsigned char*)+0x135
#
# Core dump will be written. Default location: Core dumps may be processed with "/usr/share/apport/apport -p%p -s%s -c%c -d%d -P%P -u%u -g%g -- %E" (or dumping to /home/andriodpc/Documents/EonTechnician(todays work) (2)/EonTechnician(todays work)/EonTechnician/core.9880)
#
# If you would like to submit a bug report, please visit:
#   https://bugreport.java.com/bugreport/crash.jsp
#

---------------  S U M M A R Y ------------

Command Line: --add-opens=java.base/java.util=ALL-UNNAMED --add-opens=java.base/java.lang=ALL-UNNAMED --add-opens=java.base/java.lang.invoke=ALL-UNNAMED --add-opens=java.prefs/java.util.prefs=ALL-UNNAMED --add-opens=java.base/java.nio.charset=ALL-UNNAMED --add-opens=java.base/java.net=ALL-UNNAMED --add-opens=java.base/java.util.concurrent.atomic=ALL-UNNAMED -Xmx4608m -Dfile.encoding=UTF-8 -Duser.country=US -Duser.language=en -Duser.variant -javaagent:/home/andriodpc/.gradle/wrapper/dists/gradle-8.2-all/6mxqtxovn2faat1idb7p6lxsa/gradle-8.2/lib/agents/gradle-instrumentation-agent-8.2.jar org.gradle.launcher.daemon.bootstrap.GradleDaemon 8.2

Host: Intel(R) Core(TM) i5-8400 CPU @ 2.80GHz, 6 cores, 7G, Ubuntu 22.04.3 LTS
Time: Sat Jan  6 17:15:54 2024 IST elapsed time: 11.922170 seconds (0d 0h 0m 11s)

---------------  T H R E A D  ---------------

Current thread (0x00007f4064009d90):  GCTaskThread "GC Thread#4" [stack: 0x00007f4042700000,0x00007f4042800000] [id=9917]

Stack: [0x00007f4042700000,0x00007f4042800000],  sp=0x00007f40427feb50,  free space=1018k
Native frames: (J=compiled Java code, j=interpreted, Vv=VM code, C=native code)
V  [libjvm.so+0xe87645]  RelocIterator::set_limits(unsigned char*, unsigned char*)+0x135
V  [libjvm.so+0xdd8704]  nmethod::oops_do(OopClosure*, bool)+0x54
V  [libjvm.so+0x99d496]  ClosureIsUnloadingBehaviour::is_unloading(CompiledMethod*) const+0x46
V  [libjvm.so+0xdd860f]  nmethod::is_unloading()+0x5f
V  [libjvm.so+0xdd8646]  nmethod::do_unloading(bool)+0x16
V  [libjvm.so+0xe24bf7]  CodeCacheUnloadingTask::work(unsigned int)+0xa7
V  [libjvm.so+0x974bee]  G1ParallelCleaningTask::work(unsigned int)+0x4e
V  [libjvm.so+0x10b758c]  GangWorker::run()+0x5c
V  [libjvm.so+0x100b9ff]  Thread::call_run()+0xbf
V  [libjvm.so+0xe08ba9]  thread_native_entry(Thread*)+0x119


siginfo: si_signo: 11 (SIGSEGV), si_code: 1 (SEGV_MAPERR), si_addr: 0x00007b4091e5b370

Register to memory mapping:

RAX=0x00007b4091e5b370 is an unknown value
RBX=0x00007f4091e5b210 is at entry_point+-464 in (nmethod*)0x00007f4091e5b210
RCX=0x00007f4091e5b3e0 is at entry_point+0 in (nmethod*)0x00007f4091e5b210
RDX=0x0 is NULL
RSP=0x00007f40427feb50 points into unknown readable memory: 0x00007f4091e5b210 | 10 b2 e5 91 40 7f 00 00
RBP=0x00007f40427feb60 points into unknown readable memory: 0x00007f40427fec30 | 30 ec 7f 42 40 7f 00 00
RSI=0x00007f4091e5b40c is at entry_point+44 in (nmethod*)0x00007f4091e5b210
RDI=0x00007f40427feb70 points into unknown readable memory: 0x0000000000000000 | 00 00 00 00 00 00 00 00
R8 =0x00007f4091e5b3d0 is at entry_point+-16 in (nmethod*)0x00007f4091e5b210
R9 =0x00007f40427feb98 points into unknown readable memory: 0x00007f4091e5b0a0 | a0 b0 e5 91 40 7f 00 00
R10=0x00007f4091e5b3e0 is at entry_point+0 in (nmethod*)0x00007f4091e5b210
R11=0x00007b4091e5b36e is an unknown value
R12=0x00007f408505b408 points into unknown readable memory: 0x00007f40aa7ac348 | 48 c3 7a aa 40 7f 00 00
R13=0x00007f4091e5b210 is at entry_point+-464 in (nmethod*)0x00007f4091e5b210
R14=0x00007f40427fec48 points into unknown readable memory: 0x00007f40aa7ac360 | 60 c3 7a aa 40 7f 00 00
R15=0x00007f40427feb70 points into unknown readable memory: 0x0000000000000000 | 00 00 00 00 00 00 00 00


Registers:
RAX=0x00007b4091e5b370, RBX=0x00007f4091e5b210, RCX=0x00007f4091e5b3e0, RDX=0x0000000000000000
RSP=0x00007f40427feb50, RBP=0x00007f40427feb60, RSI=0x00007f4091e5b40c, RDI=0x00007f40427feb70
R8 =0x00007f4091e5b3d0, R9 =0x00007f40427feb98, R10=0x00007f4091e5b3e0, R11=0x00007b4091e5b36e
R12=0x00007f408505b408, R13=0x00007f4091e5b210, R14=0x00007f40427fec48, R15=0x00007f40427feb70
RIP=0x00007f40aa487645, EFLAGS=0x0000000000010287, CSGSFS=0x002b000000000033, ERR=0x0000000000000004
  TRAPNO=0x000000000000000e

Top of Stack: (sp=0x00007f40427feb50)
0x00007f40427feb50:   00007f4091e5b210 00007f40427fec48
0x00007f40427feb60:   00007f40427fec30 00007f40aa3d8704
0x00007f40427feb70:   0000000000000000 00007b4091e5b370
0x00007f40427feb80:   00007f4091e5b3d0 00007f4091e5b210 

Instructions: (pc=0x00007f40aa487645)
0x00007f40aa487545:   ca 48 83 c0 02 48 89 47 08 4c 39 c0 0f 84 83 00
0x00007f40aa487555:   00 00 66 c7 47 38 00 00 0f b7 08 81 f9 00 f0 00
0x00007f40aa487565:   00 72 57 f7 c1 00 08 00 00 75 20 81 e1 ff 07 00
0x00007f40aa487575:   00 66 89 4f 28 4c 89 4f 30 66 41 be 01 00 b9 01
0x00007f40aa487585:   00 00 00 eb 21 66 0f 1f 44 00 00 49 8d 4b 04 48
0x00007f40aa487595:   89 4f 30 45 0f b7 73 02 41 81 e6 ff 07 00 00 4c
0x00007f40aa4875a5:   89 f1 48 83 c1 01 48 8d 1c 48 66 44 89 77 38 48
0x00007f40aa4875b5:   89 5f 08 0f b7 0c 48 48 89 d8 81 e1 ff 03 00 00
0x00007f40aa4875c5:   4c 01 d1 48 89 4f 20 48 39 d1 73 09 48 39 f1 0f
0x00007f40aa4875d5:   82 66 ff ff ff 4c 89 5f 08 4c 89 57 20 66 c7 47
0x00007f40aa4875e5:   38 ff ff 5b 41 5e 5d c3 0f 1f 00 81 e1 ff 07 00
0x00007f40aa4875f5:   00 66 89 4f 28 4c 89 4f 30 66 b9 01 00 ba 01 00
0x00007f40aa487605:   00 00 48 8d 1c 50 66 89 4f 38 48 89 5f 08 0f b7
0x00007f40aa487615:   0c 50 48 89 d8 81 e1 ff 03 00 00 4c 01 d1 48 89
0x00007f40aa487625:   4f 20 48 39 f1 73 ae 49 89 c3 49 89 ca 48 83 c0
0x00007f40aa487635:   02 48 89 47 08 4c 39 c0 74 9b 66 c7 47 38 00 00
0x00007f40aa487645:   0f b7 08 81 f9 00 f0 00 00 72 ca f7 c1 00 08 00
0x00007f40aa487655:   00 74 98 49 8d 4b 04 48 89 4f 30 41 0f b7 4b 02
0x00007f40aa487665:   81 e1 ff 07 00 00 48 89 ca 48 83 c2 01 eb 93 66
0x00007f40aa487675:   2e 0f 1f 84 00 00 00 00 00 66 90 55 48 89 e5 48
0x00007f40aa487685:   83 ff 90 74 1d 48 8d 05 9f 7e 33 00 48 89 47 70
0x00007f40aa487695:   48 c7 47 78 00 00 00 00 c7 87 80 00 00 00 00 00
0x00007f40aa4876a5:   00 00 66 c7 47 38 ff ff 0f 57 c0 0f 11 47 40 0f
0x00007f40aa4876b5:   11 47 50 0f 11 47 60 48 8b 46 20 48 83 c0 fe 48
0x00007f40aa4876c5:   89 47 08 48 8b 46 28 48 89 47 10 48 8b 06 48 89
0x00007f40aa4876d5:   47 20 48 c7 47 18 00 00 00 00 48 8b 46 48 48 8b
0x00007f40aa4876e5:   70 08 48 89 77 40 48 8b 70 18 48 89 77 58 48 8b
0x00007f40aa4876f5:   70 58 48 89 77 48 48 8b 70 68 48 89 77 60 48 8b
0x00007f40aa487705:   b0 a8 00 00 00 48 89 77 50 48 8b 80 b8 00 00 00
0x00007f40aa487715:   48 89 47 68 48 89 d6 48 89 ca 5d e9 eb fd ff ff
0x00007f40aa487725:   66 2e 0f 1f 84 00 00 00 00 00 90 55 48 89 e5 48
0x00007f40aa487735:   8b 47 20 48 39 47 40 76 04 31 c0 5d c3 48 3b 47 


Stack slot to memory mapping:
stack at sp + 0 slots: 0x00007f4091e5b210 is at entry_point+-464 in (nmethod*)0x00007f4091e5b210
stack at sp + 1 slots: 0x00007f40427fec48 points into unknown readable memory: 0x00007f40aa7ac360 | 60 c3 7a aa 40 7f 00 00
stack at sp + 2 slots: 0x00007f40427fec30 points into unknown readable memory: 0x00007f40427fec70 | 70 ec 7f 42 40 7f 00 00
stack at sp + 3 slots: 0x00007f40aa3d8704: <offset 0x0000000000dd8704> in /home/andriodpc/Downloads/android-studio-2023.1.1.26-linux/android-studio/jbr/lib/server/libjvm.so at 0x00007f40a9600000
stack at sp + 4 slots: 0x0 is NULL
stack at sp + 5 slots: 0x00007b4091e5b370 is an unknown value
stack at sp + 6 slots: 0x00007f4091e5b3d0 is at entry_point+-16 in (nmethod*)0x00007f4091e5b210
stack at sp + 7 slots: 0x00007f4091e5b210 is at entry_point+-464 in (nmethod*)0x00007f4091e5b210


---------------  P R O C E S S  ---------------

Threads class SMR info:
_java_thread_list=0x00007f405020d150, length=35, elements={
0x00007f40a4027ee0, 0x00007f40a4173860, 0x00007f40a4174eb0, 0x00007f40a41a4f40,
0x00007f40a41a62f0, 0x00007f40a41a7700, 0x00007f40a419a520, 0x00007f40a419ba00,
0x00007f40a419ce70, 0x00007f40a422a5b0, 0x00007f40a4335c80, 0x00007f40a521c490,
0x00007f40a529d7e0, 0x00007f40a52da1d0, 0x00007f4028017960, 0x00007f40200015d0,
0x00007f4020006830, 0x00007f4020007e90, 0x00007f400c009420, 0x00007f400c00cb60,
0x00007f400c00fb80, 0x00007f400c184350, 0x00007f400c18e3d0, 0x00007f400c2ecbe0,
0x00007f400c26c610, 0x00007f400c276290, 0x00007f400c5bff20, 0x00007f400c5cf970,
0x00007f400c5dfff0, 0x00007f400c62ccb0, 0x00007f400c63bcf0, 0x00007f400c69f450,
0x00007f400c881ab0, 0x00007f400c88ebb0, 0x00007f4050208950
}

Java Threads: ( => current thread )
  0x00007f40a4027ee0 JavaThread "main" [_thread_blocked, id=9883, stack(0x00007f40a9500000,0x00007f40a9600000)]
  0x00007f40a4173860 JavaThread "Reference Handler" daemon [_thread_blocked, id=9890, stack(0x00007f4084e5b000,0x00007f4084f5b000)]
  0x00007f40a4174eb0 JavaThread "Finalizer" daemon [_thread_blocked, id=9891, stack(0x00007f4084d5b000,0x00007f4084e5b000)]
  0x00007f40a41a4f40 JavaThread "Signal Dispatcher" daemon [_thread_blocked, id=9892, stack(0x00007f4084c5b000,0x00007f4084d5b000)]
  0x00007f40a41a62f0 JavaThread "Service Thread" daemon [_thread_blocked, id=9893, stack(0x00007f4084500000,0x00007f4084600000)]
  0x00007f40a41a7700 JavaThread "Monitor Deflation Thread" daemon [_thread_blocked, id=9894, stack(0x00007f4084400000,0x00007f4084500000)]
  0x00007f40a419a520 JavaThread "C2 CompilerThread0" daemon [_thread_blocked, id=9895, stack(0x00007f4084300000,0x00007f4084400000)]
  0x00007f40a419ba00 JavaThread "C1 CompilerThread0" daemon [_thread_blocked, id=9896, stack(0x00007f4084200000,0x00007f4084300000)]
  0x00007f40a419ce70 JavaThread "Sweeper thread" daemon [_thread_blocked, id=9897, stack(0x00007f4084100000,0x00007f4084200000)]
  0x00007f40a422a5b0 JavaThread "Common-Cleaner" daemon [_thread_blocked, id=9898, stack(0x00007f4084000000,0x00007f4084100000)]
  0x00007f40a4335c80 JavaThread "Notification Thread" daemon [_thread_blocked, id=9899, stack(0x00007f4043f00000,0x00007f4044000000)]
  0x00007f40a521c490 JavaThread "Daemon health stats" [_thread_blocked, id=9905, stack(0x00007f4043afa000,0x00007f4043bfa000)]
  0x00007f40a529d7e0 JavaThread "Incoming local TCP Connector on port 40693" [_thread_in_native, id=9906, stack(0x00007f4043300000,0x00007f4043400000)]
  0x00007f40a52da1d0 JavaThread "Daemon periodic checks" [_thread_blocked, id=9907, stack(0x00007f4042f00000,0x00007f4043000000)]
  0x00007f4028017960 JavaThread "Daemon" [_thread_blocked, id=9908, stack(0x00007f4042e00000,0x00007f4042f00000)]
  0x00007f40200015d0 JavaThread "Handler for socket connection from /127.0.0.1:40693 to /127.0.0.1:49120" [_thread_in_native, id=9909, stack(0x00007f4042d00000,0x00007f4042e00000)]
  0x00007f4020006830 JavaThread "Cancel handler" [_thread_blocked, id=9910, stack(0x00007f4042c00000,0x00007f4042d00000)]
  0x00007f4020007e90 JavaThread "Daemon worker" [_thread_blocked, id=9911, stack(0x00007f4042b00000,0x00007f4042c00000)]
  0x00007f400c009420 JavaThread "Asynchronous log dispatcher for DefaultDaemonConnection: socket connection from /127.0.0.1:40693 to /127.0.0.1:49120" [_thread_blocked, id=9914, stack(0x00007f4042a00000,0x00007f4042b00000)]
  0x00007f400c00cb60 JavaThread "Stdin handler" [_thread_blocked, id=9915, stack(0x00007f4042900000,0x00007f4042a00000)]
  0x00007f400c00fb80 JavaThread "Daemon client event forwarder" [_thread_blocked, id=9916, stack(0x00007f4042800000,0x00007f4042900000)]
  0x00007f400c184350 JavaThread "Cache worker for journal cache (/home/andriodpc/.gradle/caches/journal-1)" [_thread_blocked, id=9920, stack(0x00007f40423fa000,0x00007f40424fa000)]
  0x00007f400c18e3d0 JavaThread "File lock request listener" [_thread_in_native, id=9921, stack(0x00007f40422fa000,0x00007f40423fa000)]
  0x00007f400c2ecbe0 JavaThread "Cache worker for file hash cache (/home/andriodpc/.gradle/caches/8.2/fileHashes)" [_thread_blocked, id=9922, stack(0x00007f40421fa000,0x00007f40422fa000)]
  0x00007f400c26c610 JavaThread "File watcher server" daemon [_thread_in_native, id=9923, stack(0x00007f40420fa000,0x00007f40421fa000)]
  0x00007f400c276290 JavaThread "File watcher consumer" daemon [_thread_blocked, id=9924, stack(0x00007f4041ffa000,0x00007f40420fa000)]
  0x00007f400c5bff20 JavaThread "Cache worker for checksums cache (/home/andriodpc/Documents/EonTechnician(todays work) (2)/EonTechnician(todays work)/EonTechnician/.gradle/8.2/checksums)" [_thread_blocked, id=9925, stack(0x00007f4041efa000,0x00007f4041ffa000)]
  0x00007f400c5cf970 JavaThread "Cache worker for cache directory md-rule (/home/andriodpc/.gradle/caches/8.2/md-rule)" [_thread_blocked, id=9926, stack(0x00007f4041dfa000,0x00007f4041efa000)]
  0x00007f400c5dfff0 JavaThread "Cache worker for file content cache (/home/andriodpc/.gradle/caches/8.2/fileContent)" [_thread_blocked, id=9927, stack(0x00007f4041cfa000,0x00007f4041dfa000)]
  0x00007f400c62ccb0 JavaThread "Cache worker for file hash cache (/home/andriodpc/Documents/EonTechnician(todays work) (2)/EonTechnician(todays work)/EonTechnician/.gradle/8.2/fileHashes)" [_thread_blocked, id=9928, stack(0x00007f4041bfa000,0x00007f4041cfa000)]
  0x00007f400c63bcf0 JavaThread "Cache worker for cache directory md-supplier (/home/andriodpc/.gradle/caches/8.2/md-supplier)" [_thread_blocked, id=9929, stack(0x00007f4041afa000,0x00007f4041bfa000)]
  0x00007f400c69f450 JavaThread "Cache worker for execution history cache (/home/andriodpc/.gradle/caches/8.2/executionHistory)" [_thread_blocked, id=9930, stack(0x00007f40419fa000,0x00007f4041afa000)]
  0x00007f400c881ab0 JavaThread "jar transforms" [_thread_blocked, id=9932, stack(0x00007f40418fa000,0x00007f40419fa000)]
  0x00007f400c88ebb0 JavaThread "jar transforms Thread 2" [_thread_blocked, id=9933, stack(0x00007f40417fa000,0x00007f40418fa000)]
  0x00007f4050208950 JavaThread "C2 CompilerThread1" daemon [_thread_in_native, id=9934, stack(0x00007f40416fa000,0x00007f40417fa000)]

Other Threads:
  0x00007f40a4124000 VMThread "VM Thread" [stack: 0x00007f4084f5d000,0x00007f408505d000] [id=9889]
  0x00007f40a41b6580 WatcherThread [stack: 0x00007f4043e00000,0x00007f4043f00000] [id=9900]
  0x00007f40a4097570 GCTaskThread "GC Thread#0" [stack: 0x00007f40a8324000,0x00007f40a8424000] [id=9884]
  0x00007f4064005810 GCTaskThread "GC Thread#1" [stack: 0x00007f4043cfe000,0x00007f4043dfe000] [id=9901]
  0x00007f4064009220 GCTaskThread "GC Thread#2" [stack: 0x00007f4043bfc000,0x00007f4043cfc000] [id=9902]
  0x00007f4064008e10 GCTaskThread "GC Thread#3" [stack: 0x00007f4043700000,0x00007f4043800000] [id=9904]
=>0x00007f4064009d90 GCTaskThread "GC Thread#4" [stack: 0x00007f4042700000,0x00007f4042800000] [id=9917]
  0x00007f4064006bf0 GCTaskThread "GC Thread#5" [stack: 0x00007f40425fe000,0x00007f40426fe000] [id=9918]
  0x00007f40a40a1b60 ConcurrentGCThread "G1 Main Marker" [stack: 0x00007f40a8222000,0x00007f40a8322000] [id=9885]
  0x00007f40a40a2ac0 ConcurrentGCThread "G1 Conc#0" [stack: 0x00007f40a8120000,0x00007f40a8220000] [id=9886]
  0x00007f4078000eb0 ConcurrentGCThread "G1 Conc#1" [stack: 0x00007f40424fc000,0x00007f40425fc000] [id=9919]
  0x00007f40a40e18d0 ConcurrentGCThread "G1 Refine#0" [stack: 0x00007f40852fc000,0x00007f40853fc000] [id=9887]
  0x00007f40a40e27c0 ConcurrentGCThread "G1 Service" [stack: 0x00007f40851fa000,0x00007f40852fa000] [id=9888]

Threads with active compile tasks:
C2 CompilerThread0    11927 2745       4       jdk.internal.loader.URLClassPath::getResource (74 bytes)
C2 CompilerThread1    11927 2743  s!   4       jdk.internal.loader.URLClassPath::getLoader (194 bytes)

VM state: at safepoint (normal execution)

VM Mutex/Monitor currently owned by a thread:  ([mutex/lock_event])
[0x00007f40a4024ad0] Threads_lock - owner thread: 0x00007f40a4124000
[0x00007f40a4025340] Heap_lock - owner thread: 0x00007f40a40a1b60

Heap address: 0x00000006e0000000, size: 4608 MB, Compressed Oops mode: Zero based, Oop shift amount: 3

CDS archive(s) not mapped
Compressed class space mapped at: 0x0000000800000000-0x0000000840000000, reserved size: 1073741824
Narrow klass base: 0x0000000800000000, Narrow klass shift: 0, Narrow klass range: 0x40000000

GC Precious Log:
 CPUs: 6 total, 6 available
 Memory: 7792M
 Large Page Support: Disabled
 NUMA Support: Disabled
 Compressed Oops: Enabled (Zero based)
 Heap Region Size: 4M
 Heap Min Capacity: 8M
 Heap Initial Capacity: 124M
 Heap Max Capacity: 4608M
 Pre-touch: Disabled
 Parallel Workers: 6
 Concurrent Workers: 2
 Concurrent Refinement Workers: 6
 Periodic GC: Disabled

Heap:
 garbage-first heap   total 98304K, used 23138K [0x00000006e0000000, 0x0000000800000000)
  region size 4096K, 2 young (8192K), 1 survivors (4096K)
 Metaspace       used 35871K, committed 36224K, reserved 1114112K
  class space    used 5005K, committed 5184K, reserved 1048576K

Heap Regions: E=young(eden), S=young(survivor), O=old, HS=humongous(starts), HC=humongous(continues), CS=collection set, F=free, OA=open archive, CA=closed archive, TAMS=top-at-mark-start (previous, next)
|   0|0x00000006e0000000, 0x00000006e0400000, 0x00000006e0400000|100%|HS|  |TAMS 0x00000006e0400000, 0x00000006e0400000| Complete 
|   1|0x00000006e0400000, 0x00000006e0800000, 0x00000006e0800000|100%| O|  |TAMS 0x00000006e0800000, 0x00000006e0800000| Untracked 
|   2|0x00000006e0800000, 0x00000006e0c00000, 0x00000006e0c00000|100%| O|  |TAMS 0x00000006e0971200, 0x00000006e0c00000| Untracked 
|   3|0x00000006e0c00000, 0x00000006e1000000, 0x00000006e1000000|100%| O|  |TAMS 0x00000006e0c00000, 0x00000006e1000000| Untracked 
|   4|0x00000006e1000000, 0x00000006e1000000, 0x00000006e1400000|  0%| F|  |TAMS 0x00000006e1000000, 0x00000006e1000000| Untracked 
|   5|0x00000006e1400000, 0x00000006e1800000, 0x00000006e1800000|100%| O|  |TAMS 0x00000006e1400000, 0x00000006e1800000| Untracked 
|   6|0x00000006e1800000, 0x00000006e1831400, 0x00000006e1c00000|  4%| O|  |TAMS 0x00000006e1800000, 0x00000006e1831400| Untracked 
|   7|0x00000006e1c00000, 0x00000006e1c00000, 0x00000006e2000000|  0%| F|  |TAMS 0x00000006e1c00000, 0x00000006e1c00000| Untracked 
|   8|0x00000006e2000000, 0x00000006e2000000, 0x00000006e2400000|  0%| F|  |TAMS 0x00000006e2000000, 0x00000006e2000000| Untracked 
|   9|0x00000006e2400000, 0x00000006e2400000, 0x00000006e2800000|  0%| F|  |TAMS 0x00000006e2400000, 0x00000006e2400000| Untracked 
|  10|0x00000006e2800000, 0x00000006e2800000, 0x00000006e2c00000|  0%| F|  |TAMS 0x00000006e2800000, 0x00000006e2800000| Untracked 
|  11|0x00000006e2c00000, 0x00000006e2c00000, 0x00000006e3000000|  0%| F|  |TAMS 0x00000006e2c00000, 0x00000006e2c00000| Untracked 
|  12|0x00000006e3000000, 0x00000006e3000000, 0x00000006e3400000|  0%| F|  |TAMS 0x00000006e3000000, 0x00000006e3000000| Untracked 
|  13|0x00000006e3400000, 0x00000006e3400000, 0x00000006e3800000|  0%| F|  |TAMS 0x00000006e3400000, 0x00000006e3400000| Untracked 
|  14|0x00000006e3800000, 0x00000006e3800000, 0x00000006e3c00000|  0%| F|  |TAMS 0x00000006e3800000, 0x00000006e3800000| Untracked 
|  15|0x00000006e3c00000, 0x00000006e3c00000, 0x00000006e4000000|  0%| F|  |TAMS 0x00000006e3c00000, 0x00000006e3c00000| Untracked 
|  16|0x00000006e4000000, 0x00000006e4000000, 0x00000006e4400000|  0%| F|  |TAMS 0x00000006e4000000, 0x00000006e4000000| Untracked 
|  17|0x00000006e4400000, 0x00000006e4400000, 0x00000006e4800000|  0%| F|  |TAMS 0x00000006e4400000, 0x00000006e4400000| Untracked 
|  18|0x00000006e4800000, 0x00000006e4800000, 0x00000006e4c00000|  0%| F|  |TAMS 0x00000006e4800000, 0x00000006e4800000| Untracked 
|  19|0x00000006e4c00000, 0x00000006e4c00000, 0x00000006e5000000|  0%| F|  |TAMS 0x00000006e4c00000, 0x00000006e4c00000| Untracked 
|  20|0x00000006e5000000, 0x00000006e5000000, 0x00000006e5400000|  0%| F|  |TAMS 0x00000006e5000000, 0x00000006e5000000| Untracked 
|  21|0x00000006e5400000, 0x00000006e5667528, 0x00000006e5800000| 60%| S|CS|TAMS 0x00000006e5400000, 0x00000006e5400000| Complete 
|  27|0x00000006e6c00000, 0x00000006e6c00000, 0x00000006e7000000|  0%| F|  |TAMS 0x00000006e6c00000, 0x00000006e6c00000| Untracked 
|  30|0x00000006e7800000, 0x00000006e7a00d60, 0x00000006e7c00000| 50%| E|  |TAMS 0x00000006e7800000, 0x00000006e7800000| Complete 

Card table byte_map: [0x00007f4091100000,0x00007f4091a00000] _byte_map_base: 0x00007f408da00000

Marking Bits (Prev, Next): (CMBitMap*) 0x00007f40a4098030, (CMBitMap*) 0x00007f40a4097ff0
 Prev Bits: [0x00007f4087800000, 0x00007f408c000000)
 Next Bits: [0x00007f408c000000, 0x00007f4090800000)

Polling page: 0x00007f40aacf4000

Metaspace:

Usage:
  Non-class:     30.14 MB used.
      Class:      4.89 MB used.
       Both:     35.03 MB used.

Virtual space:
  Non-class space:       64.00 MB reserved,      30.31 MB ( 47%) committed,  1 nodes.
      Class space:        1.00 GB reserved,       5.06 MB ( <1%) committed,  1 nodes.
             Both:        1.06 GB reserved,      35.38 MB (  3%) committed. 

Chunk freelists:
   Non-Class:  1.41 MB
       Class:  10.97 MB
        Both:  12.38 MB

MaxMetaspaceSize: unlimited
CompressedClassSpaceSize: 1.00 GB
Initial GC threshold: 21.00 MB
Current GC threshold: 35.44 MB
CDS: off
MetaspaceReclaimPolicy: balanced
 - commit_granule_bytes: 65536.
 - commit_granule_words: 8192.
 - virtual_space_node_default_size: 8388608.
 - enlarge_chunks_in_place: 1.
 - new_chunks_are_fully_committed: 0.
 - uncommit_free_chunks: 1.
 - use_allocation_guard: 0.
 - handle_deallocations: 1.


Internal statistics:

num_allocs_failed_limit: 6.
num_arena_births: 292.
num_arena_deaths: 0.
num_vsnodes_births: 2.
num_vsnodes_deaths: 0.
num_space_committed: 566.
num_space_uncommitted: 0.
num_chunks_returned_to_freelist: 6.
num_chunks_taken_from_freelist: 1329.
num_chunk_merges: 6.
num_chunk_splits: 889.
num_chunks_enlarged: 618.
num_inconsistent_stats: 0.

CodeHeap 'non-profiled nmethods': size=120032Kb used=1430Kb max_used=1430Kb free=118601Kb
 bounds [0x00007f40994c8000, 0x00007f4099738000, 0x00007f40a0a00000]
CodeHeap 'profiled nmethods': size=120028Kb used=5817Kb max_used=5817Kb free=114210Kb
 bounds [0x00007f4091a00000, 0x00007f4091fb0000, 0x00007f4098f37000]
CodeHeap 'non-nmethods': size=5700Kb used=1228Kb max_used=1303Kb free=4471Kb
 bounds [0x00007f4098f37000, 0x00007f40991a7000, 0x00007f40994c8000]
 total_blobs=3369 nmethods=2829 adapters=453
 compilation: enabled
              stopped_count=0, restarted_count=0
 full_count=0

Compilation events (20 events):
Event: 11.910 Thread 0x00007f40a419ba00 2830       3       org.codehaus.groovy.util.ManagedReference::<init> (40 bytes)
Event: 11.910 Thread 0x00007f40a419ba00 nmethod 2830 0x00007f4091fa9510 code [0x00007f4091fa96e0, 0x00007f4091fa9b90]
Event: 11.910 Thread 0x00007f40a419ba00 2831       3       org.codehaus.groovy.util.ManagedReference::<init> (14 bytes)
Event: 11.910 Thread 0x00007f40a419ba00 nmethod 2831 0x00007f4091fa9d10 code [0x00007f4091fa9ec0, 0x00007f4091faa060]
Event: 11.910 Thread 0x00007f40a419ba00 2832       3       org.codehaus.groovy.util.ReferenceManager$1::afterReferenceCreation (57 bytes)
Event: 11.910 Thread 0x00007f40a419ba00 nmethod 2832 0x00007f4091faa190 code [0x00007f4091faa360, 0x00007f4091faa7a0]
Event: 11.910 Thread 0x00007f40a419ba00 2833       3       java.util.LinkedList::node (65 bytes)
Event: 11.910 Thread 0x00007f40a419ba00 nmethod 2833 0x00007f4091faa910 code [0x00007f4091faaac0, 0x00007f4091faadb0]
Event: 11.910 Thread 0x00007f40a419ba00 2834       1       java.util.stream.Collectors$CollectorImpl::characteristics (5 bytes)
Event: 11.910 Thread 0x00007f40a419ba00 nmethod 2834 0x00007f409962d810 code [0x00007f409962d9a0, 0x00007f409962da70]
Event: 11.910 Thread 0x00007f40a419ba00 2835   !   3       org.codehaus.groovy.util.LazyReference::getLocked (85 bytes)
Event: 11.911 Thread 0x00007f40a419ba00 nmethod 2835 0x00007f4091faaf10 code [0x00007f4091fab1c0, 0x00007f4091fac000]
Event: 11.911 Thread 0x00007f40a419ba00 2836       3       org.codehaus.groovy.util.LockableObject::lock (25 bytes)
Event: 11.911 Thread 0x00007f40a419ba00 nmethod 2836 0x00007f4091fac510 code [0x00007f4091fac6e0, 0x00007f4091fac950]
Event: 11.912 Thread 0x00007f40a419ba00 2838       3       java.util.WeakHashMap::get (75 bytes)
Event: 11.913 Thread 0x00007f40a419ba00 nmethod 2838 0x00007f4091faca10 code [0x00007f4091facc40, 0x00007f4091fad510]
Event: 11.913 Thread 0x00007f40a419ba00 2840       3       java.util.Arrays::equals (57 bytes)
Event: 11.913 Thread 0x00007f40a419ba00 nmethod 2840 0x00007f4091fad890 code [0x00007f4091fada80, 0x00007f4091fae060]
Event: 11.913 Thread 0x00007f40a419ba00 2839       3       org.codehaus.groovy.reflection.CachedClass::getInterfaces (11 bytes)
Event: 11.913 Thread 0x00007f40a419ba00 nmethod 2839 0x00007f4091fae210 code [0x00007f4091fae3c0, 0x00007f4091fae6a0]

GC Heap History (16 events):
Event: 2.985 GC heap before
{Heap before GC invocations=0 (full 0):
 garbage-first heap   total 126976K, used 20480K [0x00000006e0000000, 0x0000000800000000)
  region size 4096K, 4 young (16384K), 0 survivors (0K)
 Metaspace       used 8059K, committed 8256K, reserved 1114112K
  class space    used 722K, committed 832K, reserved 1048576K
}
Event: 2.993 GC heap after
{Heap after GC invocations=1 (full 0):
 garbage-first heap   total 126976K, used 9829K [0x00000006e0000000, 0x0000000800000000)
  region size 4096K, 1 young (4096K), 1 survivors (4096K)
 Metaspace       used 8059K, committed 8256K, reserved 1114112K
  class space    used 722K, committed 832K, reserved 1048576K
}
Event: 4.110 GC heap before
{Heap before GC invocations=1 (full 0):
 garbage-first heap   total 126976K, used 26213K [0x00000006e0000000, 0x0000000800000000)
  region size 4096K, 5 young (20480K), 1 survivors (4096K)
 Metaspace       used 11337K, committed 11520K, reserved 1114112K
  class space    used 1199K, committed 1280K, reserved 1048576K
}
Event: 4.114 GC heap after
{Heap after GC invocations=2 (full 0):
 garbage-first heap   total 126976K, used 10714K [0x00000006e0000000, 0x0000000800000000)
  region size 4096K, 1 young (4096K), 1 survivors (4096K)
 Metaspace       used 11337K, committed 11520K, reserved 1114112K
  class space    used 1199K, committed 1280K, reserved 1048576K
}
Event: 7.635 GC heap before
{Heap before GC invocations=2 (full 0):
 garbage-first heap   total 126976K, used 55770K [0x00000006e0000000, 0x0000000800000000)
  region size 4096K, 12 young (49152K), 1 survivors (4096K)
 Metaspace       used 19291K, committed 19584K, reserved 1114112K
  class space    used 2289K, committed 2432K, reserved 1048576K
}
Event: 7.638 GC heap after
{Heap after GC invocations=3 (full 0):
 garbage-first heap   total 126976K, used 17498K [0x00000006e0000000, 0x0000000800000000)
  region size 4096K, 2 young (8192K), 2 survivors (8192K)
 Metaspace       used 19291K, committed 19584K, reserved 1114112K
  class space    used 2289K, committed 2432K, reserved 1048576K
}
Event: 8.162 GC heap before
{Heap before GC invocations=3 (full 0):
 garbage-first heap   total 126976K, used 25690K [0x00000006e0000000, 0x0000000800000000)
  region size 4096K, 5 young (20480K), 2 survivors (8192K)
 Metaspace       used 21269K, committed 21504K, reserved 1114112K
  class space    used 2610K, committed 2752K, reserved 1048576K
}
Event: 8.167 GC heap after
{Heap after GC invocations=4 (full 0):
 garbage-first heap   total 126976K, used 17968K [0x00000006e0000000, 0x0000000800000000)
  region size 4096K, 1 young (4096K), 1 survivors (4096K)
 Metaspace       used 21269K, committed 21504K, reserved 1114112K
  class space    used 2610K, committed 2752K, reserved 1048576K
}
Event: 10.683 GC heap before
{Heap before GC invocations=5 (full 0):
 garbage-first heap   total 98304K, used 71216K [0x00000006e0000000, 0x0000000800000000)
  region size 4096K, 14 young (57344K), 1 survivors (4096K)
 Metaspace       used 28951K, committed 29248K, reserved 1114112K
  class space    used 3913K, committed 4032K, reserved 1048576K
}
Event: 10.687 GC heap after
{Heap after GC invocations=6 (full 0):
 garbage-first heap   total 98304K, used 20812K [0x00000006e0000000, 0x0000000800000000)
  region size 4096K, 1 young (4096K), 1 survivors (4096K)
 Metaspace       used 28951K, committed 29248K, reserved 1114112K
  class space    used 3913K, committed 4032K, reserved 1048576K
}
Event: 10.785 GC heap before
{Heap before GC invocations=6 (full 0):
 garbage-first heap   total 98304K, used 24908K [0x00000006e0000000, 0x0000000800000000)
  region size 4096K, 2 young (8192K), 1 survivors (4096K)
 Metaspace       used 29379K, committed 29696K, reserved 1114112K
  class space    used 3988K, committed 4096K, reserved 1048576K
}
Event: 10.788 GC heap after
{Heap after GC invocations=7 (full 0):
 garbage-first heap   total 98304K, used 21138K [0x00000006e0000000, 0x0000000800000000)
  region size 4096K, 1 young (4096K), 1 survivors (4096K)
 Metaspace       used 29379K, committed 29696K, reserved 1114112K
  class space    used 3988K, committed 4096K, reserved 1048576K
}
Event: 11.754 GC heap before
{Heap before GC invocations=7 (full 0):
 garbage-first heap   total 98304K, used 58002K [0x00000006e0000000, 0x0000000800000000)
  region size 4096K, 10 young (40960K), 1 survivors (4096K)
 Metaspace       used 34660K, committed 34880K, reserved 1114112K
  class space    used 4823K, committed 4928K, reserved 1048576K
}
Event: 11.757 GC heap after
{Heap after GC invocations=8 (full 0):
 garbage-first heap   total 98304K, used 22582K [0x00000006e0000000, 0x0000000800000000)
  region size 4096K, 1 young (4096K), 1 survivors (4096K)
 Metaspace       used 34660K, committed 34880K, reserved 1114112K
  class space    used 4823K, committed 4928K, reserved 1048576K
}
Event: 11.887 GC heap before
{Heap before GC invocations=8 (full 0):
 garbage-first heap   total 98304K, used 26678K [0x00000006e0000000, 0x0000000800000000)
  region size 4096K, 3 young (12288K), 1 survivors (4096K)
 Metaspace       used 35641K, committed 35968K, reserved 1114112K
  class space    used 4975K, committed 5184K, reserved 1048576K
}
Event: 11.891 GC heap after
{Heap after GC invocations=9 (full 0):
 garbage-first heap   total 98304K, used 23138K [0x00000006e0000000, 0x0000000800000000)
  region size 4096K, 1 young (4096K), 1 survivors (4096K)
 Metaspace       used 35641K, committed 35968K, reserved 1114112K
  class space    used 4975K, committed 5184K, reserved 1048576K
}

Dll operation events (13 events):
Event: 0.033 Loaded shared library /home/andriodpc/Downloads/android-studio-2023.1.1.26-linux/android-studio/jbr/lib/libjava.so
Event: 0.269 Loaded shared library /home/andriodpc/Downloads/android-studio-2023.1.1.26-linux/android-studio/jbr/lib/libzip.so
Event: 0.273 Loaded shared library /home/andriodpc/Downloads/android-studio-2023.1.1.26-linux/android-studio/jbr/lib/libinstrument.so
Event: 0.336 Loaded shared library /home/andriodpc/Downloads/android-studio-2023.1.1.26-linux/android-studio/jbr/lib/libnio.so
Event: 0.367 Loaded shared library /home/andriodpc/Downloads/android-studio-2023.1.1.26-linux/android-studio/jbr/lib/libzip.so
Event: 1.532 Loaded shared library /home/andriodpc/Downloads/android-studio-2023.1.1.26-linux/android-studio/jbr/lib/libjimage.so
Event: 2.175 Loaded shared library /home/andriodpc/Downloads/android-studio-2023.1.1.26-linux/android-studio/jbr/lib/libverify.so
Event: 3.201 Loaded shared library /home/andriodpc/Downloads/android-studio-2023.1.1.26-linux/android-studio/jbr/lib/libnet.so
Event: 3.225 Loaded shared library /home/andriodpc/.gradle/native/68d5fa5c4cc2d200863cafc0d521ce42e7d3e7ee720ec0a83991735586a16f82/linux-amd64/libnative-platform.so
Event: 3.244 Loaded shared library /home/andriodpc/.gradle/native/e376f236ea51e6404a007f0833ffe2c6e607c4080706a723a18a27aeea778392/linux-amd64/libnative-platform-file-events.so
Event: 6.723 Loaded shared library /home/andriodpc/Downloads/android-studio-2023.1.1.26-linux/android-studio/jbr/lib/libmanagement.so
Event: 6.784 Loaded shared library /home/andriodpc/Downloads/android-studio-2023.1.1.26-linux/android-studio/jbr/lib/libmanagement_ext.so
Event: 7.209 Loaded shared library /home/andriodpc/Downloads/android-studio-2023.1.1.26-linux/android-studio/jbr/lib/libextnet.so

Deoptimization events (20 events):
Event: 11.829 Thread 0x00007f4020007e90 Uncommon trap: trap_request=0xffffffc6 fr.pc=0x00007f409961a9c8 relative=0x0000000000000928
Event: 11.829 Thread 0x00007f4020007e90 Uncommon trap: reason=bimorphic_or_optimized_type_check action=maybe_recompile pc=0x00007f409961a9c8 method=java.io.BufferedInputStream.read([BII)I @ 101 c2
Event: 11.829 Thread 0x00007f4020007e90 DEOPT PACKING pc=0x00007f409961a9c8 sp=0x00007f4042bf8260
Event: 11.829 Thread 0x00007f4020007e90 DEOPT UNPACKING pc=0x00007f4098f8d699 sp=0x00007f4042bf8218 mode 2
Event: 11.829 Thread 0x00007f4020007e90 Uncommon trap: trap_request=0xffffffc6 fr.pc=0x00007f409961a9c8 relative=0x0000000000000928
Event: 11.829 Thread 0x00007f4020007e90 Uncommon trap: reason=bimorphic_or_optimized_type_check action=maybe_recompile pc=0x00007f409961a9c8 method=java.io.BufferedInputStream.read([BII)I @ 101 c2
Event: 11.829 Thread 0x00007f4020007e90 DEOPT PACKING pc=0x00007f409961a9c8 sp=0x00007f4042bf8260
Event: 11.829 Thread 0x00007f4020007e90 DEOPT UNPACKING pc=0x00007f4098f8d699 sp=0x00007f4042bf8218 mode 2
Event: 11.830 Thread 0x00007f4020007e90 Uncommon trap: trap_request=0xffffffc6 fr.pc=0x00007f409961a9c8 relative=0x0000000000000928
Event: 11.830 Thread 0x00007f4020007e90 Uncommon trap: reason=bimorphic_or_optimized_type_check action=maybe_recompile pc=0x00007f409961a9c8 method=java.io.BufferedInputStream.read([BII)I @ 101 c2
Event: 11.830 Thread 0x00007f4020007e90 DEOPT PACKING pc=0x00007f409961a9c8 sp=0x00007f4042bf8260
Event: 11.830 Thread 0x00007f4020007e90 DEOPT UNPACKING pc=0x00007f4098f8d699 sp=0x00007f4042bf8218 mode 2
Event: 11.855 Thread 0x00007f4020007e90 Uncommon trap: trap_request=0xffffff45 fr.pc=0x00007f4099618a8c relative=0x000000000000060c
Event: 11.855 Thread 0x00007f4020007e90 Uncommon trap: reason=unstable_if action=reinterpret pc=0x00007f4099618a8c method=jdk.internal.org.objectweb.asm.MethodWriter.visitVarInsn(II)V @ 108 c2
Event: 11.855 Thread 0x00007f4020007e90 DEOPT PACKING pc=0x00007f4099618a8c sp=0x00007f4042bf1bb0
Event: 11.855 Thread 0x00007f4020007e90 DEOPT UNPACKING pc=0x00007f4098f8d699 sp=0x00007f4042bf1b98 mode 2
Event: 11.909 Thread 0x00007f4020007e90 Uncommon trap: trap_request=0xffffff45 fr.pc=0x00007f409961cf60 relative=0x0000000000000140
Event: 11.909 Thread 0x00007f4020007e90 Uncommon trap: reason=unstable_if action=reinterpret pc=0x00007f409961cf60 method=java.util.Arrays.equals([Ljava/lang/Object;[Ljava/lang/Object;)Z @ 23 c2
Event: 11.909 Thread 0x00007f4020007e90 DEOPT PACKING pc=0x00007f409961cf60 sp=0x00007f4042bf74a0
Event: 11.909 Thread 0x00007f4020007e90 DEOPT UNPACKING pc=0x00007f4098f8d699 sp=0x00007f4042bf7448 mode 2

Classes unloaded (0 events):
No events

Classes redefined (0 events):
No events

Internal exceptions (20 events):
Event: 11.013 Thread 0x00007f4020007e90 Exception <a 'java/lang/NoSuchMethodError'{0x00000006e4c35568}: 'java.lang.Object java.lang.invoke.DirectMethodHandle$Holder.newInvokeSpecial(java.lang.Object, java.lang.Object, java.lang.Object, java.lang.Object, java.lang.Object, java.lang.Object, java.lang.Object, java.lang.Object, java.lang.Object, java.lang.Object, java.lang.Object, java.lang.Object)'> (0x00000006e4c35568) 
thrown [src/hotspot/share/interpreter/linkResolver.cpp, line 771]
Event: 11.013 Thread 0x00007f4020007e90 Exception <a 'java/lang/NoSuchMethodError'{0x00000006e4c3af00}: 'java.lang.Object java.lang.invoke.Invokers$Holder.linkToTargetMethod(java.lang.Object, java.lang.Object, java.lang.Object, java.lang.Object, java.lang.Object, java.lang.Object, java.lang.Object, java.lang.Object, java.lang.Object, java.lang.Object, java.lang.Object, java.lang.Object)'> (0x00000006e4c3af00) 
thrown [src/hotspot/share/interpreter/linkResolver.cpp, line 771]
Event: 11.014 Thread 0x00007f4020007e90 Exception <a 'java/lang/NoSuchMethodError'{0x00000006e4c74298}: 'java.lang.Object java.lang.invoke.DirectMethodHandle$Holder.newInvokeSpecial(java.lang.Object, java.lang.Object, java.lang.Object, java.lang.Object, java.lang.Object, java.lang.Object, java.lang.Object, java.lang.Object, java.lang.Object, java.lang.Object)'> (0x00000006e4c74298) 
thrown [src/hotspot/share/interpreter/linkResolver.cpp, line 771]
Event: 11.014 Thread 0x00007f4020007e90 Exception <a 'java/lang/NoSuchMethodError'{0x00000006e4c79180}: 'java.lang.Object java.lang.invoke.Invokers$Holder.linkToTargetMethod(java.lang.Object, java.lang.Object, java.lang.Object, java.lang.Object, java.lang.Object, java.lang.Object, java.lang.Object, java.lang.Object, java.lang.Object, java.lang.Object)'> (0x00000006e4c79180) 
thrown [src/hotspot/share/interpreter/linkResolver.cpp, line 771]
Event: 11.037 Thread 0x00007f4020007e90 Exception <a 'java/lang/NoSuchMethodError'{0x00000006e4ccd318}: 'java.lang.Object java.lang.invoke.DirectMethodHandle$Holder.invokeStaticInit(java.lang.Object, java.lang.Object, java.lang.Object, java.lang.Object)'> (0x00000006e4ccd318) 
thrown [src/hotspot/share/interpreter/linkResolver.cpp, line 771]
Event: 11.209 Thread 0x00007f4020007e90 Exception <a 'java/lang/NoSuchMethodError'{0x00000006e4757160}: 'java.lang.Object java.lang.invoke.DirectMethodHandle$Holder.newInvokeSpecial(java.lang.Object, java.lang.Object, java.lang.Object, java.lang.Object, java.lang.Object, java.lang.Object, java.lang.Object, java.lang.Object)'> (0x00000006e4757160) 
thrown [src/hotspot/share/interpreter/linkResolver.cpp, line 771]
Event: 11.210 Thread 0x00007f4020007e90 Exception <a 'java/lang/NoSuchMethodError'{0x00000006e475cbd8}: 'java.lang.Object java.lang.invoke.Invokers$Holder.linkToTargetMethod(java.lang.Object, java.lang.Object, java.lang.Object, java.lang.Object, java.lang.Object, java.lang.Object, java.lang.Object, java.lang.Object)'> (0x00000006e475cbd8) 
thrown [src/hotspot/share/interpreter/linkResolver.cpp, line 771]
Event: 11.214 Thread 0x00007f4020007e90 Exception <a 'java/lang/IncompatibleClassChangeError'{0x00000006e47ca120}: Found class java.lang.Object, but interface was expected> (0x00000006e47ca120) 
thrown [src/hotspot/share/interpreter/linkResolver.cpp, line 838]
Event: 11.418 Thread 0x00007f4020007e90 Exception <a 'java/lang/NoSuchMethodError'{0x00000006e3efd4a0}: 'int java.lang.invoke.DirectMethodHandle$Holder.invokeStaticInit(java.lang.Object, java.lang.Object, java.lang.Object)'> (0x00000006e3efd4a0) 
thrown [src/hotspot/share/interpreter/linkResolver.cpp, line 771]
Event: 11.419 Thread 0x00007f4020007e90 Exception <a 'java/lang/NoSuchMethodError'{0x00000006e3f13428}: 'java.lang.Object java.lang.invoke.DirectMethodHandle$Holder.newInvokeSpecial(java.lang.Object, java.lang.Object, long)'> (0x00000006e3f13428) 
thrown [src/hotspot/share/interpreter/linkResolver.cpp, line 771]
Event: 11.419 Thread 0x00007f4020007e90 Exception <a 'java/lang/NoSuchMethodError'{0x00000006e3f17a38}: 'java.lang.Object java.lang.invoke.Invokers$Holder.linkToTargetMethod(java.lang.Object, long, java.lang.Object)'> (0x00000006e3f17a38) 
thrown [src/hotspot/share/interpreter/linkResolver.cpp, line 771]
Event: 11.431 Thread 0x00007f4020007e90 Exception <a 'java/lang/NoSuchMethodError'{0x00000006e383e620}: 'java.lang.Object java.lang.invoke.DirectMethodHandle$Holder.invokeStatic(java.lang.Object, java.lang.Object, int, java.lang.Object)'> (0x00000006e383e620) 
thrown [src/hotspot/share/interpreter/linkResolver.cpp, line 771]
Event: 11.431 Thread 0x00007f4020007e90 Exception <a 'java/lang/NoSuchMethodError'{0x00000006e38461d8}: 'java.lang.Object java.lang.invoke.DirectMethodHandle$Holder.newInvokeSpecial(java.lang.Object, java.lang.Object, int, java.lang.Object)'> (0x00000006e38461d8) 
thrown [src/hotspot/share/interpreter/linkResolver.cpp, line 771]
Event: 11.432 Thread 0x00007f4020007e90 Exception <a 'java/lang/NoSuchMethodError'{0x00000006e384aac0}: 'java.lang.Object java.lang.invoke.DirectMethodHandle$Holder.invokeSpecial(java.lang.Object, java.lang.Object, java.lang.Object, int, java.lang.Object)'> (0x00000006e384aac0) 
thrown [src/hotspot/share/interpreter/linkResolver.cpp, line 771]
Event: 11.757 Thread 0x00007f4020007e90 Exception <a 'java/lang/NoSuchMethodError'{0x00000006e780d0e0}: 'java.lang.Object java.lang.invoke.DirectMethodHandle$Holder.invokeSpecial(java.lang.Object, java.lang.Object, java.lang.Object, int, java.lang.Object, java.lang.Object)'> (0x00000006e780d0e0) 
thrown [src/hotspot/share/interpreter/linkResolver.cpp, line 771]
Event: 11.855 Thread 0x00007f4020007e90 Implicit null exception at 0x00007f4099618547 to 0x00007f4099618a80
Event: 11.895 Thread 0x00007f4020007e90 Exception <a 'java/lang/NoSuchMethodError'{0x00000006e78450e8}: 'void java.lang.invoke.DirectMethodHandle$Holder.invokeStaticInit(java.lang.Object, java.lang.Object, java.lang.Object)'> (0x00000006e78450e8) 
thrown [src/hotspot/share/interpreter/linkResolver.cpp, line 771]
Event: 11.896 Thread 0x00007f4020007e90 Exception <a 'java/lang/NoSuchMethodError'{0x00000006e784c588}: 'void java.lang.invoke.DirectMethodHandle$Holder.invokeStaticInit(java.lang.Object, java.lang.Object, java.lang.Object, java.lang.Object)'> (0x00000006e784c588) 
thrown [src/hotspot/share/interpreter/linkResolver.cpp, line 771]
Event: 11.897 Thread 0x00007f4020007e90 Exception <a 'java/lang/NoSuchMethodError'{0x00000006e786e798}: 'void java.lang.invoke.DirectMethodHandle$Holder.invokeStaticInit(java.lang.Object, java.lang.Object, java.lang.Object, java.lang.Object, java.lang.Object)'> (0x00000006e786e798) 
thrown [src/hotspot/share/interpreter/linkResolver.cpp, line 771]
Event: 11.903 Thread 0x00007f4020007e90 Exception <a 'java/lang/NoSuchMethodError'{0x00000006e78c8868}: 'int java.lang.invoke.DirectMethodHandle$Holder.invokeStaticInit(java.lang.Object, java.lang.Object, java.lang.Object, java.lang.Object)'> (0x00000006e78c8868) 
thrown [src/hotspot/share/interpreter/linkResolver.cpp, line 771]

VM Operations (20 events):
Event: 10.611 Executing VM operation: HandshakeAllThreads done
Event: 10.683 Executing VM operation: G1CollectForAllocation
Event: 10.687 Executing VM operation: G1CollectForAllocation done
Event: 10.785 Executing VM operation: G1CollectForAllocation
Event: 10.788 Executing VM operation: G1CollectForAllocation done
Event: 10.954 Executing VM operation: HandshakeAllThreads
Event: 10.954 Executing VM operation: HandshakeAllThreads done
Event: 11.205 Executing VM operation: HandshakeAllThreads
Event: 11.205 Executing VM operation: HandshakeAllThreads done
Event: 11.437 Executing VM operation: HandshakeAllThreads
Event: 11.437 Executing VM operation: HandshakeAllThreads done
Event: 11.438 Executing VM operation: HandshakeAllThreads
Event: 11.438 Executing VM operation: HandshakeAllThreads done
Event: 11.754 Executing VM operation: G1CollectForAllocation
Event: 11.757 Executing VM operation: G1CollectForAllocation done
Event: 11.851 Executing VM operation: HandshakeAllThreads
Event: 11.851 Executing VM operation: HandshakeAllThreads done
Event: 11.887 Executing VM operation: CollectForMetadataAllocation
Event: 11.891 Executing VM operation: CollectForMetadataAllocation done
Event: 11.914 Executing VM operation: G1Concurrent

Events (20 events):
Event: 11.856 loading class java/util/Collections$CopiesList
Event: 11.856 loading class java/util/Collections$CopiesList done
Event: 11.872 loading class java/lang/reflect/MalformedParameterizedTypeException
Event: 11.872 loading class java/lang/reflect/MalformedParameterizedTypeException done
Event: 11.894 loading class java/lang/IllegalCallerException
Event: 11.894 loading class java/lang/IllegalCallerException done
Event: 11.904 loading class java/util/HashMap$KeySpliterator
Event: 11.904 loading class java/util/HashMap$KeySpliterator done
Event: 11.908 loading class java/lang/ClassFormatError
Event: 11.908 loading class java/lang/ClassFormatError done
Event: 11.911 loading class java/lang/ProcessHandle
Event: 11.911 loading class java/lang/ProcessHandle done
Event: 11.911 loading class java/util/concurrent/CompletableFuture
Event: 11.912 loading class java/util/concurrent/CompletionStage
Event: 11.912 loading class java/util/concurrent/CompletionStage done
Event: 11.912 loading class java/util/concurrent/CompletableFuture done
Event: 11.912 loading class java/lang/ProcessHandle$Info
Event: 11.912 loading class java/lang/ProcessHandle$Info done
Event: 11.913 loading class java/io/UnsupportedEncodingException
Event: 11.913 loading class java/io/UnsupportedEncodingException done


Dynamic libraries:
00200000-00201000 r--p 00000000 08:02 28324202                           /home/andriodpc/Downloads/android-studio-2023.1.1.26-linux/android-studio/jbr/bin/java
00201000-00202000 r-xp 00000000 08:02 28324202                           /home/andriodpc/Downloads/android-studio-2023.1.1.26-linux/android-studio/jbr/bin/java
00202000-00203000 r--p 00000000 08:02 28324202                           /home/andriodpc/Downloads/android-studio-2023.1.1.26-linux/android-studio/jbr/bin/java
00203000-00204000 rw-p 00000000 08:02 28324202                           /home/andriodpc/Downloads/android-studio-2023.1.1.26-linux/android-studio/jbr/bin/java
01a7d000-02037000 rw-p 00000000 00:00 0                                  [heap]
6e0000000-6e5800000 rw-p 00000000 00:00 0 
6e5800000-6e6c00000 ---p 00000000 00:00 0 
6e6c00000-6e7000000 rw-p 00000000 00:00 0 
6e7000000-6e7800000 ---p 00000000 00:00 0 
6e7800000-6e7c00000 rw-p 00000000 00:00 0 
6e7c00000-800000000 ---p 00000000 00:00 0 
800000000-800010000 rw-p 00000000 00:00 0 
800010000-800030000 rw-p 00000000 00:00 0 
800030000-8000b0000 rw-p 00000000 00:00 0 
8000b0000-800130000 rw-p 00000000 00:00 0 
800130000-8001b0000 rw-p 00000000 00:00 0 
8001b0000-8001f0000 rw-p 00000000 00:00 0 
8001f0000-8002d0000 rw-p 00000000 00:00 0 
8002d0000-8002f0000 rw-p 00000000 00:00 0 
8002f0000-800510000 rw-p 00000000 00:00 0 
800510000-840000000 ---p 00000000 00:00 0 
7f3fc4000000-7f3fc41c5000 rw-p 00000000 00:00 0 
7f3fc41c5000-7f3fc8000000 ---p 00000000 00:00 0 
7f3fc8000000-7f3fc8021000 rw-p 00000000 00:00 0 
7f3fc8021000-7f3fcc000000 ---p 00000000 00:00 0 
7f3fcc000000-7f3fcc021000 rw-p 00000000 00:00 0 
7f3fcc021000-7f3fd0000000 ---p 00000000 00:00 0 
7f3fd0000000-7f3fd0021000 rw-p 00000000 00:00 0 
7f3fd0021000-7f3fd4000000 ---p 00000000 00:00 0 
7f3fd4000000-7f3fd4021000 rw-p 00000000 00:00 0 
7f3fd4021000-7f3fd8000000 ---p 00000000 00:00 0 
7f3fd8000000-7f3fd8021000 rw-p 00000000 00:00 0 
7f3fd8021000-7f3fdc000000 ---p 00000000 00:00 0 
7f3fdc000000-7f3fdc021000 rw-p 00000000 00:00 0 
7f3fdc021000-7f3fe0000000 ---p 00000000 00:00 0 
7f3fe0000000-7f3fe0021000 rw-p 00000000 00:00 0 
7f3fe0021000-7f3fe4000000 ---p 00000000 00:00 0 
7f3fe4000000-7f3fe4021000 rw-p 00000000 00:00 0 
7f3fe4021000-7f3fe8000000 ---p 00000000 00:00 0 
7f3fe8000000-7f3fe8021000 rw-p 00000000 00:00 0 
7f3fe8021000-7f3fec000000 ---p 00000000 00:00 0 
7f3fec000000-7f3fec021000 rw-p 00000000 00:00 0 
7f3fec021000-7f3ff0000000 ---p 00000000 00:00 0 
7f3ff0000000-7f3ff0021000 rw-p 00000000 00:00 0 
7f3ff0021000-7f3ff4000000 ---p 00000000 00:00 0 
7f3ff4000000-7f3ff4021000 rw-p 00000000 00:00 0 
7f3ff4021000-7f3ff8000000 ---p 00000000 00:00 0 
7f3ff8000000-7f3ff8021000 rw-p 00000000 00:00 0 
7f3ff8021000-7f3ffc000000 ---p 00000000 00:00 0 
7f3ffc000000-7f3ffc1bf000 rw-p 00000000 00:00 0 
7f3ffc1bf000-7f4000000000 ---p 00000000 00:00 0 
7f4000000000-7f4000021000 rw-p 00000000 00:00 0 
7f4000021000-7f4004000000 ---p 00000000 00:00 0 
7f4004000000-7f4004021000 rw-p 00000000 00:00 0 
7f4004021000-7f4008000000 ---p 00000000 00:00 0 
7f4008000000-7f4008021000 rw-p 00000000 00:00 0 
7f4008021000-7f400c000000 ---p 00000000 00:00 0 
7f400c000000-7f400c93b000 rw-p 00000000 00:00 0 
7f400c93b000-7f4010000000 ---p 00000000 00:00 0 
7f4010000000-7f4010021000 rw-p 00000000 00:00 0 
7f4010021000-7f4014000000 ---p 00000000 00:00 0 
7f4014000000-7f4014036000 rw-p 00000000 00:00 0 
7f4014036000-7f4018000000 ---p 00000000 00:00 0 
7f4018000000-7f4018021000 rw-p 00000000 00:00 0 
7f4018021000-7f401c000000 ---p 00000000 00:00 0 
7f401c000000-7f401c021000 rw-p 00000000 00:00 0 
7f401c021000-7f4020000000 ---p 00000000 00:00 0 
7f4020000000-7f4020021000 rw-p 00000000 00:00 0 
7f4020021000-7f4024000000 ---p 00000000 00:00 0 
7f4024000000-7f4024021000 rw-p 00000000 00:00 0 
7f4024021000-7f4028000000 ---p 00000000 00:00 0 
7f4028000000-7f4028055000 rw-p 00000000 00:00 0 
7f4028055000-7f402c000000 ---p 00000000 00:00 0 
7f402c000000-7f402c021000 rw-p 00000000 00:00 0 
7f402c021000-7f4030000000 ---p 00000000 00:00 0 
7f4030000000-7f40300df000 rw-p 00000000 00:00 0 
7f40300df000-7f4034000000 ---p 00000000 00:00 0 
7f4034000000-7f4034021000 rw-p 00000000 00:00 0 
7f4034021000-7f4038000000 ---p 00000000 00:00 0 
7f4038000000-7f4038021000 rw-p 00000000 00:00 0 
7f4038021000-7f403c000000 ---p 00000000 00:00 0 
7f403c000000-7f403c021000 rw-p 00000000 00:00 0 
7f403c021000-7f4040000000 ---p 00000000 00:00 0 
7f4041458000-7f40416fa000 rw-p 00000000 00:00 0 
7f40416fa000-7f40416fe000 ---p 00000000 00:00 0 
7f40416fe000-7f40417fa000 rw-p 00000000 00:00 0 
7f40417fa000-7f40417fe000 ---p 00000000 00:00 0 
7f40417fe000-7f40418fa000 rw-p 00000000 00:00 0 
7f40418fa000-7f40418fe000 ---p 00000000 00:00 0 
7f40418fe000-7f40419fa000 rw-p 00000000 00:00 0 
7f40419fa000-7f40419fe000 ---p 00000000 00:00 0 
7f40419fe000-7f4041afa000 rw-p 00000000 00:00 0 
7f4041afa000-7f4041afe000 ---p 00000000 00:00 0 
7f4041afe000-7f4041bfa000 rw-p 00000000 00:00 0 
7f4041bfa000-7f4041bfe000 ---p 00000000 00:00 0 
7f4041bfe000-7f4041cfa000 rw-p 00000000 00:00 0 
7f4041cfa000-7f4041cfe000 ---p 00000000 00:00 0 
7f4041cfe000-7f4041dfa000 rw-p 00000000 00:00 0 
7f4041dfa000-7f4041dfe000 ---p 00000000 00:00 0 
7f4041dfe000-7f4041efa000 rw-p 00000000 00:00 0 
7f4041efa000-7f4041efe000 ---p 00000000 00:00 0 
7f4041efe000-7f4041ffa000 rw-p 00000000 00:00 0 
7f4041ffa000-7f4041ffe000 ---p 00000000 00:00 0 
7f4041ffe000-7f40420fa000 rw-p 00000000 00:00 0 
7f40420fa000-7f40420fe000 ---p 00000000 00:00 0 
7f40420fe000-7f40421fa000 rw-p 00000000 00:00 0 
7f40421fa000-7f40421fe000 ---p 00000000 00:00 0 
7f40421fe000-7f40422fa000 rw-p 00000000 00:00 0 
7f40422fa000-7f40422fe000 ---p 00000000 00:00 0 
7f40422fe000-7f40423fa000 rw-p 00000000 00:00 0 
7f40423fa000-7f40423fe000 ---p 00000000 00:00 0 
7f40423fe000-7f40424fa000 rw-p 00000000 00:00 0 
7f40424fa000-7f40424fb000 ---p 00000000 00:00 0 
7f40424fb000-7f40425fc000 rw-p 00000000 00:00 0 
7f40425fc000-7f40425fd000 ---p 00000000 00:00 0 
7f40425fd000-7f40426fe000 rw-p 00000000 00:00 0 
7f40426fe000-7f40426ff000 ---p 00000000 00:00 0 
7f40426ff000-7f4042800000 rw-p 00000000 00:00 0 
7f4042800000-7f4042804000 ---p 00000000 00:00 0 
7f4042804000-7f4042900000 rw-p 00000000 00:00 0 
7f4042900000-7f4042904000 ---p 00000000 00:00 0 
7f4042904000-7f4042a00000 rw-p 00000000 00:00 0 
7f4042a00000-7f4042a04000 ---p 00000000 00:00 0 
7f4042a04000-7f4042b00000 rw-p 00000000 00:00 0 
7f4042b00000-7f4042b04000 ---p 00000000 00:00 0 
7f4042b04000-7f4042c00000 rw-p 00000000 00:00 0 
7f4042c00000-7f4042c04000 ---p 00000000 00:00 0 
7f4042c04000-7f4042d00000 rw-p 00000000 00:00 0 
7f4042d00000-7f4042d04000 ---p 00000000 00:00 0 
7f4042d04000-7f4042e00000 rw-p 00000000 00:00 0 
7f4042e00000-7f4042e04000 ---p 00000000 00:00 0 
7f4042e04000-7f4042f00000 rw-p 00000000 00:00 0 
7f4042f00000-7f4042f04000 ---p 00000000 00:00 0 
7f4042f04000-7f4043000000 rw-p 00000000 00:00 0 
7f4043000000-7f404309a000 r--p 00000000 08:02 1319027                    /usr/lib/x86_64-linux-gnu/libstdc++.so.6.0.30
7f404309a000-7f40431ab000 r-xp 0009a000 08:02 1319027                    /usr/lib/x86_64-linux-gnu/libstdc++.so.6.0.30
7f40431ab000-7f404321a000 r--p 001ab000 08:02 1319027                    /usr/lib/x86_64-linux-gnu/libstdc++.so.6.0.30
7f404321a000-7f404321b000 ---p 0021a000 08:02 1319027                    /usr/lib/x86_64-linux-gnu/libstdc++.so.6.0.30
7f404321b000-7f4043226000 r--p 0021a000 08:02 1319027                    /usr/lib/x86_64-linux-gnu/libstdc++.so.6.0.30
7f4043226000-7f4043229000 rw-p 00225000 08:02 1319027                    /usr/lib/x86_64-linux-gnu/libstdc++.so.6.0.30
7f4043229000-7f404322c000 rw-p 00000000 00:00 0 
7f4043300000-7f4043304000 ---p 00000000 00:00 0 
7f4043304000-7f4043400000 rw-p 00000000 00:00 0 
7f4043400000-7f4043453000 r-xp 00000000 08:02 28196970                   /home/andriodpc/.gradle/native/e376f236ea51e6404a007f0833ffe2c6e607c4080706a723a18a27aeea778392/linux-amd64/libnative-platform-file-events.so
7f4043453000-7f4043652000 ---p 00053000 08:02 28196970                   /home/andriodpc/.gradle/native/e376f236ea51e6404a007f0833ffe2c6e607c4080706a723a18a27aeea778392/linux-amd64/libnative-platform-file-events.so
7f4043652000-7f4043653000 r--p 00052000 08:02 28196970                   /home/andriodpc/.gradle/native/e376f236ea51e6404a007f0833ffe2c6e607c4080706a723a18a27aeea778392/linux-amd64/libnative-platform-file-events.so
7f4043653000-7f4043655000 rw-p 00053000 08:02 28196970                   /home/andriodpc/.gradle/native/e376f236ea51e6404a007f0833ffe2c6e607c4080706a723a18a27aeea778392/linux-amd64/libnative-platform-file-events.so
7f40436fe000-7f40436ff000 ---p 00000000 00:00 0 
7f40436ff000-7f4043800000 rw-p 00000000 00:00 0 
7f4043800000-7f4043805000 r-xp 00000000 08:02 28196963                   /home/andriodpc/.gradle/native/68d5fa5c4cc2d200863cafc0d521ce42e7d3e7ee720ec0a83991735586a16f82/linux-amd64/libnative-platform.so
7f4043805000-7f4043a05000 ---p 00005000 08:02 28196963                   /home/andriodpc/.gradle/native/68d5fa5c4cc2d200863cafc0d521ce42e7d3e7ee720ec0a83991735586a16f82/linux-amd64/libnative-platform.so
7f4043a05000-7f4043a06000 r--p 00005000 08:02 28196963                   /home/andriodpc/.gradle/native/68d5fa5c4cc2d200863cafc0d521ce42e7d3e7ee720ec0a83991735586a16f82/linux-amd64/libnative-platform.so
7f4043a06000-7f4043a07000 rw-p 00006000 08:02 28196963                   /home/andriodpc/.gradle/native/68d5fa5c4cc2d200863cafc0d521ce42e7d3e7ee720ec0a83991735586a16f82/linux-amd64/libnative-platform.so
7f4043afa000-7f4043afe000 ---p 00000000 00:00 0 
7f4043afe000-7f4043bfa000 rw-p 00000000 00:00 0 
7f4043bfa000-7f4043bfb000 ---p 00000000 00:00 0 
7f4043bfb000-7f4043cfc000 rw-p 00000000 00:00 0 
7f4043cfc000-7f4043cfd000 ---p 00000000 00:00 0 
7f4043cfd000-7f4043dfe000 rw-p 00000000 00:00 0 
7f4043dfe000-7f4043dff000 ---p 00000000 00:00 0 
7f4043dff000-7f4043f00000 rw-p 00000000 00:00 0 
7f4043f00000-7f4043f04000 ---p 00000000 00:00 0 
7f4043f04000-7f4044000000 rw-p 00000000 00:00 0 
7f4044000000-7f4044021000 rw-p 00000000 00:00 0 
7f4044021000-7f4048000000 ---p 00000000 00:00 0 
7f4048000000-7f4048021000 rw-p 00000000 00:00 0 
7f4048021000-7f404c000000 ---p 00000000 00:00 0 
7f404c000000-7f404de66000 rw-p 00000000 00:00 0 
7f404de66000-7f4050000000 ---p 00000000 00:00 0 
7f4050000000-7f4050413000 rw-p 00000000 00:00 0 
7f4050413000-7f4054000000 ---p 00000000 00:00 0 
7f4054000000-7f4054021000 rw-p 00000000 00:00 0 
7f4054021000-7f4058000000 ---p 00000000 00:00 0 
7f4058000000-7f4058021000 rw-p 00000000 00:00 0 
7f4058021000-7f405c000000 ---p 00000000 00:00 0 
7f405c000000-7f405c021000 rw-p 00000000 00:00 0 
7f405c021000-7f4060000000 ---p 00000000 00:00 0 
7f4060000000-7f4060021000 rw-p 00000000 00:00 0 
7f4060021000-7f4064000000 ---p 00000000 00:00 0 
7f4064000000-7f4064021000 rw-p 00000000 00:00 0 
7f4064021000-7f4068000000 ---p 00000000 00:00 0 
7f4068000000-7f4068021000 rw-p 00000000 00:00 0 
7f4068021000-7f406c000000 ---p 00000000 00:00 0 
7f406c000000-7f406c4f0000 rw-p 00000000 00:00 0 
7f406c4f0000-7f406c530000 rw-p 00000000 00:00 0 
7f406c530000-7f406c570000 rw-p 00000000 00:00 0 
7f406c570000-7f406c670000 rw-p 00000000 00:00 0 
7f406c670000-7f406c6f0000 rw-p 00000000 00:00 0 
7f406c6f0000-7f406c8f0000 rw-p 00000000 00:00 0 
7f406c8f0000-7f406c9f0000 rw-p 00000000 00:00 0 
7f406c9f0000-7f406caf0000 rw-p 00000000 00:00 0 
7f406caf0000-7f406ccb0000 rw-p 00000000 00:00 0 
7f406ccb0000-7f406ccf0000 rw-p 00000000 00:00 0 
7f406ccf0000-7f406cef0000 rw-p 00000000 00:00 0 
7f406cef0000-7f406cfb0000 rw-p 00000000 00:00 0 
7f406cfb0000-7f406cff0000 rw-p 00000000 00:00 0 
7f406cff0000-7f406d170000 rw-p 00000000 00:00 0 
7f406d170000-7f406d1f0000 rw-p 00000000 00:00 0 
7f406d1f0000-7f406d6f0000 rw-p 00000000 00:00 0 
7f406d6f0000-7f406d7b0000 rw-p 00000000 00:00 0 
7f406d7b0000-7f406d800000 ---p 00000000 00:00 0 
7f406d800000-7f406dea0000 rw-p 00000000 00:00 0 
7f406dea0000-7f4070000000 ---p 00000000 00:00 0 
7f4070000000-7f4070021000 rw-p 00000000 00:00 0 
7f4070021000-7f4074000000 ---p 00000000 00:00 0 
7f4074000000-7f4074021000 rw-p 00000000 00:00 0 
7f4074021000-7f4078000000 ---p 00000000 00:00 0 
7f4078000000-7f4078021000 rw-p 00000000 00:00 0 
7f4078021000-7f407c000000 ---p 00000000 00:00 0 
7f407c000000-7f407c021000 rw-p 00000000 00:00 0 
7f407c021000-7f4080000000 ---p 00000000 00:00 0 
7f4080000000-7f4080021000 rw-p 00000000 00:00 0 
7f4080021000-7f4084000000 ---p 00000000 00:00 0 
7f4084000000-7f4084004000 ---p 00000000 00:00 0 
7f4084004000-7f4084100000 rw-p 00000000 00:00 0 
7f4084100000-7f4084104000 ---p 00000000 00:00 0 
7f4084104000-7f4084200000 rw-p 00000000 00:00 0 
7f4084200000-7f4084204000 ---p 00000000 00:00 0 
7f4084204000-7f4084300000 rw-p 00000000 00:00 0 
7f4084300000-7f4084304000 ---p 00000000 00:00 0 
7f4084304000-7f4084400000 rw-p 00000000 00:00 0 
7f4084400000-7f4084404000 ---p 00000000 00:00 0 
7f4084404000-7f4084500000 rw-p 00000000 00:00 0 
7f4084500000-7f4084504000 ---p 00000000 00:00 0 
7f4084504000-7f4084600000 rw-p 00000000 00:00 0 
7f4084600000-7f4084b73000 r--p 00000000 08:02 1315571                    /usr/lib/locale/locale-archive
7f4084c15000-7f4084c18000 r--p 00000000 08:02 1318239                    /usr/lib/x86_64-linux-gnu/libgcc_s.so.1
7f4084c18000-7f4084c2f000 r-xp 00003000 08:02 1318239                    /usr/lib/x86_64-linux-gnu/libgcc_s.so.1
7f4084c2f000-7f4084c33000 r--p 0001a000 08:02 1318239                    /usr/lib/x86_64-linux-gnu/libgcc_s.so.1
7f4084c33000-7f4084c34000 r--p 0001d000 08:02 1318239                    /usr/lib/x86_64-linux-gnu/libgcc_s.so.1
7f4084c34000-7f4084c35000 rw-p 0001e000 08:02 1318239                    /usr/lib/x86_64-linux-gnu/libgcc_s.so.1
7f4084c3d000-7f4084c44000 r--s 00000000 08:02 1576359                    /usr/lib/x86_64-linux-gnu/gconv/gconv-modules.cache
7f4084c44000-7f4084c4b000 r--p 00000000 08:02 28323823                   /home/andriodpc/Downloads/android-studio-2023.1.1.26-linux/android-studio/jbr/lib/libnet.so
7f4084c4b000-7f4084c58000 r-xp 00006000 08:02 28323823                   /home/andriodpc/Downloads/android-studio-2023.1.1.26-linux/android-studio/jbr/lib/libnet.so
7f4084c58000-7f4084c59000 r--p 00012000 08:02 28323823                   /home/andriodpc/Downloads/android-studio-2023.1.1.26-linux/android-studio/jbr/lib/libnet.so
7f4084c59000-7f4084c5b000 rw-p 00012000 08:02 28323823                   /home/andriodpc/Downloads/android-studio-2023.1.1.26-linux/android-studio/jbr/lib/libnet.so
7f4084c5b000-7f4084c5f000 ---p 00000000 00:00 0 
7f4084c5f000-7f4084d5b000 rw-p 00000000 00:00 0 
7f4084d5b000-7f4084d5f000 ---p 00000000 00:00 0 
7f4084d5f000-7f4084e5b000 rw-p 00000000 00:00 0 
7f4084e5b000-7f4084e5f000 ---p 00000000 00:00 0 
7f4084e5f000-7f4084f5b000 rw-p 00000000 00:00 0 
7f4084f5b000-7f4084f5c000 ---p 00000000 00:00 0 
7f4084f5c000-7f408505d000 rw-p 00000000 00:00 0 
7f4085177000-7f40851f8000 rw-p 00000000 00:00 0 
7f40851f8000-7f40851f9000 ---p 00000000 00:00 0 
7f40851f9000-7f40852fa000 rw-p 00000000 00:00 0 
7f40852fa000-7f40852fb000 ---p 00000000 00:00 0 
7f40852fb000-7f4087960000 rw-p 00000000 00:00 0 
7f4087960000-7f40879b0000 ---p 00000000 00:00 0 
7f40879b0000-7f40879c0000 rw-p 00000000 00:00 0 
7f40879c0000-7f40879e0000 ---p 00000000 00:00 0 
7f40879e0000-7f40879f0000 rw-p 00000000 00:00 0 
7f40879f0000-7f408c000000 ---p 00000000 00:00 0 
7f408c000000-7f408c160000 rw-p 00000000 00:00 0 
7f408c160000-7f408c1b0000 ---p 00000000 00:00 0 
7f408c1b0000-7f408c1c0000 rw-p 00000000 00:00 0 
7f408c1c0000-7f408c1e0000 ---p 00000000 00:00 0 
7f408c1e0000-7f408c1f0000 rw-p 00000000 00:00 0 
7f408c1f0000-7f4090800000 ---p 00000000 00:00 0 
7f4090800000-7f409082c000 rw-p 00000000 00:00 0 
7f409082c000-7f4090836000 ---p 00000000 00:00 0 
7f4090836000-7f4090838000 rw-p 00000000 00:00 0 
7f4090838000-7f409083c000 ---p 00000000 00:00 0 
7f409083c000-7f409083e000 rw-p 00000000 00:00 0 
7f409083e000-7f4091100000 ---p 00000000 00:00 0 
7f4091100000-7f409112c000 rw-p 00000000 00:00 0 
7f409112c000-7f4091136000 ---p 00000000 00:00 0 
7f4091136000-7f4091138000 rw-p 00000000 00:00 0 
7f4091138000-7f409113c000 ---p 00000000 00:00 0 
7f409113c000-7f409113e000 rw-p 00000000 00:00 0 
7f409113e000-7f4091a00000 ---p 00000000 00:00 0 
7f4091a00000-7f4091fb0000 rwxp 00000000 00:00 0 
7f4091fb0000-7f4098f37000 ---p 00000000 00:00 0 
7f4098f37000-7f40991a7000 rwxp 00000000 00:00 0 
7f40991a7000-7f40994c8000 ---p 00000000 00:00 0 
7f40994c8000-7f4099738000 rwxp 00000000 00:00 0 
7f4099738000-7f40a0a00000 ---p 00000000 00:00 0 
7f40a0a00000-7f40a3ed5000 r--s 00000000 08:02 28323901                   /home/andriodpc/Downloads/android-studio-2023.1.1.26-linux/android-studio/jbr/lib/modules
7f40a3ed6000-7f40a3ed9000 r--p 00000000 08:02 28323839                   /home/andriodpc/Downloads/android-studio-2023.1.1.26-linux/android-studio/jbr/lib/libmanagement_ext.so
7f40a3ed9000-7f40a3edc000 r-xp 00002000 08:02 28323839                   /home/andriodpc/Downloads/android-studio-2023.1.1.26-linux/android-studio/jbr/lib/libmanagement_ext.so
7f40a3edc000-7f40a3edd000 r--p 00004000 08:02 28323839                   /home/andriodpc/Downloads/android-studio-2023.1.1.26-linux/android-studio/jbr/lib/libmanagement_ext.so
7f40a3edd000-7f40a3ede000 rw-p 00004000 08:02 28323839                   /home/andriodpc/Downloads/android-studio-2023.1.1.26-linux/android-studio/jbr/lib/libmanagement_ext.so
7f40a3ede000-7f40a3ee7000 r--p 00000000 08:02 28323894                   /home/andriodpc/Downloads/android-studio-2023.1.1.26-linux/android-studio/jbr/lib/libzip.so
7f40a3ee7000-7f40a3efc000 r-xp 00008000 08:02 28323894                   /home/andriodpc/Downloads/android-studio-2023.1.1.26-linux/android-studio/jbr/lib/libzip.so
7f40a3efc000-7f40a3efe000 r--p 0001c000 08:02 28323894                   /home/andriodpc/Downloads/android-studio-2023.1.1.26-linux/android-studio/jbr/lib/libzip.so
7f40a3efe000-7f40a3eff000 rw-p 0001d000 08:02 28323894                   /home/andriodpc/Downloads/android-studio-2023.1.1.26-linux/android-studio/jbr/lib/libzip.so
7f40a3eff000-7f40a4000000 rw-p 00000000 00:00 0 
7f40a4000000-7f40a52f3000 rw-p 00000000 00:00 0 
7f40a52f3000-7f40a8000000 ---p 00000000 00:00 0 
7f40a8001000-7f40a8004000 r--p 00000000 08:02 28323812                   /home/andriodpc/Downloads/android-studio-2023.1.1.26-linux/android-studio/jbr/lib/libmanagement.so
7f40a8004000-7f40a8006000 r-xp 00002000 08:02 28323812                   /home/andriodpc/Downloads/android-studio-2023.1.1.26-linux/android-studio/jbr/lib/libmanagement.so
7f40a8006000-7f40a8007000 r--p 00003000 08:02 28323812                   /home/andriodpc/Downloads/android-studio-2023.1.1.26-linux/android-studio/jbr/lib/libmanagement.so
7f40a8007000-7f40a8008000 rw-p 00003000 08:02 28323812                   /home/andriodpc/Downloads/android-studio-2023.1.1.26-linux/android-studio/jbr/lib/libmanagement.so
7f40a8008000-7f40a8013000 r--p 00000000 08:02 28323892                   /home/andriodpc/Downloads/android-studio-2023.1.1.26-linux/android-studio/jbr/lib/libnio.so
7f40a8013000-7f40a801b000 r-xp 0000a000 08:02 28323892                   /home/andriodpc/Downloads/android-studio-2023.1.1.26-linux/android-studio/jbr/lib/libnio.so
7f40a801b000-7f40a801c000 r--p 00011000 08:02 28323892                   /home/andriodpc/Downloads/android-studio-2023.1.1.26-linux/android-studio/jbr/lib/libnio.so
7f40a801c000-7f40a801d000 rw-p 00011000 08:02 28323892                   /home/andriodpc/Downloads/android-studio-2023.1.1.26-linux/android-studio/jbr/lib/libnio.so
7f40a801d000-7f40a811e000 rw-p 00000000 00:00 0 
7f40a811e000-7f40a811f000 ---p 00000000 00:00 0 
7f40a811f000-7f40a8220000 rw-p 00000000 00:00 0 
7f40a8220000-7f40a8221000 ---p 00000000 00:00 0 
7f40a8221000-7f40a8322000 rw-p 00000000 00:00 0 
7f40a8322000-7f40a8323000 ---p 00000000 00:00 0 
7f40a8323000-7f40a8450000 rw-p 00000000 00:00 0 
7f40a8450000-7f40a845a000 ---p 00000000 00:00 0 
7f40a845a000-7f40a845c000 rw-p 00000000 00:00 0 
7f40a845c000-7f40a8460000 ---p 00000000 00:00 0 
7f40a8460000-7f40a8462000 rw-p 00000000 00:00 0 
7f40a8462000-7f40a8d24000 ---p 00000000 00:00 0 
7f40a8d24000-7f40a932f000 rw-p 00000000 00:00 0 
7f40a932f000-7f40a9415000 ---p 00000000 00:00 0 
7f40a9415000-7f40a9421000 rw-p 00000000 00:00 0 
7f40a9421000-7f40a9500000 ---p 00000000 00:00 0 
7f40a9500000-7f40a9504000 ---p 00000000 00:00 0 
7f40a9504000-7f40a9600000 rw-p 00000000 00:00 0 
7f40a9600000-7f40a9b37000 r--p 00000000 08:02 28323816                   /home/andriodpc/Downloads/android-studio-2023.1.1.26-linux/android-studio/jbr/lib/server/libjvm.so
7f40a9b37000-7f40aa70a000 r-xp 00536000 08:02 28323816                   /home/andriodpc/Downloads/android-studio-2023.1.1.26-linux/android-studio/jbr/lib/server/libjvm.so
7f40aa70a000-7f40aa7cc000 r--p 01108000 08:02 28323816                   /home/andriodpc/Downloads/android-studio-2023.1.1.26-linux/android-studio/jbr/lib/server/libjvm.so
7f40aa7cc000-7f40aa7f5000 rw-p 011c9000 08:02 28323816                   /home/andriodpc/Downloads/android-studio-2023.1.1.26-linux/android-studio/jbr/lib/server/libjvm.so
7f40aa7f5000-7f40aa86a000 rw-p 00000000 00:00 0 
7f40aa86c000-7f40aa872000 r--p 00000000 08:02 28323834                   /home/andriodpc/Downloads/android-studio-2023.1.1.26-linux/android-studio/jbr/lib/libverify.so
7f40aa872000-7f40aa87a000 r-xp 00005000 08:02 28323834                   /home/andriodpc/Downloads/android-studio-2023.1.1.26-linux/android-studio/jbr/lib/libverify.so
7f40aa87a000-7f40aa87c000 r--p 0000c000 08:02 28323834                   /home/andriodpc/Downloads/android-studio-2023.1.1.26-linux/android-studio/jbr/lib/libverify.so
7f40aa87c000-7f40aa87d000 rw-p 0000d000 08:02 28323834                   /home/andriodpc/Downloads/android-studio-2023.1.1.26-linux/android-studio/jbr/lib/libverify.so
7f40aa87d000-7f40aa919000 rw-p 00000000 00:00 0 
7f40aa919000-7f40aa927000 r--p 00000000 08:02 1312880                    /usr/lib/x86_64-linux-gnu/libm.so.6
7f40aa927000-7f40aa9a3000 r-xp 0000e000 08:02 1312880                    /usr/lib/x86_64-linux-gnu/libm.so.6
7f40aa9a3000-7f40aa9fe000 r--p 0008a000 08:02 1312880                    /usr/lib/x86_64-linux-gnu/libm.so.6
7f40aa9fe000-7f40aa9ff000 r--p 000e4000 08:02 1312880                    /usr/lib/x86_64-linux-gnu/libm.so.6
7f40aa9ff000-7f40aaa00000 rw-p 000e5000 08:02 1312880                    /usr/lib/x86_64-linux-gnu/libm.so.6
7f40aaa00000-7f40aaa28000 r--p 00000000 08:02 1312871                    /usr/lib/x86_64-linux-gnu/libc.so.6
7f40aaa28000-7f40aabbd000 r-xp 00028000 08:02 1312871                    /usr/lib/x86_64-linux-gnu/libc.so.6
7f40aabbd000-7f40aac15000 r--p 001bd000 08:02 1312871                    /usr/lib/x86_64-linux-gnu/libc.so.6
7f40aac15000-7f40aac19000 r--p 00214000 08:02 1312871                    /usr/lib/x86_64-linux-gnu/libc.so.6
7f40aac19000-7f40aac1b000 rw-p 00218000 08:02 1312871                    /usr/lib/x86_64-linux-gnu/libc.so.6
7f40aac1b000-7f40aac28000 rw-p 00000000 00:00 0 
7f40aac28000-7f40aac29000 r--p 00000000 08:02 28323849                   /home/andriodpc/Downloads/android-studio-2023.1.1.26-linux/android-studio/jbr/lib/libextnet.so
7f40aac29000-7f40aac2b000 r-xp 00000000 08:02 28323849                   /home/andriodpc/Downloads/android-studio-2023.1.1.26-linux/android-studio/jbr/lib/libextnet.so
7f40aac2b000-7f40aac2c000 r--p 00001000 08:02 28323849                   /home/andriodpc/Downloads/android-studio-2023.1.1.26-linux/android-studio/jbr/lib/libextnet.so
7f40aac2c000-7f40aac2d000 rw-p 00001000 08:02 28323849                   /home/andriodpc/Downloads/android-studio-2023.1.1.26-linux/android-studio/jbr/lib/libextnet.so
7f40aac2d000-7f40aac7d000 rw-p 00000000 00:00 0 
7f40aac7d000-7f40aac84000 ---p 00000000 00:00 0 
7f40aac84000-7f40aac8c000 rw-s 00000000 08:02 15597621                   /tmp/hsperfdata_andriodpc/9880
7f40aac8c000-7f40aac9e000 r--p 00000000 08:02 28323842                   /home/andriodpc/Downloads/android-studio-2023.1.1.26-linux/android-studio/jbr/lib/libjava.so
7f40aac9e000-7f40aacb0000 r-xp 00011000 08:02 28323842                   /home/andriodpc/Downloads/android-studio-2023.1.1.26-linux/android-studio/jbr/lib/libjava.so
7f40aacb0000-7f40aacb1000 r--p 00022000 08:02 28323842                   /home/andriodpc/Downloads/android-studio-2023.1.1.26-linux/android-studio/jbr/lib/libjava.so
7f40aacb1000-7f40aacb3000 rw-p 00022000 08:02 28323842                   /home/andriodpc/Downloads/android-studio-2023.1.1.26-linux/android-studio/jbr/lib/libjava.so
7f40aacb3000-7f40aacbe000 r--p 00000000 08:02 28323835                   /home/andriodpc/Downloads/android-studio-2023.1.1.26-linux/android-studio/jbr/lib/libjimage.so
7f40aacbe000-7f40aacd3000 r-xp 0000a000 08:02 28323835                   /home/andriodpc/Downloads/android-studio-2023.1.1.26-linux/android-studio/jbr/lib/libjimage.so
7f40aacd3000-7f40aacd5000 r--p 0001e000 08:02 28323835                   /home/andriodpc/Downloads/android-studio-2023.1.1.26-linux/android-studio/jbr/lib/libjimage.so
7f40aacd5000-7f40aacd6000 rw-p 0001f000 08:02 28323835                   /home/andriodpc/Downloads/android-studio-2023.1.1.26-linux/android-studio/jbr/lib/libjimage.so
7f40aacd6000-7f40aacd7000 r--p 00000000 08:02 1312905                    /usr/lib/x86_64-linux-gnu/librt.so.1
7f40aacd7000-7f40aacd8000 r-xp 00001000 08:02 1312905                    /usr/lib/x86_64-linux-gnu/librt.so.1
7f40aacd8000-7f40aacd9000 r--p 00002000 08:02 1312905                    /usr/lib/x86_64-linux-gnu/librt.so.1
7f40aacd9000-7f40aacda000 r--p 00002000 08:02 1312905                    /usr/lib/x86_64-linux-gnu/librt.so.1
7f40aacda000-7f40aacdb000 rw-p 00003000 08:02 1312905                    /usr/lib/x86_64-linux-gnu/librt.so.1
7f40aacdb000-7f40aacdd000 rw-p 00000000 00:00 0 
7f40aacdd000-7f40aacde000 r--p 00000000 08:02 1312879                    /usr/lib/x86_64-linux-gnu/libdl.so.2
7f40aacde000-7f40aacdf000 r-xp 00001000 08:02 1312879                    /usr/lib/x86_64-linux-gnu/libdl.so.2
7f40aacdf000-7f40aace0000 r--p 00002000 08:02 1312879                    /usr/lib/x86_64-linux-gnu/libdl.so.2
7f40aace0000-7f40aace1000 r--p 00002000 08:02 1312879                    /usr/lib/x86_64-linux-gnu/libdl.so.2
7f40aace1000-7f40aace2000 rw-p 00003000 08:02 1312879                    /usr/lib/x86_64-linux-gnu/libdl.so.2
7f40aace2000-7f40aace3000 r--p 00000000 08:02 1312901                    /usr/lib/x86_64-linux-gnu/libpthread.so.0
7f40aace3000-7f40aace4000 r-xp 00001000 08:02 1312901                    /usr/lib/x86_64-linux-gnu/libpthread.so.0
7f40aace4000-7f40aace5000 r--p 00002000 08:02 1312901                    /usr/lib/x86_64-linux-gnu/libpthread.so.0
7f40aace5000-7f40aace6000 r--p 00002000 08:02 1312901                    /usr/lib/x86_64-linux-gnu/libpthread.so.0
7f40aace6000-7f40aace7000 rw-p 00003000 08:02 1312901                    /usr/lib/x86_64-linux-gnu/libpthread.so.0
7f40aace7000-7f40aaceb000 r--p 00000000 08:02 28323811                   /home/andriodpc/Downloads/android-studio-2023.1.1.26-linux/android-studio/jbr/lib/libinstrument.so
7f40aaceb000-7f40aacf2000 r-xp 00003000 08:02 28323811                   /home/andriodpc/Downloads/android-studio-2023.1.1.26-linux/android-studio/jbr/lib/libinstrument.so
7f40aacf2000-7f40aacf3000 r--p 00009000 08:02 28323811                   /home/andriodpc/Downloads/android-studio-2023.1.1.26-linux/android-studio/jbr/lib/libinstrument.so
7f40aacf3000-7f40aacf4000 rw-p 00009000 08:02 28323811                   /home/andriodpc/Downloads/android-studio-2023.1.1.26-linux/android-studio/jbr/lib/libinstrument.so
7f40aacf4000-7f40aacf5000 ---p 00000000 00:00 0 
7f40aacf5000-7f40aacf6000 r--p 00000000 00:00 0 
7f40aacf6000-7f40aacff000 r--p 00000000 08:02 28323847                   /home/andriodpc/Downloads/android-studio-2023.1.1.26-linux/android-studio/jbr/lib/libjli.so
7f40aacff000-7f40aad0e000 r-xp 00008000 08:02 28323847                   /home/andriodpc/Downloads/android-studio-2023.1.1.26-linux/android-studio/jbr/lib/libjli.so
7f40aad0e000-7f40aad0f000 r--p 00016000 08:02 28323847                   /home/andriodpc/Downloads/android-studio-2023.1.1.26-linux/android-studio/jbr/lib/libjli.so
7f40aad0f000-7f40aad10000 rw-p 00016000 08:02 28323847                   /home/andriodpc/Downloads/android-studio-2023.1.1.26-linux/android-studio/jbr/lib/libjli.so
7f40aad10000-7f40aad12000 rw-p 00000000 00:00 0 
7f40aad12000-7f40aad14000 r--p 00000000 08:02 1312863                    /usr/lib/x86_64-linux-gnu/ld-linux-x86-64.so.2
7f40aad14000-7f40aad3e000 r-xp 00002000 08:02 1312863                    /usr/lib/x86_64-linux-gnu/ld-linux-x86-64.so.2
7f40aad3e000-7f40aad49000 r--p 0002c000 08:02 1312863                    /usr/lib/x86_64-linux-gnu/ld-linux-x86-64.so.2
7f40aad49000-7f40aad4a000 ---p 00000000 00:00 0 
7f40aad4a000-7f40aad4c000 r--p 00037000 08:02 1312863                    /usr/lib/x86_64-linux-gnu/ld-linux-x86-64.so.2
7f40aad4c000-7f40aad4e000 rw-p 00039000 08:02 1312863                    /usr/lib/x86_64-linux-gnu/ld-linux-x86-64.so.2
7ffdeece7000-7ffdeed08000 rw-p 00000000 00:00 0                          [stack]
7ffdeed9c000-7ffdeeda0000 r--p 00000000 00:00 0                          [vvar]
7ffdeeda0000-7ffdeeda2000 r-xp 00000000 00:00 0                          [vdso]
ffffffffff600000-ffffffffff601000 --xp 00000000 00:00 0                  [vsyscall]


VM Arguments:
jvm_args: --add-opens=java.base/java.util=ALL-UNNAMED --add-opens=java.base/java.lang=ALL-UNNAMED --add-opens=java.base/java.lang.invoke=ALL-UNNAMED --add-opens=java.prefs/java.util.prefs=ALL-UNNAMED --add-opens=java.base/java.nio.charset=ALL-UNNAMED --add-opens=java.base/java.net=ALL-UNNAMED --add-opens=java.base/java.util.concurrent.atomic=ALL-UNNAMED -Xmx4608m -Dfile.encoding=UTF-8 -Duser.country=US -Duser.language=en -Duser.variant -javaagent:/home/andriodpc/.gradle/wrapper/dists/gradle-8.2-all/6mxqtxovn2faat1idb7p6lxsa/gradle-8.2/lib/agents/gradle-instrumentation-agent-8.2.jar 
java_command: org.gradle.launcher.daemon.bootstrap.GradleDaemon 8.2
java_class_path (initial): /home/andriodpc/.gradle/wrapper/dists/gradle-8.2-all/6mxqtxovn2faat1idb7p6lxsa/gradle-8.2/lib/gradle-launcher-8.2.jar
Launcher Type: SUN_STANDARD

[Global flags]
     intx CICompilerCount                          = 3                                         {product} {ergonomic}
     uint ConcGCThreads                            = 2                                         {product} {ergonomic}
     uint G1ConcRefinementThreads                  = 6                                         {product} {ergonomic}
   size_t G1HeapRegionSize                         = 4194304                                   {product} {ergonomic}
    uintx GCDrainStackTargetSize                   = 64                                        {product} {ergonomic}
   size_t InitialHeapSize                          = 130023424                                 {product} {ergonomic}
   size_t MarkStackSize                            = 4194304                                   {product} {ergonomic}
   size_t MaxHeapSize                              = 4831838208                                {product} {command line}
   size_t MaxNewSize                               = 2898264064                                {product} {ergonomic}
   size_t MinHeapDeltaBytes                        = 4194304                                   {product} {ergonomic}
   size_t MinHeapSize                              = 8388608                                   {product} {ergonomic}
    uintx NonNMethodCodeHeapSize                   = 5832780                                {pd product} {ergonomic}
    uintx NonProfiledCodeHeapSize                  = 122912730                              {pd product} {ergonomic}
    uintx ProfiledCodeHeapSize                     = 122912730                              {pd product} {ergonomic}
    uintx ReservedCodeCacheSize                    = 251658240                              {pd product} {ergonomic}
     bool SegmentedCodeCache                       = true                                      {product} {ergonomic}
   size_t SoftMaxHeapSize                          = 4831838208                             {manageable} {ergonomic}
     bool UseCompressedClassPointers               = true                           {product lp64_product} {ergonomic}
     bool UseCompressedOops                        = true                           {product lp64_product} {ergonomic}
     bool UseG1GC                                  = true                                      {product} {ergonomic}

Logging:
Log output configuration:
 #0: stdout all=warning uptime,level,tags
 #1: stderr all=off uptime,level,tags

Environment Variables:
PATH=/usr/local/sbin:/usr/local/bin:/usr/sbin:/usr/bin:/sbin:/bin:/usr/games:/usr/local/games:/snap/bin:/snap/bin
USERNAME=andriodpc
SHELL=/bin/bash
DISPLAY=:0
LANG=en_US.UTF-8
TERM=xterm-256color

Active Locale:
LC_ALL=en_US.UTF-8
LC_COLLATE=en_US.UTF-8
LC_CTYPE=en_US.UTF-8
LC_MESSAGES=en_US.UTF-8
LC_MONETARY=en_US.UTF-8
LC_NUMERIC=en_US.UTF-8
LC_TIME=en_US.UTF-8

Signal Handlers:
   SIGSEGV: crash_handler in libjvm.so, mask=11100100010111111101111111111110, flags=SA_RESTART|SA_SIGINFO, unblocked
    SIGBUS: crash_handler in libjvm.so, mask=11100100010111111101111111111110, flags=SA_RESTART|SA_SIGINFO, unblocked
    SIGFPE: crash_handler in libjvm.so, mask=11100100010111111101111111111110, flags=SA_RESTART|SA_SIGINFO, unblocked
   SIGPIPE: javaSignalHandler in libjvm.so, mask=11100100010111111101111111111110, flags=SA_RESTART|SA_SIGINFO, blocked
   SIGXFSZ: javaSignalHandler in libjvm.so, mask=11100100010111111101111111111110, flags=SA_RESTART|SA_SIGINFO, blocked
    SIGILL: crash_handler in libjvm.so, mask=11100100010111111101111111111110, flags=SA_RESTART|SA_SIGINFO, unblocked
   SIGUSR2: SR_handler in libjvm.so, mask=00100000000000000000000000000000, flags=SA_RESTART|SA_SIGINFO, blocked
    SIGHUP: UserHandler in libjvm.so, mask=11100100010111111101111111111110, flags=SA_RESTART|SA_SIGINFO, blocked
    SIGINT: UserHandler in libjvm.so, mask=11100100010111111101111111111110, flags=SA_RESTART|SA_SIGINFO, blocked
   SIGTERM: UserHandler in libjvm.so, mask=11100100010111111101111111111110, flags=SA_RESTART|SA_SIGINFO, blocked
   SIGQUIT: UserHandler in libjvm.so, mask=11100100010111111101111111111110, flags=SA_RESTART|SA_SIGINFO, blocked
   SIGTRAP: crash_handler in libjvm.so, mask=11100100010111111101111111111110, flags=SA_RESTART|SA_SIGINFO, unblocked

JNI global refs:
JNI global refs: 22, weak refs: 2

JNI global refs memory usage: 867, weak refs: 865

OOME stack traces (most recent first):
Classloader memory used:
Loader org.gradle.internal.classloader.VisitableURLClassLoader                         : 2122K
Loader bootstrap                                                                       : 1903K
Loader org.gradle.initialization.MixInLegacyTypesClassLoader                           : 424K
Loader jdk.internal.loader.ClassLoaders$AppClassLoader                                 : 28461B
Loader jdk.internal.reflect.DelegatingClassLoader                                      : 3014B
Loader org.gradle.groovy.scripts.internal.DefaultScriptCompilationHandler$ScriptClassLoader: 791B
Loader jdk.internal.loader.ClassLoaders$PlatformClassLoader                            : 771B

Classes loaded by more than one classloader:
Class org.gradle.internal.installation.GradleInstallation                             : loaded 2 times (x 74B)
Class org.gradle.internal.classpath.ClassPath                                         : loaded 2 times (x 69B)
Class org.gradle.api.internal.classpath.DefaultModuleRegistry                         : loaded 2 times (x 85B)
Class org.gradle.api.Action                                                           : loaded 2 times (x 69B)
Class org.gradle.api.internal.DefaultClassPathProvider                                : loaded 2 times (x 75B)
Class org.gradle.internal.installation.GradleInstallation$1                           : loaded 2 times (x 74B)
Class org.gradle.internal.classloader.FilteringClassLoader                            : loaded 2 times (x 103B)
Class org.gradle.internal.classpath.DefaultClassPath$ImmutableUniqueList$Builder      : loaded 2 times (x 74B)
Class org.gradle.internal.classloader.ClassLoaderVisitor                              : loaded 2 times (x 75B)
Class org.gradle.internal.service.DefaultServiceLocator                               : loaded 2 times (x 82B)
Class org.gradle.internal.service.UnknownServiceException                             : loaded 2 times (x 82B)
Class org.gradle.internal.classloader.DefaultClassLoaderFactory                       : loaded 2 times (x 81B)
Class org.gradle.internal.classloader.VisitableURLClassLoader$Spec                    : loaded 2 times (x 73B)
Class org.gradle.api.GradleException                                                  : loaded 2 times (x 81B)
Class org.gradle.api.internal.classpath.ModuleRegistry                                : loaded 2 times (x 69B)
Class org.gradle.api.internal.ClassPathProvider                                       : loaded 2 times (x 69B)
Class org.gradle.internal.classloader.ClasspathUtil$1                                 : loaded 2 times (x 75B)
Class org.gradle.internal.classloader.ClassLoaderFactory                              : loaded 2 times (x 69B)
Class org.gradle.api.internal.classpath.ManifestUtil                                  : loaded 2 times (x 70B)
Class org.gradle.api.specs.Spec                                                       : loaded 2 times (x 69B)
Class org.gradle.internal.IoActions                                                   : loaded 2 times (x 70B)
Class org.gradle.api.internal.classpath.EffectiveClassPath                            : loaded 2 times (x 89B)
Class org.gradle.internal.installation.CurrentGradleInstallation                      : loaded 2 times (x 72B)
Class org.gradle.internal.agents.InstrumentingClassLoader                             : loaded 2 times (x 69B)
Class org.gradle.internal.installation.CurrentGradleInstallationLocator               : loaded 2 times (x 70B)
Class org.gradle.api.internal.classpath.Module                                        : loaded 2 times (x 69B)
Class org.gradle.internal.service.CachingServiceLocator                               : loaded 2 times (x 81B)
Class org.gradle.internal.classpath.DefaultClassPath                                  : loaded 2 times (x 89B)
Class org.gradle.internal.classloader.SystemClassLoaderSpec                           : loaded 2 times (x 70B)
Class org.gradle.api.UncheckedIOException                                             : loaded 2 times (x 81B)
Class org.gradle.internal.classloader.ClasspathUtil                                   : loaded 2 times (x 70B)
Class org.gradle.api.internal.DefaultClassPathRegistry                                : loaded 2 times (x 75B)
Class org.gradle.api.internal.classpath.DefaultModuleRegistry$DefaultModule           : loaded 2 times (x 85B)
Class org.gradle.api.internal.classpath.UnknownModuleException                        : loaded 2 times (x 81B)
Class org.gradle.internal.service.ServiceLookupException                              : loaded 2 times (x 81B)
Class org.gradle.cache.GlobalCache                                                    : loaded 2 times (x 69B)
Class [Lorg.gradle.api.internal.ClassPathProvider;                                    : loaded 2 times (x 68B)
Class org.gradle.util.internal.GUtil                                                  : loaded 2 times (x 70B)
Class org.gradle.internal.classloader.ClassLoaderSpec                                 : loaded 2 times (x 70B)
Class org.gradle.internal.classloader.VisitableURLClassLoader                         : loaded 2 times (x 115B)
Class org.gradle.internal.Cast                                                        : loaded 2 times (x 70B)
Class org.gradle.api.internal.ClassPathRegistry                                       : loaded 2 times (x 69B)
Class org.gradle.internal.classloader.VisitableURLClassLoader$InstrumentingVisitableURLClassLoader: loaded 2 times (x 121B)
Class org.gradle.internal.classloader.ClassLoaderHierarchy                            : loaded 2 times (x 69B)
Class org.gradle.internal.InternalTransformer                                         : loaded 2 times (x 69B)
Class org.gradle.internal.service.ServiceLocator                                      : loaded 2 times (x 69B)
Class org.gradle.internal.classpath.DefaultClassPath$ImmutableUniqueList              : loaded 2 times (x 160B)
Class org.gradle.internal.classpath.TransformedClassPath                              : loaded 2 times (x 95B)


---------------  S Y S T E M  ---------------

OS:
DISTRIB_ID=Ubuntu
DISTRIB_RELEASE=22.04
DISTRIB_CODENAME=jammy
DISTRIB_DESCRIPTION="Ubuntu 22.04.3 LTS"
uname: Linux 6.2.0-39-generic #40~22.04.1-Ubuntu SMP PREEMPT_DYNAMIC Thu Nov 16 10:53:04 UTC 2 x86_64
OS uptime: 0 days 4:15 hours
libc: glibc 2.35 NPTL 2.35 
rlimit (soft/hard): STACK 8192k/infinity , CORE 0k/infinity , NPROC 30871/30871 , NOFILE 1048576/1048576 , AS infinity/infinity , CPU infinity/infinity , DATA infinity/infinity , FSIZE infinity/infinity , MEMLOCK 997440k/997440k
load average: 3.75 2.02 1.37

/proc/meminfo:
MemTotal:        7979544 kB
MemFree:          504760 kB
MemAvailable:    1026104 kB
Buffers:           41276 kB
Cached:           907212 kB
SwapCached:         8712 kB
Active:          2606056 kB
Inactive:        4324632 kB
Active(anon):    2263508 kB
Inactive(anon):  4005784 kB
Active(file):     342548 kB
Inactive(file):   318848 kB
Unevictable:       17976 kB
Mlocked:              64 kB
SwapTotal:       2097148 kB
SwapFree:        1192216 kB
Zswap:                 0 kB
Zswapped:              0 kB
Dirty:              7048 kB
Writeback:             0 kB
AnonPages:       5995604 kB
Mapped:           310048 kB
Shmem:            287056 kB
KReclaimable:     167192 kB
Slab:             341544 kB
SReclaimable:     167192 kB
SUnreclaim:       174352 kB
KernelStack:       19376 kB
PageTables:        58020 kB
SecPageTables:         0 kB
NFS_Unstable:          0 kB
Bounce:                0 kB
WritebackTmp:          0 kB
CommitLimit:     6086920 kB
Committed_AS:   16160152 kB
VmallocTotal:   34359738367 kB
VmallocUsed:       48692 kB
VmallocChunk:          0 kB
Percpu:             6720 kB
HardwareCorrupted:     0 kB
AnonHugePages:         0 kB
ShmemHugePages:        0 kB
ShmemPmdMapped:        0 kB
FileHugePages:         0 kB
FilePmdMapped:         0 kB
HugePages_Total:       0
HugePages_Free:        0
HugePages_Rsvd:        0
HugePages_Surp:        0
Hugepagesize:       2048 kB
Hugetlb:               0 kB
DirectMap4k:      157684 kB
DirectMap2M:     3893248 kB
DirectMap1G:     4194304 kB

/sys/kernel/mm/transparent_hugepage/enabled: always [madvise] never
/sys/kernel/mm/transparent_hugepage/defrag (defrag/compaction efforts parameter): always defer defer+madvise [madvise] never

Process Memory:
Virtual Size: 9529996K (peak: 9531124K)
Resident Set Size: 227320K (peak: 227320K) (anon: 197624K, file: 29696K, shmem: 0K)
Swapped out: 0K
C-Heap outstanding allocations: 69296K, retained: 22895K
glibc malloc tunables: (default)

/proc/sys/kernel/threads-max (system-wide limit on the number of threads): 61743
/proc/sys/vm/max_map_count (maximum number of memory map areas a process may have): 65530
/proc/sys/kernel/pid_max (system-wide limit on number of process identifiers): 4194304

container (cgroup) information:
container_type: cgroupv2
cpu_cpuset_cpus: not supported
cpu_memory_nodes: not supported
active_processor_count: 6
cpu_quota: not supported
cpu_period: not supported
cpu_shares: not supported
memory_limit_in_bytes: unlimited
memory_and_swap_limit_in_bytes: unlimited
memory_soft_limit_in_bytes: unlimited
memory_usage_in_bytes: 4769076 k
memory_max_usage_in_bytes: not supported
memory_swap_current_in_bytes: 478324 k
memory_swap_max_limit_in_bytes: unlimited
maximum number of tasks: 9261
current number of tasks: 252

Steal ticks since vm start: 0
Steal ticks percentage since vm start:  0.000

CPU: total 6 (initial active 6) (6 cores per cpu, 1 threads per core) family 6 model 158 stepping 10 microcode 0xf4, cx8, cmov, fxsr, mmx, 3dnowpref, sse, sse2, sse3, ssse3, sse4.1, sse4.2, popcnt, lzcnt, tsc, tscinvbit, avx, avx2, aes, erms, clmul, bmi1, bmi2, adx, fma, vzeroupper, clflush, clflushopt
CPU Model and flags from /proc/cpuinfo:
model name	: Intel(R) Core(TM) i5-8400 CPU @ 2.80GHz
flags		: fpu vme de pse tsc msr pae mce cx8 apic sep mtrr pge mca cmov pat pse36 clflush dts acpi mmx fxsr sse sse2 ss ht tm pbe syscall nx pdpe1gb rdtscp lm constant_tsc art arch_perfmon pebs bts rep_good nopl xtopology nonstop_tsc cpuid aperfmperf pni pclmulqdq dtes64 monitor ds_cpl vmx est tm2 ssse3 sdbg fma cx16 xtpr pdcm pcid sse4_1 sse4_2 x2apic movbe popcnt tsc_deadline_timer aes xsave avx f16c rdrand lahf_lm abm 3dnowprefetch cpuid_fault epb invpcid_single pti ssbd ibrs ibpb stibp tpr_shadow vnmi flexpriority ept vpid ept_ad fsgsbase tsc_adjust bmi1 avx2 smep bmi2 erms invpcid mpx rdseed adx smap clflushopt intel_pt xsaveopt xsavec xgetbv1 xsaves dtherm ida arat pln pts hwp hwp_notify hwp_act_window hwp_epp md_clear flush_l1d arch_capabilities

Online cpus: 0-5
Offline cpus: 
BIOS frequency limitation: <Not Available>
Frequency switch latency (ns): 0
Available cpu frequencies: <Not Available>
Current governor: powersave
Core performance/turbo boost: <Not Available>

Memory: 4k page, physical 7979544k(504760k free), swap 2097148k(1192216k free)
Page Sizes: 4k

vm_info: OpenJDK 64-Bit Server VM (17.0.7+0-17.0.7b1000.6-10550314) for linux-amd64 JRE (17.0.7+0-17.0.7b1000.6-10550314), built on Jul 24 2023 17:08:11 by "androidbuild" with clang Android (8508608, based on r450784e) Clang 14.0.7 (https://android.googlesource.com/toolchain/llvm-project 4c603efb0cca074e9238af8b4106c30add4418f6)

END.
