#
# A fatal error has been detected by the Java Runtime Environment:
#
#  SIGSEGV (0xb) at pc=0x00007f70c73700ab, pid=4434, tid=4457
#
# JRE version: OpenJDK Runtime Environment (17.0.7) (build 17.0.7+0-17.0.7b1000.6-10550314)
# Java VM: OpenJDK 64-Bit Server VM (17.0.7+0-17.0.7b1000.6-10550314, mixed mode, tiered, compressed oops, compressed class ptrs, g1 gc, linux-amd64)
# Problematic frame:
# V  [libjvm.so+0x9700ab]  G1ParScanThreadState::trim_queue_to_threshold(unsigned int)+0x82b
#
# Core dump will be written. Default location: Core dumps may be processed with "/usr/share/apport/apport -p%p -s%s -c%c -d%d -P%P -u%u -g%g -- %E" (or dumping to /home/andriodpc/Documents/EonTechnician(todays work) (2)/EonTechnician(todays work)/EonTechnician/core.4434)
#
# If you would like to submit a bug report, please visit:
#   https://bugreport.java.com/bugreport/crash.jsp
#

---------------  S U M M A R Y ------------

Command Line: --add-opens=java.base/java.util=ALL-UNNAMED --add-opens=java.base/java.lang=ALL-UNNAMED --add-opens=java.base/java.lang.invoke=ALL-UNNAMED --add-opens=java.prefs/java.util.prefs=ALL-UNNAMED --add-opens=java.base/java.nio.charset=ALL-UNNAMED --add-opens=java.base/java.net=ALL-UNNAMED --add-opens=java.base/java.util.concurrent.atomic=ALL-UNNAMED -Xmx4608m -Dfile.encoding=UTF-8 -Duser.country=US -Duser.language=en -Duser.variant -javaagent:/home/andriodpc/.gradle/wrapper/dists/gradle-8.2-all/6mxqtxovn2faat1idb7p6lxsa/gradle-8.2/lib/agents/gradle-instrumentation-agent-8.2.jar org.gradle.launcher.daemon.bootstrap.GradleDaemon 8.2

Host: Intel(R) Core(TM) i5-8400 CPU @ 2.80GHz, 6 cores, 7G, Ubuntu 22.04.3 LTS
Time: Tue Jan  9 09:40:53 2024 IST elapsed time: 1.760352 seconds (0d 0h 0m 1s)

---------------  T H R E A D  ---------------

Current thread (0x00007f7084009220):  GCTaskThread "GC Thread#2" [stack: 0x00007f7094dfc000,0x00007f7094efc000] [id=4457]

Stack: [0x00007f7094dfc000,0x00007f7094efc000],  sp=0x00007f7094efa9f0,  free space=1018k
Native frames: (J=compiled Java code, j=interpreted, Vv=VM code, C=native code)
V  [libjvm.so+0x9700ab]  G1ParScanThreadState::trim_queue_to_threshold(unsigned int)+0x82b
V  [libjvm.so+0x97e3f8]  G1ScanHRForRegionClosure::scan_memregion(unsigned int, MemRegion)+0x698
V  [libjvm.so+0x97dac6]  G1ScanHRForRegionClosure::scan_heap_roots(HeapRegion*)+0x586
V  [libjvm.so+0x97d523]  G1ScanHRForRegionClosure::do_heap_region(HeapRegion*)+0x53
V  [libjvm.so+0x97b7e9]  G1RemSet::scan_heap_roots(G1ParScanThreadState*, unsigned int, G1GCPhaseTimes::GCParPhases, G1GCPhaseTimes::GCParPhases, bool)+0xe9
V  [libjvm.so+0x934c88]  G1EvacuateRegionsTask::scan_roots(G1ParScanThreadState*, unsigned int)+0x48
V  [libjvm.so+0x934b5c]  G1EvacuateRegionsBaseTask::work(unsigned int)+0x7c
V  [libjvm.so+0x10b758c]  GangWorker::run()+0x5c
V  [libjvm.so+0x100b9ff]  Thread::call_run()+0xbf
V  [libjvm.so+0xe08ba9]  thread_native_entry(Thread*)+0x119


siginfo: si_signo: 11 (SIGSEGV), si_code: 1 (SEGV_MAPERR), si_addr: 0x00000008dcf0f47b

Register to memory mapping:

RAX=0x00007f70c7c0b501: <offset 0x000000000120b501> in /home/andriodpc/Downloads/android-studio-2023.1.1.26-linux/android-studio/jbr/lib/server/libjvm.so at 0x00007f70c6a00000
RBX=0xdcf0f45700000000 is an unknown value
RCX=0x00000000ffffff00 is an unknown value
RDX=0x00007f70c7bd1000: <offset 0x00000000011d1000> in /home/andriodpc/Downloads/android-studio-2023.1.1.26-linux/android-studio/jbr/lib/server/libjvm.so at 0x00007f70c6a00000
RSP=0x00007f7094efa9f0 points into unknown readable memory: 0x00007f70500043a8 | a8 43 00 50 70 7f 00 00
RBP=0x00007f7094efaa80 points into unknown readable memory: 0x00007f7094efab00 | 00 ab ef 94 70 7f 00 00
RSI=0x00007f70c003a150 points into unknown readable memory: 0x00007f70c7ba94e0 | e0 94 ba c7 70 7f 00 00
RDI=0x00000008dcf0f473 is an unknown value
R8 =0x00007f7050004390 points into unknown readable memory: 0x00007f70c7bab360 | 60 b3 ba c7 70 7f 00 00
R9 =0x0 is NULL
R10=0x00007f7050004750 points into unknown readable memory: 0x00007f70c003a150 | 50 a1 03 c0 70 7f 00 00
R11=0x0 is NULL
R12=0x00000006e25b4024 is pointing into object: java.lang.String 
{0x00000006e25b4010} - klass: 'java/lang/String'

[error occurred during error reporting (printing register info), id 0xb, SIGSEGV (0xb) at pc=0x00007f70c74275ee]

Registers:
RAX=0x00007f70c7c0b501, RBX=0xdcf0f45700000000, RCX=0x00000000ffffff00, RDX=0x00007f70c7bd1000
RSP=0x00007f7094efa9f0, RBP=0x00007f7094efaa80, RSI=0x00007f70c003a150, RDI=0x00000008dcf0f473
R8 =0x00007f7050004390, R9 =0x0000000000000000, R10=0x00007f7050004750, R11=0x0000000000000000
R12=0x00000006e25b4024, R13=0x00000006e787a388, R14=0x0000000000000001, R15=0x00000006e25b4010
RIP=0x00007f70c73700ab, EFLAGS=0x0000000000010202, CSGSFS=0x002b000000000033, ERR=0x0000000000000004
  TRAPNO=0x000000000000000e

Top of Stack: (sp=0x00007f7094efa9f0)
0x00007f7094efa9f0:   00007f70500043a8 00007f7050004588
0x00007f7094efaa00:   00000040e0972800 0000000000000000
0x00007f7094efaa10:   0000000000000000 0000000000000001
0x00007f7094efaa20:   0000000000000004 00007f7050004510 

Instructions: (pc=0x00007f70c73700ab)
0x00007f70c736ffab:   00 8b 42 08 89 c1 49 d3 e5 48 8b 12 49 01 d5 49
0x00007f70c736ffbb:   8b 70 08 8a 8e 90 05 00 00 4c 89 ef 48 d3 ef 48
0x00007f70c736ffcb:   8b 8e 80 05 00 00 44 0f b7 34 79 66 45 85 f6 0f
0x00007f70c736ffdb:   88 10 fd ff ff 49 83 c4 ff 49 8b 5d 00 89 d9 f7
0x00007f70c736ffeb:   d1 f6 c1 03 0f 85 8d 00 00 00 89 d9 83 e1 07 48
0x00007f70c736fffb:   83 e3 fc 83 f9 05 41 bf 00 00 00 00 4c 0f 45 fb
0x00007f70c737000b:   48 8d 0d af b6 89 00 80 39 00 4c 0f 44 fb e9 c2
0x00007f70c737001b:   05 00 00 4d 8b 14 24 49 8b 40 08 8a 88 90 05 00
0x00007f70c737002b:   00 4c 89 d2 48 d3 ea 48 8b 80 80 05 00 00 0f b7
0x00007f70c737003b:   1c 50 66 85 db 0f 88 aa fc ff ff 4d 8b 3a 44 89
0x00007f70c737004b:   f8 f7 d0 a8 03 0f 85 c3 00 00 00 44 89 f8 83 e0
0x00007f70c737005b:   07 49 83 e7 fc 83 f8 05 4d 89 fd b8 00 00 00 00
0x00007f70c737006b:   4c 0f 44 e8 48 8d 05 4b b6 89 00 80 38 00 4d 0f
0x00007f70c737007b:   44 ef e9 36 0a 00 00 48 89 5d c0 48 8d 05 cc b4
0x00007f70c737008b:   89 00 8a 00 84 c0 0f 84 c3 00 00 00 41 8b 7d 08
0x00007f70c737009b:   48 8d 15 5e 0f 86 00 8a 4a 08 48 d3 e7 48 03 3a
0x00007f70c73700ab:   44 8b 7f 08 45 85 ff 48 89 7d b0 0f 8e b3 00 00
0x00007f70c73700bb:   00 41 f6 c7 01 0f 85 ae 00 00 00 41 c1 ef 03 e9
0x00007f70c73700cb:   24 01 00 00 4c 8d 24 cb 45 85 ff 4c 0f 4e e3 41
0x00007f70c73700db:   8b 0c 16 39 c1 0f 4f c8 48 63 c1 48 8d 1c c3 49
0x00007f70c73700eb:   39 dc 4c 8b 75 a8 0f 83 f9 fb ff ff 66 0f 1f 84
0x00007f70c73700fb:   00 00 00 00 00 4c 89 f7 4c 89 e6 e8 a5 36 00 00
0x00007f70c737010b:   49 83 c4 08 49 39 dc 72 ec e9 d7 fb ff ff 4c 89
0x00007f70c737011b:   7d c0 48 8d 05 35 b4 89 00 8a 00 84 c0 74 5b 41
0x00007f70c737012b:   8b 7a 08 48 8d 15 cb 0e 86 00 8a 4a 08 48 d3 e7
0x00007f70c737013b:   48 03 3a 44 8b 6f 08 45 85 ed 48 89 7d b0 7e 4b
0x00007f70c737014b:   41 f6 c5 01 75 4e 41 c1 ed 03 e9 63 05 00 00 49
0x00007f70c737015b:   8b 7d 08 44 8b 7f 08 45 85 ff 48 89 7d b0 0f 8f
0x00007f70c737016b:   4d ff ff ff 45 85 ff 78 45 48 8b 07 4c 89 ee ff
0x00007f70c737017b:   90 00 01 00 00 41 89 c7 eb 6e 49 8b 7a 08 44 8b
0x00007f70c737018b:   6f 08 45 85 ed 48 89 7d b0 7f b5 45 85 ed 0f 88
0x00007f70c737019b:   e4 04 00 00 48 8b 07 4c 89 d6 4d 89 d6 ff 90 00 


Stack slot to memory mapping:
stack at sp + 0 slots: 0x00007f70500043a8 points into unknown readable memory: 0x00007f70c7bab568 | 68 b5 ba c7 70 7f 00 00
stack at sp + 1 slots: 0x00007f7050004588 points into unknown readable memory: 0x0000000000000000 | 00 00 00 00 00 00 00 00
stack at sp + 2 slots: 0x00000040e0972800 is an unknown value
stack at sp + 3 slots: 0x0 is NULL
stack at sp + 4 slots: 0x0 is NULL
stack at sp + 5 slots: 0x0000000000000001 is an unknown value
stack at sp + 6 slots: 0x0000000000000004 is an unknown value
stack at sp + 7 slots: 0x00007f7050004510 points into unknown readable memory: 0x00007f70c7bab420 | 20 b4 ba c7 70 7f 00 00


---------------  P R O C E S S  ---------------

Threads class SMR info:
_java_thread_list=0x00007f7058f94360, length=27, elements={
0x00007f70c0027ee0, 0x00007f70c0173860, 0x00007f70c0174eb0, 0x00007f70c01a4f40,
0x00007f70c01a62f0, 0x00007f70c01a7700, 0x00007f70c019a520, 0x00007f70c019ba00,
0x00007f70c019ce70, 0x00007f70c0232910, 0x00007f70c0359dc0, 0x00007f70c13c6830,
0x00007f70c14ee410, 0x00007f70c152ae70, 0x00007f703c0174f0, 0x00007f7034001600,
0x00007f703400e860, 0x00007f703400fe90, 0x00007f70584bece0, 0x00007f70580deb20,
0x00007f70586246e0, 0x00007f7058689bd0, 0x00007f7058691140, 0x00007f70645e93c0,
0x00007f7058776c20, 0x00007f7058f91720, 0x00007f7058f934f0
}

Java Threads: ( => current thread )
  0x00007f70c0027ee0 JavaThread "main" [_thread_blocked, id=4437, stack(0x00007f70c6900000,0x00007f70c6a00000)]
  0x00007f70c0173860 JavaThread "Reference Handler" daemon [_thread_blocked, id=4444, stack(0x00007f70a41c1000,0x00007f70a42c1000)]
  0x00007f70c0174eb0 JavaThread "Finalizer" daemon [_thread_blocked, id=4445, stack(0x00007f70a40c1000,0x00007f70a41c1000)]
  0x00007f70c01a4f40 JavaThread "Signal Dispatcher" daemon [_thread_blocked, id=4446, stack(0x00007f7095900000,0x00007f7095a00000)]
  0x00007f70c01a62f0 JavaThread "Service Thread" daemon [_thread_blocked, id=4447, stack(0x00007f7095800000,0x00007f7095900000)]
  0x00007f70c01a7700 JavaThread "Monitor Deflation Thread" daemon [_thread_blocked, id=4448, stack(0x00007f7095700000,0x00007f7095800000)]
  0x00007f70c019a520 JavaThread "C2 CompilerThread0" daemon [_thread_blocked, id=4449, stack(0x00007f7095600000,0x00007f7095700000)]
  0x00007f70c019ba00 JavaThread "C1 CompilerThread0" daemon [_thread_blocked, id=4450, stack(0x00007f7095500000,0x00007f7095600000)]
  0x00007f70c019ce70 JavaThread "Sweeper thread" daemon [_thread_blocked, id=4451, stack(0x00007f7095400000,0x00007f7095500000)]
  0x00007f70c0232910 JavaThread "Common-Cleaner" daemon [_thread_blocked, id=4452, stack(0x00007f7095300000,0x00007f7095400000)]
  0x00007f70c0359dc0 JavaThread "Notification Thread" daemon [_thread_blocked, id=4453, stack(0x00007f7095200000,0x00007f7095300000)]
  0x00007f70c13c6830 JavaThread "Daemon health stats" [_thread_blocked, id=4460, stack(0x00007f7094900000,0x00007f7094a00000)]
  0x00007f70c14ee410 JavaThread "Incoming local TCP Connector on port 45109" [_thread_in_native, id=4461, stack(0x00007f7094500000,0x00007f7094600000)]
  0x00007f70c152ae70 JavaThread "Daemon periodic checks" [_thread_blocked, id=4462, stack(0x00007f7094100000,0x00007f7094200000)]
  0x00007f703c0174f0 JavaThread "Daemon" [_thread_blocked, id=4463, stack(0x00007f7094000000,0x00007f7094100000)]
  0x00007f7034001600 JavaThread "Handler for socket connection from /127.0.0.1:45109 to /127.0.0.1:50066" [_thread_in_native, id=4464, stack(0x00007f703bf00000,0x00007f703c000000)]
  0x00007f703400e860 JavaThread "Cancel handler" [_thread_blocked, id=4465, stack(0x00007f703be00000,0x00007f703bf00000)]
  0x00007f703400fe90 JavaThread "Daemon worker" [_thread_blocked, id=4468, stack(0x00007f7094ffe000,0x00007f70950fe000)]
  0x00007f70584bece0 JavaThread "Asynchronous log dispatcher for DefaultDaemonConnection: socket connection from /127.0.0.1:45109 to /127.0.0.1:50066" [_thread_blocked, id=4471, stack(0x00007f703bafc000,0x00007f703bbfc000)]
  0x00007f70580deb20 JavaThread "Stdin handler" [_thread_blocked, id=4472, stack(0x00007f703b9fc000,0x00007f703bafc000)]
  0x00007f70586246e0 JavaThread "Daemon client event forwarder" [_thread_blocked, id=4473, stack(0x00007f703b8fc000,0x00007f703b9fc000)]
  0x00007f7058689bd0 JavaThread "Cache worker for journal cache (/home/andriodpc/.gradle/caches/journal-1)" [_thread_blocked, id=4475, stack(0x00007f703b6fa000,0x00007f703b7fa000)]
  0x00007f7058691140 JavaThread "File lock request listener" [_thread_in_native, id=4476, stack(0x00007f703b5fa000,0x00007f703b6fa000)]
  0x00007f70645e93c0 JavaThread "C2 CompilerThread1" daemon [_thread_blocked, id=4477, stack(0x00007f703b4fa000,0x00007f703b5fa000)]
  0x00007f7058776c20 JavaThread "Cache worker for file hash cache (/home/andriodpc/.gradle/caches/8.2/fileHashes)" [_thread_blocked, id=4478, stack(0x00007f703b3fa000,0x00007f703b4fa000)]
  0x00007f7058f91720 JavaThread "File watcher server" daemon [_thread_in_native, id=4479, stack(0x00007f703b2fa000,0x00007f703b3fa000)]
  0x00007f7058f934f0 JavaThread "File watcher consumer" daemon [_thread_blocked, id=4480, stack(0x00007f703b1fa000,0x00007f703b2fa000)]

Other Threads:
  0x00007f70c0124000 VMThread "VM Thread" [stack: 0x00007f70a42c3000,0x00007f70a43c3000] [id=4443]
  0x00007f70c01de530 WatcherThread [stack: 0x00007f7095100000,0x00007f7095200000] [id=4454]
  0x00007f70c0097570 GCTaskThread "GC Thread#0" [stack: 0x00007f70c4524000,0x00007f70c4624000] [id=4438]
  0x00007f7084005810 GCTaskThread "GC Thread#1" [stack: 0x00007f7094efe000,0x00007f7094ffe000] [id=4456]
=>0x00007f7084009220 GCTaskThread "GC Thread#2" [stack: 0x00007f7094dfc000,0x00007f7094efc000] [id=4457]
  0x00007f7084008eb0 GCTaskThread "GC Thread#3" [stack: 0x00007f7094cfa000,0x00007f7094dfa000] [id=4459]
  0x00007f7084009d90 GCTaskThread "GC Thread#4" [stack: 0x00007f703bd00000,0x00007f703be00000] [id=4466]
  0x00007f7084006c90 GCTaskThread "GC Thread#5" [stack: 0x00007f703bbfe000,0x00007f703bcfe000] [id=4467]
  0x00007f70c00a1b60 ConcurrentGCThread "G1 Main Marker" [stack: 0x00007f70c4422000,0x00007f70c4522000] [id=4439]
  0x00007f70c00a2ac0 ConcurrentGCThread "G1 Conc#0" [stack: 0x00007f70c4320000,0x00007f70c4420000] [id=4440]
  0x00007f7098000eb0 ConcurrentGCThread "G1 Conc#1" [stack: 0x00007f703b7fc000,0x00007f703b8fc000] [id=4474]
  0x00007f70c00e18d0 ConcurrentGCThread "G1 Refine#0" [stack: 0x00007f70a46fe000,0x00007f70a47fe000] [id=4441]
  0x00007f70c00e27c0 ConcurrentGCThread "G1 Service" [stack: 0x00007f70a45fc000,0x00007f70a46fc000] [id=4442]

Threads with active compile tasks:
C2 CompilerThread0     1765 1946   !   4       java.net.URLClassLoader$1::run (81 bytes)
C2 CompilerThread1     1765 2210   !   4       java.net.URL::<init> (543 bytes)

VM state: at safepoint (normal execution)

VM Mutex/Monitor currently owned by a thread:  ([mutex/lock_event])
[0x00007f70c0024ad0] Threads_lock - owner thread: 0x00007f70c0124000
[0x00007f70c0025340] Heap_lock - owner thread: 0x00007f703400fe90

Heap address: 0x00000006e0000000, size: 4608 MB, Compressed Oops mode: Zero based, Oop shift amount: 3

CDS archive(s) not mapped
Compressed class space mapped at: 0x0000000800000000-0x0000000840000000, reserved size: 1073741824
Narrow klass base: 0x0000000800000000, Narrow klass shift: 0, Narrow klass range: 0x40000000

GC Precious Log:
 CPUs: 6 total, 6 available
 Memory: 7792M
 Large Page Support: Disabled
 NUMA Support: Disabled
 Compressed Oops: Enabled (Zero based)
 Heap Region Size: 4M
 Heap Min Capacity: 8M
 Heap Initial Capacity: 124M
 Heap Max Capacity: 4608M
 Pre-touch: Disabled
 Parallel Workers: 6
 Concurrent Workers: 2
 Concurrent Refinement Workers: 6
 Periodic GC: Disabled

Heap:
 garbage-first heap   total 98304K, used 71316K [0x00000006e0000000, 0x0000000800000000)
  region size 4096K, 14 young (57344K), 1 survivors (4096K)
 Metaspace       used 28965K, committed 29248K, reserved 1114112K
  class space    used 3929K, committed 4032K, reserved 1048576K

Heap Regions: E=young(eden), S=young(survivor), O=old, HS=humongous(starts), HC=humongous(continues), CS=collection set, F=free, OA=open archive, CA=closed archive, TAMS=top-at-mark-start (previous, next)
|   0|0x00000006e0000000, 0x00000006e0400000, 0x00000006e0400000|100%|HS|  |TAMS 0x00000006e0400000, 0x00000006e0000000| Complete 
|   1|0x00000006e0400000, 0x00000006e0800000, 0x00000006e0800000|100%| O|  |TAMS 0x00000006e0800000, 0x00000006e0400000| Untracked 
|   2|0x00000006e0800000, 0x00000006e0c00000, 0x00000006e0c00000|100%| O|  |TAMS 0x00000006e0961c00, 0x00000006e0800000| Untracked 
|   3|0x00000006e0c00000, 0x00000006e1000000, 0x00000006e1000000|100%| O|  |TAMS 0x00000006e0c00000, 0x00000006e0c00000| Untracked 
|   4|0x00000006e1000000, 0x00000006e1087a00, 0x00000006e1400000| 13%| O|  |TAMS 0x00000006e1000000, 0x00000006e1000000| Complete 
|   5|0x00000006e1400000, 0x00000006e1400000, 0x00000006e1800000|  0%| F|  |TAMS 0x00000006e1400000, 0x00000006e1400000| Untracked 
|   6|0x00000006e1800000, 0x00000006e1800000, 0x00000006e1c00000|  0%| F|  |TAMS 0x00000006e1800000, 0x00000006e1800000| Untracked 
|   7|0x00000006e1c00000, 0x00000006e1c00000, 0x00000006e2000000|  0%| F|  |TAMS 0x00000006e1c00000, 0x00000006e1c00000| Untracked 
|   8|0x00000006e2000000, 0x00000006e2000000, 0x00000006e2400000|  0%| F|  |TAMS 0x00000006e2000000, 0x00000006e2000000| Untracked 
|   9|0x00000006e2400000, 0x00000006e27ca6d0, 0x00000006e2800000| 94%| S|  |TAMS 0x00000006e2400000, 0x00000006e2400000| Complete 
|  10|0x00000006e2800000, 0x00000006e2c00000, 0x00000006e2c00000|100%| E|CS|TAMS 0x00000006e2800000, 0x00000006e2800000| Complete 
|  11|0x00000006e2c00000, 0x00000006e3000000, 0x00000006e3000000|100%| E|CS|TAMS 0x00000006e2c00000, 0x00000006e2c00000| Complete 
|  12|0x00000006e3000000, 0x00000006e3400000, 0x00000006e3400000|100%| E|CS|TAMS 0x00000006e3000000, 0x00000006e3000000| Complete 
|  13|0x00000006e3400000, 0x00000006e3800000, 0x00000006e3800000|100%| E|CS|TAMS 0x00000006e3400000, 0x00000006e3400000| Complete 
|  14|0x00000006e3800000, 0x00000006e3c00000, 0x00000006e3c00000|100%| E|CS|TAMS 0x00000006e3800000, 0x00000006e3800000| Complete 
|  15|0x00000006e3c00000, 0x00000006e4000000, 0x00000006e4000000|100%| E|CS|TAMS 0x00000006e3c00000, 0x00000006e3c00000| Complete 
|  16|0x00000006e4000000, 0x00000006e4400000, 0x00000006e4400000|100%| E|CS|TAMS 0x00000006e4000000, 0x00000006e4000000| Complete 
|  17|0x00000006e4400000, 0x00000006e4800000, 0x00000006e4800000|100%| E|CS|TAMS 0x00000006e4400000, 0x00000006e4400000| Complete 
|  18|0x00000006e4800000, 0x00000006e4c00000, 0x00000006e4c00000|100%| E|CS|TAMS 0x00000006e4800000, 0x00000006e4800000| Complete 
|  19|0x00000006e4c00000, 0x00000006e5000000, 0x00000006e5000000|100%| E|CS|TAMS 0x00000006e4c00000, 0x00000006e4c00000| Complete 
|  20|0x00000006e5000000, 0x00000006e5400000, 0x00000006e5400000|100%| E|CS|TAMS 0x00000006e5000000, 0x00000006e5000000| Complete 
|  21|0x00000006e5400000, 0x00000006e5800000, 0x00000006e5800000|100%| E|CS|TAMS 0x00000006e5400000, 0x00000006e5400000| Complete 
|  25|0x00000006e6400000, 0x00000006e651d780, 0x00000006e6800000| 27%| E|CS|TAMS 0x00000006e6400000, 0x00000006e6400000| Complete 
|  30|0x00000006e7800000, 0x00000006e7c00000, 0x00000006e7c00000|100%| E|CS|TAMS 0x00000006e7800000, 0x00000006e7800000| Complete 

Card table byte_map: [0x00007f70c4f24000,0x00007f70c5824000] _byte_map_base: 0x00007f70c1824000

Marking Bits (Prev, Next): (CMBitMap*) 0x00007f70c0098030, (CMBitMap*) 0x00007f70c0097ff0
 Prev Bits: [0x00007f70a4a00000, 0x00007f70a9200000)
 Next Bits: [0x00007f70a9200000, 0x00007f70ada00000)

Polling page: 0x00007f70c8061000

Metaspace:

Usage:
  Non-class:     24.45 MB used.
      Class:      3.84 MB used.
       Both:     28.29 MB used.

Virtual space:
  Non-class space:       64.00 MB reserved,      24.62 MB ( 38%) committed,  1 nodes.
      Class space:        1.00 GB reserved,       3.94 MB ( <1%) committed,  1 nodes.
             Both:        1.06 GB reserved,      28.56 MB (  3%) committed. 

Chunk freelists:
   Non-Class:  6.89 MB
       Class:  12.08 MB
        Both:  18.97 MB

MaxMetaspaceSize: unlimited
CompressedClassSpaceSize: 1.00 GB
Initial GC threshold: 21.00 MB
Current GC threshold: 35.12 MB
CDS: off
MetaspaceReclaimPolicy: balanced
 - commit_granule_bytes: 65536.
 - commit_granule_words: 8192.
 - virtual_space_node_default_size: 8388608.
 - enlarge_chunks_in_place: 1.
 - new_chunks_are_fully_committed: 0.
 - uncommit_free_chunks: 1.
 - use_allocation_guard: 0.
 - handle_deallocations: 1.


Internal statistics:

num_allocs_failed_limit: 3.
num_arena_births: 218.
num_arena_deaths: 0.
num_vsnodes_births: 2.
num_vsnodes_deaths: 0.
num_space_committed: 457.
num_space_uncommitted: 0.
num_chunks_returned_to_freelist: 3.
num_chunks_taken_from_freelist: 965.
num_chunk_merges: 3.
num_chunk_splits: 644.
num_chunks_enlarged: 454.
num_inconsistent_stats: 0.

CodeHeap 'non-profiled nmethods': size=120032Kb used=1105Kb max_used=1105Kb free=118926Kb
 bounds [0x00007f70b54c8000, 0x00007f70b5738000, 0x00007f70bca00000]
CodeHeap 'profiled nmethods': size=120028Kb used=4494Kb max_used=4494Kb free=115533Kb
 bounds [0x00007f70ada00000, 0x00007f70ade70000, 0x00007f70b4f37000]
CodeHeap 'non-nmethods': size=5700Kb used=1225Kb max_used=1317Kb free=4474Kb
 bounds [0x00007f70b4f37000, 0x00007f70b51a7000, 0x00007f70b54c8000]
 total_blobs=2782 nmethods=2250 adapters=445
 compilation: enabled
              stopped_count=0, restarted_count=0
 full_count=0

Compilation events (20 events):
Event: 1.727 Thread 0x00007f70c019ba00 2246       3       java.lang.Module::canRead (86 bytes)
Event: 1.728 Thread 0x00007f70c019ba00 nmethod 2246 0x00007f70ade5b690 code [0x00007f70ade5ba60, 0x00007f70ade5d5a0]
Event: 1.728 Thread 0x00007f70c019ba00 2249       3       java.lang.invoke.MethodHandles$Lookup::linkMethodHandleConstant (223 bytes)
Event: 1.729 Thread 0x00007f70c019ba00 nmethod 2249 0x00007f70ade5dc90 code [0x00007f70ade5e060, 0x00007f70ade5f900]
Event: 1.729 Thread 0x00007f70c019ba00 2247       3       java.lang.invoke.Invokers$Holder::invokeExact_MT (32 bytes)
Event: 1.730 Thread 0x00007f70c019ba00 nmethod 2247 0x00007f70ade60090 code [0x00007f70ade602a0, 0x00007f70ade60bd0]
Event: 1.730 Thread 0x00007f70c019ba00 2248       3       java.lang.invoke.LambdaMetafactory::metafactory (71 bytes)
Event: 1.730 Thread 0x00007f70c019ba00 nmethod 2248 0x00007f70ade60e10 code [0x00007f70ade610a0, 0x00007f70ade61be0]
Event: 1.733 Thread 0x00007f70c019ba00 2250       3       jdk.internal.org.objectweb.asm.MethodVisitor::visitInsn (16 bytes)
Event: 1.733 Thread 0x00007f70c019ba00 nmethod 2250 0x00007f70ade62110 code [0x00007f70ade622c0, 0x00007f70ade624c0]
Event: 1.735 Thread 0x00007f70c019ba00 2251       3       java.io.File::<init> (20 bytes)
Event: 1.736 Thread 0x00007f70c019ba00 nmethod 2251 0x00007f70ade62590 code [0x00007f70ade62740, 0x00007f70ade62930]
Event: 1.744 Thread 0x00007f70c019ba00 2252       1       java.util.concurrent.ConcurrentHashMap$MapEntry::getKey (5 bytes)
Event: 1.744 Thread 0x00007f70c019ba00 nmethod 2252 0x00007f70b55dc390 code [0x00007f70b55dc520, 0x00007f70b55dc5f0]
Event: 1.746 Thread 0x00007f70c019ba00 2253       3       jdk.internal.reflect.DelegatingMethodAccessorImpl::invoke (10 bytes)
Event: 1.746 Thread 0x00007f70c019ba00 nmethod 2253 0x00007f70ade62a10 code [0x00007f70ade62bc0, 0x00007f70ade62da0]
Event: 1.748 Thread 0x00007f70c019ba00 2254       3       java.util.concurrent.locks.ReentrantLock$NonfairSync::initialTryLock (58 bytes)
Event: 1.749 Thread 0x00007f70c019ba00 nmethod 2254 0x00007f70ade62e90 code [0x00007f70ade63080, 0x00007f70ade63490]
Event: 1.749 Thread 0x00007f70c019ba00 2255       3       java.util.HashMap::put (13 bytes)
Event: 1.749 Thread 0x00007f70c019ba00 nmethod 2255 0x00007f70ade63590 code [0x00007f70ade63760, 0x00007f70ade63a50]

GC Heap History (9 events):
Event: 0.297 GC heap before
{Heap before GC invocations=0 (full 0):
 garbage-first heap   total 126976K, used 16384K [0x00000006e0000000, 0x0000000800000000)
  region size 4096K, 4 young (16384K), 0 survivors (0K)
 Metaspace       used 7808K, committed 7936K, reserved 1114112K
  class space    used 692K, committed 768K, reserved 1048576K
}
Event: 0.300 GC heap after
{Heap after GC invocations=1 (full 0):
 garbage-first heap   total 126976K, used 9470K [0x00000006e0000000, 0x0000000800000000)
  region size 4096K, 1 young (4096K), 1 survivors (4096K)
 Metaspace       used 7808K, committed 7936K, reserved 1114112K
  class space    used 692K, committed 768K, reserved 1048576K
}
Event: 0.511 GC heap before
{Heap before GC invocations=1 (full 0):
 garbage-first heap   total 126976K, used 25854K [0x00000006e0000000, 0x0000000800000000)
  region size 4096K, 5 young (20480K), 1 survivors (4096K)
 Metaspace       used 11288K, committed 11456K, reserved 1114112K
  class space    used 1198K, committed 1280K, reserved 1048576K
}
Event: 0.515 GC heap after
{Heap after GC invocations=2 (full 0):
 garbage-first heap   total 126976K, used 10746K [0x00000006e0000000, 0x0000000800000000)
  region size 4096K, 1 young (4096K), 1 survivors (4096K)
 Metaspace       used 11288K, committed 11456K, reserved 1114112K
  class space    used 1198K, committed 1280K, reserved 1048576K
}
Event: 0.888 GC heap before
{Heap before GC invocations=2 (full 0):
 garbage-first heap   total 126976K, used 55802K [0x00000006e0000000, 0x0000000800000000)
  region size 4096K, 12 young (49152K), 1 survivors (4096K)
 Metaspace       used 17867K, committed 18112K, reserved 1114112K
  class space    used 2096K, committed 2176K, reserved 1048576K
}
Event: 0.892 GC heap after
{Heap after GC invocations=3 (full 0):
 garbage-first heap   total 126976K, used 17083K [0x00000006e0000000, 0x0000000800000000)
  region size 4096K, 2 young (8192K), 2 survivors (8192K)
 Metaspace       used 17867K, committed 18112K, reserved 1114112K
  class space    used 2096K, committed 2176K, reserved 1048576K
}
Event: 1.181 GC heap before
{Heap before GC invocations=3 (full 0):
 garbage-first heap   total 126976K, used 33467K [0x00000006e0000000, 0x0000000800000000)
  region size 4096K, 7 young (28672K), 2 survivors (8192K)
 Metaspace       used 21291K, committed 21504K, reserved 1114112K
  class space    used 2622K, committed 2752K, reserved 1048576K
}
Event: 1.186 GC heap after
{Heap after GC invocations=4 (full 0):
 garbage-first heap   total 126976K, used 18068K [0x00000006e0000000, 0x0000000800000000)
  region size 4096K, 1 young (4096K), 1 survivors (4096K)
 Metaspace       used 21291K, committed 21504K, reserved 1114112K
  class space    used 2622K, committed 2752K, reserved 1048576K
}
Event: 1.753 GC heap before
{Heap before GC invocations=5 (full 0):
 garbage-first heap   total 98304K, used 71316K [0x00000006e0000000, 0x0000000800000000)
  region size 4096K, 14 young (57344K), 1 survivors (4096K)
 Metaspace       used 28965K, committed 29248K, reserved 1114112K
  class space    used 3929K, committed 4032K, reserved 1048576K
}

Dll operation events (13 events):
Event: 0.001 Loaded shared library /home/andriodpc/Downloads/android-studio-2023.1.1.26-linux/android-studio/jbr/lib/libjava.so
Event: 0.135 Loaded shared library /home/andriodpc/Downloads/android-studio-2023.1.1.26-linux/android-studio/jbr/lib/libzip.so
Event: 0.136 Loaded shared library /home/andriodpc/Downloads/android-studio-2023.1.1.26-linux/android-studio/jbr/lib/libinstrument.so
Event: 0.141 Loaded shared library /home/andriodpc/Downloads/android-studio-2023.1.1.26-linux/android-studio/jbr/lib/libnio.so
Event: 0.149 Loaded shared library /home/andriodpc/Downloads/android-studio-2023.1.1.26-linux/android-studio/jbr/lib/libzip.so
Event: 0.217 Loaded shared library /home/andriodpc/Downloads/android-studio-2023.1.1.26-linux/android-studio/jbr/lib/libjimage.so
Event: 0.265 Loaded shared library /home/andriodpc/Downloads/android-studio-2023.1.1.26-linux/android-studio/jbr/lib/libverify.so
Event: 0.355 Loaded shared library /home/andriodpc/Downloads/android-studio-2023.1.1.26-linux/android-studio/jbr/lib/libnet.so
Event: 0.370 Loaded shared library /home/andriodpc/.gradle/native/68d5fa5c4cc2d200863cafc0d521ce42e7d3e7ee720ec0a83991735586a16f82/linux-amd64/libnative-platform.so
Event: 0.390 Loaded shared library /home/andriodpc/.gradle/native/e376f236ea51e6404a007f0833ffe2c6e607c4080706a723a18a27aeea778392/linux-amd64/libnative-platform-file-events.so
Event: 0.692 Loaded shared library /home/andriodpc/Downloads/android-studio-2023.1.1.26-linux/android-studio/jbr/lib/libmanagement.so
Event: 0.693 Loaded shared library /home/andriodpc/Downloads/android-studio-2023.1.1.26-linux/android-studio/jbr/lib/libmanagement_ext.so
Event: 0.794 Loaded shared library /home/andriodpc/Downloads/android-studio-2023.1.1.26-linux/android-studio/jbr/lib/libextnet.so

Deoptimization events (20 events):
Event: 1.251 Thread 0x00007f703400fe90 Uncommon trap: trap_request=0xffffff45 fr.pc=0x00007f70b5538dbc relative=0x00000000000005fc
Event: 1.251 Thread 0x00007f703400fe90 Uncommon trap: reason=unstable_if action=reinterpret pc=0x00007f70b5538dbc method=java.io.File.getName()Ljava/lang/String; @ 16 c2
Event: 1.251 Thread 0x00007f703400fe90 DEOPT PACKING pc=0x00007f70b5538dbc sp=0x00007f70950fa700
Event: 1.251 Thread 0x00007f703400fe90 DEOPT UNPACKING pc=0x00007f70b4f8d699 sp=0x00007f70950fa6d0 mode 2
Event: 1.543 Thread 0x00007f703400fe90 Uncommon trap: trap_request=0xffffff45 fr.pc=0x00007f70b55af964 relative=0x0000000000000324
Event: 1.543 Thread 0x00007f703400fe90 Uncommon trap: reason=unstable_if action=reinterpret pc=0x00007f70b55af964 method=java.util.HashMap.getNode(Ljava/lang/Object;)Ljava/util/HashMap$Node; @ 131 c2
Event: 1.543 Thread 0x00007f703400fe90 DEOPT PACKING pc=0x00007f70b55af964 sp=0x00007f70950f8a60
Event: 1.543 Thread 0x00007f703400fe90 DEOPT UNPACKING pc=0x00007f70b4f8d699 sp=0x00007f70950f89a0 mode 2
Event: 1.599 Thread 0x00007f703400fe90 Uncommon trap: trap_request=0xffffff45 fr.pc=0x00007f70b54f02fc relative=0x00000000000000dc
Event: 1.599 Thread 0x00007f703400fe90 Uncommon trap: reason=unstable_if action=reinterpret pc=0x00007f70b54f02fc method=java.util.HashMap.hash(Ljava/lang/Object;)I @ 1 c2
Event: 1.599 Thread 0x00007f703400fe90 DEOPT PACKING pc=0x00007f70b54f02fc sp=0x00007f70950f7cf0
Event: 1.599 Thread 0x00007f703400fe90 DEOPT UNPACKING pc=0x00007f70b4f8d699 sp=0x00007f70950f7c50 mode 2
Event: 1.694 Thread 0x00007f703400fe90 Uncommon trap: trap_request=0xffffff76 fr.pc=0x00007f70b55c6040 relative=0x0000000000000180
Event: 1.694 Thread 0x00007f703400fe90 Uncommon trap: reason=predicate action=maybe_recompile pc=0x00007f70b55c6040 method=com.google.common.base.CharMatcher.indexIn(Ljava/lang/CharSequence;I)I @ 19 c2
Event: 1.694 Thread 0x00007f703400fe90 DEOPT PACKING pc=0x00007f70b55c6040 sp=0x00007f70950f8100
Event: 1.694 Thread 0x00007f703400fe90 DEOPT UNPACKING pc=0x00007f70b4f8d699 sp=0x00007f70950f80b0 mode 2
Event: 1.736 Thread 0x00007f703400fe90 Uncommon trap: trap_request=0xffffff45 fr.pc=0x00007f70b556b21c relative=0x00000000000005fc
Event: 1.736 Thread 0x00007f703400fe90 Uncommon trap: reason=unstable_if action=reinterpret pc=0x00007f70b556b21c method=java.util.Properties$LineReader.readLine()I @ 95 c2
Event: 1.736 Thread 0x00007f703400fe90 DEOPT PACKING pc=0x00007f70b556b21c sp=0x00007f70950f8940
Event: 1.736 Thread 0x00007f703400fe90 DEOPT UNPACKING pc=0x00007f70b4f8d699 sp=0x00007f70950f88f0 mode 2

Classes unloaded (0 events):
No events

Classes redefined (0 events):
No events

Internal exceptions (20 events):
Event: 1.158 Thread 0x00007f703400fe90 Exception <a 'java/lang/NoSuchMethodError'{0x00000006e6fd6c60}: 'java.lang.Object java.lang.invoke.Invokers$Holder.invoker(java.lang.Object, java.lang.Object, java.lang.Object, java.lang.Object, java.lang.Object, java.lang.Object, java.lang.Object, java.lang.Object, java.lang.Object, java.lang.Object)'> (0x00000006e6fd6c60) 
thrown [src/hotspot/share/interpreter/linkResolver.cpp, line 771]
Event: 1.158 Thread 0x00007f703400fe90 Exception <a 'java/lang/NoSuchMethodError'{0x00000006e6fdc868}: 'java.lang.Object java.lang.invoke.DirectMethodHandle$Holder.invokeSpecial(java.lang.Object, java.lang.Object, java.lang.Object, java.lang.Object, java.lang.Object, java.lang.Object, java.lang.Object, java.lang.Object, java.lang.Object, java.lang.Object, java.lang.Object)'> (0x00000006e6fdc868) 
thrown [src/hotspot/share/interpreter/linkResolver.cpp, line 771]
Event: 1.214 Thread 0x00007f703400fe90 Exception <a 'java/lang/NoSuchMethodError'{0x00000006e7b3f2a8}: 'void java.lang.invoke.DirectMethodHandle$Holder.invokeStaticInit(java.lang.Object)'> (0x00000006e7b3f2a8) 
thrown [src/hotspot/share/interpreter/linkResolver.cpp, line 771]
Event: 1.221 Thread 0x00007f703400fe90 Exception <a 'java/lang/NoSuchMethodError'{0x00000006e7bed048}: 'java.lang.Object java.lang.invoke.DirectMethodHandle$Holder.newInvokeSpecial(java.lang.Object, java.lang.Object, java.lang.Object, int)'> (0x00000006e7bed048) 
thrown [src/hotspot/share/interpreter/linkResolver.cpp, line 771]
Event: 1.221 Thread 0x00007f703400fe90 Exception <a 'java/lang/NoSuchMethodError'{0x00000006e7bf1978}: 'java.lang.Object java.lang.invoke.DirectMethodHandle$Holder.invokeSpecial(java.lang.Object, java.lang.Object, java.lang.Object, java.lang.Object, int)'> (0x00000006e7bf1978) 
thrown [src/hotspot/share/interpreter/linkResolver.cpp, line 771]
Event: 1.221 Thread 0x00007f703400fe90 Exception <a 'java/lang/NoSuchMethodError'{0x00000006e5402380}: 'java.lang.Object java.lang.invoke.Invokers$Holder.linkToTargetMethod(java.lang.Object, java.lang.Object, int, java.lang.Object)'> (0x00000006e5402380) 
thrown [src/hotspot/share/interpreter/linkResolver.cpp, line 771]
Event: 1.448 Thread 0x00007f703400fe90 Exception <a 'java/lang/NoSuchMethodError'{0x00000006e49f84c8}: 'int java.lang.invoke.DirectMethodHandle$Holder.invokeSpecialIFC(java.lang.Object, java.lang.Object, java.lang.Object, java.lang.Object)'> (0x00000006e49f84c8) 
thrown [src/hotspot/share/interpreter/linkResolver.cpp, line 771]
Event: 1.449 Thread 0x00007f703400fe90 Exception <a 'java/lang/NoSuchMethodError'{0x00000006e4a07520}: 'java.lang.Object java.lang.invoke.DirectMethodHandle$Holder.invokeInterface(java.lang.Object, java.lang.Object, java.lang.Object)'> (0x00000006e4a07520) 
thrown [src/hotspot/share/interpreter/linkResolver.cpp, line 771]
Event: 1.449 Thread 0x00007f703400fe90 Exception <a 'java/lang/IncompatibleClassChangeError'{0x00000006e4a0b138}: Found class java.lang.Object, but interface was expected> (0x00000006e4a0b138) 
thrown [src/hotspot/share/interpreter/linkResolver.cpp, line 838]
Event: 1.461 Thread 0x00007f703400fe90 Exception <a 'java/lang/NoSuchMethodError'{0x00000006e4b01b30}: 'int java.lang.invoke.DirectMethodHandle$Holder.invokeStatic(java.lang.Object, java.lang.Object, java.lang.Object, java.lang.Object)'> (0x00000006e4b01b30) 
thrown [src/hotspot/share/interpreter/linkResolver.cpp, line 771]
Event: 1.461 Thread 0x00007f703400fe90 Exception <a 'java/lang/NoSuchMethodError'{0x00000006e4b05758}: 'java.lang.Object java.lang.invoke.Invokers$Holder.invokeExact_MT(java.lang.Object, java.lang.Object, java.lang.Object, java.lang.Object, java.lang.Object, java.lang.Object)'> (0x00000006e4b05758) 
thrown [src/hotspot/share/interpreter/linkResolver.cpp, line 771]
Event: 1.489 Thread 0x00007f703400fe90 Exception <a 'java/lang/NoSuchMethodError'{0x00000006e46beb70}: 'java.lang.Object java.lang.invoke.DirectMethodHandle$Holder.invokeSpecial(java.lang.Object, java.lang.Object, java.lang.Object, java.lang.Object, java.lang.Object, java.lang.Object, java.lang.Object, java.lang.Object, java.lang.Object)'> (0x00000006e46beb70) 
thrown [src/hotspot/share/interpreter/linkResolver.cpp, line 771]
Event: 1.534 Thread 0x00007f703400fe90 Exception <a 'java/lang/NoSuchMethodError'{0x00000006e3cb1fc0}: 'java.lang.Object java.lang.invoke.DirectMethodHandle$Holder.invokeVirtual(java.lang.Object, java.lang.Object, java.lang.Object, java.lang.Object)'> (0x00000006e3cb1fc0) 
thrown [src/hotspot/share/interpreter/linkResolver.cpp, line 771]
Event: 1.549 Thread 0x00007f703400fe90 Exception <a 'java/lang/NoSuchMethodError'{0x00000006e3e058f0}: 'java.lang.Object java.lang.invoke.DirectMethodHandle$Holder.newInvokeSpecial(java.lang.Object, java.lang.Object, java.lang.Object, java.lang.Object, java.lang.Object, java.lang.Object, java.lang.Object)'> (0x00000006e3e058f0) 
thrown [src/hotspot/share/interpreter/linkResolver.cpp, line 771]
Event: 1.549 Thread 0x00007f703400fe90 Exception <a 'java/lang/NoSuchMethodError'{0x00000006e3e0a5c0}: 'java.lang.Object java.lang.invoke.Invokers$Holder.linkToTargetMethod(java.lang.Object, java.lang.Object, java.lang.Object, java.lang.Object, java.lang.Object, java.lang.Object, java.lang.Object)'> (0x00000006e3e0a5c0) 
thrown [src/hotspot/share/interpreter/linkResolver.cpp, line 771]
Event: 1.599 Thread 0x00007f703400fe90 Implicit null exception at 0x00007f70b54f0260 to 0x00007f70b54f02f2
Event: 1.709 Thread 0x00007f703400fe90 Exception <a 'java/lang/NoSuchMethodError'{0x00000006e2eeea30}: 'void java.lang.invoke.DirectMethodHandle$Holder.invokeStatic(java.lang.Object, java.lang.Object, java.lang.Object, java.lang.Object)'> (0x00000006e2eeea30) 
thrown [src/hotspot/share/interpreter/linkResolver.cpp, line 771]
Event: 1.710 Thread 0x00007f703400fe90 Exception <a 'java/lang/NoSuchMethodError'{0x00000006e2f04238}: 'int java.lang.invoke.DirectMethodHandle$Holder.invokeVirtual(java.lang.Object, java.lang.Object)'> (0x00000006e2f04238) 
thrown [src/hotspot/share/interpreter/linkResolver.cpp, line 771]
Event: 1.712 Thread 0x00007f703400fe90 Exception <a 'java/lang/NoSuchMethodError'{0x00000006e2f16b20}: 'java.lang.Object java.lang.invoke.DirectMethodHandle$Holder.invokeStaticInit(java.lang.Object, java.lang.Object, java.lang.Object)'> (0x00000006e2f16b20) 
thrown [src/hotspot/share/interpreter/linkResolver.cpp, line 771]
Event: 1.714 Thread 0x00007f703400fe90 Exception <a 'java/lang/NoSuchMethodError'{0x00000006e2f3b710}: 'int java.lang.invoke.DirectMethodHandle$Holder.invokeVirtual(java.lang.Object, java.lang.Object, java.lang.Object)'> (0x00000006e2f3b710) 
thrown [src/hotspot/share/interpreter/linkResolver.cpp, line 771]

VM Operations (20 events):
Event: 0.772 Executing VM operation: HandshakeAllThreads done
Event: 0.888 Executing VM operation: G1CollectForAllocation
Event: 0.892 Executing VM operation: G1CollectForAllocation done
Event: 1.144 Executing VM operation: HandshakeAllThreads
Event: 1.144 Executing VM operation: HandshakeAllThreads done
Event: 1.181 Executing VM operation: CollectForMetadataAllocation
Event: 1.186 Executing VM operation: CollectForMetadataAllocation done
Event: 1.189 Executing VM operation: G1Concurrent
Event: 1.191 Executing VM operation: G1Concurrent done
Event: 1.195 Executing VM operation: G1Concurrent
Event: 1.196 Executing VM operation: G1Concurrent done
Event: 1.371 Executing VM operation: HandshakeAllThreads
Event: 1.371 Executing VM operation: HandshakeAllThreads done
Event: 1.371 Executing VM operation: HandshakeAllThreads
Event: 1.371 Executing VM operation: HandshakeAllThreads done
Event: 1.717 Executing VM operation: ICBufferFull
Event: 1.718 Executing VM operation: ICBufferFull done
Event: 1.737 Executing VM operation: HandshakeAllThreads
Event: 1.737 Executing VM operation: HandshakeAllThreads done
Event: 1.753 Executing VM operation: G1CollectForAllocation

Events (20 events):
Event: 1.690 loading class java/util/concurrent/TimeoutException
Event: 1.690 loading class java/util/concurrent/TimeoutException done
Event: 1.692 loading class java/util/ServiceConfigurationError
Event: 1.692 loading class java/util/ServiceConfigurationError done
Event: 1.705 Thread 0x00007f7058f91720 Thread added: 0x00007f7058f91720
Event: 1.705 loading class java/util/concurrent/locks/AbstractQueuedSynchronizer$SharedNode
Event: 1.705 Protecting memory [0x00007f703b2fa000,0x00007f703b2fe000] with protection modes 0
Event: 1.705 loading class java/util/concurrent/locks/AbstractQueuedSynchronizer$SharedNode done
Event: 1.708 loading class java/io/InterruptedIOException
Event: 1.709 loading class java/io/InterruptedIOException done
Event: 1.710 Thread 0x00007f7058f934f0 Thread added: 0x00007f7058f934f0
Event: 1.710 Protecting memory [0x00007f703b1fa000,0x00007f703b1fe000] with protection modes 0
Event: 1.714 loading class java/util/ArrayDeque$DeqSpliterator
Event: 1.714 loading class java/util/ArrayDeque$DeqSpliterator done
Event: 1.718 loading class java/lang/management/MemoryType
Event: 1.718 loading class java/lang/management/MemoryType done
Event: 1.719 loading class java/lang/management/MemoryUsage
Event: 1.719 loading class java/lang/management/MemoryUsage done
Event: 1.719 loading class java/util/concurrent/LinkedBlockingDeque$Node
Event: 1.719 loading class java/util/concurrent/LinkedBlockingDeque$Node done


Dynamic libraries:
00200000-00201000 r--p 00000000 08:02 28324202                           /home/andriodpc/Downloads/android-studio-2023.1.1.26-linux/android-studio/jbr/bin/java
00201000-00202000 r-xp 00000000 08:02 28324202                           /home/andriodpc/Downloads/android-studio-2023.1.1.26-linux/android-studio/jbr/bin/java
00202000-00203000 r--p 00000000 08:02 28324202                           /home/andriodpc/Downloads/android-studio-2023.1.1.26-linux/android-studio/jbr/bin/java
00203000-00204000 rw-p 00000000 08:02 28324202                           /home/andriodpc/Downloads/android-studio-2023.1.1.26-linux/android-studio/jbr/bin/java
01205000-0124d000 rw-p 00000000 00:00 0                                  [heap]
6e0000000-6e5800000 rw-p 00000000 00:00 0 
6e5800000-6e6400000 ---p 00000000 00:00 0 
6e6400000-6e6800000 rw-p 00000000 00:00 0 
6e6800000-6e7800000 ---p 00000000 00:00 0 
6e7800000-6e7c00000 rw-p 00000000 00:00 0 
6e7c00000-800000000 ---p 00000000 00:00 0 
800000000-800010000 rw-p 00000000 00:00 0 
800010000-800030000 rw-p 00000000 00:00 0 
800030000-8000b0000 rw-p 00000000 00:00 0 
8000b0000-800130000 rw-p 00000000 00:00 0 
800130000-8001b0000 rw-p 00000000 00:00 0 
8001b0000-8001f0000 rw-p 00000000 00:00 0 
8001f0000-8003f0000 rw-p 00000000 00:00 0 
8003f0000-840000000 ---p 00000000 00:00 0 
7f6ff8000000-7f6ff8021000 rw-p 00000000 00:00 0 
7f6ff8021000-7f6ffc000000 ---p 00000000 00:00 0 
7f7000000000-7f7000021000 rw-p 00000000 00:00 0 
7f7000021000-7f7004000000 ---p 00000000 00:00 0 
7f7004000000-7f7004021000 rw-p 00000000 00:00 0 
7f7004021000-7f7008000000 ---p 00000000 00:00 0 
7f7008000000-7f7008021000 rw-p 00000000 00:00 0 
7f7008021000-7f700c000000 ---p 00000000 00:00 0 
7f700c000000-7f700cbcd000 rw-p 00000000 00:00 0 
7f700cbcd000-7f7010000000 ---p 00000000 00:00 0 
7f7010000000-7f7010021000 rw-p 00000000 00:00 0 
7f7010021000-7f7014000000 ---p 00000000 00:00 0 
7f7014000000-7f7014021000 rw-p 00000000 00:00 0 
7f7014021000-7f7018000000 ---p 00000000 00:00 0 
7f7018000000-7f7018021000 rw-p 00000000 00:00 0 
7f7018021000-7f701c000000 ---p 00000000 00:00 0 
7f701c000000-7f701c021000 rw-p 00000000 00:00 0 
7f701c021000-7f7020000000 ---p 00000000 00:00 0 
7f7020000000-7f7020021000 rw-p 00000000 00:00 0 
7f7020021000-7f7024000000 ---p 00000000 00:00 0 
7f7024000000-7f7024021000 rw-p 00000000 00:00 0 
7f7024021000-7f7028000000 ---p 00000000 00:00 0 
7f7028000000-7f7028021000 rw-p 00000000 00:00 0 
7f7028021000-7f702c000000 ---p 00000000 00:00 0 
7f702c000000-7f702c021000 rw-p 00000000 00:00 0 
7f702c021000-7f7030000000 ---p 00000000 00:00 0 
7f7030000000-7f70300ff000 rw-p 00000000 00:00 0 
7f70300ff000-7f7034000000 ---p 00000000 00:00 0 
7f7034000000-7f7034021000 rw-p 00000000 00:00 0 
7f7034021000-7f7038000000 ---p 00000000 00:00 0 
7f703af58000-7f703b1fa000 rw-p 00000000 00:00 0 
7f703b1fa000-7f703b1fe000 ---p 00000000 00:00 0 
7f703b1fe000-7f703b2fa000 rw-p 00000000 00:00 0 
7f703b2fa000-7f703b2fe000 ---p 00000000 00:00 0 
7f703b2fe000-7f703b3fa000 rw-p 00000000 00:00 0 
7f703b3fa000-7f703b3fe000 ---p 00000000 00:00 0 
7f703b3fe000-7f703b4fa000 rw-p 00000000 00:00 0 
7f703b4fa000-7f703b4fe000 ---p 00000000 00:00 0 
7f703b4fe000-7f703b5fa000 rw-p 00000000 00:00 0 
7f703b5fa000-7f703b5fe000 ---p 00000000 00:00 0 
7f703b5fe000-7f703b6fa000 rw-p 00000000 00:00 0 
7f703b6fa000-7f703b6fe000 ---p 00000000 00:00 0 
7f703b6fe000-7f703b7fa000 rw-p 00000000 00:00 0 
7f703b7fa000-7f703b7fb000 ---p 00000000 00:00 0 
7f703b7fb000-7f703b8fc000 rw-p 00000000 00:00 0 
7f703b8fc000-7f703b900000 ---p 00000000 00:00 0 
7f703b900000-7f703b9fc000 rw-p 00000000 00:00 0 
7f703b9fc000-7f703ba00000 ---p 00000000 00:00 0 
7f703ba00000-7f703bafc000 rw-p 00000000 00:00 0 
7f703bafc000-7f703bb00000 ---p 00000000 00:00 0 
7f703bb00000-7f703bbfc000 rw-p 00000000 00:00 0 
7f703bbfc000-7f703bbfd000 ---p 00000000 00:00 0 
7f703bbfd000-7f703bcfe000 rw-p 00000000 00:00 0 
7f703bcfe000-7f703bcff000 ---p 00000000 00:00 0 
7f703bcff000-7f703be00000 rw-p 00000000 00:00 0 
7f703be00000-7f703be04000 ---p 00000000 00:00 0 
7f703be04000-7f703bf00000 rw-p 00000000 00:00 0 
7f703bf00000-7f703bf04000 ---p 00000000 00:00 0 
7f703bf04000-7f703c000000 rw-p 00000000 00:00 0 
7f703c000000-7f703c055000 rw-p 00000000 00:00 0 
7f703c055000-7f7040000000 ---p 00000000 00:00 0 
7f7040000000-7f7040021000 rw-p 00000000 00:00 0 
7f7040021000-7f7044000000 ---p 00000000 00:00 0 
7f7044000000-7f7044021000 rw-p 00000000 00:00 0 
7f7044021000-7f7048000000 ---p 00000000 00:00 0 
7f7048000000-7f7048023000 rw-p 00000000 00:00 0 
7f7048023000-7f704c000000 ---p 00000000 00:00 0 
7f704c000000-7f704c021000 rw-p 00000000 00:00 0 
7f704c021000-7f7050000000 ---p 00000000 00:00 0 
7f7050000000-7f70501ac000 rw-p 00000000 00:00 0 
7f70501ac000-7f7054000000 ---p 00000000 00:00 0 
7f7054000000-7f7054021000 rw-p 00000000 00:00 0 
7f7054021000-7f7058000000 ---p 00000000 00:00 0 
7f7058000000-7f705901b000 rw-p 00000000 00:00 0 
7f705901b000-7f705c000000 ---p 00000000 00:00 0 
7f705c000000-7f705c021000 rw-p 00000000 00:00 0 
7f705c021000-7f7060000000 ---p 00000000 00:00 0 
7f7060000000-7f7060021000 rw-p 00000000 00:00 0 
7f7060021000-7f7064000000 ---p 00000000 00:00 0 
7f7064000000-7f70648f6000 rw-p 00000000 00:00 0 
7f70648f6000-7f7068000000 ---p 00000000 00:00 0 
7f7068000000-7f7068021000 rw-p 00000000 00:00 0 
7f7068021000-7f706c000000 ---p 00000000 00:00 0 
7f706c000000-7f706c021000 rw-p 00000000 00:00 0 
7f706c021000-7f7070000000 ---p 00000000 00:00 0 
7f7070000000-7f7071268000 rw-p 00000000 00:00 0 
7f7071268000-7f7074000000 ---p 00000000 00:00 0 
7f7074000000-7f7074021000 rw-p 00000000 00:00 0 
7f7074021000-7f7078000000 ---p 00000000 00:00 0 
7f7078000000-7f7078021000 rw-p 00000000 00:00 0 
7f7078021000-7f707c000000 ---p 00000000 00:00 0 
7f707c000000-7f707c021000 rw-p 00000000 00:00 0 
7f707c021000-7f7080000000 ---p 00000000 00:00 0 
7f7080000000-7f7080021000 rw-p 00000000 00:00 0 
7f7080021000-7f7084000000 ---p 00000000 00:00 0 
7f7084000000-7f7084021000 rw-p 00000000 00:00 0 
7f7084021000-7f7088000000 ---p 00000000 00:00 0 
7f7088000000-7f7088021000 rw-p 00000000 00:00 0 
7f7088021000-7f708c000000 ---p 00000000 00:00 0 
7f708c000000-7f708c4f0000 rw-p 00000000 00:00 0 
7f708c4f0000-7f708c530000 rw-p 00000000 00:00 0 
7f708c530000-7f708c570000 rw-p 00000000 00:00 0 
7f708c570000-7f708c670000 rw-p 00000000 00:00 0 
7f708c670000-7f708c6f0000 rw-p 00000000 00:00 0 
7f708c6f0000-7f708c8f0000 rw-p 00000000 00:00 0 
7f708c8f0000-7f708c9f0000 rw-p 00000000 00:00 0 
7f708c9f0000-7f708cad0000 rw-p 00000000 00:00 0 
7f708cad0000-7f708caf0000 rw-p 00000000 00:00 0 
7f708caf0000-7f708ccf0000 rw-p 00000000 00:00 0 
7f708ccf0000-7f708cdb0000 rw-p 00000000 00:00 0 
7f708cdb0000-7f708cef0000 rw-p 00000000 00:00 0 
7f708cef0000-7f708cff0000 rw-p 00000000 00:00 0 
7f708cff0000-7f708d1f0000 rw-p 00000000 00:00 0 
7f708d1f0000-7f708d2f0000 rw-p 00000000 00:00 0 
7f708d2f0000-7f708d380000 rw-p 00000000 00:00 0 
7f708d380000-7f708d400000 ---p 00000000 00:00 0 
7f708d400000-7f708d920000 rw-p 00000000 00:00 0 
7f708d920000-7f7090000000 ---p 00000000 00:00 0 
7f7090000000-7f7090021000 rw-p 00000000 00:00 0 
7f7090021000-7f7094000000 ---p 00000000 00:00 0 
7f7094000000-7f7094004000 ---p 00000000 00:00 0 
7f7094004000-7f7094100000 rw-p 00000000 00:00 0 
7f7094100000-7f7094104000 ---p 00000000 00:00 0 
7f7094104000-7f7094200000 rw-p 00000000 00:00 0 
7f7094200000-7f709429a000 r--p 00000000 08:02 1319027                    /usr/lib/x86_64-linux-gnu/libstdc++.so.6.0.30
7f709429a000-7f70943ab000 r-xp 0009a000 08:02 1319027                    /usr/lib/x86_64-linux-gnu/libstdc++.so.6.0.30
7f70943ab000-7f709441a000 r--p 001ab000 08:02 1319027                    /usr/lib/x86_64-linux-gnu/libstdc++.so.6.0.30
7f709441a000-7f709441b000 ---p 0021a000 08:02 1319027                    /usr/lib/x86_64-linux-gnu/libstdc++.so.6.0.30
7f709441b000-7f7094426000 r--p 0021a000 08:02 1319027                    /usr/lib/x86_64-linux-gnu/libstdc++.so.6.0.30
7f7094426000-7f7094429000 rw-p 00225000 08:02 1319027                    /usr/lib/x86_64-linux-gnu/libstdc++.so.6.0.30
7f7094429000-7f709442c000 rw-p 00000000 00:00 0 
7f7094500000-7f7094504000 ---p 00000000 00:00 0 
7f7094504000-7f7094600000 rw-p 00000000 00:00 0 
7f7094600000-7f7094653000 r-xp 00000000 08:02 28196970                   /home/andriodpc/.gradle/native/e376f236ea51e6404a007f0833ffe2c6e607c4080706a723a18a27aeea778392/linux-amd64/libnative-platform-file-events.so
7f7094653000-7f7094852000 ---p 00053000 08:02 28196970                   /home/andriodpc/.gradle/native/e376f236ea51e6404a007f0833ffe2c6e607c4080706a723a18a27aeea778392/linux-amd64/libnative-platform-file-events.so
7f7094852000-7f7094853000 r--p 00052000 08:02 28196970                   /home/andriodpc/.gradle/native/e376f236ea51e6404a007f0833ffe2c6e607c4080706a723a18a27aeea778392/linux-amd64/libnative-platform-file-events.so
7f7094853000-7f7094855000 rw-p 00053000 08:02 28196970                   /home/andriodpc/.gradle/native/e376f236ea51e6404a007f0833ffe2c6e607c4080706a723a18a27aeea778392/linux-amd64/libnative-platform-file-events.so
7f7094900000-7f7094904000 ---p 00000000 00:00 0 
7f7094904000-7f7094a00000 rw-p 00000000 00:00 0 
7f7094a00000-7f7094a05000 r-xp 00000000 08:02 28196963                   /home/andriodpc/.gradle/native/68d5fa5c4cc2d200863cafc0d521ce42e7d3e7ee720ec0a83991735586a16f82/linux-amd64/libnative-platform.so
7f7094a05000-7f7094c05000 ---p 00005000 08:02 28196963                   /home/andriodpc/.gradle/native/68d5fa5c4cc2d200863cafc0d521ce42e7d3e7ee720ec0a83991735586a16f82/linux-amd64/libnative-platform.so
7f7094c05000-7f7094c06000 r--p 00005000 08:02 28196963                   /home/andriodpc/.gradle/native/68d5fa5c4cc2d200863cafc0d521ce42e7d3e7ee720ec0a83991735586a16f82/linux-amd64/libnative-platform.so
7f7094c06000-7f7094c07000 rw-p 00006000 08:02 28196963                   /home/andriodpc/.gradle/native/68d5fa5c4cc2d200863cafc0d521ce42e7d3e7ee720ec0a83991735586a16f82/linux-amd64/libnative-platform.so
7f7094cf8000-7f7094cf9000 ---p 00000000 00:00 0 
7f7094cf9000-7f7094dfa000 rw-p 00000000 00:00 0 
7f7094dfa000-7f7094dfb000 ---p 00000000 00:00 0 
7f7094dfb000-7f7094efc000 rw-p 00000000 00:00 0 
7f7094efc000-7f7094efd000 ---p 00000000 00:00 0 
7f7094efd000-7f7094ffe000 rw-p 00000000 00:00 0 
7f7094ffe000-7f7095002000 ---p 00000000 00:00 0 
7f7095002000-7f70950fe000 rw-p 00000000 00:00 0 
7f70950fe000-7f70950ff000 ---p 00000000 00:00 0 
7f70950ff000-7f7095200000 rw-p 00000000 00:00 0 
7f7095200000-7f7095204000 ---p 00000000 00:00 0 
7f7095204000-7f7095300000 rw-p 00000000 00:00 0 
7f7095300000-7f7095304000 ---p 00000000 00:00 0 
7f7095304000-7f7095400000 rw-p 00000000 00:00 0 
7f7095400000-7f7095404000 ---p 00000000 00:00 0 
7f7095404000-7f7095500000 rw-p 00000000 00:00 0 
7f7095500000-7f7095504000 ---p 00000000 00:00 0 
7f7095504000-7f7095600000 rw-p 00000000 00:00 0 
7f7095600000-7f7095604000 ---p 00000000 00:00 0 
7f7095604000-7f7095700000 rw-p 00000000 00:00 0 
7f7095700000-7f7095704000 ---p 00000000 00:00 0 
7f7095704000-7f7095800000 rw-p 00000000 00:00 0 
7f7095800000-7f7095804000 ---p 00000000 00:00 0 
7f7095804000-7f7095900000 rw-p 00000000 00:00 0 
7f7095900000-7f7095904000 ---p 00000000 00:00 0 
7f7095904000-7f7095a00000 rw-p 00000000 00:00 0 
7f7095a00000-7f7095f73000 r--p 00000000 08:02 1315571                    /usr/lib/locale/locale-archive
7f7096000000-7f7098000000 rw-p 00000000 00:00 0 
7f7098000000-7f7098021000 rw-p 00000000 00:00 0 
7f7098021000-7f709c000000 ---p 00000000 00:00 0 
7f709c000000-7f709c021000 rw-p 00000000 00:00 0 
7f709c021000-7f70a0000000 ---p 00000000 00:00 0 
7f70a0000000-7f70a0021000 rw-p 00000000 00:00 0 
7f70a0021000-7f70a4000000 ---p 00000000 00:00 0 
7f70a4081000-7f70a4084000 r--p 00000000 08:02 1318239                    /usr/lib/x86_64-linux-gnu/libgcc_s.so.1
7f70a4084000-7f70a409b000 r-xp 00003000 08:02 1318239                    /usr/lib/x86_64-linux-gnu/libgcc_s.so.1
7f70a409b000-7f70a409f000 r--p 0001a000 08:02 1318239                    /usr/lib/x86_64-linux-gnu/libgcc_s.so.1
7f70a409f000-7f70a40a0000 r--p 0001d000 08:02 1318239                    /usr/lib/x86_64-linux-gnu/libgcc_s.so.1
7f70a40a0000-7f70a40a1000 rw-p 0001e000 08:02 1318239                    /usr/lib/x86_64-linux-gnu/libgcc_s.so.1
7f70a40a9000-7f70a40b0000 r--s 00000000 08:02 1576359                    /usr/lib/x86_64-linux-gnu/gconv/gconv-modules.cache
7f70a40b0000-7f70a40b6000 r--p 00000000 08:02 28323834                   /home/andriodpc/Downloads/android-studio-2023.1.1.26-linux/android-studio/jbr/lib/libverify.so
7f70a40b6000-7f70a40be000 r-xp 00005000 08:02 28323834                   /home/andriodpc/Downloads/android-studio-2023.1.1.26-linux/android-studio/jbr/lib/libverify.so
7f70a40be000-7f70a40c0000 r--p 0000c000 08:02 28323834                   /home/andriodpc/Downloads/android-studio-2023.1.1.26-linux/android-studio/jbr/lib/libverify.so
7f70a40c0000-7f70a40c1000 rw-p 0000d000 08:02 28323834                   /home/andriodpc/Downloads/android-studio-2023.1.1.26-linux/android-studio/jbr/lib/libverify.so
7f70a40c1000-7f70a40c5000 ---p 00000000 00:00 0 
7f70a40c5000-7f70a41c1000 rw-p 00000000 00:00 0 
7f70a41c1000-7f70a41c5000 ---p 00000000 00:00 0 
7f70a41c5000-7f70a42c1000 rw-p 00000000 00:00 0 
7f70a42c1000-7f70a42c2000 ---p 00000000 00:00 0 
7f70a42c2000-7f70a43c3000 rw-p 00000000 00:00 0 
7f70a44dd000-7f70a45fa000 rw-p 00000000 00:00 0 
7f70a45fa000-7f70a45fb000 ---p 00000000 00:00 0 
7f70a45fb000-7f70a46fc000 rw-p 00000000 00:00 0 
7f70a46fc000-7f70a46fd000 ---p 00000000 00:00 0 
7f70a46fd000-7f70a4b60000 rw-p 00000000 00:00 0 
7f70a4b60000-7f70a4b90000 ---p 00000000 00:00 0 
7f70a4b90000-7f70a4ba0000 rw-p 00000000 00:00 0 
7f70a4ba0000-7f70a4be0000 ---p 00000000 00:00 0 
7f70a4be0000-7f70a4bf0000 rw-p 00000000 00:00 0 
7f70a4bf0000-7f70a9200000 ---p 00000000 00:00 0 
7f70a9200000-7f70a9360000 rw-p 00000000 00:00 0 
7f70a9360000-7f70a9390000 ---p 00000000 00:00 0 
7f70a9390000-7f70a93a0000 rw-p 00000000 00:00 0 
7f70a93a0000-7f70a93e0000 ---p 00000000 00:00 0 
7f70a93e0000-7f70a93f0000 rw-p 00000000 00:00 0 
7f70a93f0000-7f70ada00000 ---p 00000000 00:00 0 
7f70ada00000-7f70ade70000 rwxp 00000000 00:00 0 
7f70ade70000-7f70b4f37000 ---p 00000000 00:00 0 
7f70b4f37000-7f70b51a7000 rwxp 00000000 00:00 0 
7f70b51a7000-7f70b54c8000 ---p 00000000 00:00 0 
7f70b54c8000-7f70b5738000 rwxp 00000000 00:00 0 
7f70b5738000-7f70bca00000 ---p 00000000 00:00 0 
7f70bca00000-7f70bfed5000 r--s 00000000 08:02 28323901                   /home/andriodpc/Downloads/android-studio-2023.1.1.26-linux/android-studio/jbr/lib/modules
7f70bfed6000-7f70bfed9000 r--p 00000000 08:02 28323839                   /home/andriodpc/Downloads/android-studio-2023.1.1.26-linux/android-studio/jbr/lib/libmanagement_ext.so
7f70bfed9000-7f70bfedc000 r-xp 00002000 08:02 28323839                   /home/andriodpc/Downloads/android-studio-2023.1.1.26-linux/android-studio/jbr/lib/libmanagement_ext.so
7f70bfedc000-7f70bfedd000 r--p 00004000 08:02 28323839                   /home/andriodpc/Downloads/android-studio-2023.1.1.26-linux/android-studio/jbr/lib/libmanagement_ext.so
7f70bfedd000-7f70bfede000 rw-p 00004000 08:02 28323839                   /home/andriodpc/Downloads/android-studio-2023.1.1.26-linux/android-studio/jbr/lib/libmanagement_ext.so
7f70bfede000-7f70bfee7000 r--p 00000000 08:02 28323894                   /home/andriodpc/Downloads/android-studio-2023.1.1.26-linux/android-studio/jbr/lib/libzip.so
7f70bfee7000-7f70bfefc000 r-xp 00008000 08:02 28323894                   /home/andriodpc/Downloads/android-studio-2023.1.1.26-linux/android-studio/jbr/lib/libzip.so
7f70bfefc000-7f70bfefe000 r--p 0001c000 08:02 28323894                   /home/andriodpc/Downloads/android-studio-2023.1.1.26-linux/android-studio/jbr/lib/libzip.so
7f70bfefe000-7f70bfeff000 rw-p 0001d000 08:02 28323894                   /home/andriodpc/Downloads/android-studio-2023.1.1.26-linux/android-studio/jbr/lib/libzip.so
7f70bfeff000-7f70c0000000 rw-p 00000000 00:00 0 
7f70c0000000-7f70c1544000 rw-p 00000000 00:00 0 
7f70c1544000-7f70c4000000 ---p 00000000 00:00 0 
7f70c4004000-7f70c400b000 r--p 00000000 08:02 28323823                   /home/andriodpc/Downloads/android-studio-2023.1.1.26-linux/android-studio/jbr/lib/libnet.so
7f70c400b000-7f70c4018000 r-xp 00006000 08:02 28323823                   /home/andriodpc/Downloads/android-studio-2023.1.1.26-linux/android-studio/jbr/lib/libnet.so
7f70c4018000-7f70c4019000 r--p 00012000 08:02 28323823                   /home/andriodpc/Downloads/android-studio-2023.1.1.26-linux/android-studio/jbr/lib/libnet.so
7f70c4019000-7f70c401b000 rw-p 00012000 08:02 28323823                   /home/andriodpc/Downloads/android-studio-2023.1.1.26-linux/android-studio/jbr/lib/libnet.so
7f70c401b000-7f70c431e000 rw-p 00000000 00:00 0 
7f70c431e000-7f70c431f000 ---p 00000000 00:00 0 
7f70c431f000-7f70c4420000 rw-p 00000000 00:00 0 
7f70c4420000-7f70c4421000 ---p 00000000 00:00 0 
7f70c4421000-7f70c4522000 rw-p 00000000 00:00 0 
7f70c4522000-7f70c4523000 ---p 00000000 00:00 0 
7f70c4523000-7f70c4650000 rw-p 00000000 00:00 0 
7f70c4650000-7f70c4656000 ---p 00000000 00:00 0 
7f70c4656000-7f70c4658000 rw-p 00000000 00:00 0 
7f70c4658000-7f70c4660000 ---p 00000000 00:00 0 
7f70c4660000-7f70c4662000 rw-p 00000000 00:00 0 
7f70c4662000-7f70c4f24000 ---p 00000000 00:00 0 
7f70c4f24000-7f70c4f50000 rw-p 00000000 00:00 0 
7f70c4f50000-7f70c4f56000 ---p 00000000 00:00 0 
7f70c4f56000-7f70c4f58000 rw-p 00000000 00:00 0 
7f70c4f58000-7f70c4f60000 ---p 00000000 00:00 0 
7f70c4f60000-7f70c4f62000 rw-p 00000000 00:00 0 
7f70c4f62000-7f70c5824000 ---p 00000000 00:00 0 
7f70c5824000-7f70c5850000 rw-p 00000000 00:00 0 
7f70c5850000-7f70c5856000 ---p 00000000 00:00 0 
7f70c5856000-7f70c5858000 rw-p 00000000 00:00 0 
7f70c5858000-7f70c5860000 ---p 00000000 00:00 0 
7f70c5860000-7f70c5862000 rw-p 00000000 00:00 0 
7f70c5862000-7f70c6124000 ---p 00000000 00:00 0 
7f70c6124000-7f70c672f000 rw-p 00000000 00:00 0 
7f70c672f000-7f70c6815000 ---p 00000000 00:00 0 
7f70c6815000-7f70c681e000 rw-p 00000000 00:00 0 
7f70c681e000-7f70c6900000 ---p 00000000 00:00 0 
7f70c6900000-7f70c6904000 ---p 00000000 00:00 0 
7f70c6904000-7f70c6a00000 rw-p 00000000 00:00 0 
7f70c6a00000-7f70c6f37000 r--p 00000000 08:02 28323816                   /home/andriodpc/Downloads/android-studio-2023.1.1.26-linux/android-studio/jbr/lib/server/libjvm.so
7f70c6f37000-7f70c7b0a000 r-xp 00536000 08:02 28323816                   /home/andriodpc/Downloads/android-studio-2023.1.1.26-linux/android-studio/jbr/lib/server/libjvm.so
7f70c7b0a000-7f70c7bcc000 r--p 01108000 08:02 28323816                   /home/andriodpc/Downloads/android-studio-2023.1.1.26-linux/android-studio/jbr/lib/server/libjvm.so
7f70c7bcc000-7f70c7bf5000 rw-p 011c9000 08:02 28323816                   /home/andriodpc/Downloads/android-studio-2023.1.1.26-linux/android-studio/jbr/lib/server/libjvm.so
7f70c7bf5000-7f70c7c6a000 rw-p 00000000 00:00 0 
7f70c7c6a000-7f70c7c6b000 r--p 00000000 08:02 28323849                   /home/andriodpc/Downloads/android-studio-2023.1.1.26-linux/android-studio/jbr/lib/libextnet.so
7f70c7c6b000-7f70c7c6d000 r-xp 00000000 08:02 28323849                   /home/andriodpc/Downloads/android-studio-2023.1.1.26-linux/android-studio/jbr/lib/libextnet.so
7f70c7c6d000-7f70c7c6e000 r--p 00001000 08:02 28323849                   /home/andriodpc/Downloads/android-studio-2023.1.1.26-linux/android-studio/jbr/lib/libextnet.so
7f70c7c6e000-7f70c7c6f000 rw-p 00001000 08:02 28323849                   /home/andriodpc/Downloads/android-studio-2023.1.1.26-linux/android-studio/jbr/lib/libextnet.so
7f70c7c6f000-7f70c7c7a000 r--p 00000000 08:02 28323892                   /home/andriodpc/Downloads/android-studio-2023.1.1.26-linux/android-studio/jbr/lib/libnio.so
7f70c7c7a000-7f70c7c82000 r-xp 0000a000 08:02 28323892                   /home/andriodpc/Downloads/android-studio-2023.1.1.26-linux/android-studio/jbr/lib/libnio.so
7f70c7c82000-7f70c7c83000 r--p 00011000 08:02 28323892                   /home/andriodpc/Downloads/android-studio-2023.1.1.26-linux/android-studio/jbr/lib/libnio.so
7f70c7c83000-7f70c7c84000 rw-p 00011000 08:02 28323892                   /home/andriodpc/Downloads/android-studio-2023.1.1.26-linux/android-studio/jbr/lib/libnio.so
7f70c7c84000-7f70c7ccf000 rw-p 00000000 00:00 0 
7f70c7ccf000-7f70c7ce1000 r--p 00000000 08:02 28323842                   /home/andriodpc/Downloads/android-studio-2023.1.1.26-linux/android-studio/jbr/lib/libjava.so
7f70c7ce1000-7f70c7cf3000 r-xp 00011000 08:02 28323842                   /home/andriodpc/Downloads/android-studio-2023.1.1.26-linux/android-studio/jbr/lib/libjava.so
7f70c7cf3000-7f70c7cf4000 r--p 00022000 08:02 28323842                   /home/andriodpc/Downloads/android-studio-2023.1.1.26-linux/android-studio/jbr/lib/libjava.so
7f70c7cf4000-7f70c7cf6000 rw-p 00022000 08:02 28323842                   /home/andriodpc/Downloads/android-studio-2023.1.1.26-linux/android-studio/jbr/lib/libjava.so
7f70c7cf6000-7f70c7d01000 r--p 00000000 08:02 28323835                   /home/andriodpc/Downloads/android-studio-2023.1.1.26-linux/android-studio/jbr/lib/libjimage.so
7f70c7d01000-7f70c7d16000 r-xp 0000a000 08:02 28323835                   /home/andriodpc/Downloads/android-studio-2023.1.1.26-linux/android-studio/jbr/lib/libjimage.so
7f70c7d16000-7f70c7d18000 r--p 0001e000 08:02 28323835                   /home/andriodpc/Downloads/android-studio-2023.1.1.26-linux/android-studio/jbr/lib/libjimage.so
7f70c7d18000-7f70c7d19000 rw-p 0001f000 08:02 28323835                   /home/andriodpc/Downloads/android-studio-2023.1.1.26-linux/android-studio/jbr/lib/libjimage.so
7f70c7d19000-7f70c7d27000 r--p 00000000 08:02 1312880                    /usr/lib/x86_64-linux-gnu/libm.so.6
7f70c7d27000-7f70c7da3000 r-xp 0000e000 08:02 1312880                    /usr/lib/x86_64-linux-gnu/libm.so.6
7f70c7da3000-7f70c7dfe000 r--p 0008a000 08:02 1312880                    /usr/lib/x86_64-linux-gnu/libm.so.6
7f70c7dfe000-7f70c7dff000 r--p 000e4000 08:02 1312880                    /usr/lib/x86_64-linux-gnu/libm.so.6
7f70c7dff000-7f70c7e00000 rw-p 000e5000 08:02 1312880                    /usr/lib/x86_64-linux-gnu/libm.so.6
7f70c7e00000-7f70c7e28000 r--p 00000000 08:02 1312871                    /usr/lib/x86_64-linux-gnu/libc.so.6
7f70c7e28000-7f70c7fbd000 r-xp 00028000 08:02 1312871                    /usr/lib/x86_64-linux-gnu/libc.so.6
7f70c7fbd000-7f70c8015000 r--p 001bd000 08:02 1312871                    /usr/lib/x86_64-linux-gnu/libc.so.6
7f70c8015000-7f70c8019000 r--p 00214000 08:02 1312871                    /usr/lib/x86_64-linux-gnu/libc.so.6
7f70c8019000-7f70c801b000 rw-p 00218000 08:02 1312871                    /usr/lib/x86_64-linux-gnu/libc.so.6
7f70c801b000-7f70c8028000 rw-p 00000000 00:00 0 
7f70c8028000-7f70c802b000 r--p 00000000 08:02 28323812                   /home/andriodpc/Downloads/android-studio-2023.1.1.26-linux/android-studio/jbr/lib/libmanagement.so
7f70c802b000-7f70c802d000 r-xp 00002000 08:02 28323812                   /home/andriodpc/Downloads/android-studio-2023.1.1.26-linux/android-studio/jbr/lib/libmanagement.so
7f70c802d000-7f70c802e000 r--p 00003000 08:02 28323812                   /home/andriodpc/Downloads/android-studio-2023.1.1.26-linux/android-studio/jbr/lib/libmanagement.so
7f70c802e000-7f70c802f000 rw-p 00003000 08:02 28323812                   /home/andriodpc/Downloads/android-studio-2023.1.1.26-linux/android-studio/jbr/lib/libmanagement.so
7f70c802f000-7f70c8034000 rw-p 00000000 00:00 0 
7f70c8034000-7f70c803b000 ---p 00000000 00:00 0 
7f70c803b000-7f70c8043000 rw-s 00000000 08:02 15597616                   /tmp/hsperfdata_andriodpc/4434
7f70c8043000-7f70c8044000 r--p 00000000 08:02 1312905                    /usr/lib/x86_64-linux-gnu/librt.so.1
7f70c8044000-7f70c8045000 r-xp 00001000 08:02 1312905                    /usr/lib/x86_64-linux-gnu/librt.so.1
7f70c8045000-7f70c8046000 r--p 00002000 08:02 1312905                    /usr/lib/x86_64-linux-gnu/librt.so.1
7f70c8046000-7f70c8047000 r--p 00002000 08:02 1312905                    /usr/lib/x86_64-linux-gnu/librt.so.1
7f70c8047000-7f70c8048000 rw-p 00003000 08:02 1312905                    /usr/lib/x86_64-linux-gnu/librt.so.1
7f70c8048000-7f70c804a000 rw-p 00000000 00:00 0 
7f70c804a000-7f70c804b000 r--p 00000000 08:02 1312879                    /usr/lib/x86_64-linux-gnu/libdl.so.2
7f70c804b000-7f70c804c000 r-xp 00001000 08:02 1312879                    /usr/lib/x86_64-linux-gnu/libdl.so.2
7f70c804c000-7f70c804d000 r--p 00002000 08:02 1312879                    /usr/lib/x86_64-linux-gnu/libdl.so.2
7f70c804d000-7f70c804e000 r--p 00002000 08:02 1312879                    /usr/lib/x86_64-linux-gnu/libdl.so.2
7f70c804e000-7f70c804f000 rw-p 00003000 08:02 1312879                    /usr/lib/x86_64-linux-gnu/libdl.so.2
7f70c804f000-7f70c8050000 r--p 00000000 08:02 1312901                    /usr/lib/x86_64-linux-gnu/libpthread.so.0
7f70c8050000-7f70c8051000 r-xp 00001000 08:02 1312901                    /usr/lib/x86_64-linux-gnu/libpthread.so.0
7f70c8051000-7f70c8052000 r--p 00002000 08:02 1312901                    /usr/lib/x86_64-linux-gnu/libpthread.so.0
7f70c8052000-7f70c8053000 r--p 00002000 08:02 1312901                    /usr/lib/x86_64-linux-gnu/libpthread.so.0
7f70c8053000-7f70c8054000 rw-p 00003000 08:02 1312901                    /usr/lib/x86_64-linux-gnu/libpthread.so.0
7f70c8054000-7f70c8058000 r--p 00000000 08:02 28323811                   /home/andriodpc/Downloads/android-studio-2023.1.1.26-linux/android-studio/jbr/lib/libinstrument.so
7f70c8058000-7f70c805f000 r-xp 00003000 08:02 28323811                   /home/andriodpc/Downloads/android-studio-2023.1.1.26-linux/android-studio/jbr/lib/libinstrument.so
7f70c805f000-7f70c8060000 r--p 00009000 08:02 28323811                   /home/andriodpc/Downloads/android-studio-2023.1.1.26-linux/android-studio/jbr/lib/libinstrument.so
7f70c8060000-7f70c8061000 rw-p 00009000 08:02 28323811                   /home/andriodpc/Downloads/android-studio-2023.1.1.26-linux/android-studio/jbr/lib/libinstrument.so
7f70c8061000-7f70c8062000 ---p 00000000 00:00 0 
7f70c8062000-7f70c8063000 r--p 00000000 00:00 0 
7f70c8063000-7f70c806c000 r--p 00000000 08:02 28323847                   /home/andriodpc/Downloads/android-studio-2023.1.1.26-linux/android-studio/jbr/lib/libjli.so
7f70c806c000-7f70c807b000 r-xp 00008000 08:02 28323847                   /home/andriodpc/Downloads/android-studio-2023.1.1.26-linux/android-studio/jbr/lib/libjli.so
7f70c807b000-7f70c807c000 r--p 00016000 08:02 28323847                   /home/andriodpc/Downloads/android-studio-2023.1.1.26-linux/android-studio/jbr/lib/libjli.so
7f70c807c000-7f70c807d000 rw-p 00016000 08:02 28323847                   /home/andriodpc/Downloads/android-studio-2023.1.1.26-linux/android-studio/jbr/lib/libjli.so
7f70c807d000-7f70c807f000 rw-p 00000000 00:00 0 
7f70c807f000-7f70c8081000 r--p 00000000 08:02 1312863                    /usr/lib/x86_64-linux-gnu/ld-linux-x86-64.so.2
7f70c8081000-7f70c80ab000 r-xp 00002000 08:02 1312863                    /usr/lib/x86_64-linux-gnu/ld-linux-x86-64.so.2
7f70c80ab000-7f70c80b6000 r--p 0002c000 08:02 1312863                    /usr/lib/x86_64-linux-gnu/ld-linux-x86-64.so.2
7f70c80b6000-7f70c80b7000 ---p 00000000 00:00 0 
7f70c80b7000-7f70c80b9000 r--p 00037000 08:02 1312863                    /usr/lib/x86_64-linux-gnu/ld-linux-x86-64.so.2
7f70c80b9000-7f70c80bb000 rw-p 00039000 08:02 1312863                    /usr/lib/x86_64-linux-gnu/ld-linux-x86-64.so.2
7ffe93e5b000-7ffe93e7c000 rw-p 00000000 00:00 0                          [stack]
7ffe93f04000-7ffe93f08000 r--p 00000000 00:00 0                          [vvar]
7ffe93f08000-7ffe93f0a000 r-xp 00000000 00:00 0                          [vdso]
ffffffffff600000-ffffffffff601000 --xp 00000000 00:00 0                  [vsyscall]


VM Arguments:
jvm_args: --add-opens=java.base/java.util=ALL-UNNAMED --add-opens=java.base/java.lang=ALL-UNNAMED --add-opens=java.base/java.lang.invoke=ALL-UNNAMED --add-opens=java.prefs/java.util.prefs=ALL-UNNAMED --add-opens=java.base/java.nio.charset=ALL-UNNAMED --add-opens=java.base/java.net=ALL-UNNAMED --add-opens=java.base/java.util.concurrent.atomic=ALL-UNNAMED -Xmx4608m -Dfile.encoding=UTF-8 -Duser.country=US -Duser.language=en -Duser.variant -javaagent:/home/andriodpc/.gradle/wrapper/dists/gradle-8.2-all/6mxqtxovn2faat1idb7p6lxsa/gradle-8.2/lib/agents/gradle-instrumentation-agent-8.2.jar 
java_command: org.gradle.launcher.daemon.bootstrap.GradleDaemon 8.2
java_class_path (initial): /home/andriodpc/.gradle/wrapper/dists/gradle-8.2-all/6mxqtxovn2faat1idb7p6lxsa/gradle-8.2/lib/gradle-launcher-8.2.jar
Launcher Type: SUN_STANDARD

[Global flags]
     intx CICompilerCount                          = 3                                         {product} {ergonomic}
     uint ConcGCThreads                            = 2                                         {product} {ergonomic}
     uint G1ConcRefinementThreads                  = 6                                         {product} {ergonomic}
   size_t G1HeapRegionSize                         = 4194304                                   {product} {ergonomic}
    uintx GCDrainStackTargetSize                   = 64                                        {product} {ergonomic}
   size_t InitialHeapSize                          = 130023424                                 {product} {ergonomic}
   size_t MarkStackSize                            = 4194304                                   {product} {ergonomic}
   size_t MaxHeapSize                              = 4831838208                                {product} {command line}
   size_t MaxNewSize                               = 2898264064                                {product} {ergonomic}
   size_t MinHeapDeltaBytes                        = 4194304                                   {product} {ergonomic}
   size_t MinHeapSize                              = 8388608                                   {product} {ergonomic}
    uintx NonNMethodCodeHeapSize                   = 5832780                                {pd product} {ergonomic}
    uintx NonProfiledCodeHeapSize                  = 122912730                              {pd product} {ergonomic}
    uintx ProfiledCodeHeapSize                     = 122912730                              {pd product} {ergonomic}
    uintx ReservedCodeCacheSize                    = 251658240                              {pd product} {ergonomic}
     bool SegmentedCodeCache                       = true                                      {product} {ergonomic}
   size_t SoftMaxHeapSize                          = 4831838208                             {manageable} {ergonomic}
     bool UseCompressedClassPointers               = true                           {product lp64_product} {ergonomic}
     bool UseCompressedOops                        = true                           {product lp64_product} {ergonomic}
     bool UseG1GC                                  = true                                      {product} {ergonomic}

Logging:
Log output configuration:
 #0: stdout all=warning uptime,level,tags
 #1: stderr all=off uptime,level,tags

Environment Variables:
PATH=/usr/local/sbin:/usr/local/bin:/usr/sbin:/usr/bin:/sbin:/bin:/usr/games:/usr/local/games:/snap/bin:/snap/bin
USERNAME=andriodpc
SHELL=/bin/bash
DISPLAY=:0
LANG=en_US.UTF-8
TERM=xterm-256color

Active Locale:
LC_ALL=en_US.UTF-8
LC_COLLATE=en_US.UTF-8
LC_CTYPE=en_US.UTF-8
LC_MESSAGES=en_US.UTF-8
LC_MONETARY=en_US.UTF-8
LC_NUMERIC=en_US.UTF-8
LC_TIME=en_US.UTF-8

Signal Handlers:
   SIGSEGV: crash_handler in libjvm.so, mask=11100100010111111101111111111110, flags=SA_RESTART|SA_SIGINFO, unblocked
    SIGBUS: crash_handler in libjvm.so, mask=11100100010111111101111111111110, flags=SA_RESTART|SA_SIGINFO, unblocked
    SIGFPE: crash_handler in libjvm.so, mask=11100100010111111101111111111110, flags=SA_RESTART|SA_SIGINFO, unblocked
   SIGPIPE: javaSignalHandler in libjvm.so, mask=11100100010111111101111111111110, flags=SA_RESTART|SA_SIGINFO, blocked
   SIGXFSZ: javaSignalHandler in libjvm.so, mask=11100100010111111101111111111110, flags=SA_RESTART|SA_SIGINFO, blocked
    SIGILL: crash_handler in libjvm.so, mask=11100100010111111101111111111110, flags=SA_RESTART|SA_SIGINFO, unblocked
   SIGUSR2: SR_handler in libjvm.so, mask=00100000000000000000000000000000, flags=SA_RESTART|SA_SIGINFO, blocked
    SIGHUP: UserHandler in libjvm.so, mask=11100100010111111101111111111110, flags=SA_RESTART|SA_SIGINFO, blocked
    SIGINT: UserHandler in libjvm.so, mask=11100100010111111101111111111110, flags=SA_RESTART|SA_SIGINFO, blocked
   SIGTERM: UserHandler in libjvm.so, mask=11100100010111111101111111111110, flags=SA_RESTART|SA_SIGINFO, blocked
   SIGQUIT: UserHandler in libjvm.so, mask=11100100010111111101111111111110, flags=SA_RESTART|SA_SIGINFO, blocked
   SIGTRAP: crash_handler in libjvm.so, mask=11100100010111111101111111111110, flags=SA_RESTART|SA_SIGINFO, unblocked

JNI global refs:
JNI global refs: 22, weak refs: 0

JNI global refs memory usage: 867, weak refs: 233

OOME stack traces (most recent first):
Classloader memory used:
Loader bootstrap                                                                       : 1810K
Loader org.gradle.internal.classloader.VisitableURLClassLoader                         : 1570K
Loader org.gradle.initialization.MixInLegacyTypesClassLoader                           : 208K
Loader jdk.internal.loader.ClassLoaders$AppClassLoader                                 : 28293B
Loader jdk.internal.reflect.DelegatingClassLoader                                      : 2580B
Loader jdk.internal.loader.ClassLoaders$PlatformClassLoader                            : 771B

Classes loaded by more than one classloader:
Class org.gradle.internal.installation.GradleInstallation                             : loaded 2 times (x 74B)
Class org.gradle.internal.classpath.ClassPath                                         : loaded 2 times (x 69B)
Class org.gradle.api.internal.classpath.DefaultModuleRegistry                         : loaded 2 times (x 85B)
Class org.gradle.api.Action                                                           : loaded 2 times (x 69B)
Class org.gradle.api.internal.DefaultClassPathProvider                                : loaded 2 times (x 75B)
Class org.gradle.internal.installation.GradleInstallation$1                           : loaded 2 times (x 74B)
Class org.gradle.internal.classloader.FilteringClassLoader                            : loaded 2 times (x 103B)
Class org.gradle.internal.classpath.DefaultClassPath$ImmutableUniqueList$Builder      : loaded 2 times (x 74B)
Class org.gradle.internal.classloader.ClassLoaderVisitor                              : loaded 2 times (x 75B)
Class org.gradle.internal.service.DefaultServiceLocator                               : loaded 2 times (x 82B)
Class org.gradle.internal.service.UnknownServiceException                             : loaded 2 times (x 82B)
Class org.gradle.internal.classloader.DefaultClassLoaderFactory                       : loaded 2 times (x 81B)
Class org.gradle.internal.classloader.VisitableURLClassLoader$Spec                    : loaded 2 times (x 73B)
Class org.gradle.api.GradleException                                                  : loaded 2 times (x 81B)
Class org.gradle.api.internal.classpath.ModuleRegistry                                : loaded 2 times (x 69B)
Class org.gradle.api.internal.ClassPathProvider                                       : loaded 2 times (x 69B)
Class org.gradle.internal.classloader.ClasspathUtil$1                                 : loaded 2 times (x 75B)
Class org.gradle.internal.classloader.ClassLoaderFactory                              : loaded 2 times (x 69B)
Class org.gradle.api.internal.classpath.ManifestUtil                                  : loaded 2 times (x 70B)
Class org.gradle.api.specs.Spec                                                       : loaded 2 times (x 69B)
Class org.gradle.internal.IoActions                                                   : loaded 2 times (x 70B)
Class org.gradle.api.internal.classpath.EffectiveClassPath                            : loaded 2 times (x 89B)
Class org.gradle.internal.installation.CurrentGradleInstallation                      : loaded 2 times (x 72B)
Class org.gradle.internal.agents.InstrumentingClassLoader                             : loaded 2 times (x 69B)
Class org.gradle.internal.installation.CurrentGradleInstallationLocator               : loaded 2 times (x 70B)
Class org.gradle.api.internal.classpath.Module                                        : loaded 2 times (x 69B)
Class org.gradle.internal.service.CachingServiceLocator                               : loaded 2 times (x 81B)
Class org.gradle.internal.classpath.DefaultClassPath                                  : loaded 2 times (x 89B)
Class org.gradle.internal.classloader.SystemClassLoaderSpec                           : loaded 2 times (x 70B)
Class org.gradle.api.UncheckedIOException                                             : loaded 2 times (x 81B)
Class org.gradle.internal.classloader.ClasspathUtil                                   : loaded 2 times (x 70B)
Class org.gradle.api.internal.DefaultClassPathRegistry                                : loaded 2 times (x 75B)
Class org.gradle.api.internal.classpath.DefaultModuleRegistry$DefaultModule           : loaded 2 times (x 85B)
Class org.gradle.api.internal.classpath.UnknownModuleException                        : loaded 2 times (x 81B)
Class org.gradle.internal.service.ServiceLookupException                              : loaded 2 times (x 81B)
Class org.gradle.cache.GlobalCache                                                    : loaded 2 times (x 69B)
Class [Lorg.gradle.api.internal.ClassPathProvider;                                    : loaded 2 times (x 68B)
Class org.gradle.util.internal.GUtil                                                  : loaded 2 times (x 70B)
Class org.gradle.internal.classloader.ClassLoaderSpec                                 : loaded 2 times (x 70B)
Class org.gradle.internal.classloader.VisitableURLClassLoader                         : loaded 2 times (x 115B)
Class org.gradle.internal.Cast                                                        : loaded 2 times (x 70B)
Class org.gradle.api.internal.ClassPathRegistry                                       : loaded 2 times (x 69B)
Class org.gradle.internal.classloader.VisitableURLClassLoader$InstrumentingVisitableURLClassLoader: loaded 2 times (x 121B)
Class org.gradle.internal.classloader.ClassLoaderHierarchy                            : loaded 2 times (x 69B)
Class org.gradle.internal.InternalTransformer                                         : loaded 2 times (x 69B)
Class org.gradle.internal.service.ServiceLocator                                      : loaded 2 times (x 69B)
Class org.gradle.internal.classpath.DefaultClassPath$ImmutableUniqueList              : loaded 2 times (x 160B)
Class org.gradle.internal.classpath.TransformedClassPath                              : loaded 2 times (x 95B)


---------------  S Y S T E M  ---------------

OS:
DISTRIB_ID=Ubuntu
DISTRIB_RELEASE=22.04
DISTRIB_CODENAME=jammy
DISTRIB_DESCRIPTION="Ubuntu 22.04.3 LTS"
uname: Linux 6.2.0-39-generic #40~22.04.1-Ubuntu SMP PREEMPT_DYNAMIC Thu Nov 16 10:53:04 UTC 2 x86_64
OS uptime: 0 days 0:09 hours
libc: glibc 2.35 NPTL 2.35 
rlimit (soft/hard): STACK 8192k/infinity , CORE 0k/infinity , NPROC 30871/30871 , NOFILE 1048576/1048576 , AS infinity/infinity , CPU infinity/infinity , DATA infinity/infinity , FSIZE infinity/infinity , MEMLOCK 997440k/997440k
load average: 4.89 5.21 3.13

/proc/meminfo:
MemTotal:        7979544 kB
MemFree:         1574888 kB
MemAvailable:    3022196 kB
Buffers:          155740 kB
Cached:          1605660 kB
SwapCached:          104 kB
Active:           905484 kB
Inactive:        4969548 kB
Active(anon):      73392 kB
Inactive(anon):  4257084 kB
Active(file):     832092 kB
Inactive(file):   712464 kB
Unevictable:       30824 kB
Mlocked:               0 kB
SwapTotal:       2097148 kB
SwapFree:        2093284 kB
Zswap:                 0 kB
Zswapped:              0 kB
Dirty:             36004 kB
Writeback:          1748 kB
AnonPages:       4144616 kB
Mapped:           550552 kB
Shmem:            216844 kB
KReclaimable:     210872 kB
Slab:             367904 kB
SReclaimable:     210872 kB
SUnreclaim:       157032 kB
KernelStack:       12032 kB
PageTables:        26884 kB
SecPageTables:         0 kB
NFS_Unstable:          0 kB
Bounce:                0 kB
WritebackTmp:          0 kB
CommitLimit:     6086920 kB
Committed_AS:    7516224 kB
VmallocTotal:   34359738367 kB
VmallocUsed:       41252 kB
VmallocChunk:          0 kB
Percpu:             6592 kB
HardwareCorrupted:     0 kB
AnonHugePages:         0 kB
ShmemHugePages:        0 kB
ShmemPmdMapped:        0 kB
FileHugePages:         0 kB
FilePmdMapped:         0 kB
HugePages_Total:       0
HugePages_Free:        0
HugePages_Rsvd:        0
HugePages_Surp:        0
Hugepagesize:       2048 kB
Hugetlb:               0 kB
DirectMap4k:      172020 kB
DirectMap2M:     3878912 kB
DirectMap1G:     4194304 kB

/sys/kernel/mm/transparent_hugepage/enabled: always [madvise] never
/sys/kernel/mm/transparent_hugepage/defrag (defrag/compaction efforts parameter): always defer defer+madvise [madvise] never

Process Memory:
Virtual Size: 9057476K (peak: 9121444K)
Resident Set Size: 221376K (peak: 221376K) (anon: 191296K, file: 30080K, shmem: 0K)
Swapped out: 0K
C-Heap outstanding allocations: 85129K, retained: 17014K
glibc malloc tunables: (default)

/proc/sys/kernel/threads-max (system-wide limit on the number of threads): 61743
/proc/sys/vm/max_map_count (maximum number of memory map areas a process may have): 65530
/proc/sys/kernel/pid_max (system-wide limit on number of process identifiers): 4194304

container (cgroup) information:
container_type: cgroupv2
cpu_cpuset_cpus: not supported
cpu_memory_nodes: not supported
active_processor_count: 6
cpu_quota: not supported
cpu_period: not supported
cpu_shares: not supported
memory_limit_in_bytes: unlimited
memory_and_swap_limit_in_bytes: unlimited
memory_soft_limit_in_bytes: unlimited
memory_usage_in_bytes: 4299256 k
memory_max_usage_in_bytes: not supported
memory_swap_current_in_bytes: unlimited
memory_swap_max_limit_in_bytes: unlimited
maximum number of tasks: 9261
current number of tasks: 210

Steal ticks since vm start: 0
Steal ticks percentage since vm start:  0.000

CPU: total 6 (initial active 6) (6 cores per cpu, 1 threads per core) family 6 model 158 stepping 10 microcode 0xf4, cx8, cmov, fxsr, mmx, 3dnowpref, sse, sse2, sse3, ssse3, sse4.1, sse4.2, popcnt, lzcnt, tsc, tscinvbit, avx, avx2, aes, erms, clmul, bmi1, bmi2, adx, fma, vzeroupper, clflush, clflushopt
CPU Model and flags from /proc/cpuinfo:
model name	: Intel(R) Core(TM) i5-8400 CPU @ 2.80GHz
flags		: fpu vme de pse tsc msr pae mce cx8 apic sep mtrr pge mca cmov pat pse36 clflush dts acpi mmx fxsr sse sse2 ss ht tm pbe syscall nx pdpe1gb rdtscp lm constant_tsc art arch_perfmon pebs bts rep_good nopl xtopology nonstop_tsc cpuid aperfmperf pni pclmulqdq dtes64 monitor ds_cpl vmx est tm2 ssse3 sdbg fma cx16 xtpr pdcm pcid sse4_1 sse4_2 x2apic movbe popcnt tsc_deadline_timer aes xsave avx f16c rdrand lahf_lm abm 3dnowprefetch cpuid_fault epb invpcid_single pti ssbd ibrs ibpb stibp tpr_shadow vnmi flexpriority ept vpid ept_ad fsgsbase tsc_adjust bmi1 avx2 smep bmi2 erms invpcid mpx rdseed adx smap clflushopt intel_pt xsaveopt xsavec xgetbv1 xsaves dtherm ida arat pln pts hwp hwp_notify hwp_act_window hwp_epp md_clear flush_l1d arch_capabilities

Online cpus: 0-5
Offline cpus: 
BIOS frequency limitation: <Not Available>
Frequency switch latency (ns): 0
Available cpu frequencies: <Not Available>
Current governor: powersave
Core performance/turbo boost: <Not Available>

Memory: 4k page, physical 7979544k(1574888k free), swap 2097148k(2093284k free)
Page Sizes: 4k

vm_info: OpenJDK 64-Bit Server VM (17.0.7+0-17.0.7b1000.6-10550314) for linux-amd64 JRE (17.0.7+0-17.0.7b1000.6-10550314), built on Jul 24 2023 17:08:11 by "androidbuild" with clang Android (8508608, based on r450784e) Clang 14.0.7 (https://android.googlesource.com/toolchain/llvm-project 4c603efb0cca074e9238af8b4106c30add4418f6)

END.
