#
# A fatal error has been detected by the Java Runtime Environment:
#
#  SIGSEGV (0xb) at pc=0x00007f9b6afbe941, pid=3426, tid=3428
#
# JRE version: OpenJDK Runtime Environment (17.0.7) (build 17.0.7+0-17.0.7b1000.6-10550314)
# Java VM: OpenJDK 64-Bit Server VM (17.0.7+0-17.0.7b1000.6-10550314, mixed mode, tiered, compressed oops, compressed class ptrs, g1 gc, linux-amd64)
# Problematic frame:
# V  [libjvm.so+0xfbe941]  SymbolTable::do_lookup(char const*, int, unsigned long)+0xc1
#
# Core dump will be written. Default location: Core dumps may be processed with "/usr/share/apport/apport -p%p -s%s -c%c -d%d -P%P -u%u -g%g -- %E" (or dumping to /home/andriodpc/Documents/EonTechnician(todays work) (2)/EonTechnician(todays work)/EonTechnician/core.3426)
#
# If you would like to submit a bug report, please visit:
#   https://bugreport.java.com/bugreport/crash.jsp
#

---------------  S U M M A R Y ------------

Command Line: org.jetbrains.kotlin.cli.jvm.K2JVMCompiler @/home/andriodpc/Documents/EonTechnician(todays work) (2)/EonTechnician(todays work)/EonTechnician/app/build/20240113_9155470368891996201.compiler.options

Host: Intel(R) Core(TM) i5-8400 CPU @ 2.80GHz, 6 cores, 7G, Ubuntu 22.04.3 LTS
Time: Sat Jan 13 14:40:34 2024 IST elapsed time: 0.659473 seconds (0d 0h 0m 0s)

---------------  T H R E A D  ---------------

Current thread (0x00007f9b64025f70):  JavaThread "main" [_thread_in_vm, id=3428, stack(0x00007f9b69f00000,0x00007f9b6a000000)]

Stack: [0x00007f9b69f00000,0x00007f9b6a000000],  sp=0x00007f9b69ffc290,  free space=1008k
Native frames: (J=compiled Java code, j=interpreted, Vv=VM code, C=native code)
V  [libjvm.so+0xfbe941]  SymbolTable::do_lookup(char const*, int, unsigned long)+0xc1
V  [libjvm.so+0xfbf2a5]  SymbolTable::lookup_only(char const*, int, unsigned int&)+0x95
V  [libjvm.so+0x7ed62e]  ClassFileParser::parse_constant_pool_entries(ClassFileStream const*, ConstantPool*, int, JavaThread*)+0x27e
V  [libjvm.so+0x7ede13]  ClassFileParser::parse_constant_pool(ClassFileStream const*, ConstantPool*, int, JavaThread*)+0x23
V  [libjvm.so+0x7fc816]  ClassFileParser::parse_stream(ClassFileStream const*, JavaThread*)+0x176
V  [libjvm.so+0x7fc66d]  ClassFileParser::ClassFileParser(ClassFileStream*, Symbol*, ClassLoaderData*, ClassLoadInfo const*, ClassFileParser::Publicity, bool, JavaThread*)+0x1bd
V  [libjvm.so+0xc68432]  KlassFactory::create_from_stream(ClassFileStream*, Symbol*, ClassLoaderData*, ClassLoadInfo const&, bool, JavaThread*)+0xa2
V  [libjvm.so+0xfc99a7]  SystemDictionary::resolve_class_from_stream(ClassFileStream*, Symbol*, Handle, ClassLoadInfo const&, InstanceKlass*, JavaThread*)+0x137
V  [libjvm.so+0xb2715c]  jvm_define_class_common(char const*, _jobject*, signed char const*, int, _jobject*, char const*, JavaThread*)+0x2cc
V  [libjvm.so+0xb27b2f]  JVM_DefineClassWithSource+0xbf
C  [libjava.so+0x12a1e]  Java_java_lang_ClassLoader_defineClass1+0x1be
j  java.lang.ClassLoader.defineClass1(Ljava/lang/ClassLoader;Ljava/lang/String;[BIILjava/security/ProtectionDomain;Ljava/lang/String;)Ljava/lang/Class;+0 java.base@17.0.7
j  java.lang.ClassLoader.defineClass(Ljava/lang/String;[BIILjava/security/ProtectionDomain;)Ljava/lang/Class;+27 java.base@17.0.7
j  java.security.SecureClassLoader.defineClass(Ljava/lang/String;[BIILjava/security/CodeSource;)Ljava/lang/Class;+12 java.base@17.0.7
j  jdk.internal.loader.BuiltinClassLoader.defineClass(Ljava/lang/String;Ljdk/internal/loader/Resource;)Ljava/lang/Class;+117 java.base@17.0.7
j  jdk.internal.loader.BuiltinClassLoader.findClassOnClassPathOrNull(Ljava/lang/String;)Ljava/lang/Class;+37 java.base@17.0.7
J 268 c1 jdk.internal.loader.BuiltinClassLoader.loadClassOrNull(Ljava/lang/String;Z)Ljava/lang/Class; java.base@17.0.7 (143 bytes) @ 0x00007f9b51a555ac [0x00007f9b51a54740+0x0000000000000e6c]
J 348 c1 jdk.internal.loader.ClassLoaders$AppClassLoader.loadClass(Ljava/lang/String;Z)Ljava/lang/Class; java.base@17.0.7 (40 bytes) @ 0x00007f9b51a702f4 [0x00007f9b51a6fce0+0x0000000000000614]
J 347 c1 java.lang.ClassLoader.loadClass(Ljava/lang/String;)Ljava/lang/Class; java.base@17.0.7 (7 bytes) @ 0x00007f9b51a6f93c [0x00007f9b51a6f840+0x00000000000000fc]
v  ~StubRoutines::call_stub
V  [libjvm.so+0xa44ede]  JavaCalls::call_helper(JavaValue*, methodHandle const&, JavaCallArguments*, JavaThread*)+0x33e
V  [libjvm.so+0xa44156]  JavaCalls::call_virtual(JavaValue*, Klass*, Symbol*, Symbol*, JavaCallArguments*, JavaThread*)+0x106
V  [libjvm.so+0xa4427f]  JavaCalls::call_virtual(JavaValue*, Handle, Klass*, Symbol*, Symbol*, Handle, JavaThread*)+0x5f
V  [libjvm.so+0xfca740]  SystemDictionary::load_instance_class_impl(Symbol*, Handle, JavaThread*)+0x120
V  [libjvm.so+0xfc9205]  SystemDictionary::load_instance_class(unsigned int, Symbol*, Handle, JavaThread*)+0x25
V  [libjvm.so+0xfc89dc]  SystemDictionary::resolve_instance_class_or_null(Symbol*, Handle, Handle, JavaThread*)+0x58c
V  [libjvm.so+0xfc7ec4]  SystemDictionary::resolve_or_fail(Symbol*, Handle, Handle, bool, JavaThread*)+0x64
V  [libjvm.so+0x866c44]  ConstantPool::klass_at_impl(constantPoolHandle const&, int, JavaThread*)+0x1b4
V  [libjvm.so+0x867836]  ConstantPool::klass_ref_at(int, JavaThread*)+0xb6
V  [libjvm.so+0xc96935]  LinkInfo::LinkInfo(constantPoolHandle const&, int, methodHandle const&, JavaThread*)+0x35
V  [libjvm.so+0xc98a02]  LinkResolver::resolve_field_access(fieldDescriptor&, constantPoolHandle const&, int, methodHandle const&, Bytecodes::Code, JavaThread*)+0x22
V  [libjvm.so+0xa3d786]  InterpreterRuntime::resolve_get_put(JavaThread*, Bytecodes::Code)+0x176
V  [libjvm.so+0xa3e967]  InterpreterRuntime::resolve_from_cache(JavaThread*, Bytecodes::Code)+0x37
j  kotlin.reflect.jvm.internal.RuntimeTypeMapper.mapJvmClassToKotlinClassId(Ljava/lang/Class;)Lkotlin/reflect/jvm/internal/impl/name/ClassId;+128
j  kotlin.reflect.jvm.internal.KClassImpl.getClassId()Lkotlin/reflect/jvm/internal/impl/name/ClassId;+7
j  kotlin.reflect.jvm.internal.KClassImpl.access$getClassId(Lkotlin/reflect/jvm/internal/KClassImpl;)Lkotlin/reflect/jvm/internal/impl/name/ClassId;+1
j  kotlin.reflect.jvm.internal.KClassImpl$Data$descriptor$2.invoke()Lkotlin/reflect/jvm/internal/impl/descriptors/ClassDescriptor;+4
j  kotlin.reflect.jvm.internal.KClassImpl$Data$descriptor$2.invoke()Ljava/lang/Object;+1
j  kotlin.reflect.jvm.internal.ReflectProperties$LazySoftVal.invoke()Ljava/lang/Object;+28
j  kotlin.reflect.jvm.internal.ReflectProperties$Val.getValue(Ljava/lang/Object;Ljava/lang/Object;)Ljava/lang/Object;+1
j  kotlin.reflect.jvm.internal.KClassImpl$Data.getDescriptor()Lkotlin/reflect/jvm/internal/impl/descriptors/ClassDescriptor;+10
j  kotlin.reflect.jvm.internal.KClassImpl.getDescriptor()Lkotlin/reflect/jvm/internal/impl/descriptors/ClassDescriptor;+10
j  kotlin.reflect.jvm.internal.KClassImpl.getMemberScope$kotlin_reflection()Lkotlin/reflect/jvm/internal/impl/resolve/scopes/MemberScope;+1
j  kotlin.reflect.jvm.internal.KClassImpl$Data$declaredNonStaticMembers$2.invoke()Ljava/util/Collection;+8
j  kotlin.reflect.jvm.internal.KClassImpl$Data$declaredNonStaticMembers$2.invoke()Ljava/lang/Object;+1
j  kotlin.reflect.jvm.internal.ReflectProperties$LazySoftVal.invoke()Ljava/lang/Object;+28
j  kotlin.reflect.jvm.internal.ReflectProperties$Val.getValue(Ljava/lang/Object;Ljava/lang/Object;)Ljava/lang/Object;+1
j  kotlin.reflect.jvm.internal.KClassImpl$Data.getDeclaredNonStaticMembers()Ljava/util/Collection;+11
j  kotlin.reflect.jvm.internal.KClassImpl$Data$allNonStaticMembers$2.invoke()Ljava/util/List;+4
j  kotlin.reflect.jvm.internal.KClassImpl$Data$allNonStaticMembers$2.invoke()Ljava/lang/Object;+1
j  kotlin.reflect.jvm.internal.ReflectProperties$LazySoftVal.invoke()Ljava/lang/Object;+28
j  kotlin.reflect.jvm.internal.ReflectProperties$Val.getValue(Ljava/lang/Object;Ljava/lang/Object;)Ljava/lang/Object;+1
j  kotlin.reflect.jvm.internal.KClassImpl$Data.getAllNonStaticMembers()Ljava/util/Collection;+11
j  kotlin.reflect.full.KClasses.getMemberProperties(Lkotlin/reflect/KClass;)Ljava/util/Collection;+19
j  org.jetbrains.kotlin.cli.common.arguments.ParseCommandLineArgumentsKt.parsePreprocessedCommandLineArguments(Ljava/util/List;Lorg/jetbrains/kotlin/cli/common/arguments/CommonToolArguments;Lorg/jetbrains/kotlin/cli/common/arguments/ArgumentParseErrors;)V+7
j  org.jetbrains.kotlin.cli.common.arguments.ParseCommandLineArgumentsKt.parseCommandLineArguments(Ljava/util/List;Lorg/jetbrains/kotlin/cli/common/arguments/CommonToolArguments;)V+68
j  org.jetbrains.kotlin.cli.common.CLITool.exec(Ljava/io/PrintStream;Lorg/jetbrains/kotlin/config/Services;Lorg/jetbrains/kotlin/cli/common/messages/MessageRenderer;[Ljava/lang/String;)Lorg/jetbrains/kotlin/cli/common/ExitCode;+38
j  org.jetbrains.kotlin.cli.common.CLITool.exec(Ljava/io/PrintStream;Lorg/jetbrains/kotlin/cli/common/messages/MessageRenderer;[Ljava/lang/String;)Lorg/jetbrains/kotlin/cli/common/ExitCode;+25
j  org.jetbrains.kotlin.cli.common.CLITool$Companion.doMainNoExit(Lorg/jetbrains/kotlin/cli/common/CLITool;[Ljava/lang/String;Lorg/jetbrains/kotlin/cli/common/messages/MessageRenderer;)Lorg/jetbrains/kotlin/cli/common/ExitCode;+39
j  org.jetbrains.kotlin.cli.common.CLITool$Companion.doMainNoExit$default(Lorg/jetbrains/kotlin/cli/common/CLITool$Companion;Lorg/jetbrains/kotlin/cli/common/CLITool;[Ljava/lang/String;Lorg/jetbrains/kotlin/cli/common/messages/MessageRenderer;ILjava/lang/Object;)Lorg/jetbrains/kotlin/cli/common/ExitCode;+16
j  org.jetbrains.kotlin.cli.common.CLITool$Companion.doMain(Lorg/jetbrains/kotlin/cli/common/CLITool;[Ljava/lang/String;)V+57
j  org.jetbrains.kotlin.cli.jvm.K2JVMCompiler$Companion.main([Ljava/lang/String;)V+20
j  org.jetbrains.kotlin.cli.jvm.K2JVMCompiler.main([Ljava/lang/String;)V+4
v  ~StubRoutines::call_stub
V  [libjvm.so+0xa44ede]  JavaCalls::call_helper(JavaValue*, methodHandle const&, JavaCallArguments*, JavaThread*)+0x33e
V  [libjvm.so+0xace431]  jni_invoke_static(JNIEnv_*, JavaValue*, _jobject*, JNICallType, _jmethodID*, JNI_ArgumentPusher*, JavaThread*)+0x141
V  [libjvm.so+0xad159c]  jni_CallStaticVoidMethod+0x16c
C  [libjli.so+0x1115a]  JavaMain+0x5ba
C  [libjli.so+0x136e9]  ThreadJavaMain+0x9

Java frames: (J=compiled Java code, j=interpreted, Vv=VM code)
j  java.lang.ClassLoader.defineClass1(Ljava/lang/ClassLoader;Ljava/lang/String;[BIILjava/security/ProtectionDomain;Ljava/lang/String;)Ljava/lang/Class;+0 java.base@17.0.7
j  java.lang.ClassLoader.defineClass(Ljava/lang/String;[BIILjava/security/ProtectionDomain;)Ljava/lang/Class;+27 java.base@17.0.7
j  java.security.SecureClassLoader.defineClass(Ljava/lang/String;[BIILjava/security/CodeSource;)Ljava/lang/Class;+12 java.base@17.0.7
j  jdk.internal.loader.BuiltinClassLoader.defineClass(Ljava/lang/String;Ljdk/internal/loader/Resource;)Ljava/lang/Class;+117 java.base@17.0.7
j  jdk.internal.loader.BuiltinClassLoader.findClassOnClassPathOrNull(Ljava/lang/String;)Ljava/lang/Class;+37 java.base@17.0.7
J 268 c1 jdk.internal.loader.BuiltinClassLoader.loadClassOrNull(Ljava/lang/String;Z)Ljava/lang/Class; java.base@17.0.7 (143 bytes) @ 0x00007f9b51a555ac [0x00007f9b51a54740+0x0000000000000e6c]
J 348 c1 jdk.internal.loader.ClassLoaders$AppClassLoader.loadClass(Ljava/lang/String;Z)Ljava/lang/Class; java.base@17.0.7 (40 bytes) @ 0x00007f9b51a702f4 [0x00007f9b51a6fce0+0x0000000000000614]
J 347 c1 java.lang.ClassLoader.loadClass(Ljava/lang/String;)Ljava/lang/Class; java.base@17.0.7 (7 bytes) @ 0x00007f9b51a6f93c [0x00007f9b51a6f840+0x00000000000000fc]
v  ~StubRoutines::call_stub
j  kotlin.reflect.jvm.internal.RuntimeTypeMapper.mapJvmClassToKotlinClassId(Ljava/lang/Class;)Lkotlin/reflect/jvm/internal/impl/name/ClassId;+128
j  kotlin.reflect.jvm.internal.KClassImpl.getClassId()Lkotlin/reflect/jvm/internal/impl/name/ClassId;+7
j  kotlin.reflect.jvm.internal.KClassImpl.access$getClassId(Lkotlin/reflect/jvm/internal/KClassImpl;)Lkotlin/reflect/jvm/internal/impl/name/ClassId;+1
j  kotlin.reflect.jvm.internal.KClassImpl$Data$descriptor$2.invoke()Lkotlin/reflect/jvm/internal/impl/descriptors/ClassDescriptor;+4
j  kotlin.reflect.jvm.internal.KClassImpl$Data$descriptor$2.invoke()Ljava/lang/Object;+1
j  kotlin.reflect.jvm.internal.ReflectProperties$LazySoftVal.invoke()Ljava/lang/Object;+28
j  kotlin.reflect.jvm.internal.ReflectProperties$Val.getValue(Ljava/lang/Object;Ljava/lang/Object;)Ljava/lang/Object;+1
j  kotlin.reflect.jvm.internal.KClassImpl$Data.getDescriptor()Lkotlin/reflect/jvm/internal/impl/descriptors/ClassDescriptor;+10
j  kotlin.reflect.jvm.internal.KClassImpl.getDescriptor()Lkotlin/reflect/jvm/internal/impl/descriptors/ClassDescriptor;+10
j  kotlin.reflect.jvm.internal.KClassImpl.getMemberScope$kotlin_reflection()Lkotlin/reflect/jvm/internal/impl/resolve/scopes/MemberScope;+1
j  kotlin.reflect.jvm.internal.KClassImpl$Data$declaredNonStaticMembers$2.invoke()Ljava/util/Collection;+8
j  kotlin.reflect.jvm.internal.KClassImpl$Data$declaredNonStaticMembers$2.invoke()Ljava/lang/Object;+1
j  kotlin.reflect.jvm.internal.ReflectProperties$LazySoftVal.invoke()Ljava/lang/Object;+28
j  kotlin.reflect.jvm.internal.ReflectProperties$Val.getValue(Ljava/lang/Object;Ljava/lang/Object;)Ljava/lang/Object;+1
j  kotlin.reflect.jvm.internal.KClassImpl$Data.getDeclaredNonStaticMembers()Ljava/util/Collection;+11
j  kotlin.reflect.jvm.internal.KClassImpl$Data$allNonStaticMembers$2.invoke()Ljava/util/List;+4
j  kotlin.reflect.jvm.internal.KClassImpl$Data$allNonStaticMembers$2.invoke()Ljava/lang/Object;+1
j  kotlin.reflect.jvm.internal.ReflectProperties$LazySoftVal.invoke()Ljava/lang/Object;+28
j  kotlin.reflect.jvm.internal.ReflectProperties$Val.getValue(Ljava/lang/Object;Ljava/lang/Object;)Ljava/lang/Object;+1
j  kotlin.reflect.jvm.internal.KClassImpl$Data.getAllNonStaticMembers()Ljava/util/Collection;+11
j  kotlin.reflect.full.KClasses.getMemberProperties(Lkotlin/reflect/KClass;)Ljava/util/Collection;+19
j  org.jetbrains.kotlin.cli.common.arguments.ParseCommandLineArgumentsKt.parsePreprocessedCommandLineArguments(Ljava/util/List;Lorg/jetbrains/kotlin/cli/common/arguments/CommonToolArguments;Lorg/jetbrains/kotlin/cli/common/arguments/ArgumentParseErrors;)V+7
j  org.jetbrains.kotlin.cli.common.arguments.ParseCommandLineArgumentsKt.parseCommandLineArguments(Ljava/util/List;Lorg/jetbrains/kotlin/cli/common/arguments/CommonToolArguments;)V+68
j  org.jetbrains.kotlin.cli.common.CLITool.exec(Ljava/io/PrintStream;Lorg/jetbrains/kotlin/config/Services;Lorg/jetbrains/kotlin/cli/common/messages/MessageRenderer;[Ljava/lang/String;)Lorg/jetbrains/kotlin/cli/common/ExitCode;+38
j  org.jetbrains.kotlin.cli.common.CLITool.exec(Ljava/io/PrintStream;Lorg/jetbrains/kotlin/cli/common/messages/MessageRenderer;[Ljava/lang/String;)Lorg/jetbrains/kotlin/cli/common/ExitCode;+25
j  org.jetbrains.kotlin.cli.common.CLITool$Companion.doMainNoExit(Lorg/jetbrains/kotlin/cli/common/CLITool;[Ljava/lang/String;Lorg/jetbrains/kotlin/cli/common/messages/MessageRenderer;)Lorg/jetbrains/kotlin/cli/common/ExitCode;+39
j  org.jetbrains.kotlin.cli.common.CLITool$Companion.doMainNoExit$default(Lorg/jetbrains/kotlin/cli/common/CLITool$Companion;Lorg/jetbrains/kotlin/cli/common/CLITool;[Ljava/lang/String;Lorg/jetbrains/kotlin/cli/common/messages/MessageRenderer;ILjava/lang/Object;)Lorg/jetbrains/kotlin/cli/common/ExitCode;+16
j  org.jetbrains.kotlin.cli.common.CLITool$Companion.doMain(Lorg/jetbrains/kotlin/cli/common/CLITool;[Ljava/lang/String;)V+57
j  org.jetbrains.kotlin.cli.jvm.K2JVMCompiler$Companion.main([Ljava/lang/String;)V+20
j  org.jetbrains.kotlin.cli.jvm.K2JVMCompiler.main([Ljava/lang/String;)V+4
v  ~StubRoutines::call_stub

siginfo: si_signo: 11 (SIGSEGV), si_code: 1 (SEGV_MAPERR), si_addr: 0x00007d9b6431a298

Register to memory mapping:

RAX=0x0000000000000002 is an unknown value
RBX=0x00007f9b643ecb50 points into unknown readable memory: 0x4c2800605ec10001 | 01 00 c1 5e 60 00 28 4c
RCX=0x0000000000000072 is an unknown value
RDX=0x0000000000000060 is an unknown value
RSP=0x00007f9b69ffc290 is pointing into the stack for thread: 0x00007f9b64025f70
RBP=0x00007f9b69ffc2e0 is pointing into the stack for thread: 0x00007f9b64025f70
RSI=0x00007f9b6450ca28 points into unknown readable memory: 0x6e696c746f6b4c28 | 28 4c 6b 6f 74 6c 69 6e
RDI=0x00007f9b643ecb56 points into unknown readable memory: 28 4c
R8 =0x0 is NULL
R9 =0x0000000000000060 is an unknown value
R10=0x0000000000000060 is an unknown value
R11=0x000000000000007f is an unknown value
R12=0x0000000000000060 is an unknown value
R13=0x0000000000000002 is an unknown value
R14=0x00007d9b6431a290 is an unknown value
R15=0x0000000000000060 is an unknown value


Registers:
RAX=0x0000000000000002, RBX=0x00007f9b643ecb50, RCX=0x0000000000000072, RDX=0x0000000000000060
RSP=0x00007f9b69ffc290, RBP=0x00007f9b69ffc2e0, RSI=0x00007f9b6450ca28, RDI=0x00007f9b643ecb56
R8 =0x0000000000000000, R9 =0x0000000000000060, R10=0x0000000000000060, R11=0x000000000000007f
R12=0x0000000000000060, R13=0x0000000000000002, R14=0x00007d9b6431a290, R15=0x0000000000000060
RIP=0x00007f9b6afbe941, EFLAGS=0x0000000000010206, CSGSFS=0x002b000000000033, ERR=0x0000000000000004
  TRAPNO=0x000000000000000e

Top of Stack: (sp=0x00007f9b69ffc290)
0x00007f9b69ffc290:   00001abc6a6cbc6a 00007f9b6450ca28
0x00007f9b69ffc2a0:   00007f9b64112700 00007f9b64026068
0x00007f9b69ffc2b0:   0000000000000000 00000000ad6ce772
0x00007f9b69ffc2c0:   0000000000000060 0000000000000060 

Instructions: (pc=0x00007f9b6afbe941)
0x00007f9b6afbe841:   24 4c 89 e7 4c 89 f6 ff 10 48 83 c3 08 4c 39 eb
0x00007f9b6afbe851:   72 dd eb 88 48 83 c4 08 5b 41 5c 41 5d 41 5e 41
0x00007f9b6afbe861:   5f 5d c3 66 2e 0f 1f 84 00 00 00 00 00 66 90 55
0x00007f9b6afbe871:   48 89 e5 89 d2 5d e9 04 00 00 00 0f 1f 40 00 55
0x00007f9b6afbe881:   48 89 e5 41 57 41 56 41 55 41 54 53 48 83 ec 28
0x00007f9b6afbe891:   49 89 d7 41 89 f4 48 89 7d b8 66 48 8d 3d bd d1
0x00007f9b6afbe8a1:   20 00 66 66 48 e8 a5 a6 14 00 48 8b 08 48 8b 35
0x00007f9b6afbe8b1:   a3 11 27 00 48 8b 91 f8 00 00 00 48 81 c1 f8 00
0x00007f9b6afbe8c1:   00 00 48 89 d0 48 89 55 d0 f6 c2 01 75 12 48 8d
0x00007f9b6afbe8d1:   05 62 cb 24 00 48 8b 80 80 00 00 00 48 83 c8 01
0x00007f9b6afbe8e1:   48 89 4d c8 48 87 01 48 8b 46 48 48 85 c0 74 09
0x00007f9b6afbe8f1:   48 8d 46 48 31 c9 48 87 08 48 8b 4e 08 48 8b 41
0x00007f9b6afbe901:   18 4c 21 f8 48 8b 09 48 8b 14 c1 48 f7 c2 02 00
0x00007f9b6afbe911:   00 00 48 89 75 c0 75 6d 4c 8d 3c c1 4d 8b 37 49
0x00007f9b6afbe921:   83 e6 fc 74 78 4d 63 fc b8 01 00 00 00 eb 0e 8b
0x00007f9b6afbe931:   03 4d 8b 36 49 8d 45 01 4d 85 f6 74 63 49 89 c5
0x00007f9b6afbe941:   49 8b 5e 08 0f b7 43 04 44 39 e0 75 e2 48 8d 7b
0x00007f9b6afbe951:   06 48 8b 75 b8 4c 89 fa e8 62 a9 14 00 85 c0 75
0x00007f9b6afbe961:   ce 48 89 df e8 e6 f1 ff ff 84 c0 74 c4 4d 85 f6
0x00007f9b6afbe971:   74 2e 48 8b 45 c0 48 8b 48 28 49 83 c6 08 74 50
0x00007f9b6afbe981:   49 8b 06 eb 25 48 8b 46 10 4c 23 78 18 49 c1 e7
0x00007f9b6afbe991:   03 4c 03 38 4d 8b 37 49 83 e6 fc 75 88 45 31 ed
0x00007f9b6afbe9a1:   48 8b 45 c0 48 8b 48 28 31 c0 48 8b 55 c8 48 8b
0x00007f9b6afbe9b1:   75 d0 48 89 32 49 39 cd 76 07 c6 05 7f 10 27 00
0x00007f9b6afbe9c1:   01 48 83 c4 28 5b 41 5c 41 5d 41 5e 41 5f 5d c3
0x00007f9b6afbe9d1:   eb d6 66 2e 0f 1f 84 00 00 00 00 00 0f 1f 00 55
0x00007f9b6afbe9e1:   48 89 e5 41 57 41 56 41 55 41 54 53 48 83 ec 18
0x00007f9b6afbe9f1:   48 89 7d d0 83 3d 10 10 27 00 00 0f 84 69 02 00
0x00007f9b6afbea01:   00 89 d3 80 3d 6d 10 27 00 00 0f 84 94 00 00 00
0x00007f9b6afbea11:   85 f6 7e 10 8d 46 ff 83 f8 03 73 0c 31 db 48 8b
0x00007f9b6afbea21:   45 d0 eb 57 31 db eb 7c 89 f1 83 e1 fc 31 db 48
0x00007f9b6afbea31:   8b 45 d0 66 2e 0f 1f 84 00 00 00 00 00 66 90 89 


Stack slot to memory mapping:
stack at sp + 0 slots: 0x00001abc6a6cbc6a is an unknown value
stack at sp + 1 slots: 0x00007f9b6450ca28 points into unknown readable memory: 0x6e696c746f6b4c28 | 28 4c 6b 6f 74 6c 69 6e
stack at sp + 2 slots: 0x00007f9b64112700 points into unknown readable memory: 0x0000000000000000 | 00 00 00 00 00 00 00 00
stack at sp + 3 slots: 0x00007f9b64026068 points into unknown readable memory: 0x00000000000003bb | bb 03 00 00 00 00 00 00
stack at sp + 4 slots: 0x0 is NULL
stack at sp + 5 slots: 0x00000000ad6ce772 is an unallocated location in the heap
stack at sp + 6 slots: 0x0000000000000060 is an unknown value
stack at sp + 7 slots: 0x0000000000000060 is an unknown value


---------------  P R O C E S S  ---------------

Threads class SMR info:
_java_thread_list=0x00007f9b64276740, length=11, elements={
0x00007f9b64025f70, 0x00007f9b64193020, 0x00007f9b64194670, 0x00007f9b641c4740,
0x00007f9b641c5af0, 0x00007f9b641c6f00, 0x00007f9b641b9d20, 0x00007f9b641bb200,
0x00007f9b641bc670, 0x00007f9b6426a6b0, 0x00007f9b64275840
}

Java Threads: ( => current thread )
=>0x00007f9b64025f70 JavaThread "main" [_thread_in_vm, id=3428, stack(0x00007f9b69f00000,0x00007f9b6a000000)]
  0x00007f9b64193020 JavaThread "Reference Handler" daemon [_thread_blocked, id=3435, stack(0x00007f9b4d9f4000,0x00007f9b4daf4000)]
  0x00007f9b64194670 JavaThread "Finalizer" daemon [_thread_blocked, id=3436, stack(0x00007f9b4d8f4000,0x00007f9b4d9f4000)]
  0x00007f9b641c4740 JavaThread "Signal Dispatcher" daemon [_thread_blocked, id=3437, stack(0x00007f9b4d7f4000,0x00007f9b4d8f4000)]
  0x00007f9b641c5af0 JavaThread "Service Thread" daemon [_thread_blocked, id=3438, stack(0x00007f9b4d100000,0x00007f9b4d200000)]
  0x00007f9b641c6f00 JavaThread "Monitor Deflation Thread" daemon [_thread_blocked, id=3439, stack(0x00007f9b4d000000,0x00007f9b4d100000)]
  0x00007f9b641b9d20 JavaThread "C2 CompilerThread0" daemon [_thread_blocked, id=3440, stack(0x00007f9b4cf00000,0x00007f9b4d000000)]
  0x00007f9b641bb200 JavaThread "C1 CompilerThread0" daemon [_thread_blocked, id=3441, stack(0x00007f9b4ce00000,0x00007f9b4cf00000)]
  0x00007f9b641bc670 JavaThread "Sweeper thread" daemon [_thread_blocked, id=3442, stack(0x00007f9b4cd00000,0x00007f9b4ce00000)]
  0x00007f9b6426a6b0 JavaThread "Notification Thread" daemon [_thread_blocked, id=3443, stack(0x00007f9b4cc00000,0x00007f9b4cd00000)]
  0x00007f9b64275840 JavaThread "Common-Cleaner" daemon [_thread_blocked, id=3445, stack(0x00007f9b4c9fe000,0x00007f9b4cafe000)]

Other Threads:
  0x00007f9b641437c0 VMThread "VM Thread" [stack: 0x00007f9b4daf6000,0x00007f9b4dbf6000] [id=3434]
  0x00007f9b641e5a50 WatcherThread [stack: 0x00007f9b4cb00000,0x00007f9b4cc00000] [id=3444]
  0x00007f9b6407fa80 GCTaskThread "GC Thread#0" [stack: 0x00007f9b68a39000,0x00007f9b68b39000] [id=3429]
  0x00007f9b64090430 ConcurrentGCThread "G1 Main Marker" [stack: 0x00007f9b68937000,0x00007f9b68a37000] [id=3430]
  0x00007f9b64091390 ConcurrentGCThread "G1 Conc#0" [stack: 0x00007f9b68835000,0x00007f9b68935000] [id=3431]
  0x00007f9b640fd630 ConcurrentGCThread "G1 Refine#0" [stack: 0x00007f9b6812d000,0x00007f9b6822d000] [id=3432]
  0x00007f9b640fe520 ConcurrentGCThread "G1 Service" [stack: 0x00007f9b6802b000,0x00007f9b6812b000] [id=3433]

Threads with active compile tasks:

VM state: not at safepoint (normal execution)

VM Mutex/Monitor currently owned by a thread: None

Heap address: 0x0000000086200000, size: 1950 MB, Compressed Oops mode: 32-bit

CDS archive(s) not mapped
Compressed class space mapped at: 0x0000000100000000-0x0000000140000000, reserved size: 1073741824
Narrow klass base: 0x0000000000000000, Narrow klass shift: 3, Narrow klass range: 0x140000000

GC Precious Log:
 CPUs: 6 total, 6 available
 Memory: 7792M
 Large Page Support: Disabled
 NUMA Support: Disabled
 Compressed Oops: Enabled (32-bit)
 Heap Region Size: 1M
 Heap Min Capacity: 8M
 Heap Initial Capacity: 122M
 Heap Max Capacity: 1950M
 Pre-touch: Disabled
 Parallel Workers: 6
 Concurrent Workers: 2
 Concurrent Refinement Workers: 6
 Periodic GC: Disabled

Heap:
 garbage-first heap   total 124928K, used 12288K [0x0000000086200000, 0x0000000100000000)
  region size 1024K, 10 young (10240K), 0 survivors (0K)
 Metaspace       used 10194K, committed 10368K, reserved 1114112K
  class space    used 871K, committed 960K, reserved 1048576K

Heap Regions: E=young(eden), S=young(survivor), O=old, HS=humongous(starts), HC=humongous(continues), CS=collection set, F=free, OA=open archive, CA=closed archive, TAMS=top-at-mark-start (previous, next)
|   0|0x0000000086200000, 0x0000000086300000, 0x0000000086300000|100%|HS|  |TAMS 0x0000000086200000, 0x0000000086200000| Complete 
|   1|0x0000000086300000, 0x0000000086400000, 0x0000000086400000|100%|HC|  |TAMS 0x0000000086300000, 0x0000000086300000| Complete 
|   2|0x0000000086400000, 0x0000000086500000, 0x0000000086500000|100%|HC|  |TAMS 0x0000000086400000, 0x0000000086400000| Complete 
|   3|0x0000000086500000, 0x0000000086600000, 0x0000000086600000|100%|HS|  |TAMS 0x0000000086500000, 0x0000000086500000| Complete 
|   4|0x0000000086600000, 0x0000000086600000, 0x0000000086700000|  0%| F|  |TAMS 0x0000000086600000, 0x0000000086600000| Untracked 
|   5|0x0000000086700000, 0x0000000086700000, 0x0000000086800000|  0%| F|  |TAMS 0x0000000086700000, 0x0000000086700000| Untracked 
|   6|0x0000000086800000, 0x0000000086800000, 0x0000000086900000|  0%| F|  |TAMS 0x0000000086800000, 0x0000000086800000| Untracked 
|   7|0x0000000086900000, 0x0000000086900000, 0x0000000086a00000|  0%| F|  |TAMS 0x0000000086900000, 0x0000000086900000| Untracked 
|   8|0x0000000086a00000, 0x0000000086a00000, 0x0000000086b00000|  0%| F|  |TAMS 0x0000000086a00000, 0x0000000086a00000| Untracked 
|   9|0x0000000086b00000, 0x0000000086b00000, 0x0000000086c00000|  0%| F|  |TAMS 0x0000000086b00000, 0x0000000086b00000| Untracked 
|  10|0x0000000086c00000, 0x0000000086c00000, 0x0000000086d00000|  0%| F|  |TAMS 0x0000000086c00000, 0x0000000086c00000| Untracked 
|  11|0x0000000086d00000, 0x0000000086d00000, 0x0000000086e00000|  0%| F|  |TAMS 0x0000000086d00000, 0x0000000086d00000| Untracked 
|  12|0x0000000086e00000, 0x0000000086e00000, 0x0000000086f00000|  0%| F|  |TAMS 0x0000000086e00000, 0x0000000086e00000| Untracked 
|  13|0x0000000086f00000, 0x0000000086f00000, 0x0000000087000000|  0%| F|  |TAMS 0x0000000086f00000, 0x0000000086f00000| Untracked 
|  14|0x0000000087000000, 0x0000000087000000, 0x0000000087100000|  0%| F|  |TAMS 0x0000000087000000, 0x0000000087000000| Untracked 
|  15|0x0000000087100000, 0x0000000087100000, 0x0000000087200000|  0%| F|  |TAMS 0x0000000087100000, 0x0000000087100000| Untracked 
|  16|0x0000000087200000, 0x0000000087200000, 0x0000000087300000|  0%| F|  |TAMS 0x0000000087200000, 0x0000000087200000| Untracked 
|  17|0x0000000087300000, 0x0000000087300000, 0x0000000087400000|  0%| F|  |TAMS 0x0000000087300000, 0x0000000087300000| Untracked 
|  18|0x0000000087400000, 0x0000000087400000, 0x0000000087500000|  0%| F|  |TAMS 0x0000000087400000, 0x0000000087400000| Untracked 
|  19|0x0000000087500000, 0x0000000087500000, 0x0000000087600000|  0%| F|  |TAMS 0x0000000087500000, 0x0000000087500000| Untracked 
|  20|0x0000000087600000, 0x0000000087600000, 0x0000000087700000|  0%| F|  |TAMS 0x0000000087600000, 0x0000000087600000| Untracked 
|  21|0x0000000087700000, 0x0000000087700000, 0x0000000087800000|  0%| F|  |TAMS 0x0000000087700000, 0x0000000087700000| Untracked 
|  22|0x0000000087800000, 0x0000000087800000, 0x0000000087900000|  0%| F|  |TAMS 0x0000000087800000, 0x0000000087800000| Untracked 
|  23|0x0000000087900000, 0x0000000087900000, 0x0000000087a00000|  0%| F|  |TAMS 0x0000000087900000, 0x0000000087900000| Untracked 
|  24|0x0000000087a00000, 0x0000000087a00000, 0x0000000087b00000|  0%| F|  |TAMS 0x0000000087a00000, 0x0000000087a00000| Untracked 
|  25|0x0000000087b00000, 0x0000000087b00000, 0x0000000087c00000|  0%| F|  |TAMS 0x0000000087b00000, 0x0000000087b00000| Untracked 
|  26|0x0000000087c00000, 0x0000000087c00000, 0x0000000087d00000|  0%| F|  |TAMS 0x0000000087c00000, 0x0000000087c00000| Untracked 
|  27|0x0000000087d00000, 0x0000000087d00000, 0x0000000087e00000|  0%| F|  |TAMS 0x0000000087d00000, 0x0000000087d00000| Untracked 
|  28|0x0000000087e00000, 0x0000000087e00000, 0x0000000087f00000|  0%| F|  |TAMS 0x0000000087e00000, 0x0000000087e00000| Untracked 
|  29|0x0000000087f00000, 0x0000000087f00000, 0x0000000088000000|  0%| F|  |TAMS 0x0000000087f00000, 0x0000000087f00000| Untracked 
|  30|0x0000000088000000, 0x0000000088000000, 0x0000000088100000|  0%| F|  |TAMS 0x0000000088000000, 0x0000000088000000| Untracked 
|  31|0x0000000088100000, 0x0000000088100000, 0x0000000088200000|  0%| F|  |TAMS 0x0000000088100000, 0x0000000088100000| Untracked 
|  32|0x0000000088200000, 0x0000000088200000, 0x0000000088300000|  0%| F|  |TAMS 0x0000000088200000, 0x0000000088200000| Untracked 
|  33|0x0000000088300000, 0x0000000088300000, 0x0000000088400000|  0%| F|  |TAMS 0x0000000088300000, 0x0000000088300000| Untracked 
|  34|0x0000000088400000, 0x0000000088400000, 0x0000000088500000|  0%| F|  |TAMS 0x0000000088400000, 0x0000000088400000| Untracked 
|  35|0x0000000088500000, 0x0000000088500000, 0x0000000088600000|  0%| F|  |TAMS 0x0000000088500000, 0x0000000088500000| Untracked 
|  36|0x0000000088600000, 0x0000000088600000, 0x0000000088700000|  0%| F|  |TAMS 0x0000000088600000, 0x0000000088600000| Untracked 
|  37|0x0000000088700000, 0x0000000088700000, 0x0000000088800000|  0%| F|  |TAMS 0x0000000088700000, 0x0000000088700000| Untracked 
|  38|0x0000000088800000, 0x0000000088800000, 0x0000000088900000|  0%| F|  |TAMS 0x0000000088800000, 0x0000000088800000| Untracked 
|  39|0x0000000088900000, 0x0000000088900000, 0x0000000088a00000|  0%| F|  |TAMS 0x0000000088900000, 0x0000000088900000| Untracked 
|  40|0x0000000088a00000, 0x0000000088a00000, 0x0000000088b00000|  0%| F|  |TAMS 0x0000000088a00000, 0x0000000088a00000| Untracked 
|  41|0x0000000088b00000, 0x0000000088b00000, 0x0000000088c00000|  0%| F|  |TAMS 0x0000000088b00000, 0x0000000088b00000| Untracked 
|  42|0x0000000088c00000, 0x0000000088c00000, 0x0000000088d00000|  0%| F|  |TAMS 0x0000000088c00000, 0x0000000088c00000| Untracked 
|  43|0x0000000088d00000, 0x0000000088d00000, 0x0000000088e00000|  0%| F|  |TAMS 0x0000000088d00000, 0x0000000088d00000| Untracked 
|  44|0x0000000088e00000, 0x0000000088e00000, 0x0000000088f00000|  0%| F|  |TAMS 0x0000000088e00000, 0x0000000088e00000| Untracked 
|  45|0x0000000088f00000, 0x0000000088f00000, 0x0000000089000000|  0%| F|  |TAMS 0x0000000088f00000, 0x0000000088f00000| Untracked 
|  46|0x0000000089000000, 0x0000000089000000, 0x0000000089100000|  0%| F|  |TAMS 0x0000000089000000, 0x0000000089000000| Untracked 
|  47|0x0000000089100000, 0x0000000089100000, 0x0000000089200000|  0%| F|  |TAMS 0x0000000089100000, 0x0000000089100000| Untracked 
|  48|0x0000000089200000, 0x0000000089200000, 0x0000000089300000|  0%| F|  |TAMS 0x0000000089200000, 0x0000000089200000| Untracked 
|  49|0x0000000089300000, 0x0000000089300000, 0x0000000089400000|  0%| F|  |TAMS 0x0000000089300000, 0x0000000089300000| Untracked 
|  50|0x0000000089400000, 0x0000000089400000, 0x0000000089500000|  0%| F|  |TAMS 0x0000000089400000, 0x0000000089400000| Untracked 
|  51|0x0000000089500000, 0x0000000089500000, 0x0000000089600000|  0%| F|  |TAMS 0x0000000089500000, 0x0000000089500000| Untracked 
|  52|0x0000000089600000, 0x0000000089600000, 0x0000000089700000|  0%| F|  |TAMS 0x0000000089600000, 0x0000000089600000| Untracked 
|  53|0x0000000089700000, 0x0000000089700000, 0x0000000089800000|  0%| F|  |TAMS 0x0000000089700000, 0x0000000089700000| Untracked 
|  54|0x0000000089800000, 0x0000000089800000, 0x0000000089900000|  0%| F|  |TAMS 0x0000000089800000, 0x0000000089800000| Untracked 
|  55|0x0000000089900000, 0x0000000089900000, 0x0000000089a00000|  0%| F|  |TAMS 0x0000000089900000, 0x0000000089900000| Untracked 
|  56|0x0000000089a00000, 0x0000000089a00000, 0x0000000089b00000|  0%| F|  |TAMS 0x0000000089a00000, 0x0000000089a00000| Untracked 
|  57|0x0000000089b00000, 0x0000000089b00000, 0x0000000089c00000|  0%| F|  |TAMS 0x0000000089b00000, 0x0000000089b00000| Untracked 
|  58|0x0000000089c00000, 0x0000000089c00000, 0x0000000089d00000|  0%| F|  |TAMS 0x0000000089c00000, 0x0000000089c00000| Untracked 
|  59|0x0000000089d00000, 0x0000000089d00000, 0x0000000089e00000|  0%| F|  |TAMS 0x0000000089d00000, 0x0000000089d00000| Untracked 
|  60|0x0000000089e00000, 0x0000000089e00000, 0x0000000089f00000|  0%| F|  |TAMS 0x0000000089e00000, 0x0000000089e00000| Untracked 
|  61|0x0000000089f00000, 0x0000000089f00000, 0x000000008a000000|  0%| F|  |TAMS 0x0000000089f00000, 0x0000000089f00000| Untracked 
|  62|0x000000008a000000, 0x000000008a000000, 0x000000008a100000|  0%| F|  |TAMS 0x000000008a000000, 0x000000008a000000| Untracked 
|  63|0x000000008a100000, 0x000000008a100000, 0x000000008a200000|  0%| F|  |TAMS 0x000000008a100000, 0x000000008a100000| Untracked 
|  64|0x000000008a200000, 0x000000008a200000, 0x000000008a300000|  0%| F|  |TAMS 0x000000008a200000, 0x000000008a200000| Untracked 
|  65|0x000000008a300000, 0x000000008a300000, 0x000000008a400000|  0%| F|  |TAMS 0x000000008a300000, 0x000000008a300000| Untracked 
|  66|0x000000008a400000, 0x000000008a400000, 0x000000008a500000|  0%| F|  |TAMS 0x000000008a400000, 0x000000008a400000| Untracked 
|  67|0x000000008a500000, 0x000000008a500000, 0x000000008a600000|  0%| F|  |TAMS 0x000000008a500000, 0x000000008a500000| Untracked 
|  68|0x000000008a600000, 0x000000008a600000, 0x000000008a700000|  0%| F|  |TAMS 0x000000008a600000, 0x000000008a600000| Untracked 
|  69|0x000000008a700000, 0x000000008a700000, 0x000000008a800000|  0%| F|  |TAMS 0x000000008a700000, 0x000000008a700000| Untracked 
|  70|0x000000008a800000, 0x000000008a800000, 0x000000008a900000|  0%| F|  |TAMS 0x000000008a800000, 0x000000008a800000| Untracked 
|  71|0x000000008a900000, 0x000000008a900000, 0x000000008aa00000|  0%| F|  |TAMS 0x000000008a900000, 0x000000008a900000| Untracked 
|  72|0x000000008aa00000, 0x000000008aa00000, 0x000000008ab00000|  0%| F|  |TAMS 0x000000008aa00000, 0x000000008aa00000| Untracked 
|  73|0x000000008ab00000, 0x000000008ab00000, 0x000000008ac00000|  0%| F|  |TAMS 0x000000008ab00000, 0x000000008ab00000| Untracked 
|  74|0x000000008ac00000, 0x000000008ac00000, 0x000000008ad00000|  0%| F|  |TAMS 0x000000008ac00000, 0x000000008ac00000| Untracked 
|  75|0x000000008ad00000, 0x000000008ad00000, 0x000000008ae00000|  0%| F|  |TAMS 0x000000008ad00000, 0x000000008ad00000| Untracked 
|  76|0x000000008ae00000, 0x000000008ae00000, 0x000000008af00000|  0%| F|  |TAMS 0x000000008ae00000, 0x000000008ae00000| Untracked 
|  77|0x000000008af00000, 0x000000008af00000, 0x000000008b000000|  0%| F|  |TAMS 0x000000008af00000, 0x000000008af00000| Untracked 
|  78|0x000000008b000000, 0x000000008b000000, 0x000000008b100000|  0%| F|  |TAMS 0x000000008b000000, 0x000000008b000000| Untracked 
|  79|0x000000008b100000, 0x000000008b100000, 0x000000008b200000|  0%| F|  |TAMS 0x000000008b100000, 0x000000008b100000| Untracked 
|  80|0x000000008b200000, 0x000000008b200000, 0x000000008b300000|  0%| F|  |TAMS 0x000000008b200000, 0x000000008b200000| Untracked 
|  81|0x000000008b300000, 0x000000008b300000, 0x000000008b400000|  0%| F|  |TAMS 0x000000008b300000, 0x000000008b300000| Untracked 
|  82|0x000000008b400000, 0x000000008b400000, 0x000000008b500000|  0%| F|  |TAMS 0x000000008b400000, 0x000000008b400000| Untracked 
|  83|0x000000008b500000, 0x000000008b500000, 0x000000008b600000|  0%| F|  |TAMS 0x000000008b500000, 0x000000008b500000| Untracked 
|  84|0x000000008b600000, 0x000000008b600000, 0x000000008b700000|  0%| F|  |TAMS 0x000000008b600000, 0x000000008b600000| Untracked 
|  85|0x000000008b700000, 0x000000008b700000, 0x000000008b800000|  0%| F|  |TAMS 0x000000008b700000, 0x000000008b700000| Untracked 
|  86|0x000000008b800000, 0x000000008b800000, 0x000000008b900000|  0%| F|  |TAMS 0x000000008b800000, 0x000000008b800000| Untracked 
|  87|0x000000008b900000, 0x000000008b900000, 0x000000008ba00000|  0%| F|  |TAMS 0x000000008b900000, 0x000000008b900000| Untracked 
|  88|0x000000008ba00000, 0x000000008ba00000, 0x000000008bb00000|  0%| F|  |TAMS 0x000000008ba00000, 0x000000008ba00000| Untracked 
|  89|0x000000008bb00000, 0x000000008bb00000, 0x000000008bc00000|  0%| F|  |TAMS 0x000000008bb00000, 0x000000008bb00000| Untracked 
|  90|0x000000008bc00000, 0x000000008bc00000, 0x000000008bd00000|  0%| F|  |TAMS 0x000000008bc00000, 0x000000008bc00000| Untracked 
|  91|0x000000008bd00000, 0x000000008bd00000, 0x000000008be00000|  0%| F|  |TAMS 0x000000008bd00000, 0x000000008bd00000| Untracked 
|  92|0x000000008be00000, 0x000000008be00000, 0x000000008bf00000|  0%| F|  |TAMS 0x000000008be00000, 0x000000008be00000| Untracked 
|  93|0x000000008bf00000, 0x000000008bf00000, 0x000000008c000000|  0%| F|  |TAMS 0x000000008bf00000, 0x000000008bf00000| Untracked 
|  94|0x000000008c000000, 0x000000008c000000, 0x000000008c100000|  0%| F|  |TAMS 0x000000008c000000, 0x000000008c000000| Untracked 
|  95|0x000000008c100000, 0x000000008c100000, 0x000000008c200000|  0%| F|  |TAMS 0x000000008c100000, 0x000000008c100000| Untracked 
|  96|0x000000008c200000, 0x000000008c200000, 0x000000008c300000|  0%| F|  |TAMS 0x000000008c200000, 0x000000008c200000| Untracked 
|  97|0x000000008c300000, 0x000000008c300000, 0x000000008c400000|  0%| F|  |TAMS 0x000000008c300000, 0x000000008c300000| Untracked 
|  98|0x000000008c400000, 0x000000008c400000, 0x000000008c500000|  0%| F|  |TAMS 0x000000008c400000, 0x000000008c400000| Untracked 
|  99|0x000000008c500000, 0x000000008c500000, 0x000000008c600000|  0%| F|  |TAMS 0x000000008c500000, 0x000000008c500000| Untracked 
| 100|0x000000008c600000, 0x000000008c600000, 0x000000008c700000|  0%| F|  |TAMS 0x000000008c600000, 0x000000008c600000| Untracked 
| 101|0x000000008c700000, 0x000000008c700000, 0x000000008c800000|  0%| F|  |TAMS 0x000000008c700000, 0x000000008c700000| Untracked 
| 102|0x000000008c800000, 0x000000008c800000, 0x000000008c900000|  0%| F|  |TAMS 0x000000008c800000, 0x000000008c800000| Untracked 
| 103|0x000000008c900000, 0x000000008c900000, 0x000000008ca00000|  0%| F|  |TAMS 0x000000008c900000, 0x000000008c900000| Untracked 
| 104|0x000000008ca00000, 0x000000008ca00000, 0x000000008cb00000|  0%| F|  |TAMS 0x000000008ca00000, 0x000000008ca00000| Untracked 
| 105|0x000000008cb00000, 0x000000008cb00000, 0x000000008cc00000|  0%| F|  |TAMS 0x000000008cb00000, 0x000000008cb00000| Untracked 
| 106|0x000000008cc00000, 0x000000008cc00000, 0x000000008cd00000|  0%| F|  |TAMS 0x000000008cc00000, 0x000000008cc00000| Untracked 
| 107|0x000000008cd00000, 0x000000008cd00000, 0x000000008ce00000|  0%| F|  |TAMS 0x000000008cd00000, 0x000000008cd00000| Untracked 
| 108|0x000000008ce00000, 0x000000008ce00000, 0x000000008cf00000|  0%| F|  |TAMS 0x000000008ce00000, 0x000000008ce00000| Untracked 
| 109|0x000000008cf00000, 0x000000008cf00000, 0x000000008d000000|  0%| F|  |TAMS 0x000000008cf00000, 0x000000008cf00000| Untracked 
| 110|0x000000008d000000, 0x000000008d000000, 0x000000008d100000|  0%| F|  |TAMS 0x000000008d000000, 0x000000008d000000| Untracked 
| 111|0x000000008d100000, 0x000000008d100000, 0x000000008d200000|  0%| F|  |TAMS 0x000000008d100000, 0x000000008d100000| Untracked 
| 112|0x000000008d200000, 0x000000008d300000, 0x000000008d300000|100%| E|  |TAMS 0x000000008d200000, 0x000000008d200000| Complete 
| 113|0x000000008d300000, 0x000000008d400000, 0x000000008d400000|100%| E|CS|TAMS 0x000000008d300000, 0x000000008d300000| Complete 
| 114|0x000000008d400000, 0x000000008d500000, 0x000000008d500000|100%| E|CS|TAMS 0x000000008d400000, 0x000000008d400000| Complete 
| 115|0x000000008d500000, 0x000000008d600000, 0x000000008d600000|100%| E|  |TAMS 0x000000008d500000, 0x000000008d500000| Complete 
| 116|0x000000008d600000, 0x000000008d700000, 0x000000008d700000|100%| E|CS|TAMS 0x000000008d600000, 0x000000008d600000| Complete 
| 117|0x000000008d700000, 0x000000008d800000, 0x000000008d800000|100%| E|CS|TAMS 0x000000008d700000, 0x000000008d700000| Complete 
| 118|0x000000008d800000, 0x000000008d900000, 0x000000008d900000|100%| E|CS|TAMS 0x000000008d800000, 0x000000008d800000| Complete 
| 119|0x000000008d900000, 0x000000008da00000, 0x000000008da00000|100%| E|CS|TAMS 0x000000008d900000, 0x000000008d900000| Complete 
| 120|0x000000008da00000, 0x000000008db00000, 0x000000008db00000|100%| E|CS|TAMS 0x000000008da00000, 0x000000008da00000| Complete 
| 121|0x000000008db00000, 0x000000008dc00000, 0x000000008dc00000|100%| E|CS|TAMS 0x000000008db00000, 0x000000008db00000| Complete 

Card table byte_map: [0x00007f9b68f86000,0x00007f9b69355000] _byte_map_base: 0x00007f9b68b55000

Marking Bits (Prev, Next): (CMBitMap*) 0x00007f9b64080500, (CMBitMap*) 0x00007f9b64080540
 Prev Bits: [0x00007f9b4fb88000, 0x00007f9b51a00000)
 Next Bits: [0x00007f9b4dd10000, 0x00007f9b4fb88000)

Polling page: 0x00007f9b6b66f000

Metaspace:

Usage:
  Non-class:      9.10 MB used.
      Class:    871.49 KB used.
       Both:      9.96 MB used.

Virtual space:
  Non-class space:       64.00 MB reserved,       9.19 MB ( 14%) committed,  1 nodes.
      Class space:        1.00 GB reserved,     960.00 KB ( <1%) committed,  1 nodes.
             Both:        1.06 GB reserved,      10.12 MB ( <1%) committed. 

Chunk freelists:
   Non-Class:  6.86 MB
       Class:  15.11 MB
        Both:  21.97 MB

MaxMetaspaceSize: unlimited
CompressedClassSpaceSize: 1.00 GB
Initial GC threshold: 21.00 MB
Current GC threshold: 21.00 MB
CDS: off
MetaspaceReclaimPolicy: balanced
 - commit_granule_bytes: 65536.
 - commit_granule_words: 8192.
 - virtual_space_node_default_size: 8388608.
 - enlarge_chunks_in_place: 1.
 - new_chunks_are_fully_committed: 0.
 - uncommit_free_chunks: 1.
 - use_allocation_guard: 0.
 - handle_deallocations: 1.


Internal statistics:

num_allocs_failed_limit: 0.
num_arena_births: 6.
num_arena_deaths: 0.
num_vsnodes_births: 2.
num_vsnodes_deaths: 0.
num_space_committed: 162.
num_space_uncommitted: 0.
num_chunks_returned_to_freelist: 0.
num_chunks_taken_from_freelist: 102.
num_chunk_merges: 0.
num_chunk_splits: 80.
num_chunks_enlarged: 74.
num_inconsistent_stats: 0.

CodeHeap 'non-profiled nmethods': size=120032Kb used=125Kb max_used=125Kb free=119906Kb
 bounds [0x00007f9b594c8000, 0x00007f9b59738000, 0x00007f9b60a00000]
CodeHeap 'profiled nmethods': size=120028Kb used=624Kb max_used=624Kb free=119404Kb
 bounds [0x00007f9b51a00000, 0x00007f9b51c70000, 0x00007f9b58f37000]
CodeHeap 'non-nmethods': size=5700Kb used=1123Kb max_used=1139Kb free=4576Kb
 bounds [0x00007f9b58f37000, 0x00007f9b591a7000, 0x00007f9b594c8000]
 total_blobs=824 nmethods=414 adapters=324
 compilation: enabled
              stopped_count=0, restarted_count=0
 full_count=0

Compilation events (20 events):
Event: 0.653 Thread 0x00007f9b641bb200 nmethod 402 0x00007f9b51a95c90 code [0x00007f9b51a95e40, 0x00007f9b51a95f80]
Event: 0.653 Thread 0x00007f9b641bb200  403       3       java.net.URLStreamHandler::setURL (73 bytes)
Event: 0.654 Thread 0x00007f9b641b9d20  404       4       java.lang.StringBuilder::append (8 bytes)
Event: 0.654 Thread 0x00007f9b641bb200 nmethod 403 0x00007f9b51a96010 code [0x00007f9b51a96300, 0x00007f9b51a970f0]
Event: 0.654 Thread 0x00007f9b641bb200  405       3       java.util.ArrayList::add (25 bytes)
Event: 0.654 Thread 0x00007f9b641bb200 nmethod 405 0x00007f9b51a97610 code [0x00007f9b51a977e0, 0x00007f9b51a97c00]
Event: 0.654 Thread 0x00007f9b641bb200  407       3       jdk.internal.loader.URLClassPath::getResource (74 bytes)
Event: 0.654 Thread 0x00007f9b641bb200 nmethod 407 0x00007f9b51a97d90 code [0x00007f9b51a97f60, 0x00007f9b51a982b0]
Event: 0.654 Thread 0x00007f9b641bb200  406       3       java.util.ArrayList::add (23 bytes)
Event: 0.654 Thread 0x00007f9b641bb200 nmethod 406 0x00007f9b51a98410 code [0x00007f9b51a985e0, 0x00007f9b51a98980]
Event: 0.654 Thread 0x00007f9b641bb200  408       3       java.util.jar.JarFile::getVersionedEntry (133 bytes)
Event: 0.655 Thread 0x00007f9b641bb200 nmethod 408 0x00007f9b51a98b10 code [0x00007f9b51a98de0, 0x00007f9b51a99b90]
Event: 0.655 Thread 0x00007f9b641bb200  409       3       java.security.SecureClassLoader$CodeSourceKey::equals (60 bytes)
Event: 0.655 Thread 0x00007f9b641bb200 nmethod 409 0x00007f9b51a9a110 code [0x00007f9b51a9a300, 0x00007f9b51a9a950]
Event: 0.655 Thread 0x00007f9b641bb200  410       3       java.security.CodeSource::matchCerts (254 bytes)
Event: 0.656 Thread 0x00007f9b641bb200 nmethod 410 0x00007f9b51a9ab10 code [0x00007f9b51a9ad80, 0x00007f9b51a9b8f0]
Event: 0.656 Thread 0x00007f9b641bb200  412       3       java.lang.Module::isNamed (13 bytes)
Event: 0.656 Thread 0x00007f9b641bb200 nmethod 412 0x00007f9b51a9bc90 code [0x00007f9b51a9be20, 0x00007f9b51a9bf90]
Event: 0.656 Thread 0x00007f9b641bb200  414       1       java.util.LinkedHashMap::removeEldestEntry (2 bytes)
Event: 0.656 Thread 0x00007f9b641bb200 nmethod 414 0x00007f9b594e5f90 code [0x00007f9b594e6120, 0x00007f9b594e61f0]

GC Heap History (0 events):
No events

Dll operation events (6 events):
Event: 0.001 Loaded shared library /home/andriodpc/Downloads/android-studio-2023.1.1.26-linux/android-studio/jbr/lib/libjava.so
Event: 0.163 Loaded shared library /home/andriodpc/Downloads/android-studio-2023.1.1.26-linux/android-studio/jbr/lib/libnio.so
Event: 0.180 Loaded shared library /home/andriodpc/Downloads/android-studio-2023.1.1.26-linux/android-studio/jbr/lib/libzip.so
Event: 0.222 Loaded shared library /home/andriodpc/Downloads/android-studio-2023.1.1.26-linux/android-studio/jbr/lib/libverify.so
Event: 0.327 Loaded shared library /home/andriodpc/Downloads/android-studio-2023.1.1.26-linux/android-studio/jbr/lib/libjimage.so
Event: 0.577 Loaded shared library /tmp/libjansi-1.6.21-release-334(1.6.21)-3506821224950858032.so

Deoptimization events (20 events):
Event: 0.175 Thread 0x00007f9b64025f70 DEOPT PACKING pc=0x00007f9b51a1450c sp=0x00007f9b69ffd260
Event: 0.175 Thread 0x00007f9b64025f70 DEOPT UNPACKING pc=0x00007f9b58f8de2f sp=0x00007f9b69ffc710 mode 0
Event: 0.175 Thread 0x00007f9b64025f70 DEOPT PACKING pc=0x00007f9b51a1450c sp=0x00007f9b69ffd260
Event: 0.175 Thread 0x00007f9b64025f70 DEOPT UNPACKING pc=0x00007f9b58f8de2f sp=0x00007f9b69ffc710 mode 0
Event: 0.175 Thread 0x00007f9b64025f70 DEOPT PACKING pc=0x00007f9b51a1450c sp=0x00007f9b69ffd260
Event: 0.175 Thread 0x00007f9b64025f70 DEOPT UNPACKING pc=0x00007f9b58f8de2f sp=0x00007f9b69ffc710 mode 0
Event: 0.175 Thread 0x00007f9b64025f70 DEOPT PACKING pc=0x00007f9b51a1450c sp=0x00007f9b69ffd260
Event: 0.175 Thread 0x00007f9b64025f70 DEOPT UNPACKING pc=0x00007f9b58f8de2f sp=0x00007f9b69ffc710 mode 0
Event: 0.175 Thread 0x00007f9b64025f70 DEOPT PACKING pc=0x00007f9b51a1450c sp=0x00007f9b69ffd260
Event: 0.175 Thread 0x00007f9b64025f70 DEOPT UNPACKING pc=0x00007f9b58f8de2f sp=0x00007f9b69ffc710 mode 0
Event: 0.176 Thread 0x00007f9b64025f70 DEOPT PACKING pc=0x00007f9b51a1450c sp=0x00007f9b69ffd260
Event: 0.176 Thread 0x00007f9b64025f70 DEOPT UNPACKING pc=0x00007f9b58f8de2f sp=0x00007f9b69ffc710 mode 0
Event: 0.338 Thread 0x00007f9b64025f70 Uncommon trap: trap_request=0xffffff45 fr.pc=0x00007f9b594cd720 relative=0x00000000000006c0
Event: 0.338 Thread 0x00007f9b64025f70 Uncommon trap: reason=unstable_if action=reinterpret pc=0x00007f9b594cd720 method=java.util.zip.ZipFile$Source.checkAndAddEntry(II)I @ 50 c2
Event: 0.338 Thread 0x00007f9b64025f70 DEOPT PACKING pc=0x00007f9b594cd720 sp=0x00007f9b69ffc580
Event: 0.338 Thread 0x00007f9b64025f70 DEOPT UNPACKING pc=0x00007f9b58f8d699 sp=0x00007f9b69ffc518 mode 2
Event: 0.611 Thread 0x00007f9b64025f70 DEOPT PACKING pc=0x00007f9b51a1eada sp=0x00007f9b69ffd350
Event: 0.611 Thread 0x00007f9b64025f70 DEOPT UNPACKING pc=0x00007f9b58f8de2f sp=0x00007f9b69ffc790 mode 0
Event: 0.626 Thread 0x00007f9b64025f70 DEOPT PACKING pc=0x00007f9b51a12c4e sp=0x00007f9b69ff8210
Event: 0.626 Thread 0x00007f9b64025f70 DEOPT UNPACKING pc=0x00007f9b58f8de2f sp=0x00007f9b69ff76a8 mode 0

Classes unloaded (0 events):
No events

Classes redefined (0 events):
No events

Internal exceptions (2 events):
Event: 0.577 Thread 0x00007f9b64025f70 Exception <a 'java/lang/UnsatisfiedLinkError'{0x000000008d7b5cc8}: 'void org.jetbrains.kotlin.org.fusesource.jansi.internal.CLibrary.init()'> (0x000000008d7b5cc8) 
thrown [src/hotspot/share/prims/nativeLookup.cpp, line 543]
Event: 0.578 Thread 0x00007f9b64025f70 Exception <a 'java/lang/UnsatisfiedLinkError'{0x000000008d7b5cc8}> (0x000000008d7b5cc8) 
thrown [src/hotspot/share/oops/instanceKlass.cpp, line 1233]

VM Operations (2 events):
Event: 0.181 Executing VM operation: HandshakeAllThreads
Event: 0.181 Executing VM operation: HandshakeAllThreads done

Events (20 events):
Event: 0.631 loading class java/nio/charset/CharsetDecoder done
Event: 0.631 loading class sun/nio/cs/UTF_8$Decoder done
Event: 0.634 loading class java/util/concurrent/atomic/AtomicReference
Event: 0.634 loading class java/util/concurrent/atomic/AtomicReference done
Event: 0.634 loading class java/lang/invoke/VarHandleReferences$FieldInstanceReadWrite
Event: 0.634 loading class java/lang/invoke/VarHandleReferences$FieldInstanceReadOnly
Event: 0.634 loading class java/lang/invoke/VarHandleReferences$FieldInstanceReadOnly done
Event: 0.634 loading class java/lang/invoke/VarHandleReferences$FieldInstanceReadWrite done
Event: 0.635 loading class java/nio/CharBuffer
Event: 0.636 loading class java/nio/CharBuffer done
Event: 0.636 loading class java/nio/HeapCharBuffer
Event: 0.636 loading class java/nio/HeapCharBuffer done
Event: 0.636 loading class java/nio/charset/CoderResult
Event: 0.636 loading class java/nio/charset/CoderResult done
Event: 0.636 loading class java/lang/Character$CharacterCache
Event: 0.636 loading class java/lang/Character$CharacterCache done
Event: 0.651 loading class java/util/regex/Pattern$Begin
Event: 0.651 loading class java/util/regex/Pattern$Begin done
Event: 0.651 loading class java/util/regex/Pattern$First
Event: 0.651 loading class java/util/regex/Pattern$First done


Dynamic libraries:
00200000-00201000 r--p 00000000 08:02 28324202                           /home/andriodpc/Downloads/android-studio-2023.1.1.26-linux/android-studio/jbr/bin/java
00201000-00202000 r-xp 00000000 08:02 28324202                           /home/andriodpc/Downloads/android-studio-2023.1.1.26-linux/android-studio/jbr/bin/java
00202000-00203000 r--p 00000000 08:02 28324202                           /home/andriodpc/Downloads/android-studio-2023.1.1.26-linux/android-studio/jbr/bin/java
00203000-00204000 rw-p 00000000 08:02 28324202                           /home/andriodpc/Downloads/android-studio-2023.1.1.26-linux/android-studio/jbr/bin/java
011ad000-011f5000 rw-p 00000000 00:00 0                                  [heap]
86200000-8dc00000 rw-p 00000000 00:00 0 
8dc00000-100000000 ---p 00000000 00:00 0 
100000000-100030000 rw-p 00000000 00:00 0 
100030000-1000b0000 rw-p 00000000 00:00 0 
1000b0000-1000f0000 rw-p 00000000 00:00 0 
1000f0000-140000000 ---p 00000000 00:00 0 
7f9afc000000-7f9afc021000 rw-p 00000000 00:00 0 
7f9afc021000-7f9b00000000 ---p 00000000 00:00 0 
7f9b04000000-7f9b04021000 rw-p 00000000 00:00 0 
7f9b04021000-7f9b08000000 ---p 00000000 00:00 0 
7f9b08000000-7f9b08021000 rw-p 00000000 00:00 0 
7f9b08021000-7f9b0c000000 ---p 00000000 00:00 0 
7f9b0c000000-7f9b0c0f0000 rw-p 00000000 00:00 0 
7f9b0c0f0000-7f9b10000000 ---p 00000000 00:00 0 
7f9b10000000-7f9b10021000 rw-p 00000000 00:00 0 
7f9b10021000-7f9b14000000 ---p 00000000 00:00 0 
7f9b14000000-7f9b14021000 rw-p 00000000 00:00 0 
7f9b14021000-7f9b18000000 ---p 00000000 00:00 0 
7f9b18000000-7f9b18181000 rw-p 00000000 00:00 0 
7f9b18181000-7f9b1c000000 ---p 00000000 00:00 0 
7f9b1c000000-7f9b1c021000 rw-p 00000000 00:00 0 
7f9b1c021000-7f9b20000000 ---p 00000000 00:00 0 
7f9b20000000-7f9b20021000 rw-p 00000000 00:00 0 
7f9b20021000-7f9b24000000 ---p 00000000 00:00 0 
7f9b24000000-7f9b24021000 rw-p 00000000 00:00 0 
7f9b24021000-7f9b28000000 ---p 00000000 00:00 0 
7f9b28000000-7f9b28021000 rw-p 00000000 00:00 0 
7f9b28021000-7f9b2c000000 ---p 00000000 00:00 0 
7f9b2c000000-7f9b2c021000 rw-p 00000000 00:00 0 
7f9b2c021000-7f9b30000000 ---p 00000000 00:00 0 
7f9b30000000-7f9b30021000 rw-p 00000000 00:00 0 
7f9b30021000-7f9b34000000 ---p 00000000 00:00 0 
7f9b34000000-7f9b344f0000 rw-p 00000000 00:00 0 
7f9b344f0000-7f9b34570000 rw-p 00000000 00:00 0 
7f9b34570000-7f9b345f0000 rw-p 00000000 00:00 0 
7f9b345f0000-7f9b34670000 rw-p 00000000 00:00 0 
7f9b34670000-7f9b346f0000 rw-p 00000000 00:00 0 
7f9b346f0000-7f9b34930000 rw-p 00000000 00:00 0 
7f9b34930000-7f9b38000000 ---p 00000000 00:00 0 
7f9b38000000-7f9b38021000 rw-p 00000000 00:00 0 
7f9b38021000-7f9b3c000000 ---p 00000000 00:00 0 
7f9b3e000000-7f9b40000000 rw-p 00000000 00:00 0 
7f9b40000000-7f9b40021000 rw-p 00000000 00:00 0 
7f9b40021000-7f9b44000000 ---p 00000000 00:00 0 
7f9b44000000-7f9b44021000 rw-p 00000000 00:00 0 
7f9b44021000-7f9b48000000 ---p 00000000 00:00 0 
7f9b48000000-7f9b48021000 rw-p 00000000 00:00 0 
7f9b48021000-7f9b4c000000 ---p 00000000 00:00 0 
7f9b4c35e000-7f9b4c600000 rw-p 00000000 00:00 0 
7f9b4c600000-7f9b4c603000 r-xp 00000000 08:02 15466526                   /tmp/libjansi-1.6.21-release-334(1.6.21)-3506821224950858032.so
7f9b4c603000-7f9b4c802000 ---p 00003000 08:02 15466526                   /tmp/libjansi-1.6.21-release-334(1.6.21)-3506821224950858032.so
7f9b4c802000-7f9b4c803000 rw-p 00002000 08:02 15466526                   /tmp/libjansi-1.6.21-release-334(1.6.21)-3506821224950858032.so
7f9b4c8a6000-7f9b4c9fe000 rw-p 00000000 00:00 0 
7f9b4c9fe000-7f9b4ca02000 ---p 00000000 00:00 0 
7f9b4ca02000-7f9b4cafe000 rw-p 00000000 00:00 0 
7f9b4cafe000-7f9b4caff000 ---p 00000000 00:00 0 
7f9b4caff000-7f9b4cc00000 rw-p 00000000 00:00 0 
7f9b4cc00000-7f9b4cc04000 ---p 00000000 00:00 0 
7f9b4cc04000-7f9b4cd00000 rw-p 00000000 00:00 0 
7f9b4cd00000-7f9b4cd04000 ---p 00000000 00:00 0 
7f9b4cd04000-7f9b4ce00000 rw-p 00000000 00:00 0 
7f9b4ce00000-7f9b4ce04000 ---p 00000000 00:00 0 
7f9b4ce04000-7f9b4cf00000 rw-p 00000000 00:00 0 
7f9b4cf00000-7f9b4cf04000 ---p 00000000 00:00 0 
7f9b4cf04000-7f9b4d000000 rw-p 00000000 00:00 0 
7f9b4d000000-7f9b4d004000 ---p 00000000 00:00 0 
7f9b4d004000-7f9b4d100000 rw-p 00000000 00:00 0 
7f9b4d100000-7f9b4d104000 ---p 00000000 00:00 0 
7f9b4d104000-7f9b4d200000 rw-p 00000000 00:00 0 
7f9b4d200000-7f9b4d773000 r--p 00000000 08:02 1315242                    /usr/lib/locale/locale-archive
7f9b4d7f4000-7f9b4d7f8000 ---p 00000000 00:00 0 
7f9b4d7f8000-7f9b4d8f4000 rw-p 00000000 00:00 0 
7f9b4d8f4000-7f9b4d8f8000 ---p 00000000 00:00 0 
7f9b4d8f8000-7f9b4d9f4000 rw-p 00000000 00:00 0 
7f9b4d9f4000-7f9b4d9f8000 ---p 00000000 00:00 0 
7f9b4d9f8000-7f9b4daf4000 rw-p 00000000 00:00 0 
7f9b4daf4000-7f9b4daf5000 ---p 00000000 00:00 0 
7f9b4daf5000-7f9b4dbf6000 rw-p 00000000 00:00 0 
7f9b4dd10000-7f9b4def8000 rw-p 00000000 00:00 0 
7f9b4def8000-7f9b4fb88000 ---p 00000000 00:00 0 
7f9b4fb88000-7f9b4fd70000 rw-p 00000000 00:00 0 
7f9b4fd70000-7f9b51a00000 ---p 00000000 00:00 0 
7f9b51a00000-7f9b51c70000 rwxp 00000000 00:00 0 
7f9b51c70000-7f9b58f37000 ---p 00000000 00:00 0 
7f9b58f37000-7f9b591a7000 rwxp 00000000 00:00 0 
7f9b591a7000-7f9b594c8000 ---p 00000000 00:00 0 
7f9b594c8000-7f9b59738000 rwxp 00000000 00:00 0 
7f9b59738000-7f9b60a00000 ---p 00000000 00:00 0 
7f9b60a00000-7f9b63ed5000 r--s 00000000 08:02 28323901                   /home/andriodpc/Downloads/android-studio-2023.1.1.26-linux/android-studio/jbr/lib/modules
7f9b63eec000-7f9b63ef3000 r--s 00000000 08:02 1596471                    /usr/lib/x86_64-linux-gnu/gconv/gconv-modules.cache
7f9b63ef3000-7f9b64000000 rw-p 00000000 00:00 0 
7f9b64000000-7f9b6452d000 rw-p 00000000 00:00 0 
7f9b6452d000-7f9b68000000 ---p 00000000 00:00 0 
7f9b68001000-7f9b68007000 r--p 00000000 08:02 28323834                   /home/andriodpc/Downloads/android-studio-2023.1.1.26-linux/android-studio/jbr/lib/libverify.so
7f9b68007000-7f9b6800f000 r-xp 00005000 08:02 28323834                   /home/andriodpc/Downloads/android-studio-2023.1.1.26-linux/android-studio/jbr/lib/libverify.so
7f9b6800f000-7f9b68011000 r--p 0000c000 08:02 28323834                   /home/andriodpc/Downloads/android-studio-2023.1.1.26-linux/android-studio/jbr/lib/libverify.so
7f9b68011000-7f9b68012000 rw-p 0000d000 08:02 28323834                   /home/andriodpc/Downloads/android-studio-2023.1.1.26-linux/android-studio/jbr/lib/libverify.so
7f9b68012000-7f9b68019000 r--p 00000000 08:02 28323823                   /home/andriodpc/Downloads/android-studio-2023.1.1.26-linux/android-studio/jbr/lib/libnet.so
7f9b68019000-7f9b68026000 r-xp 00006000 08:02 28323823                   /home/andriodpc/Downloads/android-studio-2023.1.1.26-linux/android-studio/jbr/lib/libnet.so
7f9b68026000-7f9b68027000 r--p 00012000 08:02 28323823                   /home/andriodpc/Downloads/android-studio-2023.1.1.26-linux/android-studio/jbr/lib/libnet.so
7f9b68027000-7f9b68029000 rw-p 00012000 08:02 28323823                   /home/andriodpc/Downloads/android-studio-2023.1.1.26-linux/android-studio/jbr/lib/libnet.so
7f9b68029000-7f9b6802a000 ---p 00000000 00:00 0 
7f9b6802a000-7f9b6812b000 rw-p 00000000 00:00 0 
7f9b6812b000-7f9b6812c000 ---p 00000000 00:00 0 
7f9b6812c000-7f9b68833000 rw-p 00000000 00:00 0 
7f9b68833000-7f9b68834000 ---p 00000000 00:00 0 
7f9b68834000-7f9b68935000 rw-p 00000000 00:00 0 
7f9b68935000-7f9b68936000 ---p 00000000 00:00 0 
7f9b68936000-7f9b68a37000 rw-p 00000000 00:00 0 
7f9b68a37000-7f9b68a38000 ---p 00000000 00:00 0 
7f9b68a38000-7f9b68bf4000 rw-p 00000000 00:00 0 
7f9b68bf4000-7f9b68f86000 ---p 00000000 00:00 0 
7f9b68f86000-7f9b68fc3000 rw-p 00000000 00:00 0 
7f9b68fc3000-7f9b69355000 ---p 00000000 00:00 0 
7f9b69355000-7f9b69392000 rw-p 00000000 00:00 0 
7f9b69392000-7f9b69724000 ---p 00000000 00:00 0 
7f9b69724000-7f9b69d2f000 rw-p 00000000 00:00 0 
7f9b69d2f000-7f9b69e15000 ---p 00000000 00:00 0 
7f9b69e15000-7f9b69e1a000 rw-p 00000000 00:00 0 
7f9b69e1a000-7f9b69f00000 ---p 00000000 00:00 0 
7f9b69f00000-7f9b69f04000 ---p 00000000 00:00 0 
7f9b69f04000-7f9b6a000000 rw-p 00000000 00:00 0 
7f9b6a000000-7f9b6a537000 r--p 00000000 08:02 28323816                   /home/andriodpc/Downloads/android-studio-2023.1.1.26-linux/android-studio/jbr/lib/server/libjvm.so
7f9b6a537000-7f9b6b10a000 r-xp 00536000 08:02 28323816                   /home/andriodpc/Downloads/android-studio-2023.1.1.26-linux/android-studio/jbr/lib/server/libjvm.so
7f9b6b10a000-7f9b6b1cc000 r--p 01108000 08:02 28323816                   /home/andriodpc/Downloads/android-studio-2023.1.1.26-linux/android-studio/jbr/lib/server/libjvm.so
7f9b6b1cc000-7f9b6b1f5000 rw-p 011c9000 08:02 28323816                   /home/andriodpc/Downloads/android-studio-2023.1.1.26-linux/android-studio/jbr/lib/server/libjvm.so
7f9b6b1f5000-7f9b6b26a000 rw-p 00000000 00:00 0 
7f9b6b26f000-7f9b6b27a000 r--p 00000000 08:02 28323892                   /home/andriodpc/Downloads/android-studio-2023.1.1.26-linux/android-studio/jbr/lib/libnio.so
7f9b6b27a000-7f9b6b282000 r-xp 0000a000 08:02 28323892                   /home/andriodpc/Downloads/android-studio-2023.1.1.26-linux/android-studio/jbr/lib/libnio.so
7f9b6b282000-7f9b6b283000 r--p 00011000 08:02 28323892                   /home/andriodpc/Downloads/android-studio-2023.1.1.26-linux/android-studio/jbr/lib/libnio.so
7f9b6b283000-7f9b6b284000 rw-p 00011000 08:02 28323892                   /home/andriodpc/Downloads/android-studio-2023.1.1.26-linux/android-studio/jbr/lib/libnio.so
7f9b6b284000-7f9b6b28d000 r--p 00000000 08:02 28323894                   /home/andriodpc/Downloads/android-studio-2023.1.1.26-linux/android-studio/jbr/lib/libzip.so
7f9b6b28d000-7f9b6b2a2000 r-xp 00008000 08:02 28323894                   /home/andriodpc/Downloads/android-studio-2023.1.1.26-linux/android-studio/jbr/lib/libzip.so
7f9b6b2a2000-7f9b6b2a4000 r--p 0001c000 08:02 28323894                   /home/andriodpc/Downloads/android-studio-2023.1.1.26-linux/android-studio/jbr/lib/libzip.so
7f9b6b2a4000-7f9b6b2a5000 rw-p 0001d000 08:02 28323894                   /home/andriodpc/Downloads/android-studio-2023.1.1.26-linux/android-studio/jbr/lib/libzip.so
7f9b6b2a5000-7f9b6b2eb000 rw-p 00000000 00:00 0 
7f9b6b2eb000-7f9b6b2f2000 ---p 00000000 00:00 0 
7f9b6b2f2000-7f9b6b304000 r--p 00000000 08:02 28323842                   /home/andriodpc/Downloads/android-studio-2023.1.1.26-linux/android-studio/jbr/lib/libjava.so
7f9b6b304000-7f9b6b316000 r-xp 00011000 08:02 28323842                   /home/andriodpc/Downloads/android-studio-2023.1.1.26-linux/android-studio/jbr/lib/libjava.so
7f9b6b316000-7f9b6b317000 r--p 00022000 08:02 28323842                   /home/andriodpc/Downloads/android-studio-2023.1.1.26-linux/android-studio/jbr/lib/libjava.so
7f9b6b317000-7f9b6b319000 rw-p 00022000 08:02 28323842                   /home/andriodpc/Downloads/android-studio-2023.1.1.26-linux/android-studio/jbr/lib/libjava.so
7f9b6b319000-7f9b6b327000 r--p 00000000 08:02 1312882                    /usr/lib/x86_64-linux-gnu/libm.so.6
7f9b6b327000-7f9b6b3a3000 r-xp 0000e000 08:02 1312882                    /usr/lib/x86_64-linux-gnu/libm.so.6
7f9b6b3a3000-7f9b6b3fe000 r--p 0008a000 08:02 1312882                    /usr/lib/x86_64-linux-gnu/libm.so.6
7f9b6b3fe000-7f9b6b3ff000 r--p 000e4000 08:02 1312882                    /usr/lib/x86_64-linux-gnu/libm.so.6
7f9b6b3ff000-7f9b6b400000 rw-p 000e5000 08:02 1312882                    /usr/lib/x86_64-linux-gnu/libm.so.6
7f9b6b400000-7f9b6b428000 r--p 00000000 08:02 1312866                    /usr/lib/x86_64-linux-gnu/libc.so.6
7f9b6b428000-7f9b6b5bd000 r-xp 00028000 08:02 1312866                    /usr/lib/x86_64-linux-gnu/libc.so.6
7f9b6b5bd000-7f9b6b615000 r--p 001bd000 08:02 1312866                    /usr/lib/x86_64-linux-gnu/libc.so.6
7f9b6b615000-7f9b6b616000 ---p 00215000 08:02 1312866                    /usr/lib/x86_64-linux-gnu/libc.so.6
7f9b6b616000-7f9b6b61a000 r--p 00215000 08:02 1312866                    /usr/lib/x86_64-linux-gnu/libc.so.6
7f9b6b61a000-7f9b6b61c000 rw-p 00219000 08:02 1312866                    /usr/lib/x86_64-linux-gnu/libc.so.6
7f9b6b61c000-7f9b6b629000 rw-p 00000000 00:00 0 
7f9b6b62e000-7f9b6b639000 r--p 00000000 08:02 28323835                   /home/andriodpc/Downloads/android-studio-2023.1.1.26-linux/android-studio/jbr/lib/libjimage.so
7f9b6b639000-7f9b6b64e000 r-xp 0000a000 08:02 28323835                   /home/andriodpc/Downloads/android-studio-2023.1.1.26-linux/android-studio/jbr/lib/libjimage.so
7f9b6b64e000-7f9b6b650000 r--p 0001e000 08:02 28323835                   /home/andriodpc/Downloads/android-studio-2023.1.1.26-linux/android-studio/jbr/lib/libjimage.so
7f9b6b650000-7f9b6b651000 rw-p 0001f000 08:02 28323835                   /home/andriodpc/Downloads/android-studio-2023.1.1.26-linux/android-studio/jbr/lib/libjimage.so
7f9b6b651000-7f9b6b652000 r--p 00000000 08:02 1312956                    /usr/lib/x86_64-linux-gnu/librt.so.1
7f9b6b652000-7f9b6b653000 r-xp 00001000 08:02 1312956                    /usr/lib/x86_64-linux-gnu/librt.so.1
7f9b6b653000-7f9b6b654000 r--p 00002000 08:02 1312956                    /usr/lib/x86_64-linux-gnu/librt.so.1
7f9b6b654000-7f9b6b655000 r--p 00002000 08:02 1312956                    /usr/lib/x86_64-linux-gnu/librt.so.1
7f9b6b655000-7f9b6b656000 rw-p 00003000 08:02 1312956                    /usr/lib/x86_64-linux-gnu/librt.so.1
7f9b6b656000-7f9b6b658000 rw-p 00000000 00:00 0 
7f9b6b658000-7f9b6b659000 r--p 00000000 08:02 1312875                    /usr/lib/x86_64-linux-gnu/libdl.so.2
7f9b6b659000-7f9b6b65a000 r-xp 00001000 08:02 1312875                    /usr/lib/x86_64-linux-gnu/libdl.so.2
7f9b6b65a000-7f9b6b65b000 r--p 00002000 08:02 1312875                    /usr/lib/x86_64-linux-gnu/libdl.so.2
7f9b6b65b000-7f9b6b65c000 r--p 00002000 08:02 1312875                    /usr/lib/x86_64-linux-gnu/libdl.so.2
7f9b6b65c000-7f9b6b65d000 rw-p 00003000 08:02 1312875                    /usr/lib/x86_64-linux-gnu/libdl.so.2
7f9b6b65d000-7f9b6b65e000 r--p 00000000 08:02 1312924                    /usr/lib/x86_64-linux-gnu/libpthread.so.0
7f9b6b65e000-7f9b6b65f000 r-xp 00001000 08:02 1312924                    /usr/lib/x86_64-linux-gnu/libpthread.so.0
7f9b6b65f000-7f9b6b660000 r--p 00002000 08:02 1312924                    /usr/lib/x86_64-linux-gnu/libpthread.so.0
7f9b6b660000-7f9b6b661000 r--p 00002000 08:02 1312924                    /usr/lib/x86_64-linux-gnu/libpthread.so.0
7f9b6b661000-7f9b6b662000 rw-p 00003000 08:02 1312924                    /usr/lib/x86_64-linux-gnu/libpthread.so.0
7f9b6b662000-7f9b6b663000 r--p 00000000 08:02 1312960                    /usr/lib/x86_64-linux-gnu/libutil.so.1
7f9b6b663000-7f9b6b664000 r-xp 00001000 08:02 1312960                    /usr/lib/x86_64-linux-gnu/libutil.so.1
7f9b6b664000-7f9b6b665000 r--p 00002000 08:02 1312960                    /usr/lib/x86_64-linux-gnu/libutil.so.1
7f9b6b665000-7f9b6b666000 r--p 00002000 08:02 1312960                    /usr/lib/x86_64-linux-gnu/libutil.so.1
7f9b6b666000-7f9b6b667000 rw-p 00003000 08:02 1312960                    /usr/lib/x86_64-linux-gnu/libutil.so.1
7f9b6b667000-7f9b6b66f000 rw-s 00000000 08:02 15597623                   /tmp/hsperfdata_andriodpc/3426
7f9b6b66f000-7f9b6b670000 ---p 00000000 00:00 0 
7f9b6b670000-7f9b6b671000 r--p 00000000 00:00 0 
7f9b6b671000-7f9b6b67a000 r--p 00000000 08:02 28323847                   /home/andriodpc/Downloads/android-studio-2023.1.1.26-linux/android-studio/jbr/lib/libjli.so
7f9b6b67a000-7f9b6b689000 r-xp 00008000 08:02 28323847                   /home/andriodpc/Downloads/android-studio-2023.1.1.26-linux/android-studio/jbr/lib/libjli.so
7f9b6b689000-7f9b6b68a000 r--p 00016000 08:02 28323847                   /home/andriodpc/Downloads/android-studio-2023.1.1.26-linux/android-studio/jbr/lib/libjli.so
7f9b6b68a000-7f9b6b68b000 rw-p 00016000 08:02 28323847                   /home/andriodpc/Downloads/android-studio-2023.1.1.26-linux/android-studio/jbr/lib/libjli.so
7f9b6b68b000-7f9b6b68d000 rw-p 00000000 00:00 0 
7f9b6b68d000-7f9b6b68f000 r--p 00000000 08:02 1311923                    /usr/lib/x86_64-linux-gnu/ld-linux-x86-64.so.2
7f9b6b68f000-7f9b6b6b9000 r-xp 00002000 08:02 1311923                    /usr/lib/x86_64-linux-gnu/ld-linux-x86-64.so.2
7f9b6b6b9000-7f9b6b6c4000 r--p 0002c000 08:02 1311923                    /usr/lib/x86_64-linux-gnu/ld-linux-x86-64.so.2
7f9b6b6c4000-7f9b6b6c5000 ---p 00000000 00:00 0 
7f9b6b6c5000-7f9b6b6c7000 r--p 00037000 08:02 1311923                    /usr/lib/x86_64-linux-gnu/ld-linux-x86-64.so.2
7f9b6b6c7000-7f9b6b6c9000 rw-p 00039000 08:02 1311923                    /usr/lib/x86_64-linux-gnu/ld-linux-x86-64.so.2
7ffcc7db1000-7ffcc7dd3000 rw-p 00000000 00:00 0                          [stack]
7ffcc7ddc000-7ffcc7de0000 r--p 00000000 00:00 0                          [vvar]
7ffcc7de0000-7ffcc7de2000 r-xp 00000000 00:00 0                          [vdso]
ffffffffff600000-ffffffffff601000 --xp 00000000 00:00 0                  [vsyscall]


VM Arguments:
java_command: org.jetbrains.kotlin.cli.jvm.K2JVMCompiler @/home/andriodpc/Documents/EonTechnician(todays work) (2)/EonTechnician(todays work)/EonTechnician/app/build/20240113_9155470368891996201.compiler.options
java_class_path (initial): /home/andriodpc/.gradle/caches/modules-2/files-2.1/org.jetbrains.kotlin/kotlin-compiler-embeddable/1.6.21/97bdd5a752ce73b58ef16c17bc7f0ea2faff7a2e/kotlin-compiler-embeddable-1.6.21.jar:/home/andriodpc/.gradle/caches/modules-2/files-2.1/org.jetbrains.kotlin/kotlin-reflect/1.6.21/5dc3574d9b7bebfcb4ec6b10ada4aaa9e140bd0b/kotlin-reflect-1.6.21.jar:/home/andriodpc/.gradle/caches/modules-2/files-2.1/org.jetbrains.kotlin/kotlin-stdlib/1.6.21/11ef67f1900634fd951bad28c53ec957fabbe5b8/kotlin-stdlib-1.6.21.jar:/home/andriodpc/.gradle/caches/modules-2/files-2.1/org.jetbrains.kotlin/kotlin-script-runtime/1.6.21/99c6675100da5d6d5b1c5a1032f27f28008d101b/kotlin-script-runtime-1.6.21.jar:/home/andriodpc/.gradle/caches/modules-2/files-2.1/org.jetbrains.kotlin/kotlin-daemon-embeddable/1.6.21/46b78cf392e1c4f10854c3cadba44abb7b82250f/kotlin-daemon-embeddable-1.6.21.jar:/home/andriodpc/.gradle/caches/modules-2/files-2.1/org.jetbrains.intellij.deps/trove4j/1.0.20200330/3afb14d5f9ceb459d724e907a21145e8ff394f02/trove4j-1.0.20200330.jar:/home/andriodpc/.gradle/caches/modules-2/files-2.1/net.java.dev.jna/jna/5.6.0/330f2244e9030119ab3030fc3fededc86713d9cc/jna-5.6.0.jar:/home/andriodpc/.gradle/caches/modules-2/files-2.1/org.jetbrains.kotlin/kotlin-stdlib-common/1.6.21/5e5b55c26dbc80372a920aef60eb774b714559b8/kotlin-stdlib-common-1.6.21.jar:/home/andriodpc/.gradle/caches/modules-2/files-2.1/org.jetbrains/annotations/13.0/919f0dfe192fb4e063e7dacadee7f8bb9a2672a9/annotations-13.0.jar
Launcher Type: SUN_STANDARD

[Global flags]
     intx CICompilerCount                          = 3                                         {product} {ergonomic}
     uint ConcGCThreads                            = 2                                         {product} {ergonomic}
     uint G1ConcRefinementThreads                  = 6                                         {product} {ergonomic}
   size_t G1HeapRegionSize                         = 1048576                                   {product} {ergonomic}
    uintx GCDrainStackTargetSize                   = 64                                        {product} {ergonomic}
   size_t InitialHeapSize                          = 127926272                                 {product} {ergonomic}
   size_t MarkStackSize                            = 4194304                                   {product} {ergonomic}
   size_t MaxHeapSize                              = 2044723200                                {product} {ergonomic}
   size_t MaxNewSize                               = 1226833920                                {product} {ergonomic}
   size_t MinHeapDeltaBytes                        = 1048576                                   {product} {ergonomic}
   size_t MinHeapSize                              = 8388608                                   {product} {ergonomic}
    uintx NonNMethodCodeHeapSize                   = 5832780                                {pd product} {ergonomic}
    uintx NonProfiledCodeHeapSize                  = 122912730                              {pd product} {ergonomic}
    uintx ProfiledCodeHeapSize                     = 122912730                              {pd product} {ergonomic}
    uintx ReservedCodeCacheSize                    = 251658240                              {pd product} {ergonomic}
     bool SegmentedCodeCache                       = true                                      {product} {ergonomic}
   size_t SoftMaxHeapSize                          = 2044723200                             {manageable} {ergonomic}
     bool UseCompressedClassPointers               = true                           {product lp64_product} {ergonomic}
     bool UseCompressedOops                        = true                           {product lp64_product} {ergonomic}
     bool UseG1GC                                  = true                                      {product} {ergonomic}

Logging:
Log output configuration:
 #0: stdout all=warning uptime,level,tags
 #1: stderr all=off uptime,level,tags

Environment Variables:
PATH=/usr/local/sbin:/usr/local/bin:/usr/sbin:/usr/bin:/sbin:/bin:/usr/games:/usr/local/games:/snap/bin:/snap/bin
USERNAME=andriodpc
SHELL=/bin/bash
DISPLAY=:0
LANG=en_US.UTF-8
TERM=xterm-256color

Active Locale:
LC_ALL=en_US.UTF-8
LC_COLLATE=en_US.UTF-8
LC_CTYPE=en_US.UTF-8
LC_MESSAGES=en_US.UTF-8
LC_MONETARY=en_US.UTF-8
LC_NUMERIC=en_US.UTF-8
LC_TIME=en_US.UTF-8

Signal Handlers:
   SIGSEGV: crash_handler in libjvm.so, mask=11100100010111111101111111111110, flags=SA_RESTART|SA_SIGINFO, unblocked
    SIGBUS: crash_handler in libjvm.so, mask=11100100010111111101111111111110, flags=SA_RESTART|SA_SIGINFO, unblocked
    SIGFPE: crash_handler in libjvm.so, mask=11100100010111111101111111111110, flags=SA_RESTART|SA_SIGINFO, unblocked
   SIGPIPE: javaSignalHandler in libjvm.so, mask=11100100010111111101111111111110, flags=SA_RESTART|SA_SIGINFO, blocked
   SIGXFSZ: javaSignalHandler in libjvm.so, mask=11100100010111111101111111111110, flags=SA_RESTART|SA_SIGINFO, blocked
    SIGILL: crash_handler in libjvm.so, mask=11100100010111111101111111111110, flags=SA_RESTART|SA_SIGINFO, unblocked
   SIGUSR2: SR_handler in libjvm.so, mask=00100000000000000000000000000000, flags=SA_RESTART|SA_SIGINFO, blocked
    SIGHUP: UserHandler in libjvm.so, mask=11100100010111111101111111111110, flags=SA_RESTART|SA_SIGINFO, blocked
    SIGINT: UserHandler in libjvm.so, mask=11100100010111111101111111111110, flags=SA_RESTART|SA_SIGINFO, blocked
   SIGTERM: UserHandler in libjvm.so, mask=11100100010111111101111111111110, flags=SA_RESTART|SA_SIGINFO, blocked
   SIGQUIT: UserHandler in libjvm.so, mask=11100100010111111101111111111110, flags=SA_RESTART|SA_SIGINFO, blocked
   SIGTRAP: crash_handler in libjvm.so, mask=11100100010111111101111111111110, flags=SA_RESTART|SA_SIGINFO, unblocked

JNI global refs:
JNI global refs: 8, weak refs: 0

JNI global refs memory usage: 867, weak refs: 865

OOME stack traces (most recent first):
Classloader memory used:
Loader bootstrap                                                                       : 978K
Loader jdk.internal.loader.ClassLoaders$AppClassLoader                                 : 295K


---------------  S Y S T E M  ---------------

OS:
DISTRIB_ID=Ubuntu
DISTRIB_RELEASE=22.04
DISTRIB_CODENAME=jammy
DISTRIB_DESCRIPTION="Ubuntu 22.04.3 LTS"
uname: Linux 6.5.0-14-generic #14~22.04.1-Ubuntu SMP PREEMPT_DYNAMIC Mon Nov 20 18:15:30 UTC 2 x86_64
OS uptime: 0 days 0:11 hours
libc: glibc 2.35 NPTL 2.35 
rlimit (soft/hard): STACK 8192k/infinity , CORE 0k/infinity , NPROC 30869/30869 , NOFILE 1048576/1048576 , AS infinity/infinity , CPU infinity/infinity , DATA infinity/infinity , FSIZE infinity/infinity , MEMLOCK 997388k/997388k
load average: 7.39 4.93 3.07

/proc/meminfo:
MemTotal:        7979104 kB
MemFree:          355624 kB
MemAvailable:    2227624 kB
Buffers:          166984 kB
Cached:          2098604 kB
SwapCached:          260 kB
Active:          6531400 kB
Inactive:         685884 kB
Active(anon):    4963716 kB
Inactive(anon):   219300 kB
Active(file):    1567684 kB
Inactive(file):   466584 kB
Unevictable:        1560 kB
Mlocked:              16 kB
SwapTotal:       2097148 kB
SwapFree:        2096624 kB
Zswap:                 0 kB
Zswapped:              0 kB
Dirty:             24112 kB
Writeback:             0 kB
AnonPages:       4953172 kB
Mapped:          1041356 kB
Shmem:            231236 kB
KReclaimable:     122756 kB
Slab:             281324 kB
SReclaimable:     122756 kB
SUnreclaim:       158568 kB
KernelStack:       13632 kB
PageTables:        33052 kB
SecPageTables:         0 kB
NFS_Unstable:          0 kB
Bounce:                0 kB
WritebackTmp:          0 kB
CommitLimit:     6086700 kB
Committed_AS:    9020424 kB
VmallocTotal:   34359738367 kB
VmallocUsed:       41880 kB
VmallocChunk:          0 kB
Percpu:             6400 kB
HardwareCorrupted:     0 kB
AnonHugePages:         0 kB
ShmemHugePages:        0 kB
ShmemPmdMapped:        0 kB
FileHugePages:         0 kB
FilePmdMapped:         0 kB
Unaccepted:            0 kB
HugePages_Total:       0
HugePages_Free:        0
HugePages_Rsvd:        0
HugePages_Surp:        0
Hugepagesize:       2048 kB
Hugetlb:               0 kB
DirectMap4k:      169972 kB
DirectMap2M:     4929536 kB
DirectMap1G:     3145728 kB

/sys/kernel/mm/transparent_hugepage/enabled: always [madvise] never
/sys/kernel/mm/transparent_hugepage/defrag (defrag/compaction efforts parameter): always defer defer+madvise [madvise] never

Process Memory:
Virtual Size: 4767228K (peak: 4827272K)
Resident Set Size: 65208K (peak: 65208K) (anon: 40120K, file: 25088K, shmem: 0K)
Swapped out: 0K
C-Heap outstanding allocations: 25515K, retained: 2316K
glibc malloc tunables: (default)

/proc/sys/kernel/threads-max (system-wide limit on the number of threads): 61738
/proc/sys/vm/max_map_count (maximum number of memory map areas a process may have): 65530
/proc/sys/kernel/pid_max (system-wide limit on number of process identifiers): 4194304

container (cgroup) information:
container_type: cgroupv2
cpu_cpuset_cpus: not supported
cpu_memory_nodes: not supported
active_processor_count: 6
cpu_quota: not supported
cpu_period: not supported
cpu_shares: not supported
memory_limit_in_bytes: unlimited
memory_and_swap_limit_in_bytes: unlimited
memory_soft_limit_in_bytes: unlimited
memory_usage_in_bytes: 5293988 k
memory_max_usage_in_bytes: not supported
memory_swap_current_in_bytes: unlimited
memory_swap_max_limit_in_bytes: unlimited
maximum number of tasks: 9260
current number of tasks: 239

Steal ticks since vm start: 0
Steal ticks percentage since vm start:  0.000

CPU: total 6 (initial active 6) (6 cores per cpu, 1 threads per core) family 6 model 158 stepping 10 microcode 0xf4, cx8, cmov, fxsr, mmx, 3dnowpref, sse, sse2, sse3, ssse3, sse4.1, sse4.2, popcnt, lzcnt, tsc, tscinvbit, avx, avx2, aes, erms, clmul, bmi1, bmi2, adx, fma, vzeroupper, clflush, clflushopt
CPU Model and flags from /proc/cpuinfo:
model name	: Intel(R) Core(TM) i5-8400 CPU @ 2.80GHz
flags		: fpu vme de pse tsc msr pae mce cx8 apic sep mtrr pge mca cmov pat pse36 clflush dts acpi mmx fxsr sse sse2 ss ht tm pbe syscall nx pdpe1gb rdtscp lm constant_tsc art arch_perfmon pebs bts rep_good nopl xtopology nonstop_tsc cpuid aperfmperf pni pclmulqdq dtes64 monitor ds_cpl vmx est tm2 ssse3 sdbg fma cx16 xtpr pdcm pcid sse4_1 sse4_2 x2apic movbe popcnt tsc_deadline_timer aes xsave avx f16c rdrand lahf_lm abm 3dnowprefetch cpuid_fault epb invpcid_single pti ssbd ibrs ibpb stibp tpr_shadow flexpriority ept vpid ept_ad fsgsbase tsc_adjust bmi1 avx2 smep bmi2 erms invpcid mpx rdseed adx smap clflushopt intel_pt xsaveopt xsavec xgetbv1 xsaves dtherm ida arat pln pts hwp hwp_notify hwp_act_window hwp_epp vnmi md_clear flush_l1d arch_capabilities

Online cpus: 0-5
Offline cpus: 
BIOS frequency limitation: <Not Available>
Frequency switch latency (ns): 0
Available cpu frequencies: <Not Available>
Current governor: powersave
Core performance/turbo boost: <Not Available>

Memory: 4k page, physical 7979104k(355624k free), swap 2097148k(2096624k free)
Page Sizes: 4k

vm_info: OpenJDK 64-Bit Server VM (17.0.7+0-17.0.7b1000.6-10550314) for linux-amd64 JRE (17.0.7+0-17.0.7b1000.6-10550314), built on Jul 24 2023 17:08:11 by "androidbuild" with clang Android (8508608, based on r450784e) Clang 14.0.7 (https://android.googlesource.com/toolchain/llvm-project 4c603efb0cca074e9238af8b4106c30add4418f6)

END.
