#
# There is insufficient memory for the Java Runtime Environment to continue.
# Native memory allocation (mmap) failed to map 204996608 bytes for committing reserved memory.
# Possible reasons:
#   The system is out of physical RAM or swap space
#   In 32 bit mode, the process size limit was hit
# Possible solutions:
#   Reduce memory load on the system
#   Increase physical memory or swap space
#   Check if swap backing store is full
#   Use 64 bit Java on a 64 bit OS
#   Decrease Java heap size (-Xmx/-Xms)
#   Decrease number of Java threads
#   Decrease Java thread stack sizes (-Xss)
#   Set larger code cache with -XX:ReservedCodeCacheSize=
# This output file may be truncated or incomplete.
#
#  Out of Memory Error (os_linux.cpp:2640), pid=26491, tid=0x00007fae931af700
#
# JRE version: OpenJDK Runtime Environment (8.0_152-b01) (build 1.8.0_152-release-915-b01)
# Java VM: OpenJDK 64-Bit Server VM (25.152-b01 mixed mode linux-amd64 compressed oops)
# Failed to write core dump. Core dumps have been disabled. To enable core dumping, try "ulimit -c unlimited" before starting Java again
#

---------------  T H R E A D  ---------------

Current thread (0x00007faea807d000):  VMThread [stack: 0x00007fae930b0000,0x00007fae931b0000] [id=26503]

Stack: [0x00007fae930b0000,0x00007fae931b0000],  sp=0x00007fae931ae470,  free space=1017k
Native frames: (J=compiled Java code, j=interpreted, Vv=VM code, C=native code)
V  [libjvm.so+0x9eb15d]  VMError::report_and_die()+0x15d
V  [libjvm.so+0x4b8eaa]  report_vm_out_of_memory(char const*, int, unsigned long, VMErrorType, char const*)+0x8a
V  [libjvm.so+0x851370]  os::pd_commit_memory(char*, unsigned long, unsigned long, bool)+0xf0
V  [libjvm.so+0x84be8f]  os::commit_memory(char*, unsigned long, unsigned long, bool)+0x1f
V  [libjvm.so+0x8c261b]  PSVirtualSpace::expand_by(unsigned long)+0x5b
V  [libjvm.so+0x8b33fb]  PSOldGen::expand_by(unsigned long) [clone .part.109]+0x1b
V  [libjvm.so+0x8b35bb]  PSOldGen::expand(unsigned long) [clone .part.111]+0xdb
V  [libjvm.so+0x8b3e98]  PSOldGen::resize(unsigned long)+0x188
V  [libjvm.so+0x8b94ac]  PSParallelCompact::invoke_no_policy(bool)+0x97c
V  [libjvm.so+0x8c05bd]  PSScavenge::invoke()+0x17d
V  [libjvm.so+0x8748f3]  ParallelScavengeHeap::failed_mem_allocate(unsigned long)+0x63
V  [libjvm.so+0x9ecc84]  VM_ParallelGCFailedAllocation::doit()+0x84
V  [libjvm.so+0x9f1197]  VM_Operation::evaluate()+0x47
V  [libjvm.so+0x9efb78]  VMThread::evaluate_operation(VM_Operation*)+0x2c8
V  [libjvm.so+0x9efff9]  VMThread::loop()+0x219
V  [libjvm.so+0x9f0442]  VMThread::run()+0x72
V  [libjvm.so+0x84e792]  java_start(Thread*)+0xf2

VM_Operation (0x00007fae91a640e0): ParallelGCFailedAllocation, mode: safepoint, requested by thread 0x00007faea81c0000


---------------  P R O C E S S  ---------------

Java Threads: ( => current thread )
  0x00007faea81c1800 JavaThread "pool-2-thread-4" [_thread_blocked, id=26516, stack(0x00007fae91864000,0x00007fae91965000)]
  0x00007faea81c0000 JavaThread "pool-2-thread-3" [_thread_blocked, id=26515, stack(0x00007fae91965000,0x00007fae91a66000)]
  0x00007faea81be000 JavaThread "pool-2-thread-2" [_thread_blocked, id=26514, stack(0x00007fae91a66000,0x00007fae91b67000)]
  0x00007faea81bb800 JavaThread "pool-3-thread-1" [_thread_blocked, id=26513, stack(0x00007fae91b67000,0x00007fae91c68000)]
  0x00007faea81ba800 JavaThread "pool-2-thread-1" [_thread_blocked, id=26512, stack(0x00007fae91c68000,0x00007fae91d69000)]
  0x00007faea80cd000 JavaThread "Service Thread" daemon [_thread_blocked, id=26510, stack(0x00007fae91fd9000,0x00007fae920da000)]
  0x00007faea80c2000 JavaThread "C1 CompilerThread2" daemon [_thread_blocked, id=26509, stack(0x00007fae920db000,0x00007fae921db000)]
  0x00007faea80c0000 JavaThread "C2 CompilerThread1" daemon [_thread_blocked, id=26508, stack(0x00007fae921dc000,0x00007fae922dc000)]
  0x00007faea80bd800 JavaThread "C2 CompilerThread0" daemon [_thread_blocked, id=26507, stack(0x00007fae922dd000,0x00007fae923dd000)]
  0x00007faea80bc000 JavaThread "Signal Dispatcher" daemon [_thread_blocked, id=26506, stack(0x00007fae923dd000,0x00007fae924de000)]
  0x00007faea8089800 JavaThread "Finalizer" daemon [_thread_blocked, id=26505, stack(0x00007fae92ead000,0x00007fae92fae000)]
  0x00007faea8085000 JavaThread "Reference Handler" daemon [_thread_blocked, id=26504, stack(0x00007fae92fae000,0x00007fae930af000)]
  0x00007faea800b800 JavaThread "main" [_thread_blocked, id=26496, stack(0x00007faeb0fe1000,0x00007faeb10e1000)]

Other Threads:
=>0x00007faea807d000 VMThread [stack: 0x00007fae930b0000,0x00007fae931b0000] [id=26503]
  0x00007faea80cf800 WatcherThread [stack: 0x00007fae91ed9000,0x00007fae91fd9000] [id=26511]

VM state:at safepoint (normal execution)

VM Mutex/Monitor currently owned by a thread:  ([mutex/lock_event])
[0x00007faea8007910] ExpandHeap_lock - owner thread: 0x00007faea807d000
[0x00007faea8007f90] Threads_lock - owner thread: 0x00007faea807d000
[0x00007faea8008490] Heap_lock - owner thread: 0x00007faea81c0000

Heap:
 PSYoungGen      total 848896K, used 25374K [0x000000076ab00000, 0x00000007a8380000, 0x00000007c0000000)
  eden space 743936K, 0% used [0x000000076ab00000,0x000000076ab00000,0x0000000798180000)
  from space 104960K, 24% used [0x000000079f200000,0x00000007a0ac7b48,0x00000007a5880000)
  to   space 115200K, 0% used [0x0000000798180000,0x0000000798180000,0x000000079f200000)
 ParOldGen       total 451584K, used 451523K [0x00000006c0000000, 0x00000006db900000, 0x000000076ab00000)
  object space 451584K, 99% used [0x00000006c0000000,0x00000006db8f0e30,0x00000006db900000)
 Metaspace       used 6671K, capacity 7348K, committed 7552K, reserved 1056768K
  class space    used 610K, capacity 620K, committed 640K, reserved 1048576K

Card table byte_map: [0x00007faead5a2000,0x00007faeadda3000] byte_map_base: 0x00007faea9fa2000

Marking Bits: (ParMarkBitMap*) 0x00007faeb047d3e0
 Begin Bits: [0x00007fae64000000, 0x00007fae68000000)
 End Bits:   [0x00007fae68000000, 0x00007fae6c000000)

Polling page: 0x00007faeb10fb000

CodeCache: size=245760Kb used=12023Kb max_used=12199Kb free=233736Kb
 bounds [0x00007fae99000000, 0x00007fae99ca0000, 0x00007faea8000000]
 total_blobs=2726 nmethods=2459 adapters=181
 compilation: enabled

Compilation events (10 events):
Event: 14.916 Thread 0x00007faea80c2000 3039       3       com.android.dx.cf.attrib.BaseLocalVariables::byteLength (14 bytes)
Event: 14.916 Thread 0x00007faea80c2000 nmethod 3039 0x00007fae996a05d0 code [0x00007fae996a0740, 0x00007fae996a0990]
Event: 14.922 Thread 0x00007faea80bd800 nmethod 3031 0x00007fae995d12d0 code [0x00007fae995d1780, 0x00007fae995d2ad8]
Event: 14.922 Thread 0x00007faea80bd800 3028   !   4       com.android.dx.cf.code.BasicBlocker::doit (156 bytes)
Event: 14.932 Thread 0x00007faea80bd800 nmethod 3028 0x00007fae9930fb10 code [0x00007fae9930fce0, 0x00007fae99310968]
Event: 14.932 Thread 0x00007faea80bd800 3046   !   4       com.android.dx.cf.direct.MemberListParser::parse (641 bytes)
Event: 14.933 Thread 0x00007faea80c0000 nmethod 3022 0x00007fae998cc9d0 code [0x00007fae998ccd60, 0x00007fae998cef70]
Event: 14.933 Thread 0x00007faea80c0000 3041       4       com.android.dx.rop.cst.CstFieldRef::getType (8 bytes)
Event: 14.937 Thread 0x00007faea80c0000 nmethod 3041 0x00007fae99221990 code [0x00007fae99221b80, 0x00007fae99222220]
Event: 14.937 Thread 0x00007faea80c0000 3044       4       com.android.dx.dex.code.RopTranslator$LocalVariableAwareTranslationVisitor::visitThrowingCstInsn (11 bytes)

GC Heap History (10 events):
Event: 3.978 GC heap after
Heap after GC invocations=15 (full 2):
 PSYoungGen      total 538112K, used 67561K [0x000000076ab00000, 0x0000000798300000, 0x00000007c0000000)
  eden space 470528K, 0% used [0x000000076ab00000,0x000000076ab00000,0x0000000787680000)
  from space 67584K, 99% used [0x0000000787680000,0x000000078b87a6d0,0x000000078b880000)
  to   space 94208K, 0% used [0x0000000792700000,0x0000000792700000,0x0000000798300000)
 ParOldGen       total 286208K, used 205413K [0x00000006c0000000, 0x00000006d1780000, 0x000000076ab00000)
  object space 286208K, 71% used [0x00000006c0000000,0x00000006cc8997d8,0x00000006d1780000)
 Metaspace       used 6640K, capacity 7348K, committed 7552K, reserved 1056768K
  class space    used 609K, capacity 620K, committed 640K, reserved 1048576K
}
Event: 5.388 GC heap before
{Heap before GC invocations=16 (full 2):
 PSYoungGen      total 538112K, used 538089K [0x000000076ab00000, 0x0000000798300000, 0x00000007c0000000)
  eden space 470528K, 100% used [0x000000076ab00000,0x0000000787680000,0x0000000787680000)
  from space 67584K, 99% used [0x0000000787680000,0x000000078b87a6d0,0x000000078b880000)
  to   space 94208K, 0% used [0x0000000792700000,0x0000000792700000,0x0000000798300000)
 ParOldGen       total 286208K, used 205413K [0x00000006c0000000, 0x00000006d1780000, 0x000000076ab00000)
  object space 286208K, 71% used [0x00000006c0000000,0x00000006cc8997d8,0x00000006d1780000)
 Metaspace       used 6657K, capacity 7348K, committed 7552K, reserved 1056768K
  class space    used 610K, capacity 620K, committed 640K, reserved 1048576K
Event: 9.962 GC heap after
Heap after GC invocations=16 (full 2):
 PSYoungGen      total 652288K, used 48199K [0x000000076ab00000, 0x000000079bc00000, 0x00000007c0000000)
  eden space 558080K, 0% used [0x000000076ab00000,0x000000076ab00000,0x000000078cc00000)
  from space 94208K, 51% used [0x0000000792700000,0x0000000795611e88,0x0000000798300000)
  to   space 93184K, 0% used [0x000000078cc00000,0x000000078cc00000,0x0000000792700000)
 ParOldGen       total 286208K, used 272229K [0x00000006c0000000, 0x00000006d1780000, 0x000000076ab00000)
  object space 286208K, 95% used [0x00000006c0000000,0x00000006d09d9720,0x00000006d1780000)
 Metaspace       used 6657K, capacity 7348K, committed 7552K, reserved 1056768K
  class space    used 610K, capacity 620K, committed 640K, reserved 1048576K
}
Event: 9.962 GC heap before
{Heap before GC invocations=17 (full 3):
 PSYoungGen      total 652288K, used 48199K [0x000000076ab00000, 0x000000079bc00000, 0x00000007c0000000)
  eden space 558080K, 0% used [0x000000076ab00000,0x000000076ab00000,0x000000078cc00000)
  from space 94208K, 51% used [0x0000000792700000,0x0000000795611e88,0x0000000798300000)
  to   space 93184K, 0% used [0x000000078cc00000,0x000000078cc00000,0x0000000792700000)
 ParOldGen       total 286208K, used 272229K [0x00000006c0000000, 0x00000006d1780000, 0x000000076ab00000)
  object space 286208K, 95% used [0x00000006c0000000,0x00000006d09d9720,0x00000006d1780000)
 Metaspace       used 6657K, capacity 7348K, committed 7552K, reserved 1056768K
  class space    used 610K, capacity 620K, committed 640K, reserved 1048576K
Event: 10.950 GC heap after
Heap after GC invocations=17 (full 3):
 PSYoungGen      total 652288K, used 24428K [0x000000076ab00000, 0x000000079bc00000, 0x00000007c0000000)
  eden space 558080K, 0% used [0x000000076ab00000,0x000000076ab00000,0x000000078cc00000)
  from space 94208K, 25% used [0x0000000792700000,0x0000000793edb048,0x0000000798300000)
  to   space 93184K, 0% used [0x000000078cc00000,0x000000078cc00000,0x0000000792700000)
 ParOldGen       total 451584K, used 285934K [0x00000006c0000000, 0x00000006db900000, 0x000000076ab00000)
  object space 451584K, 63% used [0x00000006c0000000,0x00000006d173b9b8,0x00000006db900000)
 Metaspace       used 6657K, capacity 7348K, committed 7552K, reserved 1056768K
  class space    used 610K, capacity 620K, committed 640K, reserved 1048576K
}
Event: 11.854 GC heap before
{Heap before GC invocations=18 (full 3):
 PSYoungGen      total 652288K, used 582508K [0x000000076ab00000, 0x000000079bc00000, 0x00000007c0000000)
  eden space 558080K, 100% used [0x000000076ab00000,0x000000078cc00000,0x000000078cc00000)
  from space 94208K, 25% used [0x0000000792700000,0x0000000793edb048,0x0000000798300000)
  to   space 93184K, 0% used [0x000000078cc00000,0x000000078cc00000,0x0000000792700000)
 ParOldGen       total 451584K, used 285934K [0x00000006c0000000, 0x00000006db900000, 0x000000076ab00000)
  object space 451584K, 63% used [0x00000006c0000000,0x00000006d173b9b8,0x00000006db900000)
 Metaspace       used 6666K, capacity 7348K, committed 7552K, reserved 1056768K
  class space    used 610K, capacity 620K, committed 640K, reserved 1048576K
Event: 13.209 GC heap after
Heap after GC invocations=18 (full 3):
 PSYoungGen      total 651264K, used 82368K [0x000000076ab00000, 0x00000007a5880000, 0x00000007c0000000)
  eden space 558080K, 0% used [0x000000076ab00000,0x000000076ab00000,0x000000078cc00000)
  from space 93184K, 88% used [0x000000078cc00000,0x0000000791c70000,0x0000000792700000)
  to   space 104960K, 0% used [0x000000079f200000,0x000000079f200000,0x00000007a5880000)
 ParOldGen       total 451584K, used 310436K [0x00000006c0000000, 0x00000006db900000, 0x000000076ab00000)
  object space 451584K, 68% used [0x00000006c0000000,0x00000006d2f290e0,0x00000006db900000)
 Metaspace       used 6666K, capacity 7348K, committed 7552K, reserved 1056768K
  class space    used 610K, capacity 620K, committed 640K, reserved 1048576K
}
Event: 14.948 GC heap before
{Heap before GC invocations=19 (full 3):
 PSYoungGen      total 651264K, used 640448K [0x000000076ab00000, 0x00000007a5880000, 0x00000007c0000000)
  eden space 558080K, 100% used [0x000000076ab00000,0x000000078cc00000,0x000000078cc00000)
  from space 93184K, 88% used [0x000000078cc00000,0x0000000791c70000,0x0000000792700000)
  to   space 104960K, 0% used [0x000000079f200000,0x000000079f200000,0x00000007a5880000)
 ParOldGen       total 451584K, used 310436K [0x00000006c0000000, 0x00000006db900000, 0x000000076ab00000)
  object space 451584K, 68% used [0x00000006c0000000,0x00000006d2f290e0,0x00000006db900000)
 Metaspace       used 6671K, capacity 7348K, committed 7552K, reserved 1056768K
  class space    used 610K, capacity 620K, committed 640K, reserved 1048576K
Event: 19.127 GC heap after
Heap after GC invocations=19 (full 3):
 PSYoungGen      total 848896K, used 85970K [0x000000076ab00000, 0x00000007a8380000, 0x00000007c0000000)
  eden space 743936K, 0% used [0x000000076ab00000,0x000000076ab00000,0x0000000798180000)
  from space 104960K, 81% used [0x000000079f200000,0x00000007a45f4a90,0x00000007a5880000)
  to   space 115200K, 0% used [0x0000000798180000,0x0000000798180000,0x000000079f200000)
 ParOldGen       total 451584K, used 392556K [0x00000006c0000000, 0x00000006db900000, 0x000000076ab00000)
  object space 451584K, 86% used [0x00000006c0000000,0x00000006d7f5b0b8,0x00000006db900000)
 Metaspace       used 6671K, capacity 7348K, committed 7552K, reserved 1056768K
  class space    used 610K, capacity 620K, committed 640K, reserved 1048576K
}
Event: 19.386 GC heap before
{Heap before GC invocations=20 (full 4):
 PSYoungGen      total 848896K, used 85970K [0x000000076ab00000, 0x00000007a8380000, 0x00000007c0000000)
  eden space 743936K, 0% used [0x000000076ab00000,0x000000076ab00000,0x0000000798180000)
  from space 104960K, 81% used [0x000000079f200000,0x00000007a45f4a90,0x00000007a5880000)
  to   space 115200K, 0% used [0x0000000798180000,0x0000000798180000,0x000000079f200000)
 ParOldGen       total 451584K, used 392556K [0x00000006c0000000, 0x00000006db900000, 0x000000076ab00000)
  object space 451584K, 86% used [0x00000006c0000000,0x00000006d7f5b0b8,0x00000006db900000)
 Metaspace       used 6671K, capacity 7348K, committed 7552K, reserved 1056768K
  class space    used 610K, capacity 620K, committed 640K, reserved 1048576K

Deoptimization events (10 events):
Event: 13.665 Thread 0x00007faea81ba800 Uncommon trap: reason=unstable_if action=reinterpret pc=0x00007fae992be5b4 method=com.android.dx.cf.code.RopperMachine.run(Lcom/android/dx/cf/code/Frame;II)V @ 1080
Event: 13.985 Thread 0x00007faea81c0000 Uncommon trap: reason=bimorphic action=maybe_recompile pc=0x00007fae995aac00 method=com.android.dx.ssa.back.FirstFitLocalCombiningAllocator.findNextUnreservedRopReg(IILcom/android/dx/ssa/back/FirstFitLocalCombiningAllocator$Alignment;)I @ 60
Event: 13.985 Thread 0x00007faea81c0000 Uncommon trap: reason=bimorphic action=maybe_recompile pc=0x00007fae991e7ce4 method=com.android.dx.ssa.back.FirstFitLocalCombiningAllocator.findNextUnreservedRopReg(IILcom/android/dx/ssa/back/FirstFitLocalCombiningAllocator$Alignment;)I @ 60
Event: 14.013 Thread 0x00007faea81c0000 Uncommon trap: reason=bimorphic action=maybe_recompile pc=0x00007fae991e7ce4 method=com.android.dx.ssa.back.FirstFitLocalCombiningAllocator.findNextUnreservedRopReg(IILcom/android/dx/ssa/back/FirstFitLocalCombiningAllocator$Alignment;)I @ 60
Event: 14.014 Thread 0x00007faea81c0000 Uncommon trap: reason=bimorphic action=maybe_recompile pc=0x00007fae991e7ce4 method=com.android.dx.ssa.back.FirstFitLocalCombiningAllocator.findNextUnreservedRopReg(IILcom/android/dx/ssa/back/FirstFitLocalCombiningAllocator$Alignment;)I @ 60
Event: 14.296 Thread 0x00007faea81c1800 Uncommon trap: reason=bimorphic action=maybe_recompile pc=0x00007fae995aac00 method=com.android.dx.ssa.back.FirstFitLocalCombiningAllocator.findNextUnreservedRopReg(IILcom/android/dx/ssa/back/FirstFitLocalCombiningAllocator$Alignment;)I @ 60
Event: 14.907 Thread 0x00007faea81ba800 Uncommon trap: reason=class_check action=maybe_recompile pc=0x00007fae996137f0 method=com.android.dx.ssa.LiteralOpUpgrader.isConstIntZeroOrKnownNull(Lcom/android/dx/rop/code/RegisterSpec;)Z @ 13
Event: 14.907 Thread 0x00007faea81ba800 Uncommon trap: reason=class_check action=maybe_recompile pc=0x00007fae996137f0 method=com.android.dx.ssa.LiteralOpUpgrader.isConstIntZeroOrKnownNull(Lcom/android/dx/rop/code/RegisterSpec;)Z @ 13
Event: 14.907 Thread 0x00007faea81ba800 Uncommon trap: reason=class_check action=maybe_recompile pc=0x00007fae996137f0 method=com.android.dx.ssa.LiteralOpUpgrader.isConstIntZeroOrKnownNull(Lcom/android/dx/rop/code/RegisterSpec;)Z @ 13
Event: 14.907 Thread 0x00007faea81ba800 Uncommon trap: reason=class_check action=maybe_recompile pc=0x00007fae996137f0 method=com.android.dx.ssa.LiteralOpUpgrader.isConstIntZeroOrKnownNull(Lcom/android/dx/rop/code/RegisterSpec;)Z @ 13

Classes redefined (0 events):
No events

Internal exceptions (8 events):
Event: 0.042 Thread 0x00007faea800b800 Exception <a 'java/lang/NoSuchMethodError': Method sun.misc.Unsafe.defineClass(Ljava/lang/String;[BII)Ljava/lang/Class; name or signature does not match> (0x000000076ab07ca8) thrown at [/ssd/Android/AOSP-openjdk-git/jdk8u/hotspot/src/share/vm/prims/jni.cp
Event: 0.042 Thread 0x00007faea800b800 Exception <a 'java/lang/NoSuchMethodError': Method sun.misc.Unsafe.prefetchRead(Ljava/lang/Object;J)V name or signature does not match> (0x000000076ab07f90) thrown at [/ssd/Android/AOSP-openjdk-git/jdk8u/hotspot/src/share/vm/prims/jni.cpp, line 4011]
Event: 0.541 Thread 0x00007faea800b800 Implicit null exception at 0x00007fae991679b4 to 0x00007fae99167ffd
Event: 1.116 Thread 0x00007faea81be000 Implicit null exception at 0x00007fae99325755 to 0x00007fae99328031
Event: 1.118 Thread 0x00007faea81ba800 Exception <a 'java/lang/ArrayIndexOutOfBoundsException': 18> (0x000000076c26bde0) thrown at [/ssd/Android/AOSP-openjdk-git/jdk8u/hotspot/src/share/vm/interpreter/interpreterRuntime.cpp, line 366]
Event: 1.119 Thread 0x00007faea81ba800 Exception <a 'java/lang/ArrayIndexOutOfBoundsException': 145> (0x000000076c26d960) thrown at [/ssd/Android/AOSP-openjdk-git/jdk8u/hotspot/src/share/vm/interpreter/interpreterRuntime.cpp, line 366]
Event: 1.119 Thread 0x00007faea81ba800 Exception <a 'java/lang/ArrayIndexOutOfBoundsException': 40> (0x000000076c26ec48) thrown at [/ssd/Android/AOSP-openjdk-git/jdk8u/hotspot/src/share/vm/interpreter/interpreterRuntime.cpp, line 366]
Event: 1.250 Thread 0x00007faea81c0000 Implicit null exception at 0x00007fae994d27d5 to 0x00007fae994d6085

Events (10 events):
Event: 14.907 Thread 0x00007faea81ba800 Uncommon trap: trap_request=0xffffffde fr.pc=0x00007fae996137f0
Event: 14.907 Thread 0x00007faea81ba800 DEOPT PACKING pc=0x00007fae996137f0 sp=0x00007fae91d67110
Event: 14.907 Thread 0x00007faea81ba800 DEOPT UNPACKING pc=0x00007fae99004f69 sp=0x00007fae91d67030 mode 2
Event: 14.907 Thread 0x00007faea81ba800 Uncommon trap: trap_request=0xffffffde fr.pc=0x00007fae996137f0
Event: 14.907 Thread 0x00007faea81ba800 DEOPT PACKING pc=0x00007fae996137f0 sp=0x00007fae91d67110
Event: 14.907 Thread 0x00007faea81ba800 DEOPT UNPACKING pc=0x00007fae99004f69 sp=0x00007fae91d67030 mode 2
Event: 14.907 Thread 0x00007faea81ba800 Uncommon trap: trap_request=0xffffffde fr.pc=0x00007fae996137f0
Event: 14.907 Thread 0x00007faea81ba800 DEOPT PACKING pc=0x00007fae996137f0 sp=0x00007fae91d67110
Event: 14.907 Thread 0x00007faea81ba800 DEOPT UNPACKING pc=0x00007fae99004f69 sp=0x00007fae91d67030 mode 2
Event: 14.948 Executing VM operation: ParallelGCFailedAllocation


Dynamic libraries:
00400000-00401000 r-xp 00000000 08:02 10618143                           /home/androidpc/android-studio/jre/bin/java
00600000-00601000 r--p 00000000 08:02 10618143                           /home/androidpc/android-studio/jre/bin/java
00601000-00602000 rw-p 00001000 08:02 10618143                           /home/androidpc/android-studio/jre/bin/java
00de4000-00e05000 rw-p 00000000 00:00 0                                  [heap]
6c0000000-6db900000 rw-p 00000000 00:00 0 
6e7c80000-76ab00000 ---p 00000000 00:00 0 
76ab00000-7a8380000 rw-p 00000000 00:00 0 
7a8380000-7c0000000 ---p 00000000 00:00 0 
7c0000000-7c00a0000 rw-p 00000000 00:00 0 
7c00a0000-800000000 ---p 00000000 00:00 0 
7fae2c000000-7fae2c05b000 rw-p 00000000 00:00 0 
7fae2c05b000-7fae30000000 ---p 00000000 00:00 0 
7fae34000000-7fae3404b000 rw-p 00000000 00:00 0 
7fae3404b000-7fae38000000 ---p 00000000 00:00 0 
7fae38000000-7fae3802d000 rw-p 00000000 00:00 0 
7fae3802d000-7fae3c000000 ---p 00000000 00:00 0 
7fae3c000000-7fae3c055000 rw-p 00000000 00:00 0 
7fae3c055000-7fae40000000 ---p 00000000 00:00 0 
7fae40000000-7fae40021000 rw-p 00000000 00:00 0 
7fae40021000-7fae44000000 ---p 00000000 00:00 0 
7fae44000000-7fae44021000 rw-p 00000000 00:00 0 
7fae44021000-7fae48000000 ---p 00000000 00:00 0 
7fae48000000-7fae48021000 rw-p 00000000 00:00 0 
7fae48021000-7fae4c000000 ---p 00000000 00:00 0 
7fae4c000000-7fae4d7cd000 rw-p 00000000 00:00 0 
7fae4d7cd000-7fae50000000 ---p 00000000 00:00 0 
7fae50000000-7fae50979000 rw-p 00000000 00:00 0 
7fae50979000-7fae54000000 ---p 00000000 00:00 0 
7fae54000000-7fae54021000 rw-p 00000000 00:00 0 
7fae54021000-7fae58000000 ---p 00000000 00:00 0 
7fae58000000-7fae5a04b000 rw-p 00000000 00:00 0 
7fae5a04b000-7fae5c000000 ---p 00000000 00:00 0 
7fae5c000000-7fae5c021000 rw-p 00000000 00:00 0 
7fae5c021000-7fae60000000 ---p 00000000 00:00 0 
7fae60000000-7fae60021000 rw-p 00000000 00:00 0 
7fae60021000-7fae64000000 ---p 00000000 00:00 0 
7fae64000000-7fae6c000000 rw-p 00000000 00:00 0 
7fae6c000000-7fae6c021000 rw-p 00000000 00:00 0 
7fae6c021000-7fae70000000 ---p 00000000 00:00 0 
7fae70000000-7fae70291000 rw-p 00000000 00:00 0 
7fae70291000-7fae74000000 ---p 00000000 00:00 0 
7fae74000000-7fae74021000 rw-p 00000000 00:00 0 
7fae74021000-7fae78000000 ---p 00000000 00:00 0 
7fae7c000000-7fae7c021000 rw-p 00000000 00:00 0 
7fae7c021000-7fae80000000 ---p 00000000 00:00 0 
7fae84000000-7fae84104000 rw-p 00000000 00:00 0 
7fae84104000-7fae88000000 ---p 00000000 00:00 0 
7fae8c000000-7fae8c021000 rw-p 00000000 00:00 0 
7fae8c021000-7fae90000000 ---p 00000000 00:00 0 
7fae91864000-7fae91867000 ---p 00000000 00:00 0 
7fae91867000-7fae91965000 rw-p 00000000 00:00 0 
7fae91965000-7fae91968000 ---p 00000000 00:00 0 
7fae91968000-7fae91a66000 rw-p 00000000 00:00 0 
7fae91a66000-7fae91a69000 ---p 00000000 00:00 0 
7fae91a69000-7fae91b67000 rw-p 00000000 00:00 0 
7fae91b67000-7fae91b6a000 ---p 00000000 00:00 0 
7fae91b6a000-7fae91c68000 rw-p 00000000 00:00 0 
7fae91c68000-7fae91c6b000 ---p 00000000 00:00 0 
7fae91c6b000-7fae91d69000 rw-p 00000000 00:00 0 
7fae91d69000-7fae91ed8000 r--s 01f37000 08:02 12062414                   /home/androidpc/EonTechnician/app/build/intermediates/transforms/jarMerging/release/0.jar
7fae91ed8000-7fae91ed9000 ---p 00000000 00:00 0 
7fae91ed9000-7fae91fd9000 rw-p 00000000 00:00 0 
7fae91fd9000-7fae91fdc000 ---p 00000000 00:00 0 
7fae91fdc000-7fae920da000 rw-p 00000000 00:00 0 
7fae920da000-7fae920db000 ---p 00000000 00:00 0 
7fae920db000-7fae920de000 ---p 00000000 00:00 0 
7fae920de000-7fae921db000 rw-p 00000000 00:00 0 
7fae921db000-7fae921dc000 ---p 00000000 00:00 0 
7fae921dc000-7fae921df000 ---p 00000000 00:00 0 
7fae921df000-7fae922dc000 rw-p 00000000 00:00 0 
7fae922dc000-7fae922dd000 ---p 00000000 00:00 0 
7fae922dd000-7fae922e0000 ---p 00000000 00:00 0 
7fae922e0000-7fae923dd000 rw-p 00000000 00:00 0 
7fae923dd000-7fae923e0000 ---p 00000000 00:00 0 
7fae923e0000-7fae924de000 rw-p 00000000 00:00 0 
7fae924de000-7fae92ead000 r--p 00000000 08:02 22026811                   /usr/lib/locale/locale-archive
7fae92ead000-7fae92eb0000 ---p 00000000 00:00 0 
7fae92eb0000-7fae92fae000 rw-p 00000000 00:00 0 
7fae92fae000-7fae92fb1000 ---p 00000000 00:00 0 
7fae92fb1000-7fae930af000 rw-p 00000000 00:00 0 
7fae930af000-7fae930b0000 ---p 00000000 00:00 0 
7fae930b0000-7fae94000000 rw-p 00000000 00:00 0 
7fae94000000-7fae94021000 rw-p 00000000 00:00 0 
7fae94021000-7fae98000000 ---p 00000000 00:00 0 
7fae98006000-7fae98ec0000 rw-p 00000000 00:00 0 
7fae98ec0000-7fae99000000 ---p 00000000 00:00 0 
7fae99000000-7fae99ca0000 rwxp 00000000 00:00 0 
7fae99ca0000-7faea8000000 ---p 00000000 00:00 0 
7faea8000000-7faea83d4000 rw-p 00000000 00:00 0 
7faea83d4000-7faeac000000 ---p 00000000 00:00 0 
7faeac000000-7faeac1d0000 r--s 03c46000 08:02 10880183                   /home/androidpc/android-studio/jre/jre/lib/rt.jar
7faeac1d0000-7faeaca46000 rw-p 00000000 00:00 0 
7faeaca46000-7faeaca47000 ---p 00000000 00:00 0 
7faeaca47000-7faeacb47000 rw-p 00000000 00:00 0 
7faeacb47000-7faeacb48000 ---p 00000000 00:00 0 
7faeacb48000-7faeacc48000 rw-p 00000000 00:00 0 
7faeacc48000-7faeacc49000 ---p 00000000 00:00 0 
7faeacc49000-7faeacd49000 rw-p 00000000 00:00 0 
7faeacd49000-7faeacd4a000 ---p 00000000 00:00 0 
7faeacd4a000-7faeace4a000 rw-p 00000000 00:00 0 
7faeace4a000-7faeace4b000 ---p 00000000 00:00 0 
7faeace4b000-7faeacf4b000 rw-p 00000000 00:00 0 
7faeacf4b000-7faeacf4c000 ---p 00000000 00:00 0 
7faeacf4c000-7faead129000 rw-p 00000000 00:00 0 
7faead129000-7faead5a2000 ---p 00000000 00:00 0 
7faead5a2000-7faead67f000 rw-p 00000000 00:00 0 
7faead67f000-7faeadaf7000 ---p 00000000 00:00 0 
7faeadaf7000-7faeadce4000 rw-p 00000000 00:00 0 
7faeadce4000-7faeadda2000 ---p 00000000 00:00 0 
7faeadda2000-7faeaddd6000 rw-p 00000000 00:00 0 
7faeaddd6000-7faeae163000 ---p 00000000 00:00 0 
7faeae163000-7faeae17d000 r-xp 00000000 08:02 11011317                   /home/androidpc/android-studio/jre/jre/lib/amd64/libzip.so
7faeae17d000-7faeae37d000 ---p 0001a000 08:02 11011317                   /home/androidpc/android-studio/jre/jre/lib/amd64/libzip.so
7faeae37d000-7faeae37e000 r--p 0001a000 08:02 11011317                   /home/androidpc/android-studio/jre/jre/lib/amd64/libzip.so
7faeae37e000-7faeae37f000 rw-p 0001b000 08:02 11011317                   /home/androidpc/android-studio/jre/jre/lib/amd64/libzip.so
7faeae37f000-7faeae38a000 r-xp 00000000 08:02 46666460                   /lib/x86_64-linux-gnu/libnss_files-2.27.so
7faeae38a000-7faeae589000 ---p 0000b000 08:02 46666460                   /lib/x86_64-linux-gnu/libnss_files-2.27.so
7faeae589000-7faeae58a000 r--p 0000a000 08:02 46666460                   /lib/x86_64-linux-gnu/libnss_files-2.27.so
7faeae58a000-7faeae58b000 rw-p 0000b000 08:02 46666460                   /lib/x86_64-linux-gnu/libnss_files-2.27.so
7faeae58b000-7faeae591000 rw-p 00000000 00:00 0 
7faeae591000-7faeae5a8000 r-xp 00000000 08:02 46666454                   /lib/x86_64-linux-gnu/libnsl-2.27.so
7faeae5a8000-7faeae7a7000 ---p 00017000 08:02 46666454                   /lib/x86_64-linux-gnu/libnsl-2.27.so
7faeae7a7000-7faeae7a8000 r--p 00016000 08:02 46666454                   /lib/x86_64-linux-gnu/libnsl-2.27.so
7faeae7a8000-7faeae7a9000 rw-p 00017000 08:02 46666454                   /lib/x86_64-linux-gnu/libnsl-2.27.so
7faeae7a9000-7faeae7ab000 rw-p 00000000 00:00 0 
7faeae7ab000-7faeae7b6000 r-xp 00000000 08:02 46666471                   /lib/x86_64-linux-gnu/libnss_nis-2.27.so
7faeae7b6000-7faeae9b5000 ---p 0000b000 08:02 46666471                   /lib/x86_64-linux-gnu/libnss_nis-2.27.so
7faeae9b5000-7faeae9b6000 r--p 0000a000 08:02 46666471                   /lib/x86_64-linux-gnu/libnss_nis-2.27.so
7faeae9b6000-7faeae9b7000 rw-p 0000b000 08:02 46666471                   /lib/x86_64-linux-gnu/libnss_nis-2.27.so
7faeae9b7000-7faeae9bf000 r-xp 00000000 08:02 46666456                   /lib/x86_64-linux-gnu/libnss_compat-2.27.so
7faeae9bf000-7faeaebbf000 ---p 00008000 08:02 46666456                   /lib/x86_64-linux-gnu/libnss_compat-2.27.so
7faeaebbf000-7faeaebc0000 r--p 00008000 08:02 46666456                   /lib/x86_64-linux-gnu/libnss_compat-2.27.so
7faeaebc0000-7faeaebc1000 rw-p 00009000 08:02 46666456                   /lib/x86_64-linux-gnu/libnss_compat-2.27.so
7faeaebc1000-7faeaebee000 r-xp 00000000 08:02 11011316                   /home/androidpc/android-studio/jre/jre/lib/amd64/libjava.so
7faeaebee000-7faeaeded000 ---p 0002d000 08:02 11011316                   /home/androidpc/android-studio/jre/jre/lib/amd64/libjava.so
7faeaeded000-7faeaedee000 r--p 0002c000 08:02 11011316                   /home/androidpc/android-studio/jre/jre/lib/amd64/libjava.so
7faeaedee000-7faeaedf0000 rw-p 0002d000 08:02 11011316                   /home/androidpc/android-studio/jre/jre/lib/amd64/libjava.so
7faeaedf0000-7faeaee00000 r-xp 00000000 08:02 11011322                   /home/androidpc/android-studio/jre/jre/lib/amd64/libverify.so
7faeaee00000-7faeaefff000 ---p 00010000 08:02 11011322                   /home/androidpc/android-studio/jre/jre/lib/amd64/libverify.so
7faeaefff000-7faeaf001000 r--p 0000f000 08:02 11011322                   /home/androidpc/android-studio/jre/jre/lib/amd64/libverify.so
7faeaf001000-7faeaf002000 rw-p 00011000 08:02 11011322                   /home/androidpc/android-studio/jre/jre/lib/amd64/libverify.so
7faeaf002000-7faeaf009000 r-xp 00000000 08:02 46666511                   /lib/x86_64-linux-gnu/librt-2.27.so
7faeaf009000-7faeaf208000 ---p 00007000 08:02 46666511                   /lib/x86_64-linux-gnu/librt-2.27.so
7faeaf208000-7faeaf209000 r--p 00006000 08:02 46666511                   /lib/x86_64-linux-gnu/librt-2.27.so
7faeaf209000-7faeaf20a000 rw-p 00007000 08:02 46666511                   /lib/x86_64-linux-gnu/librt-2.27.so
7faeaf20a000-7faeaf3a7000 r-xp 00000000 08:02 46666433                   /lib/x86_64-linux-gnu/libm-2.27.so
7faeaf3a7000-7faeaf5a6000 ---p 0019d000 08:02 46666433                   /lib/x86_64-linux-gnu/libm-2.27.so
7faeaf5a6000-7faeaf5a7000 r--p 0019c000 08:02 46666433                   /lib/x86_64-linux-gnu/libm-2.27.so
7faeaf5a7000-7faeaf5a8000 rw-p 0019d000 08:02 46666433                   /lib/x86_64-linux-gnu/libm-2.27.so
7faeaf5a8000-7faeb01a0000 r-xp 00000000 08:02 11011326                   /home/androidpc/android-studio/jre/jre/lib/amd64/server/libjvm.so
7faeb01a0000-7faeb03a0000 ---p 00bf8000 08:02 11011326                   /home/androidpc/android-studio/jre/jre/lib/amd64/server/libjvm.so
7faeb03a0000-7faeb043f000 r--p 00bf8000 08:02 11011326                   /home/androidpc/android-studio/jre/jre/lib/amd64/server/libjvm.so
7faeb043f000-7faeb0468000 rw-p 00c97000 08:02 11011326                   /home/androidpc/android-studio/jre/jre/lib/amd64/server/libjvm.so
7faeb0468000-7faeb04ac000 rw-p 00000000 00:00 0 
7faeb04ac000-7faeb04c6000 r-xp 00000000 08:02 46666503                   /lib/x86_64-linux-gnu/libpthread-2.27.so
7faeb04c6000-7faeb06c5000 ---p 0001a000 08:02 46666503                   /lib/x86_64-linux-gnu/libpthread-2.27.so
7faeb06c5000-7faeb06c6000 r--p 00019000 08:02 46666503                   /lib/x86_64-linux-gnu/libpthread-2.27.so
7faeb06c6000-7faeb06c7000 rw-p 0001a000 08:02 46666503                   /lib/x86_64-linux-gnu/libpthread-2.27.so
7faeb06c7000-7faeb06cb000 rw-p 00000000 00:00 0 
7faeb06cb000-7faeb06ce000 r-xp 00000000 08:02 46666393                   /lib/x86_64-linux-gnu/libdl-2.27.so
7faeb06ce000-7faeb08cd000 ---p 00003000 08:02 46666393                   /lib/x86_64-linux-gnu/libdl-2.27.so
7faeb08cd000-7faeb08ce000 r--p 00002000 08:02 46666393                   /lib/x86_64-linux-gnu/libdl-2.27.so
7faeb08ce000-7faeb08cf000 rw-p 00003000 08:02 46666393                   /lib/x86_64-linux-gnu/libdl-2.27.so
7faeb08cf000-7faeb0ab6000 r-xp 00000000 08:02 46666370                   /lib/x86_64-linux-gnu/libc-2.27.so
7faeb0ab6000-7faeb0cb6000 ---p 001e7000 08:02 46666370                   /lib/x86_64-linux-gnu/libc-2.27.so
7faeb0cb6000-7faeb0cba000 r--p 001e7000 08:02 46666370                   /lib/x86_64-linux-gnu/libc-2.27.so
7faeb0cba000-7faeb0cbc000 rw-p 001eb000 08:02 46666370                   /lib/x86_64-linux-gnu/libc-2.27.so
7faeb0cbc000-7faeb0cc0000 rw-p 00000000 00:00 0 
7faeb0cc0000-7faeb0cd6000 r-xp 00000000 08:02 10749151                   /home/androidpc/android-studio/jre/lib/amd64/jli/libjli.so
7faeb0cd6000-7faeb0ed5000 ---p 00016000 08:02 10749151                   /home/androidpc/android-studio/jre/lib/amd64/jli/libjli.so
7faeb0ed5000-7faeb0ed6000 r--p 00015000 08:02 10749151                   /home/androidpc/android-studio/jre/lib/amd64/jli/libjli.so
7faeb0ed6000-7faeb0ed7000 rw-p 00016000 08:02 10749151                   /home/androidpc/android-studio/jre/lib/amd64/jli/libjli.so
7faeb0ed7000-7faeb0efe000 r-xp 00000000 08:02 46666342                   /lib/x86_64-linux-gnu/ld-2.27.so
7faeb0f0d000-7faeb0fe0000 rw-p 00000000 00:00 0 
7faeb0fe0000-7faeb0fe1000 ---p 00000000 00:00 0 
7faeb0fe1000-7faeb0fe4000 ---p 00000000 00:00 0 
7faeb0fe4000-7faeb10e3000 rw-p 00000000 00:00 0 
7faeb10e3000-7faeb10f2000 r--s 000ef000 08:02 60690005                   /home/androidpc/Android/android-sdk-linux/build-tools/28.0.0/lib/dx.jar
7faeb10f2000-7faeb10fa000 rw-s 00000000 08:02 60433099                   /tmp/hsperfdata_androidpc/26491
7faeb10fa000-7faeb10fb000 rw-p 00000000 00:00 0 
7faeb10fb000-7faeb10fc000 ---p 00000000 00:00 0 
7faeb10fc000-7faeb10fe000 rw-p 00000000 00:00 0 
7faeb10fe000-7faeb10ff000 r--p 00027000 08:02 46666342                   /lib/x86_64-linux-gnu/ld-2.27.so
7faeb10ff000-7faeb1100000 rw-p 00028000 08:02 46666342                   /lib/x86_64-linux-gnu/ld-2.27.so
7faeb1100000-7faeb1101000 rw-p 00000000 00:00 0 
7ffe1225e000-7ffe1227f000 rw-p 00000000 00:00 0                          [stack]
7ffe123f9000-7ffe123fc000 r--p 00000000 00:00 0                          [vvar]
7ffe123fc000-7ffe123fe000 r-xp 00000000 00:00 0                          [vdso]
ffffffffff600000-ffffffffff601000 r-xp 00000000 00:00 0                  [vsyscall]

VM Arguments:
jvm_args: -Djava.awt.headless=true -Xmx4g -Dfile.encoding=UTF-8 -Duser.country=IN -Duser.language=en -Duser.variant 
java_command: com.android.dx.command.Main --dex --num-threads=4 --multi-dex --main-dex-list /home/androidpc/EonTechnician/app/build/intermediates/multi-dex/release/maindexlist.txt --output /home/androidpc/EonTechnician/app/build/intermediates/transforms/dex/release/0 --min-sdk-version 16 /home/androidpc/EonTechnician/app/build/intermediates/transforms/jarMerging/release/0.jar
java_class_path (initial): /home/androidpc/Android/android-sdk-linux/build-tools/28.0.0/lib/dx.jar
Launcher Type: SUN_STANDARD

Environment Variables:
JAVA_HOME=/usr/lib/jvm/java-8-oracle
PATH=/usr/local/sbin:/usr/local/bin:/usr/sbin:/usr/bin:/sbin:/bin:/usr/games:/usr/local/games:/snap/bin:/usr/lib/jvm/java-8-oracle/bin:/usr/lib/jvm/java-8-oracle/db/bin:/usr/lib/jvm/java-8-oracle/jre/bin:/usr/lib/jvm/java-8-oracle/bin:/usr/lib/jvm/java-8-oracle/db/bin:/usr/lib/jvm/java-8-oracle/jre/bin
LD_LIBRARY_PATH=/home/androidpc/android-studio/bin:
SHELL=/bin/bash
DISPLAY=:0

Signal Handlers:
SIGSEGV: [libjvm.so+0x9ebc60], sa_mask[0]=11111111011111111101111111111110, sa_flags=SA_RESTART|SA_SIGINFO
SIGBUS: [libjvm.so+0x9ebc60], sa_mask[0]=11111111011111111101111111111110, sa_flags=SA_RESTART|SA_SIGINFO
SIGFPE: [libjvm.so+0x84cf60], sa_mask[0]=11111111011111111101111111111110, sa_flags=SA_RESTART|SA_SIGINFO
SIGPIPE: [libjvm.so+0x84cf60], sa_mask[0]=11111111011111111101111111111110, sa_flags=SA_RESTART|SA_SIGINFO
SIGXFSZ: [libjvm.so+0x84cf60], sa_mask[0]=11111111011111111101111111111110, sa_flags=SA_RESTART|SA_SIGINFO
SIGILL: [libjvm.so+0x84cf60], sa_mask[0]=11111111011111111101111111111110, sa_flags=SA_RESTART|SA_SIGINFO
SIGUSR1: SIG_DFL, sa_mask[0]=00000000000000000000000000000000, sa_flags=none
SIGUSR2: [libjvm.so+0x84ce30], sa_mask[0]=00100000000000000000000000000000, sa_flags=SA_RESTART|SA_SIGINFO
SIGHUP: [libjvm.so+0x84d020], sa_mask[0]=11111111011111111101111111111110, sa_flags=SA_RESTART|SA_SIGINFO
SIGINT: [libjvm.so+0x84d020], sa_mask[0]=11111111011111111101111111111110, sa_flags=SA_RESTART|SA_SIGINFO
SIGTERM: [libjvm.so+0x84d020], sa_mask[0]=11111111011111111101111111111110, sa_flags=SA_RESTART|SA_SIGINFO
SIGQUIT: [libjvm.so+0x84d020], sa_mask[0]=11111111011111111101111111111110, sa_flags=SA_RESTART|SA_SIGINFO


---------------  S Y S T E M  ---------------

OS:DISTRIB_ID=Ubuntu
DISTRIB_RELEASE=18.04
DISTRIB_CODENAME=bionic
DISTRIB_DESCRIPTION="Ubuntu 18.04.1 LTS"

uname:Linux 4.15.0-54-generic #58-Ubuntu SMP Mon Jun 24 10:55:24 UTC 2019 x86_64
libc:glibc 2.27 NPTL 2.27 
rlimit: STACK 8192k, CORE 0k, NPROC 30894, NOFILE 1048576, AS infinity
load average:5.06 3.00 2.15

/proc/meminfo:
MemTotal:        8024636 kB
MemFree:          115596 kB
MemAvailable:      30676 kB
Buffers:            2424 kB
Cached:           254832 kB
SwapCached:        21216 kB
Active:          6699564 kB
Inactive:         868572 kB
Active(anon):    6683460 kB
Inactive(anon):   835156 kB
Active(file):      16104 kB
Inactive(file):    33416 kB
Unevictable:         180 kB
Mlocked:             180 kB
SwapTotal:       2097148 kB
SwapFree:          56724 kB
Dirty:               208 kB
Writeback:         17384 kB
AnonPages:       7290536 kB
Mapped:           136628 kB
Shmem:            207620 kB
Slab:             144860 kB
SReclaimable:      60384 kB
SUnreclaim:        84476 kB
KernelStack:       18448 kB
PageTables:        87492 kB
NFS_Unstable:          0 kB
Bounce:                0 kB
WritebackTmp:          0 kB
CommitLimit:     6109464 kB
Committed_AS:   18165772 kB
VmallocTotal:   34359738367 kB
VmallocUsed:           0 kB
VmallocChunk:          0 kB
HardwareCorrupted:     0 kB
AnonHugePages:         0 kB
ShmemHugePages:        0 kB
ShmemPmdMapped:        0 kB
CmaTotal:              0 kB
CmaFree:               0 kB
HugePages_Total:       0
HugePages_Free:        0
HugePages_Rsvd:        0
HugePages_Surp:        0
Hugepagesize:       2048 kB
DirectMap4k:      387060 kB
DirectMap2M:     7858176 kB
DirectMap1G:           0 kB


CPU:total 6 (initial active 6) (6 cores per cpu, 1 threads per core) family 6 model 158 stepping 10, cmov, cx8, fxsr, mmx, sse, sse2, sse3, ssse3, sse4.1, sse4.2, popcnt, avx, avx2, aes, clmul, erms, 3dnowpref, lzcnt, tsc, tscinvbit, bmi1, bmi2, adx

/proc/cpuinfo:
processor	: 0
vendor_id	: GenuineIntel
cpu family	: 6
model		: 158
model name	: Intel(R) Core(TM) i5-8400 CPU @ 2.80GHz
stepping	: 10
microcode	: 0xb4
cpu MHz		: 934.785
cache size	: 9216 KB
physical id	: 0
siblings	: 6
core id		: 0
cpu cores	: 6
apicid		: 0
initial apicid	: 0
fpu		: yes
fpu_exception	: yes
cpuid level	: 22
wp		: yes
flags		: fpu vme de pse tsc msr pae mce cx8 apic sep mtrr pge mca cmov pat pse36 clflush dts acpi mmx fxsr sse sse2 ss ht tm pbe syscall nx pdpe1gb rdtscp lm constant_tsc art arch_perfmon pebs bts rep_good nopl xtopology nonstop_tsc cpuid aperfmperf tsc_known_freq pni pclmulqdq dtes64 monitor ds_cpl vmx est tm2 ssse3 sdbg fma cx16 xtpr pdcm pcid sse4_1 sse4_2 x2apic movbe popcnt tsc_deadline_timer aes xsave avx f16c rdrand lahf_lm abm 3dnowprefetch cpuid_fault epb invpcid_single pti ssbd ibrs ibpb stibp tpr_shadow vnmi flexpriority ept vpid fsgsbase tsc_adjust bmi1 avx2 smep bmi2 erms invpcid mpx rdseed adx smap clflushopt intel_pt xsaveopt xsavec xgetbv1 xsaves dtherm ida arat pln pts hwp hwp_notify hwp_act_window hwp_epp md_clear flush_l1d
bugs		: cpu_meltdown spectre_v1 spectre_v2 spec_store_bypass l1tf mds
bogomips	: 5616.00
clflush size	: 64
cache_alignment	: 64
address sizes	: 39 bits physical, 48 bits virtual
power management:

processor	: 1
vendor_id	: GenuineIntel
cpu family	: 6
model		: 158
model name	: Intel(R) Core(TM) i5-8400 CPU @ 2.80GHz
stepping	: 10
microcode	: 0xb4
cpu MHz		: 904.957
cache size	: 9216 KB
physical id	: 0
siblings	: 6
core id		: 1
cpu cores	: 6
apicid		: 2
initial apicid	: 2
fpu		: yes
fpu_exception	: yes
cpuid level	: 22
wp		: yes
flags		: fpu vme de pse tsc msr pae mce cx8 apic sep mtrr pge mca cmov pat pse36 clflush dts acpi mmx fxsr sse sse2 ss ht tm pbe syscall nx pdpe1gb rdtscp lm constant_tsc art arch_perfmon pebs bts rep_good nopl xtopology nonstop_tsc cpuid aperfmperf tsc_known_freq pni pclmulqdq dtes64 monitor ds_cpl vmx est tm2 ssse3 sdbg fma cx16 xtpr pdcm pcid sse4_1 sse4_2 x2apic movbe popcnt tsc_deadline_timer aes xsave avx f16c rdrand lahf_lm abm 3dnowprefetch cpuid_fault epb invpcid_single pti ssbd ibrs ibpb stibp tpr_shadow vnmi flexpriority ept vpid fsgsbase tsc_adjust bmi1 avx2 smep bmi2 erms invpcid mpx rdseed adx smap clflushopt intel_pt xsaveopt xsavec xgetbv1 xsaves dtherm ida arat pln pts hwp hwp_notify hwp_act_window hwp_epp md_clear flush_l1d
bugs		: cpu_meltdown spectre_v1 spectre_v2 spec_store_bypass l1tf mds
bogomips	: 5616.00
clflush size	: 64
cache_alignment	: 64
address sizes	: 39 bits physical, 48 bits virtual
power management:

processor	: 2
vendor_id	: GenuineIntel
cpu family	: 6
model		: 158
model name	: Intel(R) Core(TM) i5-8400 CPU @ 2.80GHz
stepping	: 10
microcode	: 0xb4
cpu MHz		: 895.636
cache size	: 9216 KB
physical id	: 0
siblings	: 6
core id		: 2
cpu cores	: 6
apicid		: 4
initial apicid	: 4
fpu		: yes
fpu_exception	: yes
cpuid level	: 22
wp		: yes
flags		: fpu vme de pse tsc msr pae mce cx8 apic sep mtrr pge mca cmov pat pse36 clflush dts acpi mmx fxsr sse sse2 ss ht tm pbe syscall nx pdpe1gb rdtscp lm constant_tsc art arch_perfmon pebs bts rep_good nopl xtopology nonstop_tsc cpuid aperfmperf tsc_known_freq pni pclmulqdq dtes64 monitor ds_cpl vmx est tm2 ssse3 sdbg fma cx16 xtpr pdcm pcid sse4_1 sse4_2 x2apic movbe popcnt tsc_deadline_timer aes xsave avx f16c rdrand lahf_lm abm 3dnowprefetch cpuid_fault epb invpcid_single pti ssbd ibrs ibpb stibp tpr_shadow vnmi flexpriority ept vpid fsgsbase tsc_adjust bmi1 avx2 smep bmi2 erms invpcid mpx rdseed adx smap clflushopt intel_pt xsaveopt xsavec xgetbv1 xsaves dtherm ida arat pln pts hwp hwp_notify hwp_act_window hwp_epp md_clear flush_l1d
bugs		: cpu_meltdown spectre_v1 spectre_v2 spec_store_bypass l1tf mds
bogomips	: 5616.00
clflush size	: 64
cache_alignment	: 64
address sizes	: 39 bits physical, 48 bits virtual
power management:

processor	: 3
vendor_id	: GenuineIntel
cpu family	: 6
model		: 158
model name	: Intel(R) Core(TM) i5-8400 CPU @ 2.80GHz
stepping	: 10
microcode	: 0xb4
cpu MHz		: 900.951
cache size	: 9216 KB
physical id	: 0
siblings	: 6
core id		: 3
cpu cores	: 6
apicid		: 6
initial apicid	: 6
fpu		: yes
fpu_exception	: yes
cpuid level	: 22
wp		: yes
flags		: fpu vme de pse tsc msr pae mce cx8 apic sep mtrr pge mca cmov pat pse36 clflush dts acpi mmx fxsr sse sse2 ss ht tm pbe syscall nx pdpe1gb rdtscp lm constant_tsc art arch_perfmon pebs bts rep_good nopl xtopology nonstop_tsc cpuid aperfmperf tsc_known_freq pni pclmulqdq dtes64 monitor ds_cpl vmx est tm2 ssse3 sdbg fma cx16 xtpr pdcm pcid sse4_1 sse4_2 x2apic movbe popcnt tsc_deadline_timer aes xsave avx f16c rdrand lahf_lm abm 3dnowprefetch cpuid_fault epb invpcid_single pti ssbd ibrs ibpb stibp tpr_shadow vnmi flexpriority ept vpid fsgsbase tsc_adjust bmi1 avx2 smep bmi2 erms invpcid mpx rdseed adx smap clflushopt intel_pt xsaveopt xsavec xgetbv1 xsaves dtherm ida arat pln pts hwp hwp_notify hwp_act_window hwp_epp md_clear flush_l1d
bugs		: cpu_meltdown spectre_v1 spectre_v2 spec_store_bypass l1tf mds
bogomips	: 5616.00
clflush size	: 64
cache_alignment	: 64
address sizes	: 39 bits physical, 48 bits virtual
power management:

processor	: 4
vendor_id	: GenuineIntel
cpu family	: 6
model		: 158
model name	: Intel(R) Core(TM) i5-8400 CPU @ 2.80GHz
stepping	: 10
microcode	: 0xb4
cpu MHz		: 1118.582
cache size	: 9216 KB
physical id	: 0
siblings	: 6
core id		: 4
cpu cores	: 6
apicid		: 8
initial apicid	: 8
fpu		: yes
fpu_exception	: yes
cpuid level	: 22
wp		: yes
flags		: fpu vme de pse tsc msr pae mce cx8 apic sep mtrr pge mca cmov pat pse36 clflush dts acpi mmx fxsr sse sse2 ss ht tm pbe syscall nx pdpe1gb rdtscp lm constant_tsc art arch_perfmon pebs bts rep_good nopl xtopology nonstop_tsc cpuid aperfmperf tsc_known_freq pni pclmulqdq dtes64 monitor ds_cpl vmx est tm2 ssse3 sdbg fma cx16 xtpr pdcm pcid sse4_1 sse4_2 x2apic movbe popcnt tsc_deadline_timer aes xsave avx f16c rdrand lahf_lm abm 3dnowprefetch cpuid_fault epb invpcid_single pti ssbd ibrs ibpb stibp tpr_shadow vnmi flexpriority ept vpid fsgsbase tsc_adjust bmi1 avx2 smep bmi2 erms invpcid mpx rdseed adx smap clflushopt intel_pt xsaveopt xsavec xgetbv1 xsaves dtherm ida arat pln pts hwp hwp_notify hwp_act_window hwp_epp md_clear flush_l1d
bugs		: cpu_meltdown spectre_v1 spectre_v2 spec_store_bypass l1tf mds
bogomips	: 5616.00
clflush size	: 64
cache_alignment	: 64
address sizes	: 39 bits physical, 48 bits virtual
power management:

processor	: 5
vendor_id	: GenuineIntel
cpu family	: 6
model		: 158
model name	: Intel(R) Core(TM) i5-8400 CPU @ 2.80GHz
stepping	: 10
microcode	: 0xb4
cpu MHz		: 1357.204
cache size	: 9216 KB
physical id	: 0
siblings	: 6
core id		: 5
cpu cores	: 6
apicid		: 10
initial apicid	: 10
fpu		: yes
fpu_exception	: yes
cpuid level	: 22
wp		: yes
flags		: fpu vme de pse tsc msr pae mce cx8 apic sep mtrr pge mca cmov pat pse36 clflush dts acpi mmx fxsr sse sse2 ss ht tm pbe syscall nx pdpe1gb rdtscp lm constant_tsc art arch_perfmon pebs bts rep_good nopl xtopology nonstop_tsc cpuid aperfmperf tsc_known_freq pni pclmulqdq dtes64 monitor ds_cpl vmx est tm2 ssse3 sdbg fma cx16 xtpr pdcm pcid sse4_1 sse4_2 x2apic movbe popcnt tsc_deadline_timer aes xsave avx f16c rdrand lahf_lm abm 3dnowprefetch cpuid_fault epb invpcid_single pti ssbd ibrs ibpb stibp tpr_shadow vnmi flexpriority ept vpid fsgsbase tsc_adjust bmi1 avx2 smep bmi2 erms invpcid mpx rdseed adx smap clflushopt intel_pt xsaveopt xsavec xgetbv1 xsaves dtherm ida arat pln pts hwp hwp_notify hwp_act_window hwp_epp md_clear flush_l1d
bugs		: cpu_meltdown spectre_v1 spectre_v2 spec_store_bypass l1tf mds
bogomips	: 5616.00
clflush size	: 64
cache_alignment	: 64
address sizes	: 39 bits physical, 48 bits virtual
power management:



Memory: 4k page, physical 8024636k(117736k free), swap 2097148k(53928k free)

vm_info: OpenJDK 64-Bit Server VM (25.152-b01) for linux-amd64 JRE (1.8.0_152-release-915-b01), built by "builder" with gcc 4.8.4

time: Mon Jul  8 17:12:36 2019
elapsed time: 23 seconds (0d 0h 0m 23s)

