#
# There is insufficient memory for the Java Runtime Environment to continue.
# Native memory allocation (mmap) failed to map 195559424 bytes for committing reserved memory.
# Possible reasons:
#   The system is out of physical RAM or swap space
#   In 32 bit mode, the process size limit was hit
# Possible solutions:
#   Reduce memory load on the system
#   Increase physical memory or swap space
#   Check if swap backing store is full
#   Use 64 bit Java on a 64 bit OS
#   Decrease Java heap size (-Xmx/-Xms)
#   Decrease number of Java threads
#   Decrease Java thread stack sizes (-Xss)
#   Set larger code cache with -XX:ReservedCodeCacheSize=
# This output file may be truncated or incomplete.
#
#  Out of Memory Error (os_linux.cpp:2640), pid=4338, tid=0x00007fe23d5f8700
#
# JRE version: OpenJDK Runtime Environment (8.0_152-b01) (build 1.8.0_152-release-915-b01)
# Java VM: OpenJDK 64-Bit Server VM (25.152-b01 mixed mode linux-amd64 compressed oops)
# Failed to write core dump. Core dumps have been disabled. To enable core dumping, try "ulimit -c unlimited" before starting Java again
#

---------------  T H R E A D  ---------------

Current thread (0x00007fe25007d000):  VMThread [stack: 0x00007fe23d4f9000,0x00007fe23d5f9000] [id=4350]

Stack: [0x00007fe23d4f9000,0x00007fe23d5f9000],  sp=0x00007fe23d5f7470,  free space=1017k
Native frames: (J=compiled Java code, j=interpreted, Vv=VM code, C=native code)
V  [libjvm.so+0x9eb15d]  VMError::report_and_die()+0x15d
V  [libjvm.so+0x4b8eaa]  report_vm_out_of_memory(char const*, int, unsigned long, VMErrorType, char const*)+0x8a
V  [libjvm.so+0x851370]  os::pd_commit_memory(char*, unsigned long, unsigned long, bool)+0xf0
V  [libjvm.so+0x84be8f]  os::commit_memory(char*, unsigned long, unsigned long, bool)+0x1f
V  [libjvm.so+0x8c261b]  PSVirtualSpace::expand_by(unsigned long)+0x5b
V  [libjvm.so+0x8b33fb]  PSOldGen::expand_by(unsigned long) [clone .part.109]+0x1b
V  [libjvm.so+0x8b35bb]  PSOldGen::expand(unsigned long) [clone .part.111]+0xdb
V  [libjvm.so+0x8b3e98]  PSOldGen::resize(unsigned long)+0x188
V  [libjvm.so+0x8b94ac]  PSParallelCompact::invoke_no_policy(bool)+0x97c
V  [libjvm.so+0x8c05bd]  PSScavenge::invoke()+0x17d
V  [libjvm.so+0x8748f3]  ParallelScavengeHeap::failed_mem_allocate(unsigned long)+0x63
V  [libjvm.so+0x9ecc84]  VM_ParallelGCFailedAllocation::doit()+0x84
V  [libjvm.so+0x9f1197]  VM_Operation::evaluate()+0x47
V  [libjvm.so+0x9efb78]  VMThread::evaluate_operation(VM_Operation*)+0x2c8
V  [libjvm.so+0x9efff9]  VMThread::loop()+0x219
V  [libjvm.so+0x9f0442]  VMThread::run()+0x72
V  [libjvm.so+0x84e792]  java_start(Thread*)+0xf2

VM_Operation (0x00007fe237dfc120): ParallelGCFailedAllocation, mode: safepoint, requested by thread 0x00007fe2501bd800


---------------  P R O C E S S  ---------------

Java Threads: ( => current thread )
  0x00007fe2501bf000 JavaThread "pool-2-thread-4" [_thread_blocked, id=4364, stack(0x00007fe237bfc000,0x00007fe237cfd000)]
  0x00007fe2501bd800 JavaThread "pool-2-thread-3" [_thread_blocked, id=4363, stack(0x00007fe237cfd000,0x00007fe237dfe000)]
  0x00007fe2501b1800 JavaThread "pool-2-thread-2" [_thread_blocked, id=4362, stack(0x00007fe237dfe000,0x00007fe237eff000)]
  0x00007fe2501af800 JavaThread "pool-3-thread-1" [_thread_blocked, id=4361, stack(0x00007fe237eff000,0x00007fe238000000)]
  0x00007fe2501ae800 JavaThread "pool-2-thread-1" [_thread_blocked, id=4360, stack(0x00007fe23c0b6000,0x00007fe23c1b7000)]
  0x00007fe2500cd000 JavaThread "Service Thread" daemon [_thread_blocked, id=4357, stack(0x00007fe23c422000,0x00007fe23c523000)]
  0x00007fe2500c2000 JavaThread "C1 CompilerThread2" daemon [_thread_blocked, id=4356, stack(0x00007fe23c524000,0x00007fe23c624000)]
  0x00007fe2500c0000 JavaThread "C2 CompilerThread1" daemon [_thread_blocked, id=4355, stack(0x00007fe23c625000,0x00007fe23c725000)]
  0x00007fe2500bd800 JavaThread "C2 CompilerThread0" daemon [_thread_blocked, id=4354, stack(0x00007fe23c726000,0x00007fe23c826000)]
  0x00007fe2500bc000 JavaThread "Signal Dispatcher" daemon [_thread_blocked, id=4353, stack(0x00007fe23c826000,0x00007fe23c927000)]
  0x00007fe250089800 JavaThread "Finalizer" daemon [_thread_blocked, id=4352, stack(0x00007fe23d2f6000,0x00007fe23d3f7000)]
  0x00007fe250085000 JavaThread "Reference Handler" daemon [_thread_blocked, id=4351, stack(0x00007fe23d3f7000,0x00007fe23d4f8000)]
  0x00007fe25000b800 JavaThread "main" [_thread_blocked, id=4343, stack(0x00007fe257433000,0x00007fe257533000)]

Other Threads:
=>0x00007fe25007d000 VMThread [stack: 0x00007fe23d4f9000,0x00007fe23d5f9000] [id=4350]
  0x00007fe2500cf800 WatcherThread [stack: 0x00007fe23c322000,0x00007fe23c422000] [id=4358]

VM state:at safepoint (normal execution)

VM Mutex/Monitor currently owned by a thread:  ([mutex/lock_event])
[0x00007fe250007910] ExpandHeap_lock - owner thread: 0x00007fe25007d000
[0x00007fe250007f90] Threads_lock - owner thread: 0x00007fe25007d000
[0x00007fe250008490] Heap_lock - owner thread: 0x00007fe2501bd800

Heap:
 PSYoungGen      total 929280K, used 78286K [0x000000076ab00000, 0x00000007acc00000, 0x00000007c0000000)
  eden space 808960K, 0% used [0x000000076ab00000,0x000000076ab00000,0x000000079c100000)
  from space 120320K, 65% used [0x00000007a4100000,0x00000007a8d73b60,0x00000007ab680000)
  to   space 131072K, 0% used [0x000000079c100000,0x000000079c100000,0x00000007a4100000)
 ParOldGen       total 427520K, used 427249K [0x00000006c0000000, 0x00000006da180000, 0x000000076ab00000)
  object space 427520K, 99% used [0x00000006c0000000,0x00000006da13c600,0x00000006da180000)
 Metaspace       used 6638K, capacity 7346K, committed 7552K, reserved 1056768K
  class space    used 606K, capacity 618K, committed 640K, reserved 1048576K

Card table byte_map: [0x00007fe2407ff000,0x00007fe241000000] byte_map_base: 0x00007fe23d1ff000

Marking Bits: (ParMarkBitMap*) 0x00007fe2568cf3e0
 Begin Bits: [0x00007fe208000000, 0x00007fe20c000000)
 End Bits:   [0x00007fe20c000000, 0x00007fe210000000)

Polling page: 0x00007fe25754d000

CodeCache: size=245760Kb used=14086Kb max_used=14917Kb free=231673Kb
 bounds [0x00007fe241000000, 0x00007fe241ed0000, 0x00007fe250000000]
 total_blobs=2893 nmethods=2626 adapters=181
 compilation: enabled

Compilation events (10 events):
Event: 68.219 Thread 0x00007fe2500c0000 nmethod 3404 0x00007fe2412563d0 code [0x00007fe241256520, 0x00007fe241256658]
Event: 68.219 Thread 0x00007fe2500c2000 nmethod 3402 0x00007fe2411d7990 code [0x00007fe2411d7d20, 0x00007fe2411d9e58]
Event: 68.219 Thread 0x00007fe2500c2000 3401 %     3       com.android.dx.ssa.back.FirstFitLocalCombiningAllocator::rangeContainsReserved @ 2 (30 bytes)
Event: 68.247 Thread 0x00007fe2500bd800 nmethod 3403 0x00007fe24125cd50 code [0x00007fe24125d0a0, 0x00007fe24125f070]
Event: 68.261 Thread 0x00007fe2500c2000 nmethod 3401% 0x00007fe24130a090 code [0x00007fe24130a220, 0x00007fe24130a548]
Event: 78.174 Thread 0x00007fe2500c0000 3405       4       com.android.dx.ssa.MoveParamCombiner$1::visitNonMoveInsn (213 bytes)
Event: 78.174 Thread 0x00007fe2500c2000 3411       3       java.util.DualPivotQuicksort::sort (1195 bytes)
Event: 78.174 Thread 0x00007fe2500bd800 3406       4       com.android.dx.dex.code.RopTranslator::translateAndGetResult (48 bytes)
Event: 80.245 Thread 0x00007fe2500c2000 nmethod 3411 0x00007fe241397590 code [0x00007fe241397940, 0x00007fe2413999e8]
Event: 80.245 Thread 0x00007fe2500c2000 3414 %     2       com.android.dx.ssa.back.IdenticalBlockCombiner::process @ 79 (323 bytes)

GC Heap History (10 events):
Event: 3.971 GC heap after
Heap after GC invocations=15 (full 2):
 PSYoungGen      total 581120K, used 52911K [0x000000076ab00000, 0x000000079a780000, 0x00000007c0000000)
  eden space 506880K, 0% used [0x000000076ab00000,0x000000076ab00000,0x0000000789a00000)
  from space 74240K, 71% used [0x0000000789a00000,0x000000078cdabc28,0x000000078e280000)
  to   space 78848K, 0% used [0x0000000795a80000,0x0000000795a80000,0x000000079a780000)
 ParOldGen       total 282112K, used 208895K [0x00000006c0000000, 0x00000006d1380000, 0x000000076ab00000)
  object space 282112K, 74% used [0x00000006c0000000,0x00000006ccbffd30,0x00000006d1380000)
 Metaspace       used 6615K, capacity 7346K, committed 7552K, reserved 1056768K
  class space    used 605K, capacity 618K, committed 640K, reserved 1048576K
}
Event: 5.034 GC heap before
{Heap before GC invocations=16 (full 2):
 PSYoungGen      total 581120K, used 559791K [0x000000076ab00000, 0x000000079a780000, 0x00000007c0000000)
  eden space 506880K, 100% used [0x000000076ab00000,0x0000000789a00000,0x0000000789a00000)
  from space 74240K, 71% used [0x0000000789a00000,0x000000078cdabc28,0x000000078e280000)
  to   space 78848K, 0% used [0x0000000795a80000,0x0000000795a80000,0x000000079a780000)
 ParOldGen       total 282112K, used 208895K [0x00000006c0000000, 0x00000006d1380000, 0x000000076ab00000)
  object space 282112K, 74% used [0x00000006c0000000,0x00000006ccbffd30,0x00000006d1380000)
 Metaspace       used 6623K, capacity 7346K, committed 7552K, reserved 1056768K
  class space    used 605K, capacity 618K, committed 640K, reserved 1048576K
Event: 19.055 GC heap after
Heap after GC invocations=16 (full 2):
 PSYoungGen      total 674304K, used 78839K [0x000000076ab00000, 0x00000007a2400000, 0x00000007c0000000)
  eden space 595456K, 0% used [0x000000076ab00000,0x000000076ab00000,0x000000078f080000)
  from space 78848K, 99% used [0x0000000795a80000,0x000000079a77df58,0x000000079a780000)
  to   space 108544K, 0% used [0x000000078f080000,0x000000078f080000,0x0000000795a80000)
 ParOldGen       total 282112K, used 253146K [0x00000006c0000000, 0x00000006d1380000, 0x000000076ab00000)
  object space 282112K, 89% used [0x00000006c0000000,0x00000006cf736ab8,0x00000006d1380000)
 Metaspace       used 6623K, capacity 7346K, committed 7552K, reserved 1056768K
  class space    used 605K, capacity 618K, committed 640K, reserved 1048576K
}
Event: 19.310 GC heap before
{Heap before GC invocations=17 (full 3):
 PSYoungGen      total 674304K, used 78839K [0x000000076ab00000, 0x00000007a2400000, 0x00000007c0000000)
  eden space 595456K, 0% used [0x000000076ab00000,0x000000076ab00000,0x000000078f080000)
  from space 78848K, 99% used [0x0000000795a80000,0x000000079a77df58,0x000000079a780000)
  to   space 108544K, 0% used [0x000000078f080000,0x000000078f080000,0x0000000795a80000)
 ParOldGen       total 282112K, used 253146K [0x00000006c0000000, 0x00000006d1380000, 0x000000076ab00000)
  object space 282112K, 89% used [0x00000006c0000000,0x00000006cf736ab8,0x00000006d1380000)
 Metaspace       used 6623K, capacity 7346K, committed 7552K, reserved 1056768K
  class space    used 605K, capacity 618K, committed 640K, reserved 1048576K
Event: 20.655 GC heap after
Heap after GC invocations=17 (full 3):
 PSYoungGen      total 674304K, used 43334K [0x000000076ab00000, 0x00000007a2400000, 0x00000007c0000000)
  eden space 595456K, 0% used [0x000000076ab00000,0x000000076ab00000,0x000000078f080000)
  from space 78848K, 54% used [0x0000000795a80000,0x00000007984d1b18,0x000000079a780000)
  to   space 108544K, 0% used [0x000000078f080000,0x000000078f080000,0x0000000795a80000)
 ParOldGen       total 427520K, used 281714K [0x00000006c0000000, 0x00000006da180000, 0x000000076ab00000)
  object space 427520K, 65% used [0x00000006c0000000,0x00000006d131c938,0x00000006da180000)
 Metaspace       used 6623K, capacity 7346K, committed 7552K, reserved 1056768K
  class space    used 605K, capacity 618K, committed 640K, reserved 1048576K
}
Event: 37.704 GC heap before
{Heap before GC invocations=18 (full 3):
 PSYoungGen      total 674304K, used 638790K [0x000000076ab00000, 0x00000007a2400000, 0x00000007c0000000)
  eden space 595456K, 100% used [0x000000076ab00000,0x000000078f080000,0x000000078f080000)
  from space 78848K, 54% used [0x0000000795a80000,0x00000007984d1b18,0x000000079a780000)
  to   space 108544K, 0% used [0x000000078f080000,0x000000078f080000,0x0000000795a80000)
 ParOldGen       total 427520K, used 281714K [0x00000006c0000000, 0x00000006da180000, 0x000000076ab00000)
  object space 427520K, 65% used [0x00000006c0000000,0x00000006d131c938,0x00000006da180000)
 Metaspace       used 6635K, capacity 7346K, committed 7552K, reserved 1056768K
  class space    used 606K, capacity 618K, committed 640K, reserved 1048576K
Event: 41.903 GC heap after
Heap after GC invocations=18 (full 3):
 PSYoungGen      total 704000K, used 90374K [0x000000076ab00000, 0x00000007ab680000, 0x00000007c0000000)
  eden space 595456K, 0% used [0x000000076ab00000,0x000000076ab00000,0x000000078f080000)
  from space 108544K, 83% used [0x000000078f080000,0x00000007948c1b78,0x0000000795a80000)
  to   space 120320K, 0% used [0x00000007a4100000,0x00000007a4100000,0x00000007ab680000)
 ParOldGen       total 427520K, used 324617K [0x00000006c0000000, 0x00000006da180000, 0x000000076ab00000)
  object space 427520K, 75% used [0x00000006c0000000,0x00000006d3d02788,0x00000006da180000)
 Metaspace       used 6635K, capacity 7346K, committed 7552K, reserved 1056768K
  class space    used 606K, capacity 618K, committed 640K, reserved 1048576K
}
Event: 97.914 GC heap before
{Heap before GC invocations=19 (full 3):
 PSYoungGen      total 704000K, used 685830K [0x000000076ab00000, 0x00000007ab680000, 0x00000007c0000000)
  eden space 595456K, 100% used [0x000000076ab00000,0x000000078f080000,0x000000078f080000)
  from space 108544K, 83% used [0x000000078f080000,0x00000007948c1b78,0x0000000795a80000)
  to   space 120320K, 0% used [0x00000007a4100000,0x00000007a4100000,0x00000007ab680000)
 ParOldGen       total 427520K, used 324617K [0x00000006c0000000, 0x00000006da180000, 0x000000076ab00000)
  object space 427520K, 75% used [0x00000006c0000000,0x00000006d3d02788,0x00000006da180000)
 Metaspace       used 6638K, capacity 7346K, committed 7552K, reserved 1056768K
  class space    used 606K, capacity 618K, committed 640K, reserved 1048576K
Event: 120.689 GC heap after
Heap after GC invocations=19 (full 3):
 PSYoungGen      total 929280K, used 93030K [0x000000076ab00000, 0x00000007acc00000, 0x00000007c0000000)
  eden space 808960K, 0% used [0x000000076ab00000,0x000000076ab00000,0x000000079c100000)
  from space 120320K, 77% used [0x00000007a4100000,0x00000007a9bd9a30,0x00000007ab680000)
  to   space 131072K, 0% used [0x000000079c100000,0x000000079c100000,0x00000007a4100000)
 ParOldGen       total 427520K, used 414711K [0x00000006c0000000, 0x00000006da180000, 0x000000076ab00000)
  object space 427520K, 97% used [0x00000006c0000000,0x00000006d94fdd40,0x00000006da180000)
 Metaspace       used 6638K, capacity 7346K, committed 7552K, reserved 1056768K
  class space    used 606K, capacity 618K, committed 640K, reserved 1048576K
}
Event: 121.550 GC heap before
{Heap before GC invocations=20 (full 4):
 PSYoungGen      total 929280K, used 93030K [0x000000076ab00000, 0x00000007acc00000, 0x00000007c0000000)
  eden space 808960K, 0% used [0x000000076ab00000,0x000000076ab00000,0x000000079c100000)
  from space 120320K, 77% used [0x00000007a4100000,0x00000007a9bd9a30,0x00000007ab680000)
  to   space 131072K, 0% used [0x000000079c100000,0x000000079c100000,0x00000007a4100000)
 ParOldGen       total 427520K, used 414711K [0x00000006c0000000, 0x00000006da180000, 0x000000076ab00000)
  object space 427520K, 97% used [0x00000006c0000000,0x00000006d94fdd40,0x00000006da180000)
 Metaspace       used 6638K, capacity 7346K, committed 7552K, reserved 1056768K
  class space    used 606K, capacity 618K, committed 640K, reserved 1048576K

Deoptimization events (10 events):
Event: 60.219 Thread 0x00007fe2501ae800 Uncommon trap: reason=unstable_if action=reinterpret pc=0x00007fe241db3720 method=com.android.dx.rop.code.Insn.contentEquals(Lcom/android/dx/rop/code/Insn;)Z @ 47
Event: 60.268 Thread 0x00007fe2501ae800 Uncommon trap: reason=unstable_if action=reinterpret pc=0x00007fe24128bf14 method=com.android.dx.ssa.InterferenceRegisterMapper.areAnyPinned(Lcom/android/dx/rop/code/RegisterSpecList;II)Z @ 68
Event: 68.097 Thread 0x00007fe2501b1800 Uncommon trap: reason=unstable_if action=reinterpret pc=0x00007fe241345a60 method=com.android.dx.ssa.MoveParamCombiner$1.visitNonMoveInsn(Lcom/android/dx/ssa/NormalSsaInsn;)V @ 71
Event: 78.174 Thread 0x00007fe2501bd800 Uncommon trap: reason=unstable_if action=reinterpret pc=0x00007fe241c51280 method=com.android.dx.ssa.back.IdenticalBlockCombiner.replaceSucc(Lcom/android/dx/rop/code/BasicBlock;II)V @ 30
Event: 78.174 Thread 0x00007fe2501b1800 Uncommon trap: reason=bimorphic action=maybe_recompile pc=0x00007fe241dfabf0 method=com.android.dx.cf.code.BytecodeArray.parseInstruction(ILcom/android/dx/cf/code/BytecodeArray$Visitor;)I @ 1867
Event: 79.293 Thread 0x00007fe25000b800 Uncommon trap: reason=class_check action=maybe_recompile pc=0x00007fe241336e54 method=com.android.dx.cf.attrib.AttConstantValue.<init>(Lcom/android/dx/rop/cst/TypedConstant;)V @ 28
Event: 79.677 Thread 0x00007fe25000b800 Uncommon trap: reason=class_check action=maybe_recompile pc=0x00007fe241336e54 method=com.android.dx.cf.attrib.AttConstantValue.<init>(Lcom/android/dx/rop/cst/TypedConstant;)V @ 28
Event: 79.679 Thread 0x00007fe25000b800 Uncommon trap: reason=class_check action=maybe_recompile pc=0x00007fe241336e54 method=com.android.dx.cf.attrib.AttConstantValue.<init>(Lcom/android/dx/rop/cst/TypedConstant;)V @ 28
Event: 79.683 Thread 0x00007fe2501ae800 Uncommon trap: reason=bimorphic action=maybe_recompile pc=0x00007fe241dfa9b0 method=com.android.dx.cf.code.BytecodeArray.parseInstruction(ILcom/android/dx/cf/code/BytecodeArray$Visitor;)I @ 1747
Event: 79.689 Thread 0x00007fe2501bf000 Uncommon trap: reason=bimorphic action=maybe_recompile pc=0x00007fe241dfa9b0 method=com.android.dx.cf.code.BytecodeArray.parseInstruction(ILcom/android/dx/cf/code/BytecodeArray$Visitor;)I @ 1747

Classes redefined (0 events):
No events

Internal exceptions (8 events):
Event: 0.040 Thread 0x00007fe25000b800 Exception <a 'java/lang/NoSuchMethodError': Method sun.misc.Unsafe.defineClass(Ljava/lang/String;[BII)Ljava/lang/Class; name or signature does not match> (0x000000076ab07ca8) thrown at [/ssd/Android/AOSP-openjdk-git/jdk8u/hotspot/src/share/vm/prims/jni.cp
Event: 0.040 Thread 0x00007fe25000b800 Exception <a 'java/lang/NoSuchMethodError': Method sun.misc.Unsafe.prefetchRead(Ljava/lang/Object;J)V name or signature does not match> (0x000000076ab07f90) thrown at [/ssd/Android/AOSP-openjdk-git/jdk8u/hotspot/src/share/vm/prims/jni.cpp, line 4011]
Event: 0.342 Thread 0x00007fe25000b800 Implicit null exception at 0x00007fe24116a374 to 0x00007fe24116a9bd
Event: 0.852 Thread 0x00007fe2501b1800 Implicit null exception at 0x00007fe24135dc0e to 0x00007fe241360535
Event: 0.894 Thread 0x00007fe2501b1800 Implicit null exception at 0x00007fe24131d9f7 to 0x00007fe241320435
Event: 0.997 Thread 0x00007fe2501ae800 Exception <a 'java/lang/ArrayIndexOutOfBoundsException': 18> (0x000000076d407ca8) thrown at [/ssd/Android/AOSP-openjdk-git/jdk8u/hotspot/src/share/vm/interpreter/interpreterRuntime.cpp, line 366]
Event: 0.998 Thread 0x00007fe2501ae800 Exception <a 'java/lang/ArrayIndexOutOfBoundsException': 145> (0x000000076d409828) thrown at [/ssd/Android/AOSP-openjdk-git/jdk8u/hotspot/src/share/vm/interpreter/interpreterRuntime.cpp, line 366]
Event: 0.998 Thread 0x00007fe2501ae800 Exception <a 'java/lang/ArrayIndexOutOfBoundsException': 40> (0x000000076d40ab10) thrown at [/ssd/Android/AOSP-openjdk-git/jdk8u/hotspot/src/share/vm/interpreter/interpreterRuntime.cpp, line 366]

Events (10 events):
Event: 80.245 Thread 0x00007fe2500c2000 flushing nmethod 0x00007fe24141e8d0
Event: 80.245 Thread 0x00007fe2500c2000 flushing nmethod 0x00007fe24141f450
Event: 80.245 Thread 0x00007fe2500c2000 flushing nmethod 0x00007fe241423850
Event: 80.245 Thread 0x00007fe2500c2000 flushing nmethod 0x00007fe241431750
Event: 80.245 Thread 0x00007fe2500c2000 flushing nmethod 0x00007fe241436350
Event: 80.245 Thread 0x00007fe2500c2000 flushing nmethod 0x00007fe241440a50
Event: 80.245 Thread 0x00007fe2500c2000 flushing nmethod 0x00007fe2414480d0
Event: 80.245 Thread 0x00007fe2500c2000 flushing nmethod 0x00007fe24144c350
Event: 80.245 Thread 0x00007fe2500c2000 flushing nmethod 0x00007fe24144cb90
Event: 80.278 Executing VM operation: ParallelGCFailedAllocation


Dynamic libraries:
00400000-00401000 r-xp 00000000 08:02 10618143                           /home/androidpc/android-studio/jre/bin/java
00600000-00601000 r--p 00000000 08:02 10618143                           /home/androidpc/android-studio/jre/bin/java
00601000-00602000 rw-p 00001000 08:02 10618143                           /home/androidpc/android-studio/jre/bin/java
01de9000-01e0a000 rw-p 00000000 00:00 0                                  [heap]
6c0000000-6da180000 rw-p 00000000 00:00 0 
6e5c00000-76ab00000 ---p 00000000 00:00 0 
76ab00000-7acc00000 rw-p 00000000 00:00 0 
7acc00000-7c0000000 ---p 00000000 00:00 0 
7c0000000-7c00a0000 rw-p 00000000 00:00 0 
7c00a0000-800000000 ---p 00000000 00:00 0 
7fe1d0000000-7fe1d0042000 rw-p 00000000 00:00 0 
7fe1d0042000-7fe1d4000000 ---p 00000000 00:00 0 
7fe1d8000000-7fe1d804d000 rw-p 00000000 00:00 0 
7fe1d804d000-7fe1dc000000 ---p 00000000 00:00 0 
7fe1dc000000-7fe1dc047000 rw-p 00000000 00:00 0 
7fe1dc047000-7fe1e0000000 ---p 00000000 00:00 0 
7fe1e0000000-7fe1e0022000 rw-p 00000000 00:00 0 
7fe1e0022000-7fe1e4000000 ---p 00000000 00:00 0 
7fe1e4000000-7fe1e4021000 rw-p 00000000 00:00 0 
7fe1e4021000-7fe1e8000000 ---p 00000000 00:00 0 
7fe1e8000000-7fe1e8021000 rw-p 00000000 00:00 0 
7fe1e8021000-7fe1ec000000 ---p 00000000 00:00 0 
7fe1ec000000-7fe1ec021000 rw-p 00000000 00:00 0 
7fe1ec021000-7fe1f0000000 ---p 00000000 00:00 0 
7fe1f0000000-7fe1f147c000 rw-p 00000000 00:00 0 
7fe1f147c000-7fe1f4000000 ---p 00000000 00:00 0 
7fe1f4000000-7fe1f4be5000 rw-p 00000000 00:00 0 
7fe1f4be5000-7fe1f8000000 ---p 00000000 00:00 0 
7fe1f8000000-7fe1f8021000 rw-p 00000000 00:00 0 
7fe1f8021000-7fe1fc000000 ---p 00000000 00:00 0 
7fe1fc000000-7fe1fe659000 rw-p 00000000 00:00 0 
7fe1fe659000-7fe200000000 ---p 00000000 00:00 0 
7fe200000000-7fe200021000 rw-p 00000000 00:00 0 
7fe200021000-7fe204000000 ---p 00000000 00:00 0 
7fe204000000-7fe204021000 rw-p 00000000 00:00 0 
7fe204021000-7fe208000000 ---p 00000000 00:00 0 
7fe208000000-7fe210000000 rw-p 00000000 00:00 0 
7fe210000000-7fe210021000 rw-p 00000000 00:00 0 
7fe210021000-7fe214000000 ---p 00000000 00:00 0 
7fe214000000-7fe2142a1000 rw-p 00000000 00:00 0 
7fe2142a1000-7fe218000000 ---p 00000000 00:00 0 
7fe218000000-7fe218021000 rw-p 00000000 00:00 0 
7fe218021000-7fe21c000000 ---p 00000000 00:00 0 
7fe220000000-7fe220021000 rw-p 00000000 00:00 0 
7fe220021000-7fe224000000 ---p 00000000 00:00 0 
7fe228000000-7fe228021000 rw-p 00000000 00:00 0 
7fe228021000-7fe22c000000 ---p 00000000 00:00 0 
7fe230000000-7fe230021000 rw-p 00000000 00:00 0 
7fe230021000-7fe234000000 ---p 00000000 00:00 0 
7fe237bfc000-7fe237bff000 ---p 00000000 00:00 0 
7fe237bff000-7fe237cfd000 rw-p 00000000 00:00 0 
7fe237cfd000-7fe237d00000 ---p 00000000 00:00 0 
7fe237d00000-7fe237dfe000 rw-p 00000000 00:00 0 
7fe237dfe000-7fe237e01000 ---p 00000000 00:00 0 
7fe237e01000-7fe237eff000 rw-p 00000000 00:00 0 
7fe237eff000-7fe237f02000 ---p 00000000 00:00 0 
7fe237f02000-7fe238000000 rw-p 00000000 00:00 0 
7fe238000000-7fe238021000 rw-p 00000000 00:00 0 
7fe238021000-7fe23c000000 ---p 00000000 00:00 0 
7fe23c0b6000-7fe23c0b9000 ---p 00000000 00:00 0 
7fe23c0b9000-7fe23c1b7000 rw-p 00000000 00:00 0 
7fe23c1b7000-7fe23c321000 r--s 01e4e000 08:02 12982208                   /home/androidpc/EonTechnician/app/build/intermediates/transforms/jarMerging/release/0.jar
7fe23c321000-7fe23c322000 ---p 00000000 00:00 0 
7fe23c322000-7fe23c422000 rw-p 00000000 00:00 0 
7fe23c422000-7fe23c425000 ---p 00000000 00:00 0 
7fe23c425000-7fe23c523000 rw-p 00000000 00:00 0 
7fe23c523000-7fe23c524000 ---p 00000000 00:00 0 
7fe23c524000-7fe23c527000 ---p 00000000 00:00 0 
7fe23c527000-7fe23c624000 rw-p 00000000 00:00 0 
7fe23c624000-7fe23c625000 ---p 00000000 00:00 0 
7fe23c625000-7fe23c628000 ---p 00000000 00:00 0 
7fe23c628000-7fe23c725000 rw-p 00000000 00:00 0 
7fe23c725000-7fe23c726000 ---p 00000000 00:00 0 
7fe23c726000-7fe23c729000 ---p 00000000 00:00 0 
7fe23c729000-7fe23c826000 rw-p 00000000 00:00 0 
7fe23c826000-7fe23c829000 ---p 00000000 00:00 0 
7fe23c829000-7fe23c927000 rw-p 00000000 00:00 0 
7fe23c927000-7fe23d2f6000 r--p 00000000 08:02 22026811                   /usr/lib/locale/locale-archive
7fe23d2f6000-7fe23d2f9000 ---p 00000000 00:00 0 
7fe23d2f9000-7fe23d3f7000 rw-p 00000000 00:00 0 
7fe23d3f7000-7fe23d3fa000 ---p 00000000 00:00 0 
7fe23d3fa000-7fe23d4f8000 rw-p 00000000 00:00 0 
7fe23d4f8000-7fe23d4f9000 ---p 00000000 00:00 0 
7fe23d4f9000-7fe23ebd4000 rw-p 00000000 00:00 0 
7fe23ebd4000-7fe23eda4000 r--s 03c46000 08:02 10880183                   /home/androidpc/android-studio/jre/jre/lib/rt.jar
7fe23eda4000-7fe23f464000 rw-p 00000000 00:00 0 
7fe23f464000-7fe23f5a4000 ---p 00000000 00:00 0 
7fe23f5a4000-7fe23fda4000 rw-p 00000000 00:00 0 
7fe23fda4000-7fe23fda5000 ---p 00000000 00:00 0 
7fe23fda5000-7fe23fea5000 rw-p 00000000 00:00 0 
7fe23fea5000-7fe23fea6000 ---p 00000000 00:00 0 
7fe23fea6000-7fe23ffa6000 rw-p 00000000 00:00 0 
7fe23ffa6000-7fe23ffa7000 ---p 00000000 00:00 0 
7fe23ffa7000-7fe2400a7000 rw-p 00000000 00:00 0 
7fe2400a7000-7fe2400a8000 ---p 00000000 00:00 0 
7fe2400a8000-7fe2401a8000 rw-p 00000000 00:00 0 
7fe2401a8000-7fe2401a9000 ---p 00000000 00:00 0 
7fe2401a9000-7fe24037a000 rw-p 00000000 00:00 0 
7fe24037a000-7fe2407ff000 ---p 00000000 00:00 0 
7fe2407ff000-7fe2408d0000 rw-p 00000000 00:00 0 
7fe2408d0000-7fe240d54000 ---p 00000000 00:00 0 
7fe240d54000-7fe240f65000 rw-p 00000000 00:00 0 
7fe240f65000-7fe240fff000 ---p 00000000 00:00 0 
7fe240fff000-7fe241000000 rw-p 00000000 00:00 0 
7fe241000000-7fe241ed0000 rwxp 00000000 00:00 0 
7fe241ed0000-7fe250000000 ---p 00000000 00:00 0 
7fe250000000-7fe2503c6000 rw-p 00000000 00:00 0 
7fe2503c6000-7fe254000000 ---p 00000000 00:00 0 
7fe25400f000-7fe2540f4000 rw-p 00000000 00:00 0 
7fe2540f4000-7fe2540f5000 ---p 00000000 00:00 0 
7fe2540f5000-7fe254231000 rw-p 00000000 00:00 0 
7fe254231000-7fe2545b5000 ---p 00000000 00:00 0 
7fe2545b5000-7fe2545cf000 r-xp 00000000 08:02 11011317                   /home/androidpc/android-studio/jre/jre/lib/amd64/libzip.so
7fe2545cf000-7fe2547cf000 ---p 0001a000 08:02 11011317                   /home/androidpc/android-studio/jre/jre/lib/amd64/libzip.so
7fe2547cf000-7fe2547d0000 r--p 0001a000 08:02 11011317                   /home/androidpc/android-studio/jre/jre/lib/amd64/libzip.so
7fe2547d0000-7fe2547d1000 rw-p 0001b000 08:02 11011317                   /home/androidpc/android-studio/jre/jre/lib/amd64/libzip.so
7fe2547d1000-7fe2547dc000 r-xp 00000000 08:02 46666460                   /lib/x86_64-linux-gnu/libnss_files-2.27.so
7fe2547dc000-7fe2549db000 ---p 0000b000 08:02 46666460                   /lib/x86_64-linux-gnu/libnss_files-2.27.so
7fe2549db000-7fe2549dc000 r--p 0000a000 08:02 46666460                   /lib/x86_64-linux-gnu/libnss_files-2.27.so
7fe2549dc000-7fe2549dd000 rw-p 0000b000 08:02 46666460                   /lib/x86_64-linux-gnu/libnss_files-2.27.so
7fe2549dd000-7fe2549e3000 rw-p 00000000 00:00 0 
7fe2549e3000-7fe2549fa000 r-xp 00000000 08:02 46666454                   /lib/x86_64-linux-gnu/libnsl-2.27.so
7fe2549fa000-7fe254bf9000 ---p 00017000 08:02 46666454                   /lib/x86_64-linux-gnu/libnsl-2.27.so
7fe254bf9000-7fe254bfa000 r--p 00016000 08:02 46666454                   /lib/x86_64-linux-gnu/libnsl-2.27.so
7fe254bfa000-7fe254bfb000 rw-p 00017000 08:02 46666454                   /lib/x86_64-linux-gnu/libnsl-2.27.so
7fe254bfb000-7fe254bfd000 rw-p 00000000 00:00 0 
7fe254bfd000-7fe254c08000 r-xp 00000000 08:02 46666471                   /lib/x86_64-linux-gnu/libnss_nis-2.27.so
7fe254c08000-7fe254e07000 ---p 0000b000 08:02 46666471                   /lib/x86_64-linux-gnu/libnss_nis-2.27.so
7fe254e07000-7fe254e08000 r--p 0000a000 08:02 46666471                   /lib/x86_64-linux-gnu/libnss_nis-2.27.so
7fe254e08000-7fe254e09000 rw-p 0000b000 08:02 46666471                   /lib/x86_64-linux-gnu/libnss_nis-2.27.so
7fe254e09000-7fe254e11000 r-xp 00000000 08:02 46666456                   /lib/x86_64-linux-gnu/libnss_compat-2.27.so
7fe254e11000-7fe255011000 ---p 00008000 08:02 46666456                   /lib/x86_64-linux-gnu/libnss_compat-2.27.so
7fe255011000-7fe255012000 r--p 00008000 08:02 46666456                   /lib/x86_64-linux-gnu/libnss_compat-2.27.so
7fe255012000-7fe255013000 rw-p 00009000 08:02 46666456                   /lib/x86_64-linux-gnu/libnss_compat-2.27.so
7fe255013000-7fe255040000 r-xp 00000000 08:02 11011316                   /home/androidpc/android-studio/jre/jre/lib/amd64/libjava.so
7fe255040000-7fe25523f000 ---p 0002d000 08:02 11011316                   /home/androidpc/android-studio/jre/jre/lib/amd64/libjava.so
7fe25523f000-7fe255240000 r--p 0002c000 08:02 11011316                   /home/androidpc/android-studio/jre/jre/lib/amd64/libjava.so
7fe255240000-7fe255242000 rw-p 0002d000 08:02 11011316                   /home/androidpc/android-studio/jre/jre/lib/amd64/libjava.so
7fe255242000-7fe255252000 r-xp 00000000 08:02 11011322                   /home/androidpc/android-studio/jre/jre/lib/amd64/libverify.so
7fe255252000-7fe255451000 ---p 00010000 08:02 11011322                   /home/androidpc/android-studio/jre/jre/lib/amd64/libverify.so
7fe255451000-7fe255453000 r--p 0000f000 08:02 11011322                   /home/androidpc/android-studio/jre/jre/lib/amd64/libverify.so
7fe255453000-7fe255454000 rw-p 00011000 08:02 11011322                   /home/androidpc/android-studio/jre/jre/lib/amd64/libverify.so
7fe255454000-7fe25545b000 r-xp 00000000 08:02 46666511                   /lib/x86_64-linux-gnu/librt-2.27.so
7fe25545b000-7fe25565a000 ---p 00007000 08:02 46666511                   /lib/x86_64-linux-gnu/librt-2.27.so
7fe25565a000-7fe25565b000 r--p 00006000 08:02 46666511                   /lib/x86_64-linux-gnu/librt-2.27.so
7fe25565b000-7fe25565c000 rw-p 00007000 08:02 46666511                   /lib/x86_64-linux-gnu/librt-2.27.so
7fe25565c000-7fe2557f9000 r-xp 00000000 08:02 46666433                   /lib/x86_64-linux-gnu/libm-2.27.so
7fe2557f9000-7fe2559f8000 ---p 0019d000 08:02 46666433                   /lib/x86_64-linux-gnu/libm-2.27.so
7fe2559f8000-7fe2559f9000 r--p 0019c000 08:02 46666433                   /lib/x86_64-linux-gnu/libm-2.27.so
7fe2559f9000-7fe2559fa000 rw-p 0019d000 08:02 46666433                   /lib/x86_64-linux-gnu/libm-2.27.so
7fe2559fa000-7fe2565f2000 r-xp 00000000 08:02 11011326                   /home/androidpc/android-studio/jre/jre/lib/amd64/server/libjvm.so
7fe2565f2000-7fe2567f2000 ---p 00bf8000 08:02 11011326                   /home/androidpc/android-studio/jre/jre/lib/amd64/server/libjvm.so
7fe2567f2000-7fe256891000 r--p 00bf8000 08:02 11011326                   /home/androidpc/android-studio/jre/jre/lib/amd64/server/libjvm.so
7fe256891000-7fe2568ba000 rw-p 00c97000 08:02 11011326                   /home/androidpc/android-studio/jre/jre/lib/amd64/server/libjvm.so
7fe2568ba000-7fe2568fe000 rw-p 00000000 00:00 0 
7fe2568fe000-7fe256918000 r-xp 00000000 08:02 46666503                   /lib/x86_64-linux-gnu/libpthread-2.27.so
7fe256918000-7fe256b17000 ---p 0001a000 08:02 46666503                   /lib/x86_64-linux-gnu/libpthread-2.27.so
7fe256b17000-7fe256b18000 r--p 00019000 08:02 46666503                   /lib/x86_64-linux-gnu/libpthread-2.27.so
7fe256b18000-7fe256b19000 rw-p 0001a000 08:02 46666503                   /lib/x86_64-linux-gnu/libpthread-2.27.so
7fe256b19000-7fe256b1d000 rw-p 00000000 00:00 0 
7fe256b1d000-7fe256b20000 r-xp 00000000 08:02 46666393                   /lib/x86_64-linux-gnu/libdl-2.27.so
7fe256b20000-7fe256d1f000 ---p 00003000 08:02 46666393                   /lib/x86_64-linux-gnu/libdl-2.27.so
7fe256d1f000-7fe256d20000 r--p 00002000 08:02 46666393                   /lib/x86_64-linux-gnu/libdl-2.27.so
7fe256d20000-7fe256d21000 rw-p 00003000 08:02 46666393                   /lib/x86_64-linux-gnu/libdl-2.27.so
7fe256d21000-7fe256f08000 r-xp 00000000 08:02 46666370                   /lib/x86_64-linux-gnu/libc-2.27.so
7fe256f08000-7fe257108000 ---p 001e7000 08:02 46666370                   /lib/x86_64-linux-gnu/libc-2.27.so
7fe257108000-7fe25710c000 r--p 001e7000 08:02 46666370                   /lib/x86_64-linux-gnu/libc-2.27.so
7fe25710c000-7fe25710e000 rw-p 001eb000 08:02 46666370                   /lib/x86_64-linux-gnu/libc-2.27.so
7fe25710e000-7fe257112000 rw-p 00000000 00:00 0 
7fe257112000-7fe257128000 r-xp 00000000 08:02 10749151                   /home/androidpc/android-studio/jre/lib/amd64/jli/libjli.so
7fe257128000-7fe257327000 ---p 00016000 08:02 10749151                   /home/androidpc/android-studio/jre/lib/amd64/jli/libjli.so
7fe257327000-7fe257328000 r--p 00015000 08:02 10749151                   /home/androidpc/android-studio/jre/lib/amd64/jli/libjli.so
7fe257328000-7fe257329000 rw-p 00016000 08:02 10749151                   /home/androidpc/android-studio/jre/lib/amd64/jli/libjli.so
7fe257329000-7fe257350000 r-xp 00000000 08:02 46666342                   /lib/x86_64-linux-gnu/ld-2.27.so
7fe25735f000-7fe257432000 rw-p 00000000 00:00 0 
7fe257432000-7fe257433000 ---p 00000000 00:00 0 
7fe257433000-7fe257436000 ---p 00000000 00:00 0 
7fe257436000-7fe257535000 rw-p 00000000 00:00 0 
7fe257535000-7fe257544000 r--s 000ed000 08:02 6947636                    /home/androidpc/Android/android-sdk-linux/build-tools/27.0.1/lib/dx.jar
7fe257544000-7fe25754c000 rw-s 00000000 08:02 60429579                   /tmp/hsperfdata_androidpc/4338
7fe25754c000-7fe25754d000 rw-p 00000000 00:00 0 
7fe25754d000-7fe25754e000 ---p 00000000 00:00 0 
7fe25754e000-7fe257550000 rw-p 00000000 00:00 0 
7fe257550000-7fe257551000 r--p 00027000 08:02 46666342                   /lib/x86_64-linux-gnu/ld-2.27.so
7fe257551000-7fe257552000 rw-p 00028000 08:02 46666342                   /lib/x86_64-linux-gnu/ld-2.27.so
7fe257552000-7fe257553000 rw-p 00000000 00:00 0 
7ffdb6951000-7ffdb6972000 rw-p 00000000 00:00 0                          [stack]
7ffdb69c3000-7ffdb69c6000 r--p 00000000 00:00 0                          [vvar]
7ffdb69c6000-7ffdb69c8000 r-xp 00000000 00:00 0                          [vdso]
ffffffffff600000-ffffffffff601000 r-xp 00000000 00:00 0                  [vsyscall]

VM Arguments:
jvm_args: -Djava.awt.headless=true -Xmx4g -Dfile.encoding=UTF-8 -Duser.country=IN -Duser.language=en -Duser.variant 
java_command: com.android.dx.command.Main --dex --num-threads=4 --multi-dex --main-dex-list /home/androidpc/EonTechnician/app/build/intermediates/multi-dex/release/maindexlist.txt --output /home/androidpc/EonTechnician/app/build/intermediates/transforms/dex/release/0 --min-sdk-version 16 /home/androidpc/EonTechnician/app/build/intermediates/transforms/jarMerging/release/0.jar
java_class_path (initial): /home/androidpc/Android/android-sdk-linux/build-tools/27.0.1/lib/dx.jar
Launcher Type: SUN_STANDARD

Environment Variables:
JAVA_HOME=/usr/lib/jvm/java-8-oracle
PATH=/usr/local/sbin:/usr/local/bin:/usr/sbin:/usr/bin:/sbin:/bin:/usr/games:/usr/local/games:/snap/bin:/usr/lib/jvm/java-8-oracle/bin:/usr/lib/jvm/java-8-oracle/db/bin:/usr/lib/jvm/java-8-oracle/jre/bin:/usr/lib/jvm/java-8-oracle/bin:/usr/lib/jvm/java-8-oracle/db/bin:/usr/lib/jvm/java-8-oracle/jre/bin
LD_LIBRARY_PATH=/home/androidpc/android-studio/bin:
SHELL=/bin/bash
DISPLAY=:0

Signal Handlers:
SIGSEGV: [libjvm.so+0x9ebc60], sa_mask[0]=11111111011111111101111111111110, sa_flags=SA_RESTART|SA_SIGINFO
SIGBUS: [libjvm.so+0x9ebc60], sa_mask[0]=11111111011111111101111111111110, sa_flags=SA_RESTART|SA_SIGINFO
SIGFPE: [libjvm.so+0x84cf60], sa_mask[0]=11111111011111111101111111111110, sa_flags=SA_RESTART|SA_SIGINFO
SIGPIPE: [libjvm.so+0x84cf60], sa_mask[0]=11111111011111111101111111111110, sa_flags=SA_RESTART|SA_SIGINFO
SIGXFSZ: [libjvm.so+0x84cf60], sa_mask[0]=11111111011111111101111111111110, sa_flags=SA_RESTART|SA_SIGINFO
SIGILL: [libjvm.so+0x84cf60], sa_mask[0]=11111111011111111101111111111110, sa_flags=SA_RESTART|SA_SIGINFO
SIGUSR1: SIG_DFL, sa_mask[0]=00000000000000000000000000000000, sa_flags=none
SIGUSR2: [libjvm.so+0x84ce30], sa_mask[0]=00100000000000000000000000000000, sa_flags=SA_RESTART|SA_SIGINFO
SIGHUP: [libjvm.so+0x84d020], sa_mask[0]=11111111011111111101111111111110, sa_flags=SA_RESTART|SA_SIGINFO
SIGINT: [libjvm.so+0x84d020], sa_mask[0]=11111111011111111101111111111110, sa_flags=SA_RESTART|SA_SIGINFO
SIGTERM: [libjvm.so+0x84d020], sa_mask[0]=11111111011111111101111111111110, sa_flags=SA_RESTART|SA_SIGINFO
SIGQUIT: [libjvm.so+0x84d020], sa_mask[0]=11111111011111111101111111111110, sa_flags=SA_RESTART|SA_SIGINFO


---------------  S Y S T E M  ---------------

OS:DISTRIB_ID=Ubuntu
DISTRIB_RELEASE=18.04
DISTRIB_CODENAME=bionic
DISTRIB_DESCRIPTION="Ubuntu 18.04.1 LTS"

uname:Linux 4.15.0-51-generic #55-Ubuntu SMP Wed May 15 14:27:21 UTC 2019 x86_64
libc:glibc 2.27 NPTL 2.27 
rlimit: STACK 8192k, CORE 0k, NPROC 30894, NOFILE 1048576, AS infinity
load average:41.20 17.61 7.29

/proc/meminfo:
MemTotal:        8024636 kB
MemFree:          119520 kB
MemAvailable:      53060 kB
Buffers:            8788 kB
Cached:           190128 kB
SwapCached:        18272 kB
Active:          6712780 kB
Inactive:         882384 kB
Active(anon):    6671032 kB
Inactive(anon):   833100 kB
Active(file):      41748 kB
Inactive(file):    49284 kB
Unevictable:         112 kB
Mlocked:             112 kB
SwapTotal:       2097148 kB
SwapFree:           7800 kB
Dirty:               160 kB
Writeback:          6552 kB
AnonPages:       7384728 kB
Mapped:           160628 kB
Shmem:            107380 kB
Slab:             134916 kB
SReclaimable:      55788 kB
SUnreclaim:        79128 kB
KernelStack:       15568 kB
PageTables:        78560 kB
NFS_Unstable:          0 kB
Bounce:                0 kB
WritebackTmp:          0 kB
CommitLimit:     6109464 kB
Committed_AS:   15471688 kB
VmallocTotal:   34359738367 kB
VmallocUsed:           0 kB
VmallocChunk:          0 kB
HardwareCorrupted:     0 kB
AnonHugePages:         0 kB
ShmemHugePages:        0 kB
ShmemPmdMapped:        0 kB
CmaTotal:              0 kB
CmaFree:               0 kB
HugePages_Total:       0
HugePages_Free:        0
HugePages_Rsvd:        0
HugePages_Surp:        0
Hugepagesize:       2048 kB
DirectMap4k:      419828 kB
DirectMap2M:     7825408 kB
DirectMap1G:           0 kB


CPU:total 6 (initial active 6) (6 cores per cpu, 1 threads per core) family 6 model 158 stepping 10, cmov, cx8, fxsr, mmx, sse, sse2, sse3, ssse3, sse4.1, sse4.2, popcnt, avx, avx2, aes, clmul, erms, 3dnowpref, lzcnt, tsc, tscinvbit, bmi1, bmi2, adx

/proc/cpuinfo:
processor	: 0
vendor_id	: GenuineIntel
cpu family	: 6
model		: 158
model name	: Intel(R) Core(TM) i5-8400 CPU @ 2.80GHz
stepping	: 10
microcode	: 0xb4
cpu MHz		: 942.149
cache size	: 9216 KB
physical id	: 0
siblings	: 6
core id		: 0
cpu cores	: 6
apicid		: 0
initial apicid	: 0
fpu		: yes
fpu_exception	: yes
cpuid level	: 22
wp		: yes
flags		: fpu vme de pse tsc msr pae mce cx8 apic sep mtrr pge mca cmov pat pse36 clflush dts acpi mmx fxsr sse sse2 ss ht tm pbe syscall nx pdpe1gb rdtscp lm constant_tsc art arch_perfmon pebs bts rep_good nopl xtopology nonstop_tsc cpuid aperfmperf tsc_known_freq pni pclmulqdq dtes64 monitor ds_cpl vmx est tm2 ssse3 sdbg fma cx16 xtpr pdcm pcid sse4_1 sse4_2 x2apic movbe popcnt tsc_deadline_timer aes xsave avx f16c rdrand lahf_lm abm 3dnowprefetch cpuid_fault epb invpcid_single pti ssbd ibrs ibpb stibp tpr_shadow vnmi flexpriority ept vpid fsgsbase tsc_adjust bmi1 avx2 smep bmi2 erms invpcid mpx rdseed adx smap clflushopt intel_pt xsaveopt xsavec xgetbv1 xsaves dtherm ida arat pln pts hwp hwp_notify hwp_act_window hwp_epp md_clear flush_l1d
bugs		: cpu_meltdown spectre_v1 spectre_v2 spec_store_bypass l1tf mds
bogomips	: 5616.00
clflush size	: 64
cache_alignment	: 64
address sizes	: 39 bits physical, 48 bits virtual
power management:

processor	: 1
vendor_id	: GenuineIntel
cpu family	: 6
model		: 158
model name	: Intel(R) Core(TM) i5-8400 CPU @ 2.80GHz
stepping	: 10
microcode	: 0xb4
cpu MHz		: 941.987
cache size	: 9216 KB
physical id	: 0
siblings	: 6
core id		: 1
cpu cores	: 6
apicid		: 2
initial apicid	: 2
fpu		: yes
fpu_exception	: yes
cpuid level	: 22
wp		: yes
flags		: fpu vme de pse tsc msr pae mce cx8 apic sep mtrr pge mca cmov pat pse36 clflush dts acpi mmx fxsr sse sse2 ss ht tm pbe syscall nx pdpe1gb rdtscp lm constant_tsc art arch_perfmon pebs bts rep_good nopl xtopology nonstop_tsc cpuid aperfmperf tsc_known_freq pni pclmulqdq dtes64 monitor ds_cpl vmx est tm2 ssse3 sdbg fma cx16 xtpr pdcm pcid sse4_1 sse4_2 x2apic movbe popcnt tsc_deadline_timer aes xsave avx f16c rdrand lahf_lm abm 3dnowprefetch cpuid_fault epb invpcid_single pti ssbd ibrs ibpb stibp tpr_shadow vnmi flexpriority ept vpid fsgsbase tsc_adjust bmi1 avx2 smep bmi2 erms invpcid mpx rdseed adx smap clflushopt intel_pt xsaveopt xsavec xgetbv1 xsaves dtherm ida arat pln pts hwp hwp_notify hwp_act_window hwp_epp md_clear flush_l1d
bugs		: cpu_meltdown spectre_v1 spectre_v2 spec_store_bypass l1tf mds
bogomips	: 5616.00
clflush size	: 64
cache_alignment	: 64
address sizes	: 39 bits physical, 48 bits virtual
power management:

processor	: 2
vendor_id	: GenuineIntel
cpu family	: 6
model		: 158
model name	: Intel(R) Core(TM) i5-8400 CPU @ 2.80GHz
stepping	: 10
microcode	: 0xb4
cpu MHz		: 904.062
cache size	: 9216 KB
physical id	: 0
siblings	: 6
core id		: 2
cpu cores	: 6
apicid		: 4
initial apicid	: 4
fpu		: yes
fpu_exception	: yes
cpuid level	: 22
wp		: yes
flags		: fpu vme de pse tsc msr pae mce cx8 apic sep mtrr pge mca cmov pat pse36 clflush dts acpi mmx fxsr sse sse2 ss ht tm pbe syscall nx pdpe1gb rdtscp lm constant_tsc art arch_perfmon pebs bts rep_good nopl xtopology nonstop_tsc cpuid aperfmperf tsc_known_freq pni pclmulqdq dtes64 monitor ds_cpl vmx est tm2 ssse3 sdbg fma cx16 xtpr pdcm pcid sse4_1 sse4_2 x2apic movbe popcnt tsc_deadline_timer aes xsave avx f16c rdrand lahf_lm abm 3dnowprefetch cpuid_fault epb invpcid_single pti ssbd ibrs ibpb stibp tpr_shadow vnmi flexpriority ept vpid fsgsbase tsc_adjust bmi1 avx2 smep bmi2 erms invpcid mpx rdseed adx smap clflushopt intel_pt xsaveopt xsavec xgetbv1 xsaves dtherm ida arat pln pts hwp hwp_notify hwp_act_window hwp_epp md_clear flush_l1d
bugs		: cpu_meltdown spectre_v1 spectre_v2 spec_store_bypass l1tf mds
bogomips	: 5616.00
clflush size	: 64
cache_alignment	: 64
address sizes	: 39 bits physical, 48 bits virtual
power management:

processor	: 3
vendor_id	: GenuineIntel
cpu family	: 6
model		: 158
model name	: Intel(R) Core(TM) i5-8400 CPU @ 2.80GHz
stepping	: 10
microcode	: 0xb4
cpu MHz		: 916.096
cache size	: 9216 KB
physical id	: 0
siblings	: 6
core id		: 3
cpu cores	: 6
apicid		: 6
initial apicid	: 6
fpu		: yes
fpu_exception	: yes
cpuid level	: 22
wp		: yes
flags		: fpu vme de pse tsc msr pae mce cx8 apic sep mtrr pge mca cmov pat pse36 clflush dts acpi mmx fxsr sse sse2 ss ht tm pbe syscall nx pdpe1gb rdtscp lm constant_tsc art arch_perfmon pebs bts rep_good nopl xtopology nonstop_tsc cpuid aperfmperf tsc_known_freq pni pclmulqdq dtes64 monitor ds_cpl vmx est tm2 ssse3 sdbg fma cx16 xtpr pdcm pcid sse4_1 sse4_2 x2apic movbe popcnt tsc_deadline_timer aes xsave avx f16c rdrand lahf_lm abm 3dnowprefetch cpuid_fault epb invpcid_single pti ssbd ibrs ibpb stibp tpr_shadow vnmi flexpriority ept vpid fsgsbase tsc_adjust bmi1 avx2 smep bmi2 erms invpcid mpx rdseed adx smap clflushopt intel_pt xsaveopt xsavec xgetbv1 xsaves dtherm ida arat pln pts hwp hwp_notify hwp_act_window hwp_epp md_clear flush_l1d
bugs		: cpu_meltdown spectre_v1 spectre_v2 spec_store_bypass l1tf mds
bogomips	: 5616.00
clflush size	: 64
cache_alignment	: 64
address sizes	: 39 bits physical, 48 bits virtual
power management:

processor	: 4
vendor_id	: GenuineIntel
cpu family	: 6
model		: 158
model name	: Intel(R) Core(TM) i5-8400 CPU @ 2.80GHz
stepping	: 10
microcode	: 0xb4
cpu MHz		: 862.981
cache size	: 9216 KB
physical id	: 0
siblings	: 6
core id		: 4
cpu cores	: 6
apicid		: 8
initial apicid	: 8
fpu		: yes
fpu_exception	: yes
cpuid level	: 22
wp		: yes
flags		: fpu vme de pse tsc msr pae mce cx8 apic sep mtrr pge mca cmov pat pse36 clflush dts acpi mmx fxsr sse sse2 ss ht tm pbe syscall nx pdpe1gb rdtscp lm constant_tsc art arch_perfmon pebs bts rep_good nopl xtopology nonstop_tsc cpuid aperfmperf tsc_known_freq pni pclmulqdq dtes64 monitor ds_cpl vmx est tm2 ssse3 sdbg fma cx16 xtpr pdcm pcid sse4_1 sse4_2 x2apic movbe popcnt tsc_deadline_timer aes xsave avx f16c rdrand lahf_lm abm 3dnowprefetch cpuid_fault epb invpcid_single pti ssbd ibrs ibpb stibp tpr_shadow vnmi flexpriority ept vpid fsgsbase tsc_adjust bmi1 avx2 smep bmi2 erms invpcid mpx rdseed adx smap clflushopt intel_pt xsaveopt xsavec xgetbv1 xsaves dtherm ida arat pln pts hwp hwp_notify hwp_act_window hwp_epp md_clear flush_l1d
bugs		: cpu_meltdown spectre_v1 spectre_v2 spec_store_bypass l1tf mds
bogomips	: 5616.00
clflush size	: 64
cache_alignment	: 64
address sizes	: 39 bits physical, 48 bits virtual
power management:

processor	: 5
vendor_id	: GenuineIntel
cpu family	: 6
model		: 158
model name	: Intel(R) Core(TM) i5-8400 CPU @ 2.80GHz
stepping	: 10
microcode	: 0xb4
cpu MHz		: 997.833
cache size	: 9216 KB
physical id	: 0
siblings	: 6
core id		: 5
cpu cores	: 6
apicid		: 10
initial apicid	: 10
fpu		: yes
fpu_exception	: yes
cpuid level	: 22
wp		: yes
flags		: fpu vme de pse tsc msr pae mce cx8 apic sep mtrr pge mca cmov pat pse36 clflush dts acpi mmx fxsr sse sse2 ss ht tm pbe syscall nx pdpe1gb rdtscp lm constant_tsc art arch_perfmon pebs bts rep_good nopl xtopology nonstop_tsc cpuid aperfmperf tsc_known_freq pni pclmulqdq dtes64 monitor ds_cpl vmx est tm2 ssse3 sdbg fma cx16 xtpr pdcm pcid sse4_1 sse4_2 x2apic movbe popcnt tsc_deadline_timer aes xsave avx f16c rdrand lahf_lm abm 3dnowprefetch cpuid_fault epb invpcid_single pti ssbd ibrs ibpb stibp tpr_shadow vnmi flexpriority ept vpid fsgsbase tsc_adjust bmi1 avx2 smep bmi2 erms invpcid mpx rdseed adx smap clflushopt intel_pt xsaveopt xsavec xgetbv1 xsaves dtherm ida arat pln pts hwp hwp_notify hwp_act_window hwp_epp md_clear flush_l1d
bugs		: cpu_meltdown spectre_v1 spectre_v2 spec_store_bypass l1tf mds
bogomips	: 5616.00
clflush size	: 64
cache_alignment	: 64
address sizes	: 39 bits physical, 48 bits virtual
power management:



Memory: 4k page, physical 8024636k(119520k free), swap 2097148k(7800k free)

vm_info: OpenJDK 64-Bit Server VM (25.152-b01) for linux-amd64 JRE (1.8.0_152-release-915-b01), built by "builder" with gcc 4.8.4

time: Mon Jun 10 17:36:24 2019
elapsed time: 151 seconds (0d 0h 2m 31s)

