#
# There is insufficient memory for the Java Runtime Environment to continue.
# Native memory allocation (mmap) failed to map 189792256 bytes for committing reserved memory.
# Possible reasons:
#   The system is out of physical RAM or swap space
#   In 32 bit mode, the process size limit was hit
# Possible solutions:
#   Reduce memory load on the system
#   Increase physical memory or swap space
#   Check if swap backing store is full
#   Use 64 bit Java on a 64 bit OS
#   Decrease Java heap size (-Xmx/-Xms)
#   Decrease number of Java threads
#   Decrease Java thread stack sizes (-Xss)
#   Set larger code cache with -XX:ReservedCodeCacheSize=
# This output file may be truncated or incomplete.
#
#  Out of Memory Error (os_linux.cpp:2640), pid=28585, tid=0x00007f4cc1b25700
#
# JRE version: OpenJDK Runtime Environment (8.0_152-b01) (build 1.8.0_152-release-915-b01)
# Java VM: OpenJDK 64-Bit Server VM (25.152-b01 mixed mode linux-amd64 compressed oops)
# Failed to write core dump. Core dumps have been disabled. To enable core dumping, try "ulimit -c unlimited" before starting Java again
#

---------------  T H R E A D  ---------------

Current thread (0x00007f4cf007d000):  VMThread [stack: 0x00007f4cc1a26000,0x00007f4cc1b26000] [id=28597]

Stack: [0x00007f4cc1a26000,0x00007f4cc1b26000],  sp=0x00007f4cc1b24470,  free space=1017k
Native frames: (J=compiled Java code, j=interpreted, Vv=VM code, C=native code)
V  [libjvm.so+0x9eb15d]  VMError::report_and_die()+0x15d
V  [libjvm.so+0x4b8eaa]  report_vm_out_of_memory(char const*, int, unsigned long, VMErrorType, char const*)+0x8a
V  [libjvm.so+0x851370]  os::pd_commit_memory(char*, unsigned long, unsigned long, bool)+0xf0
V  [libjvm.so+0x84be8f]  os::commit_memory(char*, unsigned long, unsigned long, bool)+0x1f
V  [libjvm.so+0x8c261b]  PSVirtualSpace::expand_by(unsigned long)+0x5b
V  [libjvm.so+0x8b33fb]  PSOldGen::expand_by(unsigned long) [clone .part.109]+0x1b
V  [libjvm.so+0x8b35bb]  PSOldGen::expand(unsigned long) [clone .part.111]+0xdb
V  [libjvm.so+0x8b3e98]  PSOldGen::resize(unsigned long)+0x188
V  [libjvm.so+0x8b94ac]  PSParallelCompact::invoke_no_policy(bool)+0x97c
V  [libjvm.so+0x8c05bd]  PSScavenge::invoke()+0x17d
V  [libjvm.so+0x8748f3]  ParallelScavengeHeap::failed_mem_allocate(unsigned long)+0x63
V  [libjvm.so+0x9ecc84]  VM_ParallelGCFailedAllocation::doit()+0x84
V  [libjvm.so+0x9f1197]  VM_Operation::evaluate()+0x47
V  [libjvm.so+0x9efb78]  VMThread::evaluate_operation(VM_Operation*)+0x2c8
V  [libjvm.so+0x9efff9]  VMThread::loop()+0x219
V  [libjvm.so+0x9f0442]  VMThread::run()+0x72
V  [libjvm.so+0x84e792]  java_start(Thread*)+0xf2

VM_Operation (0x00007f4cc02de0a0): ParallelGCFailedAllocation, mode: safepoint, requested by thread 0x00007f4cf01bd800


---------------  P R O C E S S  ---------------

Java Threads: ( => current thread )
  0x00007f4cf01bd800 JavaThread "pool-2-thread-4" [_thread_blocked, id=28610, stack(0x00007f4cc01df000,0x00007f4cc02e0000)]
  0x00007f4cf01bc000 JavaThread "pool-2-thread-3" [_thread_blocked, id=28609, stack(0x00007f4cc02e0000,0x00007f4cc03e1000)]
  0x00007f4cf01b9800 JavaThread "pool-2-thread-2" [_thread_blocked, id=28608, stack(0x00007f4cc03e1000,0x00007f4cc04e2000)]
  0x00007f4cf01b7800 JavaThread "pool-3-thread-1" [_thread_blocked, id=28607, stack(0x00007f4cc04e2000,0x00007f4cc05e3000)]
  0x00007f4cf01b6800 JavaThread "pool-2-thread-1" [_thread_blocked, id=28606, stack(0x00007f4cc05e3000,0x00007f4cc06e4000)]
  0x00007f4cf00cd000 JavaThread "Service Thread" daemon [_thread_blocked, id=28604, stack(0x00007f4cc094f000,0x00007f4cc0a50000)]
  0x00007f4cf00c2000 JavaThread "C1 CompilerThread2" daemon [_thread_blocked, id=28603, stack(0x00007f4cc0a51000,0x00007f4cc0b51000)]
  0x00007f4cf00c0000 JavaThread "C2 CompilerThread1" daemon [_thread_blocked, id=28602, stack(0x00007f4cc0b52000,0x00007f4cc0c52000)]
  0x00007f4cf00bd800 JavaThread "C2 CompilerThread0" daemon [_thread_blocked, id=28601, stack(0x00007f4cc0c53000,0x00007f4cc0d53000)]
  0x00007f4cf00bc000 JavaThread "Signal Dispatcher" daemon [_thread_blocked, id=28600, stack(0x00007f4cc0d53000,0x00007f4cc0e54000)]
  0x00007f4cf0089800 JavaThread "Finalizer" daemon [_thread_blocked, id=28599, stack(0x00007f4cc1823000,0x00007f4cc1924000)]
  0x00007f4cf0085000 JavaThread "Reference Handler" daemon [_thread_blocked, id=28598, stack(0x00007f4cc1924000,0x00007f4cc1a25000)]
  0x00007f4cf000b800 JavaThread "main" [_thread_blocked, id=28590, stack(0x00007f4cf796f000,0x00007f4cf7a6f000)]

Other Threads:
=>0x00007f4cf007d000 VMThread [stack: 0x00007f4cc1a26000,0x00007f4cc1b26000] [id=28597]
  0x00007f4cf00cf800 WatcherThread [stack: 0x00007f4cc084f000,0x00007f4cc094f000] [id=28605]

VM state:at safepoint (normal execution)

VM Mutex/Monitor currently owned by a thread:  ([mutex/lock_event])
[0x00007f4cf0007910] ExpandHeap_lock - owner thread: 0x00007f4cf007d000
[0x00007f4cf0007f90] Threads_lock - owner thread: 0x00007f4cf007d000
[0x00007f4cf0008490] Heap_lock - owner thread: 0x00007f4cf01bd800

Heap:
 PSYoungGen      total 822272K, used 80048K [0x000000076ab00000, 0x00000007aa800000, 0x00000007c0000000)
  eden space 694784K, 0% used [0x000000076ab00000,0x000000076ab00000,0x0000000795180000)
  from space 127488K, 62% used [0x000000079d400000,0x00000007a222c140,0x00000007a5080000)
  to   space 133632K, 0% used [0x0000000795180000,0x0000000795180000,0x000000079d400000)
 ParOldGen       total 394752K, used 394352K [0x00000006c0000000, 0x00000006d8180000, 0x000000076ab00000)
  object space 394752K, 99% used [0x00000006c0000000,0x00000006d811c1f0,0x00000006d8180000)
 Metaspace       used 6634K, capacity 7346K, committed 7552K, reserved 1056768K
  class space    used 605K, capacity 618K, committed 640K, reserved 1048576K

Card table byte_map: [0x00007f4ce07ff000,0x00007f4ce1000000] byte_map_base: 0x00007f4cdd1ff000

Marking Bits: (ParMarkBitMap*) 0x00007f4cf6e0b3e0
 Begin Bits: [0x00007f4cc4000000, 0x00007f4cc8000000)
 End Bits:   [0x00007f4cc8000000, 0x00007f4ccc000000)

Polling page: 0x00007f4cf7a89000

CodeCache: size=245760Kb used=14290Kb max_used=14290Kb free=231469Kb
 bounds [0x00007f4ce1000000, 0x00007f4ce1e00000, 0x00007f4cf0000000]
 total_blobs=3000 nmethods=2732 adapters=181
 compilation: enabled

Compilation events (10 events):
Event: 8.879 Thread 0x00007f4cf00c2000 2819 %     3       com.android.dx.ssa.back.FirstFitLocalCombiningAllocator::handleNormalUnassociated @ 60 (99 bytes)
Event: 8.879 Thread 0x00007f4cf00c2000 nmethod 2819% 0x00007f4ce1df5210 code [0x00007f4ce1df54e0, 0x00007f4ce1df6a18]
Event: 8.880 Thread 0x00007f4cf00c2000 2820       2       com.android.dx.util.LabeledList::removeLabel (10 bytes)
Event: 8.880 Thread 0x00007f4cf00c2000 nmethod 2820 0x00007f4ce1de87d0 code [0x00007f4ce1de8940, 0x00007f4ce1de8ac8]
Event: 8.886 Thread 0x00007f4cf00c2000 2821       3       com.android.dx.ssa.back.FirstFitLocalCombiningAllocator::handleNormalUnassociated (99 bytes)
Event: 8.887 Thread 0x00007f4cf00c2000 nmethod 2821 0x00007f4ce1df7510 code [0x00007f4ce1df77e0, 0x00007f4ce1df8b78]
Event: 8.890 Thread 0x00007f4cf00c2000 2822 %     3       com.android.dx.ssa.back.FirstFitLocalCombiningAllocator::ssaSetToSpecs @ 24 (57 bytes)
Event: 8.891 Thread 0x00007f4cf00c2000 nmethod 2822% 0x00007f4ce1df9610 code [0x00007f4ce1df98c0, 0x00007f4ce1dfac98]
Event: 8.895 Thread 0x00007f4cf00c2000 2823       2       java.util.HashMap::treeifyBin (110 bytes)
Event: 8.896 Thread 0x00007f4cf00c2000 nmethod 2823 0x00007f4ce1de79d0 code [0x00007f4ce1de7b80, 0x00007f4ce1de7f68]

GC Heap History (10 events):
Event: 5.318 GC heap after
Heap after GC invocations=15 (full 2):
 PSYoungGen      total 531968K, used 45344K [0x000000076ab00000, 0x000000079a880000, 0x00000007c0000000)
  eden space 442880K, 0% used [0x000000076ab00000,0x000000076ab00000,0x0000000785b80000)
  from space 89088K, 50% used [0x0000000785b80000,0x00000007887c8290,0x000000078b280000)
  to   space 88576K, 0% used [0x0000000795200000,0x0000000795200000,0x000000079a880000)
 ParOldGen       total 258560K, used 210652K [0x00000006c0000000, 0x00000006cfc80000, 0x000000076ab00000)
  object space 258560K, 81% used [0x00000006c0000000,0x00000006ccdb7258,0x00000006cfc80000)
 Metaspace       used 6620K, capacity 7346K, committed 7552K, reserved 1056768K
  class space    used 605K, capacity 618K, committed 640K, reserved 1048576K
}
Event: 5.318 GC heap before
{Heap before GC invocations=16 (full 3):
 PSYoungGen      total 531968K, used 45344K [0x000000076ab00000, 0x000000079a880000, 0x00000007c0000000)
  eden space 442880K, 0% used [0x000000076ab00000,0x000000076ab00000,0x0000000785b80000)
  from space 89088K, 50% used [0x0000000785b80000,0x00000007887c8290,0x000000078b280000)
  to   space 88576K, 0% used [0x0000000795200000,0x0000000795200000,0x000000079a880000)
 ParOldGen       total 258560K, used 210652K [0x00000006c0000000, 0x00000006cfc80000, 0x000000076ab00000)
  object space 258560K, 81% used [0x00000006c0000000,0x00000006ccdb7258,0x00000006cfc80000)
 Metaspace       used 6620K, capacity 7346K, committed 7552K, reserved 1056768K
  class space    used 605K, capacity 618K, committed 640K, reserved 1048576K
Event: 5.610 GC heap after
Heap after GC invocations=16 (full 3):
 PSYoungGen      total 531968K, used 0K [0x000000076ab00000, 0x000000079a880000, 0x00000007c0000000)
  eden space 442880K, 0% used [0x000000076ab00000,0x000000076ab00000,0x0000000785b80000)
  from space 89088K, 0% used [0x0000000785b80000,0x0000000785b80000,0x000000078b280000)
  to   space 88576K, 0% used [0x0000000795200000,0x0000000795200000,0x000000079a880000)
 ParOldGen       total 387072K, used 250886K [0x00000006c0000000, 0x00000006d7a00000, 0x000000076ab00000)
  object space 387072K, 64% used [0x00000006c0000000,0x00000006cf501958,0x00000006d7a00000)
 Metaspace       used 6620K, capacity 7346K, committed 7552K, reserved 1056768K
  class space    used 605K, capacity 618K, committed 640K, reserved 1048576K
}
Event: 6.024 GC heap before
{Heap before GC invocations=17 (full 3):
 PSYoungGen      total 531968K, used 442880K [0x000000076ab00000, 0x000000079a880000, 0x00000007c0000000)
  eden space 442880K, 100% used [0x000000076ab00000,0x0000000785b80000,0x0000000785b80000)
  from space 89088K, 0% used [0x0000000785b80000,0x0000000785b80000,0x000000078b280000)
  to   space 88576K, 0% used [0x0000000795200000,0x0000000795200000,0x000000079a880000)
 ParOldGen       total 387072K, used 250886K [0x00000006c0000000, 0x00000006d7a00000, 0x000000076ab00000)
  object space 387072K, 64% used [0x00000006c0000000,0x00000006cf501958,0x00000006d7a00000)
 Metaspace       used 6626K, capacity 7346K, committed 7552K, reserved 1056768K
  class space    used 605K, capacity 618K, committed 640K, reserved 1048576K
Event: 6.068 GC heap after
Heap after GC invocations=17 (full 3):
 PSYoungGen      total 623104K, used 62143K [0x000000076ab00000, 0x0000000798f00000, 0x00000007c0000000)
  eden space 560640K, 0% used [0x000000076ab00000,0x000000076ab00000,0x000000078ce80000)
  from space 62464K, 99% used [0x0000000795200000,0x0000000798eaff20,0x0000000798f00000)
  to   space 93696K, 0% used [0x000000078d800000,0x000000078d800000,0x0000000793380000)
 ParOldGen       total 387072K, used 250886K [0x00000006c0000000, 0x00000006d7a00000, 0x000000076ab00000)
  object space 387072K, 64% used [0x00000006c0000000,0x00000006cf501958,0x00000006d7a00000)
 Metaspace       used 6626K, capacity 7346K, committed 7552K, reserved 1056768K
  class space    used 605K, capacity 618K, committed 640K, reserved 1048576K
}
Event: 6.763 GC heap before
{Heap before GC invocations=18 (full 3):
 PSYoungGen      total 623104K, used 622783K [0x000000076ab00000, 0x0000000798f00000, 0x00000007c0000000)
  eden space 560640K, 100% used [0x000000076ab00000,0x000000078ce80000,0x000000078ce80000)
  from space 62464K, 99% used [0x0000000795200000,0x0000000798eaff20,0x0000000798f00000)
  to   space 93696K, 0% used [0x000000078d800000,0x000000078d800000,0x0000000793380000)
 ParOldGen       total 387072K, used 250886K [0x00000006c0000000, 0x00000006d7a00000, 0x000000076ab00000)
  object space 387072K, 64% used [0x00000006c0000000,0x00000006cf501958,0x00000006d7a00000)
 Metaspace       used 6630K, capacity 7346K, committed 7552K, reserved 1056768K
  class space    used 605K, capacity 618K, committed 640K, reserved 1048576K
Event: 6.850 GC heap after
Heap after GC invocations=18 (full 3):
 PSYoungGen      total 664064K, used 93671K [0x000000076ab00000, 0x00000007a5080000, 0x00000007c0000000)
  eden space 570368K, 0% used [0x000000076ab00000,0x000000076ab00000,0x000000078d800000)
  from space 93696K, 99% used [0x000000078d800000,0x0000000793379cd8,0x0000000793380000)
  to   space 127488K, 0% used [0x000000079d400000,0x000000079d400000,0x00000007a5080000)
 ParOldGen       total 387072K, used 299875K [0x00000006c0000000, 0x00000006d7a00000, 0x000000076ab00000)
  object space 387072K, 77% used [0x00000006c0000000,0x00000006d24d8d10,0x00000006d7a00000)
 Metaspace       used 6630K, capacity 7346K, committed 7552K, reserved 1056768K
  class space    used 605K, capacity 618K, committed 640K, reserved 1048576K
}
Event: 8.896 GC heap before
{Heap before GC invocations=19 (full 3):
 PSYoungGen      total 664064K, used 664039K [0x000000076ab00000, 0x00000007a5080000, 0x00000007c0000000)
  eden space 570368K, 100% used [0x000000076ab00000,0x000000078d800000,0x000000078d800000)
  from space 93696K, 99% used [0x000000078d800000,0x0000000793379cd8,0x0000000793380000)
  to   space 127488K, 0% used [0x000000079d400000,0x000000079d400000,0x00000007a5080000)
 ParOldGen       total 387072K, used 299875K [0x00000006c0000000, 0x00000006d7a00000, 0x000000076ab00000)
  object space 387072K, 77% used [0x00000006c0000000,0x00000006d24d8d10,0x00000006d7a00000)
 Metaspace       used 6634K, capacity 7346K, committed 7552K, reserved 1056768K
  class space    used 605K, capacity 618K, committed 640K, reserved 1048576K
Event: 34.977 GC heap after
Heap after GC invocations=19 (full 3):
 PSYoungGen      total 822272K, used 84578K [0x000000076ab00000, 0x00000007aa800000, 0x00000007c0000000)
  eden space 694784K, 0% used [0x000000076ab00000,0x000000076ab00000,0x0000000795180000)
  from space 127488K, 66% used [0x000000079d400000,0x00000007a2698a10,0x00000007a5080000)
  to   space 133632K, 0% used [0x0000000795180000,0x0000000795180000,0x000000079d400000)
 ParOldGen       total 394752K, used 393925K [0x00000006c0000000, 0x00000006d8180000, 0x000000076ab00000)
  object space 394752K, 99% used [0x00000006c0000000,0x00000006d80b1720,0x00000006d8180000)
 Metaspace       used 6634K, capacity 7346K, committed 7552K, reserved 1056768K
  class space    used 605K, capacity 618K, committed 640K, reserved 1048576K
}
Event: 36.775 GC heap before
{Heap before GC invocations=20 (full 4):
 PSYoungGen      total 822272K, used 84578K [0x000000076ab00000, 0x00000007aa800000, 0x00000007c0000000)
  eden space 694784K, 0% used [0x000000076ab00000,0x000000076ab00000,0x0000000795180000)
  from space 127488K, 66% used [0x000000079d400000,0x00000007a2698a10,0x00000007a5080000)
  to   space 133632K, 0% used [0x0000000795180000,0x0000000795180000,0x000000079d400000)
 ParOldGen       total 394752K, used 393925K [0x00000006c0000000, 0x00000006d8180000, 0x000000076ab00000)
  object space 394752K, 99% used [0x00000006c0000000,0x00000006d80b1720,0x00000006d8180000)
 Metaspace       used 6634K, capacity 7346K, committed 7552K, reserved 1056768K
  class space    used 605K, capacity 618K, committed 640K, reserved 1048576K

Deoptimization events (10 events):
Event: 7.009 Thread 0x00007f4cf01bd800 Uncommon trap: reason=bimorphic action=maybe_recompile pc=0x00007f4ce1bac308 method=com.android.dx.cf.code.BytecodeArray.parseInstruction(ILcom/android/dx/cf/code/BytecodeArray$Visitor;)I @ 891
Event: 7.009 Thread 0x00007f4cf01bd800 Uncommon trap: reason=bimorphic action=maybe_recompile pc=0x00007f4ce1bac308 method=com.android.dx.cf.code.BytecodeArray.parseInstruction(ILcom/android/dx/cf/code/BytecodeArray$Visitor;)I @ 891
Event: 7.064 Thread 0x00007f4cf000b800 Uncommon trap: reason=unstable_if action=reinterpret pc=0x00007f4ce1c84568 method=com.android.dx.cf.code.BaseMachine.getLocalTarget(Z)Lcom/android/dx/rop/code/RegisterSpec; @ 131
Event: 7.104 Thread 0x00007f4cf01b9800 Uncommon trap: reason=bimorphic action=maybe_recompile pc=0x00007f4ce1c67b7c method=com.android.dx.ssa.back.FirstFitLocalCombiningAllocator.findNextUnreservedRopReg(IILcom/android/dx/ssa/back/FirstFitLocalCombiningAllocator$Alignment;)I @ 60
Event: 7.104 Thread 0x00007f4cf01b9800 Uncommon trap: reason=bimorphic action=maybe_recompile pc=0x00007f4ce1c67b7c method=com.android.dx.ssa.back.FirstFitLocalCombiningAllocator.findNextUnreservedRopReg(IILcom/android/dx/ssa/back/FirstFitLocalCombiningAllocator$Alignment;)I @ 60
Event: 7.175 Thread 0x00007f4cf01b6800 Uncommon trap: reason=unstable_if action=reinterpret pc=0x00007f4ce1c74690 method=com.android.dx.cf.code.RopperMachine.run(Lcom/android/dx/cf/code/Frame;II)V @ 1175
Event: 7.205 Thread 0x00007f4cf01b6800 Uncommon trap: reason=bimorphic action=maybe_recompile pc=0x00007f4ce1c67e04 method=com.android.dx.ssa.back.FirstFitLocalCombiningAllocator.findNextUnreservedRopReg(IILcom/android/dx/ssa/back/FirstFitLocalCombiningAllocator$Alignment;)I @ 60
Event: 7.656 Thread 0x00007f4cf01bc000 Uncommon trap: reason=unstable_if action=reinterpret pc=0x00007f4ce1d12e9c method=com.android.dx.util.LabeledList.set(ILcom/android/dx/util/LabeledItem;)V @ 16
Event: 8.814 Thread 0x00007f4cf01bc000 Uncommon trap: reason=unstable_if action=reinterpret pc=0x00007f4ce1d4f13c method=com.android.dx.cf.code.Merger.isPossiblyAssignableFrom(Lcom/android/dx/rop/type/TypeBearer;Lcom/android/dx/rop/type/TypeBearer;)Z @ 131
Event: 8.879 Thread 0x00007f4cf01b6800 Uncommon trap: reason=unstable_if action=reinterpret pc=0x00007f4ce1d23bbc method=java.util.BitSet.nextClearBit(I)I @ 70

Classes redefined (0 events):
No events

Internal exceptions (9 events):
Event: 0.013 Thread 0x00007f4cf000b800 Exception <a 'java/lang/NoSuchMethodError': Method sun.misc.Unsafe.defineClass(Ljava/lang/String;[BII)Ljava/lang/Class; name or signature does not match> (0x000000076ab07ca8) thrown at [/ssd/Android/AOSP-openjdk-git/jdk8u/hotspot/src/share/vm/prims/jni.cp
Event: 0.013 Thread 0x00007f4cf000b800 Exception <a 'java/lang/NoSuchMethodError': Method sun.misc.Unsafe.prefetchRead(Ljava/lang/Object;J)V name or signature does not match> (0x000000076ab07f90) thrown at [/ssd/Android/AOSP-openjdk-git/jdk8u/hotspot/src/share/vm/prims/jni.cpp, line 4011]
Event: 0.309 Thread 0x00007f4cf000b800 Implicit null exception at 0x00007f4ce116d6f4 to 0x00007f4ce116dd3d
Event: 0.636 Thread 0x00007f4cf01bd800 Implicit null exception at 0x00007f4ce135b8d2 to 0x00007f4ce135e119
Event: 0.747 Thread 0x00007f4cf01bc000 Implicit null exception at 0x00007f4ce1336cb3 to 0x00007f4ce1339649
Event: 0.768 Thread 0x00007f4cf01b9800 Implicit null exception at 0x00007f4ce140d318 to 0x00007f4ce140d4fd
Event: 0.790 Thread 0x00007f4cf01b9800 Exception <a 'java/lang/ArrayIndexOutOfBoundsException': 18> (0x000000076cbcfa80) thrown at [/ssd/Android/AOSP-openjdk-git/jdk8u/hotspot/src/share/vm/interpreter/interpreterRuntime.cpp, line 366]
Event: 0.790 Thread 0x00007f4cf01b9800 Exception <a 'java/lang/ArrayIndexOutOfBoundsException': 145> (0x000000076cbd1600) thrown at [/ssd/Android/AOSP-openjdk-git/jdk8u/hotspot/src/share/vm/interpreter/interpreterRuntime.cpp, line 366]
Event: 0.790 Thread 0x00007f4cf01b9800 Exception <a 'java/lang/ArrayIndexOutOfBoundsException': 40> (0x000000076cbd28e8) thrown at [/ssd/Android/AOSP-openjdk-git/jdk8u/hotspot/src/share/vm/interpreter/interpreterRuntime.cpp, line 366]

Events (10 events):
Event: 8.888 Thread 0x00007f4cf01bd800 DEOPT UNPACKING pc=0x00007f4ce1047373 sp=0x00007f4cc02dde90 mode 0
Event: 8.889 Thread 0x00007f4cf01b6800 DEOPT PACKING pc=0x00007f4ce1352f8b sp=0x00007f4cc06e1fc0
Event: 8.889 Thread 0x00007f4cf01b6800 DEOPT UNPACKING pc=0x00007f4ce1047373 sp=0x00007f4cc06e1d30 mode 0
Event: 8.893 Thread 0x00007f4cf01bd800 DEOPT PACKING pc=0x00007f4ce1defff7 sp=0x00007f4cc02de040
Event: 8.893 Thread 0x00007f4cf01bd800 DEOPT UNPACKING pc=0x00007f4ce1047373 sp=0x00007f4cc02dddf8 mode 0
Event: 8.893 Thread 0x00007f4cf01bd800 DEOPT PACKING pc=0x00007f4ce15722a9 sp=0x00007f4cc02de0e0
Event: 8.893 Thread 0x00007f4cf01bd800 DEOPT UNPACKING pc=0x00007f4ce1047373 sp=0x00007f4cc02dde90 mode 0
Event: 8.896 Thread 0x00007f4cf01b6800 DEOPT PACKING pc=0x00007f4ce1c43b8d sp=0x00007f4cc06e20c0
Event: 8.896 Thread 0x00007f4cf01b6800 DEOPT UNPACKING pc=0x00007f4ce1047373 sp=0x00007f4cc06e1ea0 mode 0
Event: 8.896 Executing VM operation: ParallelGCFailedAllocation


Dynamic libraries:
00400000-00401000 r-xp 00000000 08:02 10618143                           /home/androidpc/android-studio/jre/bin/java
00600000-00601000 r--p 00000000 08:02 10618143                           /home/androidpc/android-studio/jre/bin/java
00601000-00602000 rw-p 00001000 08:02 10618143                           /home/androidpc/android-studio/jre/bin/java
00b93000-00bb4000 rw-p 00000000 00:00 0                                  [heap]
6c0000000-6d8180000 rw-p 00000000 00:00 0 
6e3680000-76ab00000 ---p 00000000 00:00 0 
76ab00000-7aa800000 rw-p 00000000 00:00 0 
7aa800000-7c0000000 ---p 00000000 00:00 0 
7c0000000-7c00a0000 rw-p 00000000 00:00 0 
7c00a0000-800000000 ---p 00000000 00:00 0 
7f4c84000000-7f4c84040000 rw-p 00000000 00:00 0 
7f4c84040000-7f4c88000000 ---p 00000000 00:00 0 
7f4c88000000-7f4c88048000 rw-p 00000000 00:00 0 
7f4c88048000-7f4c8c000000 ---p 00000000 00:00 0 
7f4c8c000000-7f4c8c021000 rw-p 00000000 00:00 0 
7f4c8c021000-7f4c90000000 ---p 00000000 00:00 0 
7f4c90000000-7f4c90034000 rw-p 00000000 00:00 0 
7f4c90034000-7f4c94000000 ---p 00000000 00:00 0 
7f4c94000000-7f4c94021000 rw-p 00000000 00:00 0 
7f4c94021000-7f4c98000000 ---p 00000000 00:00 0 
7f4c98000000-7f4c98030000 rw-p 00000000 00:00 0 
7f4c98030000-7f4c9c000000 ---p 00000000 00:00 0 
7f4c9c000000-7f4c9caeb000 rw-p 00000000 00:00 0 
7f4c9caeb000-7f4ca0000000 ---p 00000000 00:00 0 
7f4ca0000000-7f4ca0021000 rw-p 00000000 00:00 0 
7f4ca0021000-7f4ca4000000 ---p 00000000 00:00 0 
7f4ca4000000-7f4ca5648000 rw-p 00000000 00:00 0 
7f4ca5648000-7f4ca8000000 ---p 00000000 00:00 0 
7f4ca8000000-7f4ca9259000 rw-p 00000000 00:00 0 
7f4ca9259000-7f4cac000000 ---p 00000000 00:00 0 
7f4cac000000-7f4cac021000 rw-p 00000000 00:00 0 
7f4cac021000-7f4cb0000000 ---p 00000000 00:00 0 
7f4cb0000000-7f4cb0021000 rw-p 00000000 00:00 0 
7f4cb0021000-7f4cb4000000 ---p 00000000 00:00 0 
7f4cb4000000-7f4cb4290000 rw-p 00000000 00:00 0 
7f4cb4290000-7f4cb8000000 ---p 00000000 00:00 0 
7f4cb8000000-7f4cb8021000 rw-p 00000000 00:00 0 
7f4cb8021000-7f4cbc000000 ---p 00000000 00:00 0 
7f4cbc000000-7f4cbc021000 rw-p 00000000 00:00 0 
7f4cbc021000-7f4cc0000000 ---p 00000000 00:00 0 
7f4cc01df000-7f4cc01e2000 ---p 00000000 00:00 0 
7f4cc01e2000-7f4cc02e0000 rw-p 00000000 00:00 0 
7f4cc02e0000-7f4cc02e3000 ---p 00000000 00:00 0 
7f4cc02e3000-7f4cc03e1000 rw-p 00000000 00:00 0 
7f4cc03e1000-7f4cc03e4000 ---p 00000000 00:00 0 
7f4cc03e4000-7f4cc04e2000 rw-p 00000000 00:00 0 
7f4cc04e2000-7f4cc04e5000 ---p 00000000 00:00 0 
7f4cc04e5000-7f4cc05e3000 rw-p 00000000 00:00 0 
7f4cc05e3000-7f4cc05e6000 ---p 00000000 00:00 0 
7f4cc05e6000-7f4cc06e4000 rw-p 00000000 00:00 0 
7f4cc06e4000-7f4cc084e000 r--s 01e5e000 08:02 12716084                   /home/androidpc/EonTechnician/app/build/intermediates/transforms/jarMerging/release/0.jar
7f4cc084e000-7f4cc084f000 ---p 00000000 00:00 0 
7f4cc084f000-7f4cc094f000 rw-p 00000000 00:00 0 
7f4cc094f000-7f4cc0952000 ---p 00000000 00:00 0 
7f4cc0952000-7f4cc0a50000 rw-p 00000000 00:00 0 
7f4cc0a50000-7f4cc0a51000 ---p 00000000 00:00 0 
7f4cc0a51000-7f4cc0a54000 ---p 00000000 00:00 0 
7f4cc0a54000-7f4cc0b51000 rw-p 00000000 00:00 0 
7f4cc0b51000-7f4cc0b52000 ---p 00000000 00:00 0 
7f4cc0b52000-7f4cc0b55000 ---p 00000000 00:00 0 
7f4cc0b55000-7f4cc0c52000 rw-p 00000000 00:00 0 
7f4cc0c52000-7f4cc0c53000 ---p 00000000 00:00 0 
7f4cc0c53000-7f4cc0c56000 ---p 00000000 00:00 0 
7f4cc0c56000-7f4cc0d53000 rw-p 00000000 00:00 0 
7f4cc0d53000-7f4cc0d56000 ---p 00000000 00:00 0 
7f4cc0d56000-7f4cc0e54000 rw-p 00000000 00:00 0 
7f4cc0e54000-7f4cc1823000 r--p 00000000 08:02 22026811                   /usr/lib/locale/locale-archive
7f4cc1823000-7f4cc1826000 ---p 00000000 00:00 0 
7f4cc1826000-7f4cc1924000 rw-p 00000000 00:00 0 
7f4cc1924000-7f4cc1927000 ---p 00000000 00:00 0 
7f4cc1927000-7f4cc1a25000 rw-p 00000000 00:00 0 
7f4cc1a25000-7f4cc1a26000 ---p 00000000 00:00 0 
7f4cc1a26000-7f4cc36c0000 rw-p 00000000 00:00 0 
7f4cc36c0000-7f4cc3800000 ---p 00000000 00:00 0 
7f4cc3800000-7f4ccc000000 rw-p 00000000 00:00 0 
7f4ccc000000-7f4ccc021000 rw-p 00000000 00:00 0 
7f4ccc021000-7f4cd0000000 ---p 00000000 00:00 0 
7f4cd0000000-7f4cd0021000 rw-p 00000000 00:00 0 
7f4cd0021000-7f4cd4000000 ---p 00000000 00:00 0 
7f4cd4000000-7f4cd4021000 rw-p 00000000 00:00 0 
7f4cd4021000-7f4cd8000000 ---p 00000000 00:00 0 
7f4cd8000000-7f4cd8021000 rw-p 00000000 00:00 0 
7f4cd8021000-7f4cdc000000 ---p 00000000 00:00 0 
7f4cdc000000-7f4cdc021000 rw-p 00000000 00:00 0 
7f4cdc021000-7f4ce0000000 ---p 00000000 00:00 0 
7f4ce0008000-7f4ce012a000 rw-p 00000000 00:00 0 
7f4ce012a000-7f4ce02fa000 r--s 03c46000 08:02 10880183                   /home/androidpc/android-studio/jre/jre/lib/rt.jar
7f4ce02fa000-7f4ce02fb000 ---p 00000000 00:00 0 
7f4ce02fb000-7f4ce03fb000 rw-p 00000000 00:00 0 
7f4ce03fb000-7f4ce03fc000 ---p 00000000 00:00 0 
7f4ce03fc000-7f4ce04fc000 rw-p 00000000 00:00 0 
7f4ce04fc000-7f4ce04fd000 ---p 00000000 00:00 0 
7f4ce04fd000-7f4ce05fd000 rw-p 00000000 00:00 0 
7f4ce05fd000-7f4ce05fe000 ---p 00000000 00:00 0 
7f4ce05fe000-7f4ce06fe000 rw-p 00000000 00:00 0 
7f4ce06fe000-7f4ce06ff000 ---p 00000000 00:00 0 
7f4ce06ff000-7f4ce08c0000 rw-p 00000000 00:00 0 
7f4ce08c0000-7f4ce0d54000 ---p 00000000 00:00 0 
7f4ce0d54000-7f4ce0f53000 rw-p 00000000 00:00 0 
7f4ce0f53000-7f4ce0fff000 ---p 00000000 00:00 0 
7f4ce0fff000-7f4ce1000000 rw-p 00000000 00:00 0 
7f4ce1000000-7f4ce1e00000 rwxp 00000000 00:00 0 
7f4ce1e00000-7f4cf0000000 ---p 00000000 00:00 0 
7f4cf0000000-7f4cf03ce000 rw-p 00000000 00:00 0 
7f4cf03ce000-7f4cf4000000 ---p 00000000 00:00 0 
7f4cf4016000-7f4cf40da000 rw-p 00000000 00:00 0 
7f4cf40da000-7f4cf40db000 ---p 00000000 00:00 0 
7f4cf40db000-7f4cf429c000 rw-p 00000000 00:00 0 
7f4cf429c000-7f4cf4731000 ---p 00000000 00:00 0 
7f4cf4731000-7f4cf4769000 rw-p 00000000 00:00 0 
7f4cf4769000-7f4cf4af1000 ---p 00000000 00:00 0 
7f4cf4af1000-7f4cf4b0b000 r-xp 00000000 08:02 11011317                   /home/androidpc/android-studio/jre/jre/lib/amd64/libzip.so
7f4cf4b0b000-7f4cf4d0b000 ---p 0001a000 08:02 11011317                   /home/androidpc/android-studio/jre/jre/lib/amd64/libzip.so
7f4cf4d0b000-7f4cf4d0c000 r--p 0001a000 08:02 11011317                   /home/androidpc/android-studio/jre/jre/lib/amd64/libzip.so
7f4cf4d0c000-7f4cf4d0d000 rw-p 0001b000 08:02 11011317                   /home/androidpc/android-studio/jre/jre/lib/amd64/libzip.so
7f4cf4d0d000-7f4cf4d18000 r-xp 00000000 08:02 46666460                   /lib/x86_64-linux-gnu/libnss_files-2.27.so
7f4cf4d18000-7f4cf4f17000 ---p 0000b000 08:02 46666460                   /lib/x86_64-linux-gnu/libnss_files-2.27.so
7f4cf4f17000-7f4cf4f18000 r--p 0000a000 08:02 46666460                   /lib/x86_64-linux-gnu/libnss_files-2.27.so
7f4cf4f18000-7f4cf4f19000 rw-p 0000b000 08:02 46666460                   /lib/x86_64-linux-gnu/libnss_files-2.27.so
7f4cf4f19000-7f4cf4f1f000 rw-p 00000000 00:00 0 
7f4cf4f1f000-7f4cf4f36000 r-xp 00000000 08:02 46666454                   /lib/x86_64-linux-gnu/libnsl-2.27.so
7f4cf4f36000-7f4cf5135000 ---p 00017000 08:02 46666454                   /lib/x86_64-linux-gnu/libnsl-2.27.so
7f4cf5135000-7f4cf5136000 r--p 00016000 08:02 46666454                   /lib/x86_64-linux-gnu/libnsl-2.27.so
7f4cf5136000-7f4cf5137000 rw-p 00017000 08:02 46666454                   /lib/x86_64-linux-gnu/libnsl-2.27.so
7f4cf5137000-7f4cf5139000 rw-p 00000000 00:00 0 
7f4cf5139000-7f4cf5144000 r-xp 00000000 08:02 46666471                   /lib/x86_64-linux-gnu/libnss_nis-2.27.so
7f4cf5144000-7f4cf5343000 ---p 0000b000 08:02 46666471                   /lib/x86_64-linux-gnu/libnss_nis-2.27.so
7f4cf5343000-7f4cf5344000 r--p 0000a000 08:02 46666471                   /lib/x86_64-linux-gnu/libnss_nis-2.27.so
7f4cf5344000-7f4cf5345000 rw-p 0000b000 08:02 46666471                   /lib/x86_64-linux-gnu/libnss_nis-2.27.so
7f4cf5345000-7f4cf534d000 r-xp 00000000 08:02 46666456                   /lib/x86_64-linux-gnu/libnss_compat-2.27.so
7f4cf534d000-7f4cf554d000 ---p 00008000 08:02 46666456                   /lib/x86_64-linux-gnu/libnss_compat-2.27.so
7f4cf554d000-7f4cf554e000 r--p 00008000 08:02 46666456                   /lib/x86_64-linux-gnu/libnss_compat-2.27.so
7f4cf554e000-7f4cf554f000 rw-p 00009000 08:02 46666456                   /lib/x86_64-linux-gnu/libnss_compat-2.27.so
7f4cf554f000-7f4cf557c000 r-xp 00000000 08:02 11011316                   /home/androidpc/android-studio/jre/jre/lib/amd64/libjava.so
7f4cf557c000-7f4cf577b000 ---p 0002d000 08:02 11011316                   /home/androidpc/android-studio/jre/jre/lib/amd64/libjava.so
7f4cf577b000-7f4cf577c000 r--p 0002c000 08:02 11011316                   /home/androidpc/android-studio/jre/jre/lib/amd64/libjava.so
7f4cf577c000-7f4cf577e000 rw-p 0002d000 08:02 11011316                   /home/androidpc/android-studio/jre/jre/lib/amd64/libjava.so
7f4cf577e000-7f4cf578e000 r-xp 00000000 08:02 11011322                   /home/androidpc/android-studio/jre/jre/lib/amd64/libverify.so
7f4cf578e000-7f4cf598d000 ---p 00010000 08:02 11011322                   /home/androidpc/android-studio/jre/jre/lib/amd64/libverify.so
7f4cf598d000-7f4cf598f000 r--p 0000f000 08:02 11011322                   /home/androidpc/android-studio/jre/jre/lib/amd64/libverify.so
7f4cf598f000-7f4cf5990000 rw-p 00011000 08:02 11011322                   /home/androidpc/android-studio/jre/jre/lib/amd64/libverify.so
7f4cf5990000-7f4cf5997000 r-xp 00000000 08:02 46666511                   /lib/x86_64-linux-gnu/librt-2.27.so
7f4cf5997000-7f4cf5b96000 ---p 00007000 08:02 46666511                   /lib/x86_64-linux-gnu/librt-2.27.so
7f4cf5b96000-7f4cf5b97000 r--p 00006000 08:02 46666511                   /lib/x86_64-linux-gnu/librt-2.27.so
7f4cf5b97000-7f4cf5b98000 rw-p 00007000 08:02 46666511                   /lib/x86_64-linux-gnu/librt-2.27.so
7f4cf5b98000-7f4cf5d35000 r-xp 00000000 08:02 46666433                   /lib/x86_64-linux-gnu/libm-2.27.so
7f4cf5d35000-7f4cf5f34000 ---p 0019d000 08:02 46666433                   /lib/x86_64-linux-gnu/libm-2.27.so
7f4cf5f34000-7f4cf5f35000 r--p 0019c000 08:02 46666433                   /lib/x86_64-linux-gnu/libm-2.27.so
7f4cf5f35000-7f4cf5f36000 rw-p 0019d000 08:02 46666433                   /lib/x86_64-linux-gnu/libm-2.27.so
7f4cf5f36000-7f4cf6b2e000 r-xp 00000000 08:02 11011326                   /home/androidpc/android-studio/jre/jre/lib/amd64/server/libjvm.so
7f4cf6b2e000-7f4cf6d2e000 ---p 00bf8000 08:02 11011326                   /home/androidpc/android-studio/jre/jre/lib/amd64/server/libjvm.so
7f4cf6d2e000-7f4cf6dcd000 r--p 00bf8000 08:02 11011326                   /home/androidpc/android-studio/jre/jre/lib/amd64/server/libjvm.so
7f4cf6dcd000-7f4cf6df6000 rw-p 00c97000 08:02 11011326                   /home/androidpc/android-studio/jre/jre/lib/amd64/server/libjvm.so
7f4cf6df6000-7f4cf6e3a000 rw-p 00000000 00:00 0 
7f4cf6e3a000-7f4cf6e54000 r-xp 00000000 08:02 46666503                   /lib/x86_64-linux-gnu/libpthread-2.27.so
7f4cf6e54000-7f4cf7053000 ---p 0001a000 08:02 46666503                   /lib/x86_64-linux-gnu/libpthread-2.27.so
7f4cf7053000-7f4cf7054000 r--p 00019000 08:02 46666503                   /lib/x86_64-linux-gnu/libpthread-2.27.so
7f4cf7054000-7f4cf7055000 rw-p 0001a000 08:02 46666503                   /lib/x86_64-linux-gnu/libpthread-2.27.so
7f4cf7055000-7f4cf7059000 rw-p 00000000 00:00 0 
7f4cf7059000-7f4cf705c000 r-xp 00000000 08:02 46666393                   /lib/x86_64-linux-gnu/libdl-2.27.so
7f4cf705c000-7f4cf725b000 ---p 00003000 08:02 46666393                   /lib/x86_64-linux-gnu/libdl-2.27.so
7f4cf725b000-7f4cf725c000 r--p 00002000 08:02 46666393                   /lib/x86_64-linux-gnu/libdl-2.27.so
7f4cf725c000-7f4cf725d000 rw-p 00003000 08:02 46666393                   /lib/x86_64-linux-gnu/libdl-2.27.so
7f4cf725d000-7f4cf7444000 r-xp 00000000 08:02 46666370                   /lib/x86_64-linux-gnu/libc-2.27.so
7f4cf7444000-7f4cf7644000 ---p 001e7000 08:02 46666370                   /lib/x86_64-linux-gnu/libc-2.27.so
7f4cf7644000-7f4cf7648000 r--p 001e7000 08:02 46666370                   /lib/x86_64-linux-gnu/libc-2.27.so
7f4cf7648000-7f4cf764a000 rw-p 001eb000 08:02 46666370                   /lib/x86_64-linux-gnu/libc-2.27.so
7f4cf764a000-7f4cf764e000 rw-p 00000000 00:00 0 
7f4cf764e000-7f4cf7664000 r-xp 00000000 08:02 10749151                   /home/androidpc/android-studio/jre/lib/amd64/jli/libjli.so
7f4cf7664000-7f4cf7863000 ---p 00016000 08:02 10749151                   /home/androidpc/android-studio/jre/lib/amd64/jli/libjli.so
7f4cf7863000-7f4cf7864000 r--p 00015000 08:02 10749151                   /home/androidpc/android-studio/jre/lib/amd64/jli/libjli.so
7f4cf7864000-7f4cf7865000 rw-p 00016000 08:02 10749151                   /home/androidpc/android-studio/jre/lib/amd64/jli/libjli.so
7f4cf7865000-7f4cf788c000 r-xp 00000000 08:02 46666342                   /lib/x86_64-linux-gnu/ld-2.27.so
7f4cf789b000-7f4cf796e000 rw-p 00000000 00:00 0 
7f4cf796e000-7f4cf796f000 ---p 00000000 00:00 0 
7f4cf796f000-7f4cf7972000 ---p 00000000 00:00 0 
7f4cf7972000-7f4cf7a71000 rw-p 00000000 00:00 0 
7f4cf7a71000-7f4cf7a80000 r--s 000ed000 08:02 6947636                    /home/androidpc/Android/android-sdk-linux/build-tools/27.0.1/lib/dx.jar
7f4cf7a80000-7f4cf7a88000 rw-s 00000000 08:02 60820556                   /tmp/hsperfdata_androidpc/28585
7f4cf7a88000-7f4cf7a89000 rw-p 00000000 00:00 0 
7f4cf7a89000-7f4cf7a8a000 ---p 00000000 00:00 0 
7f4cf7a8a000-7f4cf7a8c000 rw-p 00000000 00:00 0 
7f4cf7a8c000-7f4cf7a8d000 r--p 00027000 08:02 46666342                   /lib/x86_64-linux-gnu/ld-2.27.so
7f4cf7a8d000-7f4cf7a8e000 rw-p 00028000 08:02 46666342                   /lib/x86_64-linux-gnu/ld-2.27.so
7f4cf7a8e000-7f4cf7a8f000 rw-p 00000000 00:00 0 
7fff50f15000-7fff50f36000 rw-p 00000000 00:00 0                          [stack]
7fff50ff2000-7fff50ff5000 r--p 00000000 00:00 0                          [vvar]
7fff50ff5000-7fff50ff7000 r-xp 00000000 00:00 0                          [vdso]
ffffffffff600000-ffffffffff601000 r-xp 00000000 00:00 0                  [vsyscall]

VM Arguments:
jvm_args: -Djava.awt.headless=true -Xmx4g -Dfile.encoding=UTF-8 -Duser.country=IN -Duser.language=en -Duser.variant 
java_command: com.android.dx.command.Main --dex --num-threads=4 --multi-dex --main-dex-list /home/androidpc/EonTechnician/app/build/intermediates/multi-dex/release/maindexlist.txt --output /home/androidpc/EonTechnician/app/build/intermediates/transforms/dex/release/0 --min-sdk-version 16 /home/androidpc/EonTechnician/app/build/intermediates/transforms/jarMerging/release/0.jar
java_class_path (initial): /home/androidpc/Android/android-sdk-linux/build-tools/27.0.1/lib/dx.jar
Launcher Type: SUN_STANDARD

Environment Variables:
JAVA_HOME=/usr/lib/jvm/java-8-oracle
PATH=/usr/local/sbin:/usr/local/bin:/usr/sbin:/usr/bin:/sbin:/bin:/usr/games:/usr/local/games:/snap/bin:/usr/lib/jvm/java-8-oracle/bin:/usr/lib/jvm/java-8-oracle/db/bin:/usr/lib/jvm/java-8-oracle/jre/bin:/usr/lib/jvm/java-8-oracle/bin:/usr/lib/jvm/java-8-oracle/db/bin:/usr/lib/jvm/java-8-oracle/jre/bin
LD_LIBRARY_PATH=/home/androidpc/android-studio/bin:
SHELL=/bin/bash
DISPLAY=:0

Signal Handlers:
SIGSEGV: [libjvm.so+0x9ebc60], sa_mask[0]=11111111011111111101111111111110, sa_flags=SA_RESTART|SA_SIGINFO
SIGBUS: [libjvm.so+0x9ebc60], sa_mask[0]=11111111011111111101111111111110, sa_flags=SA_RESTART|SA_SIGINFO
SIGFPE: [libjvm.so+0x84cf60], sa_mask[0]=11111111011111111101111111111110, sa_flags=SA_RESTART|SA_SIGINFO
SIGPIPE: [libjvm.so+0x84cf60], sa_mask[0]=11111111011111111101111111111110, sa_flags=SA_RESTART|SA_SIGINFO
SIGXFSZ: [libjvm.so+0x84cf60], sa_mask[0]=11111111011111111101111111111110, sa_flags=SA_RESTART|SA_SIGINFO
SIGILL: [libjvm.so+0x84cf60], sa_mask[0]=11111111011111111101111111111110, sa_flags=SA_RESTART|SA_SIGINFO
SIGUSR1: SIG_DFL, sa_mask[0]=00000000000000000000000000000000, sa_flags=none
SIGUSR2: [libjvm.so+0x84ce30], sa_mask[0]=00100000000000000000000000000000, sa_flags=SA_RESTART|SA_SIGINFO
SIGHUP: [libjvm.so+0x84d020], sa_mask[0]=11111111011111111101111111111110, sa_flags=SA_RESTART|SA_SIGINFO
SIGINT: [libjvm.so+0x84d020], sa_mask[0]=11111111011111111101111111111110, sa_flags=SA_RESTART|SA_SIGINFO
SIGTERM: [libjvm.so+0x84d020], sa_mask[0]=11111111011111111101111111111110, sa_flags=SA_RESTART|SA_SIGINFO
SIGQUIT: [libjvm.so+0x84d020], sa_mask[0]=11111111011111111101111111111110, sa_flags=SA_RESTART|SA_SIGINFO


---------------  S Y S T E M  ---------------

OS:DISTRIB_ID=Ubuntu
DISTRIB_RELEASE=18.04
DISTRIB_CODENAME=bionic
DISTRIB_DESCRIPTION="Ubuntu 18.04.1 LTS"

uname:Linux 4.15.0-52-generic #56-Ubuntu SMP Tue Jun 4 22:49:08 UTC 2019 x86_64
libc:glibc 2.27 NPTL 2.27 
rlimit: STACK 8192k, CORE 0k, NPROC 30895, NOFILE 1048576, AS infinity
load average:19.83 10.53 5.73

/proc/meminfo:
MemTotal:        8024636 kB
MemFree:          126156 kB
MemAvailable:      59864 kB
Buffers:            9860 kB
Cached:           366352 kB
SwapCached:        11692 kB
Active:          6600120 kB
Inactive:         877024 kB
Active(anon):    6563516 kB
Inactive(anon):   825192 kB
Active(file):      36604 kB
Inactive(file):    51832 kB
Unevictable:         104 kB
Mlocked:             104 kB
SwapTotal:       2097148 kB
SwapFree:            628 kB
Dirty:               376 kB
Writeback:           164 kB
AnonPages:       7094288 kB
Mapped:           154420 kB
Shmem:            287576 kB
Slab:             164516 kB
SReclaimable:      58720 kB
SUnreclaim:       105796 kB
KernelStack:       23488 kB
PageTables:       118636 kB
NFS_Unstable:          0 kB
Bounce:                0 kB
WritebackTmp:          0 kB
CommitLimit:     6109464 kB
Committed_AS:   22504416 kB
VmallocTotal:   34359738367 kB
VmallocUsed:           0 kB
VmallocChunk:          0 kB
HardwareCorrupted:     0 kB
AnonHugePages:         0 kB
ShmemHugePages:        0 kB
ShmemPmdMapped:        0 kB
CmaTotal:              0 kB
CmaFree:               0 kB
HugePages_Total:       0
HugePages_Free:        0
HugePages_Rsvd:        0
HugePages_Surp:        0
Hugepagesize:       2048 kB
DirectMap4k:      487412 kB
DirectMap2M:     7757824 kB
DirectMap1G:           0 kB


CPU:total 6 (initial active 6) (6 cores per cpu, 1 threads per core) family 6 model 158 stepping 10, cmov, cx8, fxsr, mmx, sse, sse2, sse3, ssse3, sse4.1, sse4.2, popcnt, avx, avx2, aes, clmul, erms, 3dnowpref, lzcnt, tsc, tscinvbit, bmi1, bmi2, adx

/proc/cpuinfo:
processor	: 0
vendor_id	: GenuineIntel
cpu family	: 6
model		: 158
model name	: Intel(R) Core(TM) i5-8400 CPU @ 2.80GHz
stepping	: 10
microcode	: 0xb4
cpu MHz		: 884.211
cache size	: 9216 KB
physical id	: 0
siblings	: 6
core id		: 0
cpu cores	: 6
apicid		: 0
initial apicid	: 0
fpu		: yes
fpu_exception	: yes
cpuid level	: 22
wp		: yes
flags		: fpu vme de pse tsc msr pae mce cx8 apic sep mtrr pge mca cmov pat pse36 clflush dts acpi mmx fxsr sse sse2 ss ht tm pbe syscall nx pdpe1gb rdtscp lm constant_tsc art arch_perfmon pebs bts rep_good nopl xtopology nonstop_tsc cpuid aperfmperf tsc_known_freq pni pclmulqdq dtes64 monitor ds_cpl vmx est tm2 ssse3 sdbg fma cx16 xtpr pdcm pcid sse4_1 sse4_2 x2apic movbe popcnt tsc_deadline_timer aes xsave avx f16c rdrand lahf_lm abm 3dnowprefetch cpuid_fault epb invpcid_single pti ssbd ibrs ibpb stibp tpr_shadow vnmi flexpriority ept vpid fsgsbase tsc_adjust bmi1 avx2 smep bmi2 erms invpcid mpx rdseed adx smap clflushopt intel_pt xsaveopt xsavec xgetbv1 xsaves dtherm ida arat pln pts hwp hwp_notify hwp_act_window hwp_epp md_clear flush_l1d
bugs		: cpu_meltdown spectre_v1 spectre_v2 spec_store_bypass l1tf mds
bogomips	: 5616.00
clflush size	: 64
cache_alignment	: 64
address sizes	: 39 bits physical, 48 bits virtual
power management:

processor	: 1
vendor_id	: GenuineIntel
cpu family	: 6
model		: 158
model name	: Intel(R) Core(TM) i5-8400 CPU @ 2.80GHz
stepping	: 10
microcode	: 0xb4
cpu MHz		: 886.831
cache size	: 9216 KB
physical id	: 0
siblings	: 6
core id		: 1
cpu cores	: 6
apicid		: 2
initial apicid	: 2
fpu		: yes
fpu_exception	: yes
cpuid level	: 22
wp		: yes
flags		: fpu vme de pse tsc msr pae mce cx8 apic sep mtrr pge mca cmov pat pse36 clflush dts acpi mmx fxsr sse sse2 ss ht tm pbe syscall nx pdpe1gb rdtscp lm constant_tsc art arch_perfmon pebs bts rep_good nopl xtopology nonstop_tsc cpuid aperfmperf tsc_known_freq pni pclmulqdq dtes64 monitor ds_cpl vmx est tm2 ssse3 sdbg fma cx16 xtpr pdcm pcid sse4_1 sse4_2 x2apic movbe popcnt tsc_deadline_timer aes xsave avx f16c rdrand lahf_lm abm 3dnowprefetch cpuid_fault epb invpcid_single pti ssbd ibrs ibpb stibp tpr_shadow vnmi flexpriority ept vpid fsgsbase tsc_adjust bmi1 avx2 smep bmi2 erms invpcid mpx rdseed adx smap clflushopt intel_pt xsaveopt xsavec xgetbv1 xsaves dtherm ida arat pln pts hwp hwp_notify hwp_act_window hwp_epp md_clear flush_l1d
bugs		: cpu_meltdown spectre_v1 spectre_v2 spec_store_bypass l1tf mds
bogomips	: 5616.00
clflush size	: 64
cache_alignment	: 64
address sizes	: 39 bits physical, 48 bits virtual
power management:

processor	: 2
vendor_id	: GenuineIntel
cpu family	: 6
model		: 158
model name	: Intel(R) Core(TM) i5-8400 CPU @ 2.80GHz
stepping	: 10
microcode	: 0xb4
cpu MHz		: 895.885
cache size	: 9216 KB
physical id	: 0
siblings	: 6
core id		: 2
cpu cores	: 6
apicid		: 4
initial apicid	: 4
fpu		: yes
fpu_exception	: yes
cpuid level	: 22
wp		: yes
flags		: fpu vme de pse tsc msr pae mce cx8 apic sep mtrr pge mca cmov pat pse36 clflush dts acpi mmx fxsr sse sse2 ss ht tm pbe syscall nx pdpe1gb rdtscp lm constant_tsc art arch_perfmon pebs bts rep_good nopl xtopology nonstop_tsc cpuid aperfmperf tsc_known_freq pni pclmulqdq dtes64 monitor ds_cpl vmx est tm2 ssse3 sdbg fma cx16 xtpr pdcm pcid sse4_1 sse4_2 x2apic movbe popcnt tsc_deadline_timer aes xsave avx f16c rdrand lahf_lm abm 3dnowprefetch cpuid_fault epb invpcid_single pti ssbd ibrs ibpb stibp tpr_shadow vnmi flexpriority ept vpid fsgsbase tsc_adjust bmi1 avx2 smep bmi2 erms invpcid mpx rdseed adx smap clflushopt intel_pt xsaveopt xsavec xgetbv1 xsaves dtherm ida arat pln pts hwp hwp_notify hwp_act_window hwp_epp md_clear flush_l1d
bugs		: cpu_meltdown spectre_v1 spectre_v2 spec_store_bypass l1tf mds
bogomips	: 5616.00
clflush size	: 64
cache_alignment	: 64
address sizes	: 39 bits physical, 48 bits virtual
power management:

processor	: 3
vendor_id	: GenuineIntel
cpu family	: 6
model		: 158
model name	: Intel(R) Core(TM) i5-8400 CPU @ 2.80GHz
stepping	: 10
microcode	: 0xb4
cpu MHz		: 883.437
cache size	: 9216 KB
physical id	: 0
siblings	: 6
core id		: 3
cpu cores	: 6
apicid		: 6
initial apicid	: 6
fpu		: yes
fpu_exception	: yes
cpuid level	: 22
wp		: yes
flags		: fpu vme de pse tsc msr pae mce cx8 apic sep mtrr pge mca cmov pat pse36 clflush dts acpi mmx fxsr sse sse2 ss ht tm pbe syscall nx pdpe1gb rdtscp lm constant_tsc art arch_perfmon pebs bts rep_good nopl xtopology nonstop_tsc cpuid aperfmperf tsc_known_freq pni pclmulqdq dtes64 monitor ds_cpl vmx est tm2 ssse3 sdbg fma cx16 xtpr pdcm pcid sse4_1 sse4_2 x2apic movbe popcnt tsc_deadline_timer aes xsave avx f16c rdrand lahf_lm abm 3dnowprefetch cpuid_fault epb invpcid_single pti ssbd ibrs ibpb stibp tpr_shadow vnmi flexpriority ept vpid fsgsbase tsc_adjust bmi1 avx2 smep bmi2 erms invpcid mpx rdseed adx smap clflushopt intel_pt xsaveopt xsavec xgetbv1 xsaves dtherm ida arat pln pts hwp hwp_notify hwp_act_window hwp_epp md_clear flush_l1d
bugs		: cpu_meltdown spectre_v1 spectre_v2 spec_store_bypass l1tf mds
bogomips	: 5616.00
clflush size	: 64
cache_alignment	: 64
address sizes	: 39 bits physical, 48 bits virtual
power management:

processor	: 4
vendor_id	: GenuineIntel
cpu family	: 6
model		: 158
model name	: Intel(R) Core(TM) i5-8400 CPU @ 2.80GHz
stepping	: 10
microcode	: 0xb4
cpu MHz		: 900.213
cache size	: 9216 KB
physical id	: 0
siblings	: 6
core id		: 4
cpu cores	: 6
apicid		: 8
initial apicid	: 8
fpu		: yes
fpu_exception	: yes
cpuid level	: 22
wp		: yes
flags		: fpu vme de pse tsc msr pae mce cx8 apic sep mtrr pge mca cmov pat pse36 clflush dts acpi mmx fxsr sse sse2 ss ht tm pbe syscall nx pdpe1gb rdtscp lm constant_tsc art arch_perfmon pebs bts rep_good nopl xtopology nonstop_tsc cpuid aperfmperf tsc_known_freq pni pclmulqdq dtes64 monitor ds_cpl vmx est tm2 ssse3 sdbg fma cx16 xtpr pdcm pcid sse4_1 sse4_2 x2apic movbe popcnt tsc_deadline_timer aes xsave avx f16c rdrand lahf_lm abm 3dnowprefetch cpuid_fault epb invpcid_single pti ssbd ibrs ibpb stibp tpr_shadow vnmi flexpriority ept vpid fsgsbase tsc_adjust bmi1 avx2 smep bmi2 erms invpcid mpx rdseed adx smap clflushopt intel_pt xsaveopt xsavec xgetbv1 xsaves dtherm ida arat pln pts hwp hwp_notify hwp_act_window hwp_epp md_clear flush_l1d
bugs		: cpu_meltdown spectre_v1 spectre_v2 spec_store_bypass l1tf mds
bogomips	: 5616.00
clflush size	: 64
cache_alignment	: 64
address sizes	: 39 bits physical, 48 bits virtual
power management:

processor	: 5
vendor_id	: GenuineIntel
cpu family	: 6
model		: 158
model name	: Intel(R) Core(TM) i5-8400 CPU @ 2.80GHz
stepping	: 10
microcode	: 0xb4
cpu MHz		: 895.805
cache size	: 9216 KB
physical id	: 0
siblings	: 6
core id		: 5
cpu cores	: 6
apicid		: 10
initial apicid	: 10
fpu		: yes
fpu_exception	: yes
cpuid level	: 22
wp		: yes
flags		: fpu vme de pse tsc msr pae mce cx8 apic sep mtrr pge mca cmov pat pse36 clflush dts acpi mmx fxsr sse sse2 ss ht tm pbe syscall nx pdpe1gb rdtscp lm constant_tsc art arch_perfmon pebs bts rep_good nopl xtopology nonstop_tsc cpuid aperfmperf tsc_known_freq pni pclmulqdq dtes64 monitor ds_cpl vmx est tm2 ssse3 sdbg fma cx16 xtpr pdcm pcid sse4_1 sse4_2 x2apic movbe popcnt tsc_deadline_timer aes xsave avx f16c rdrand lahf_lm abm 3dnowprefetch cpuid_fault epb invpcid_single pti ssbd ibrs ibpb stibp tpr_shadow vnmi flexpriority ept vpid fsgsbase tsc_adjust bmi1 avx2 smep bmi2 erms invpcid mpx rdseed adx smap clflushopt intel_pt xsaveopt xsavec xgetbv1 xsaves dtherm ida arat pln pts hwp hwp_notify hwp_act_window hwp_epp md_clear flush_l1d
bugs		: cpu_meltdown spectre_v1 spectre_v2 spec_store_bypass l1tf mds
bogomips	: 5616.00
clflush size	: 64
cache_alignment	: 64
address sizes	: 39 bits physical, 48 bits virtual
power management:



Memory: 4k page, physical 8024636k(126156k free), swap 2097148k(628k free)

vm_info: OpenJDK 64-Bit Server VM (25.152-b01) for linux-amd64 JRE (1.8.0_152-release-915-b01), built by "builder" with gcc 4.8.4

time: Tue Jun 25 16:52:52 2019
elapsed time: 56 seconds (0d 0h 0m 56s)

