#
# There is insufficient memory for the Java Runtime Environment to continue.
# Native memory allocation (mmap) failed to map 257425408 bytes for committing reserved memory.
# Possible reasons:
#   The system is out of physical RAM or swap space
#   In 32 bit mode, the process size limit was hit
# Possible solutions:
#   Reduce memory load on the system
#   Increase physical memory or swap space
#   Check if swap backing store is full
#   Use 64 bit Java on a 64 bit OS
#   Decrease Java heap size (-Xmx/-Xms)
#   Decrease number of Java threads
#   Decrease Java thread stack sizes (-Xss)
#   Set larger code cache with -XX:ReservedCodeCacheSize=
# This output file may be truncated or incomplete.
#
#  Out of Memory Error (os_linux.cpp:2640), pid=22409, tid=0x00007f5fd1433700
#
# JRE version: OpenJDK Runtime Environment (8.0_152-b01) (build 1.8.0_152-release-915-b01)
# Java VM: OpenJDK 64-Bit Server VM (25.152-b01 mixed mode linux-amd64 compressed oops)
# Failed to write core dump. Core dumps have been disabled. To enable core dumping, try "ulimit -c unlimited" before starting Java again
#

---------------  T H R E A D  ---------------

Current thread (0x00007f5fe407d000):  VMThread [stack: 0x00007f5fd1334000,0x00007f5fd1434000] [id=22421]

Stack: [0x00007f5fd1334000,0x00007f5fd1434000],  sp=0x00007f5fd1432460,  free space=1017k
Native frames: (J=compiled Java code, j=interpreted, Vv=VM code, C=native code)
V  [libjvm.so+0x9eb15d]  VMError::report_and_die()+0x15d
V  [libjvm.so+0x4b8eaa]  report_vm_out_of_memory(char const*, int, unsigned long, VMErrorType, char const*)+0x8a
V  [libjvm.so+0x851370]  os::pd_commit_memory(char*, unsigned long, unsigned long, bool)+0xf0
V  [libjvm.so+0x84be8f]  os::commit_memory(char*, unsigned long, unsigned long, bool)+0x1f
V  [libjvm.so+0x8c261b]  PSVirtualSpace::expand_by(unsigned long)+0x5b
V  [libjvm.so+0x8c3290]  PSYoungGen::resize_generation(unsigned long, unsigned long)+0xb0
V  [libjvm.so+0x8c35ab]  PSYoungGen::resize(unsigned long, unsigned long)+0x1b
V  [libjvm.so+0x8bfc9c]  PSScavenge::invoke_no_policy()+0xdac
V  [libjvm.so+0x8c0478]  PSScavenge::invoke()+0x38
V  [libjvm.so+0x8748f3]  ParallelScavengeHeap::failed_mem_allocate(unsigned long)+0x63
V  [libjvm.so+0x9ecc84]  VM_ParallelGCFailedAllocation::doit()+0x84
V  [libjvm.so+0x9f1197]  VM_Operation::evaluate()+0x47
V  [libjvm.so+0x9efb78]  VMThread::evaluate_operation(VM_Operation*)+0x2c8
V  [libjvm.so+0x9efff9]  VMThread::loop()+0x219
V  [libjvm.so+0x9f0442]  VMThread::run()+0x72
V  [libjvm.so+0x84e792]  java_start(Thread*)+0xf2

VM_Operation (0x00007f5fcbc91180): ParallelGCFailedAllocation, mode: safepoint, requested by thread 0x00007f5fe419c000


---------------  P R O C E S S  ---------------

Java Threads: ( => current thread )
  0x00007f5fe419d000 JavaThread "pool-2-thread-4" [_thread_blocked, id=22435, stack(0x00007f5fcba91000,0x00007f5fcbb92000)]
  0x00007f5fe419c000 JavaThread "pool-2-thread-3" [_thread_blocked, id=22434, stack(0x00007f5fcbb92000,0x00007f5fcbc93000)]
  0x00007f5fe4199800 JavaThread "pool-2-thread-2" [_thread_blocked, id=22433, stack(0x00007f5fcbc93000,0x00007f5fcbd94000)]
  0x00007f5fe4197800 JavaThread "pool-3-thread-1" [_thread_blocked, id=22432, stack(0x00007f5fcbd94000,0x00007f5fcbe95000)]
  0x00007f5fe4196000 JavaThread "pool-2-thread-1" [_thread_blocked, id=22431, stack(0x00007f5fd005b000,0x00007f5fd015c000)]
  0x00007f5fe40cd000 JavaThread "Service Thread" daemon [_thread_blocked, id=22428, stack(0x00007f5fd025d000,0x00007f5fd035e000)]
  0x00007f5fe40c2000 JavaThread "C1 CompilerThread2" daemon [_thread_blocked, id=22427, stack(0x00007f5fd035f000,0x00007f5fd045f000)]
  0x00007f5fe40c0000 JavaThread "C2 CompilerThread1" daemon [_thread_blocked, id=22426, stack(0x00007f5fd0460000,0x00007f5fd0560000)]
  0x00007f5fe40bd800 JavaThread "C2 CompilerThread0" daemon [_thread_blocked, id=22425, stack(0x00007f5fd0561000,0x00007f5fd0661000)]
  0x00007f5fe40bc000 JavaThread "Signal Dispatcher" daemon [_thread_blocked, id=22424, stack(0x00007f5fd0661000,0x00007f5fd0762000)]
  0x00007f5fe4089800 JavaThread "Finalizer" daemon [_thread_blocked, id=22423, stack(0x00007f5fd1131000,0x00007f5fd1232000)]
  0x00007f5fe4085000 JavaThread "Reference Handler" daemon [_thread_blocked, id=22422, stack(0x00007f5fd1232000,0x00007f5fd1333000)]
  0x00007f5fe400b800 JavaThread "main" [_thread_blocked, id=22414, stack(0x00007f5feb26b000,0x00007f5feb36b000)]

Other Threads:
=>0x00007f5fe407d000 VMThread [stack: 0x00007f5fd1334000,0x00007f5fd1434000] [id=22421]
  0x00007f5fe40cf800 WatcherThread [stack: 0x00007f5fd015d000,0x00007f5fd025d000] [id=22429]

VM state:at safepoint (normal execution)

VM Mutex/Monitor currently owned by a thread:  ([mutex/lock_event])
[0x00007f5fe4007f90] Threads_lock - owner thread: 0x00007f5fe407d000
[0x00007f5fe4008490] Heap_lock - owner thread: 0x00007f5fe419c000

Heap:
 PSYoungGen      total 950784K, used 71831K [0x000000076ab00000, 0x00000007ac600000, 0x00000007c0000000)
  eden space 825344K, 0% used [0x000000076ab00000,0x000000076ab00000,0x000000079d100000)
  from space 125440K, 57% used [0x000000079d100000,0x00000007a1725ff0,0x00000007a4b80000)
  to   space 79872K, 0% used [0x00000007a7800000,0x00000007a7800000,0x00000007ac600000)
 ParOldGen       total 805376K, used 761103K [0x00000006c0000000, 0x00000006f1280000, 0x000000076ab00000)
  object space 805376K, 94% used [0x00000006c0000000,0x00000006ee743c00,0x00000006f1280000)
 Metaspace       used 6629K, capacity 7344K, committed 7552K, reserved 1056768K
  class space    used 605K, capacity 616K, committed 640K, reserved 1048576K

Card table byte_map: [0x00007f5fd47ff000,0x00007f5fd5000000] byte_map_base: 0x00007f5fd11ff000

Marking Bits: (ParMarkBitMap*) 0x00007f5fea7083e0
 Begin Bits: [0x00007f5f9c000000, 0x00007f5fa0000000)
 End Bits:   [0x00007f5fa0000000, 0x00007f5fa4000000)

Polling page: 0x00007f5feb386000

CodeCache: size=245760Kb used=11494Kb max_used=13451Kb free=234265Kb
 bounds [0x00007f5fd5000000, 0x00007f5fd5da0000, 0x00007f5fe4000000]
 total_blobs=2634 nmethods=2367 adapters=181
 compilation: enabled

Compilation events (10 events):
Event: 91.913 Thread 0x00007f5fe40c2000 nmethod 3656 0x00007f5fd51e9f90 code [0x00007f5fd51ea140, 0x00007f5fd51ea6f8]
Event: 91.913 Thread 0x00007f5fe40c2000 3657       3       java.util.ArrayList$SubList::rangeCheckForAdd (26 bytes)
Event: 91.913 Thread 0x00007f5fe40c0000 nmethod 3658 0x00007f5fd5652710 code [0x00007f5fd5652860, 0x00007f5fd56528f8]
Event: 91.914 Thread 0x00007f5fe40c2000 nmethod 3657 0x00007f5fd58c9650 code [0x00007f5fd58c9860, 0x00007f5fd58ca378]
Event: 92.224 Thread 0x00007f5fe40c2000 3659       3       com.android.dx.dex.file.FieldAnnotationStruct::<init> (43 bytes)
Event: 92.225 Thread 0x00007f5fe40c2000 nmethod 3659 0x00007f5fd5297050 code [0x00007f5fd52971e0, 0x00007f5fd52975b8]
Event: 92.568 Thread 0x00007f5fe40bd800 3660       4       java.util.ArrayList$SubList::set (40 bytes)
Event: 92.570 Thread 0x00007f5fe40bd800 nmethod 3660 0x00007f5fd5ad7a90 code [0x00007f5fd5ad7c00, 0x00007f5fd5ad7db8]
Event: 92.628 Thread 0x00007f5fe40c0000 3661       4       com.android.dx.ssa.back.FirstFitLocalCombiningAllocator$Alignment$1::nextClearBit (26 bytes)
Event: 92.631 Thread 0x00007f5fe40c0000 nmethod 3661 0x00007f5fd5603350 code [0x00007f5fd56034c0, 0x00007f5fd5603838]

GC Heap History (10 events):
Event: 39.037 GC heap after
Heap after GC invocations=20 (full 5):
 PSYoungGen      total 753152K, used 74242K [0x000000076ab00000, 0x00000007a3780000, 0x00000007c0000000)
  eden space 644608K, 0% used [0x000000076ab00000,0x000000076ab00000,0x0000000792080000)
  from space 108544K, 68% used [0x0000000799200000,0x000000079da80908,0x000000079fc00000)
  to   space 116224K, 0% used [0x0000000792080000,0x0000000792080000,0x0000000799200000)
 ParOldGen       total 585728K, used 426449K [0x00000006c0000000, 0x00000006e3c00000, 0x000000076ab00000)
  object space 585728K, 72% used [0x00000006c0000000,0x00000006da0745f0,0x00000006e3c00000)
 Metaspace       used 6617K, capacity 7344K, committed 7552K, reserved 1056768K
  class space    used 604K, capacity 616K, committed 640K, reserved 1048576K
}
Event: 47.027 GC heap before
{Heap before GC invocations=21 (full 5):
 PSYoungGen      total 753152K, used 718850K [0x000000076ab00000, 0x00000007a3780000, 0x00000007c0000000)
  eden space 644608K, 100% used [0x000000076ab00000,0x0000000792080000,0x0000000792080000)
  from space 108544K, 68% used [0x0000000799200000,0x000000079da80908,0x000000079fc00000)
  to   space 116224K, 0% used [0x0000000792080000,0x0000000792080000,0x0000000799200000)
 ParOldGen       total 585728K, used 426449K [0x00000006c0000000, 0x00000006e3c00000, 0x000000076ab00000)
  object space 585728K, 72% used [0x00000006c0000000,0x00000006da0745f0,0x00000006e3c00000)
 Metaspace       used 6617K, capacity 7344K, committed 7552K, reserved 1056768K
  class space    used 604K, capacity 616K, committed 640K, reserved 1048576K
Event: 48.982 GC heap after
Heap after GC invocations=21 (full 5):
 PSYoungGen      total 760832K, used 101554K [0x000000076ab00000, 0x00000007af800000, 0x00000007c0000000)
  eden space 644608K, 0% used [0x000000076ab00000,0x000000076ab00000,0x0000000792080000)
  from space 116224K, 87% used [0x0000000792080000,0x00000007983ac908,0x0000000799200000)
  to   space 131072K, 0% used [0x00000007a7800000,0x00000007a7800000,0x00000007af800000)
 ParOldGen       total 585728K, used 501070K [0x00000006c0000000, 0x00000006e3c00000, 0x000000076ab00000)
  object space 585728K, 85% used [0x00000006c0000000,0x00000006de953b28,0x00000006e3c00000)
 Metaspace       used 6617K, capacity 7344K, committed 7552K, reserved 1056768K
  class space    used 604K, capacity 616K, committed 640K, reserved 1048576K
}
Event: 56.564 GC heap before
{Heap before GC invocations=22 (full 5):
 PSYoungGen      total 760832K, used 746162K [0x000000076ab00000, 0x00000007af800000, 0x00000007c0000000)
  eden space 644608K, 100% used [0x000000076ab00000,0x0000000792080000,0x0000000792080000)
  from space 116224K, 87% used [0x0000000792080000,0x00000007983ac908,0x0000000799200000)
  to   space 131072K, 0% used [0x00000007a7800000,0x00000007a7800000,0x00000007af800000)
 ParOldGen       total 585728K, used 501070K [0x00000006c0000000, 0x00000006e3c00000, 0x000000076ab00000)
  object space 585728K, 85% used [0x00000006c0000000,0x00000006de953b28,0x00000006e3c00000)
 Metaspace       used 6629K, capacity 7344K, committed 7552K, reserved 1056768K
  class space    used 605K, capacity 616K, committed 640K, reserved 1048576K
Event: 84.336 GC heap after
Heap after GC invocations=22 (full 5):
 PSYoungGen      total 760832K, used 746162K [0x000000076ab00000, 0x00000007af800000, 0x00000007c0000000)
  eden space 644608K, 100% used [0x000000076ab00000,0x0000000792080000,0x0000000792080000)
  from space 116224K, 87% used [0x0000000792080000,0x00000007983ac908,0x0000000799200000)
  to   space 131072K, 99% used [0x00000007a7800000,0x00000007af7f83b0,0x00000007af800000)
 ParOldGen       total 619008K, used 618441K [0x00000006c0000000, 0x00000006e5c80000, 0x000000076ab00000)
  object space 619008K, 99% used [0x00000006c0000000,0x00000006e5bf2540,0x00000006e5c80000)
 Metaspace       used 6629K, capacity 7344K, committed 7552K, reserved 1056768K
  class space    used 605K, capacity 616K, committed 640K, reserved 1048576K
}
Event: 84.355 GC heap before
{Heap before GC invocations=23 (full 6):
 PSYoungGen      total 760832K, used 746162K [0x000000076ab00000, 0x00000007af800000, 0x00000007c0000000)
  eden space 644608K, 100% used [0x000000076ab00000,0x0000000792080000,0x0000000792080000)
  from space 116224K, 87% used [0x0000000792080000,0x00000007983ac908,0x0000000799200000)
  to   space 131072K, 99% used [0x00000007a7800000,0x00000007af7f83b0,0x00000007af800000)
 ParOldGen       total 619008K, used 618441K [0x00000006c0000000, 0x00000006e5c80000, 0x000000076ab00000)
  object space 619008K, 99% used [0x00000006c0000000,0x00000006e5bf2540,0x00000006e5c80000)
 Metaspace       used 6629K, capacity 7344K, committed 7552K, reserved 1056768K
  class space    used 605K, capacity 616K, committed 640K, reserved 1048576K
Event: 87.647 GC heap after
Heap after GC invocations=23 (full 6):
 PSYoungGen      total 760832K, used 136292K [0x000000076ab00000, 0x00000007af800000, 0x00000007c0000000)
  eden space 644608K, 21% used [0x000000076ab00000,0x00000007730193f8,0x0000000792080000)
  from space 116224K, 0% used [0x0000000792080000,0x0000000792080000,0x0000000799200000)
  to   space 131072K, 0% used [0x00000007a7800000,0x00000007a7800000,0x00000007af800000)
 ParOldGen       total 805376K, used 618878K [0x00000006c0000000, 0x00000006f1280000, 0x000000076ab00000)
  object space 805376K, 76% used [0x00000006c0000000,0x00000006e5c5f9a8,0x00000006f1280000)
 Metaspace       used 6629K, capacity 7344K, committed 7552K, reserved 1056768K
  class space    used 605K, capacity 616K, committed 640K, reserved 1048576K
}
Event: 89.828 GC heap before
{Heap before GC invocations=24 (full 6):
 PSYoungGen      total 760832K, used 644608K [0x000000076ab00000, 0x00000007af800000, 0x00000007c0000000)
  eden space 644608K, 100% used [0x000000076ab00000,0x0000000792080000,0x0000000792080000)
  from space 116224K, 0% used [0x0000000792080000,0x0000000792080000,0x0000000799200000)
  to   space 131072K, 0% used [0x00000007a7800000,0x00000007a7800000,0x00000007af800000)
 ParOldGen       total 805376K, used 618878K [0x00000006c0000000, 0x00000006f1280000, 0x000000076ab00000)
  object space 805376K, 76% used [0x00000006c0000000,0x00000006e5c5f9a8,0x00000006f1280000)
 Metaspace       used 6629K, capacity 7344K, committed 7552K, reserved 1056768K
  class space    used 605K, capacity 616K, committed 640K, reserved 1048576K
Event: 91.899 GC heap after
Heap after GC invocations=24 (full 6):
 PSYoungGen      total 905216K, used 55212K [0x000000076ab00000, 0x00000007ac600000, 0x00000007c0000000)
  eden space 825344K, 0% used [0x000000076ab00000,0x000000076ab00000,0x000000079d100000)
  from space 79872K, 69% used [0x00000007a7800000,0x00000007aadeb050,0x00000007ac600000)
  to   space 125440K, 0% used [0x000000079d100000,0x000000079d100000,0x00000007a4b80000)
 ParOldGen       total 805376K, used 706479K [0x00000006c0000000, 0x00000006f1280000, 0x000000076ab00000)
  object space 805376K, 87% used [0x00000006c0000000,0x00000006eb1ebe88,0x00000006f1280000)
 Metaspace       used 6629K, capacity 7344K, committed 7552K, reserved 1056768K
  class space    used 605K, capacity 616K, committed 640K, reserved 1048576K
}
Event: 93.608 GC heap before
{Heap before GC invocations=25 (full 6):
 PSYoungGen      total 905216K, used 880556K [0x000000076ab00000, 0x00000007ac600000, 0x00000007c0000000)
  eden space 825344K, 100% used [0x000000076ab00000,0x000000079d100000,0x000000079d100000)
  from space 79872K, 69% used [0x00000007a7800000,0x00000007aadeb050,0x00000007ac600000)
  to   space 125440K, 0% used [0x000000079d100000,0x000000079d100000,0x00000007a4b80000)
 ParOldGen       total 805376K, used 706479K [0x00000006c0000000, 0x00000006f1280000, 0x000000076ab00000)
  object space 805376K, 87% used [0x00000006c0000000,0x00000006eb1ebe88,0x00000006f1280000)
 Metaspace       used 6629K, capacity 7344K, committed 7552K, reserved 1056768K
  class space    used 605K, capacity 616K, committed 640K, reserved 1048576K

Deoptimization events (10 events):
Event: 87.659 Thread 0x00007f5fe419c000 Uncommon trap: reason=class_check action=maybe_recompile pc=0x00007f5fd5a96378 method=com.android.dx.ssa.back.InterferenceGraph.mergeInterferenceSet(ILcom/android/dx/util/IntSet;)V @ 20
Event: 87.662 Thread 0x00007f5fe419c000 Uncommon trap: reason=class_check action=maybe_recompile pc=0x00007f5fd5a7f3cc method=com.android.dx.util.BitIntSet.merge(Lcom/android/dx/util/IntSet;)V @ 1
Event: 87.663 Thread 0x00007f5fe419c000 Uncommon trap: reason=class_check action=maybe_recompile pc=0x00007f5fd5a96378 method=com.android.dx.ssa.back.InterferenceGraph.mergeInterferenceSet(ILcom/android/dx/util/IntSet;)V @ 20
Event: 87.663 Thread 0x00007f5fe419c000 Uncommon trap: reason=class_check action=maybe_recompile pc=0x00007f5fd5a7f3cc method=com.android.dx.util.BitIntSet.merge(Lcom/android/dx/util/IntSet;)V @ 1
Event: 87.663 Thread 0x00007f5fe419c000 Uncommon trap: reason=class_check action=maybe_recompile pc=0x00007f5fd5a96378 method=com.android.dx.ssa.back.InterferenceGraph.mergeInterferenceSet(ILcom/android/dx/util/IntSet;)V @ 20
Event: 87.663 Thread 0x00007f5fe419c000 Uncommon trap: reason=class_check action=maybe_recompile pc=0x00007f5fd5a7f3cc method=com.android.dx.util.BitIntSet.merge(Lcom/android/dx/util/IntSet;)V @ 1
Event: 87.665 Thread 0x00007f5fe419c000 Uncommon trap: reason=class_check action=maybe_recompile pc=0x00007f5fd5a96378 method=com.android.dx.ssa.back.InterferenceGraph.mergeInterferenceSet(ILcom/android/dx/util/IntSet;)V @ 20
Event: 87.665 Thread 0x00007f5fe419c000 Uncommon trap: reason=class_check action=maybe_recompile pc=0x00007f5fd5a7f3cc method=com.android.dx.util.BitIntSet.merge(Lcom/android/dx/util/IntSet;)V @ 1
Event: 87.882 Thread 0x00007f5fe4196000 Uncommon trap: reason=class_check action=maybe_recompile pc=0x00007f5fd55ab4b0 method=com.android.dx.ssa.SsaConverter.placePhiFunctions(Lcom/android/dx/ssa/SsaMethod;Lcom/android/dx/ssa/LocalVariableInfo;I)V @ 257
Event: 89.276 Thread 0x00007f5fe419c000 Uncommon trap: reason=class_check action=maybe_recompile pc=0x00007f5fd55ab4b0 method=com.android.dx.ssa.SsaConverter.placePhiFunctions(Lcom/android/dx/ssa/SsaMethod;Lcom/android/dx/ssa/LocalVariableInfo;I)V @ 257

Classes redefined (0 events):
No events

Internal exceptions (9 events):
Event: 0.042 Thread 0x00007f5fe400b800 Exception <a 'java/lang/NoSuchMethodError': Method sun.misc.Unsafe.defineClass(Ljava/lang/String;[BII)Ljava/lang/Class; name or signature does not match> (0x000000076ab07ca8) thrown at [/ssd/Android/AOSP-openjdk-git/jdk8u/hotspot/src/share/vm/prims/jni.cp
Event: 0.042 Thread 0x00007f5fe400b800 Exception <a 'java/lang/NoSuchMethodError': Method sun.misc.Unsafe.prefetchRead(Ljava/lang/Object;J)V name or signature does not match> (0x000000076ab07f90) thrown at [/ssd/Android/AOSP-openjdk-git/jdk8u/hotspot/src/share/vm/prims/jni.cpp, line 4011]
Event: 1.419 Thread 0x00007f5fe400b800 Implicit null exception at 0x00007f5fd5171fb4 to 0x00007f5fd51725fd
Event: 2.175 Thread 0x00007f5fe419d000 Implicit null exception at 0x00007f5fd531fc62 to 0x00007f5fd531fd63
Event: 2.204 Thread 0x00007f5fe419c000 Implicit null exception at 0x00007f5fd52f4c73 to 0x00007f5fd52f76f9
Event: 2.415 Thread 0x00007f5fe419c000 Implicit null exception at 0x00007f5fd5450c98 to 0x00007f5fd5450e7d
Event: 2.584 Thread 0x00007f5fe400b800 Exception <a 'java/lang/ArrayIndexOutOfBoundsException': 18> (0x000000076d25dbf0) thrown at [/ssd/Android/AOSP-openjdk-git/jdk8u/hotspot/src/share/vm/interpreter/interpreterRuntime.cpp, line 366]
Event: 2.584 Thread 0x00007f5fe400b800 Exception <a 'java/lang/ArrayIndexOutOfBoundsException': 145> (0x000000076d25f770) thrown at [/ssd/Android/AOSP-openjdk-git/jdk8u/hotspot/src/share/vm/interpreter/interpreterRuntime.cpp, line 366]
Event: 2.584 Thread 0x00007f5fe400b800 Exception <a 'java/lang/ArrayIndexOutOfBoundsException'> (0x000000076d260a58) thrown at [/ssd/Android/AOSP-openjdk-git/jdk8u/hotspot/src/share/vm/runtime/sharedRuntime.cpp, line 605]

Events (10 events):
Event: 89.212 Thread 0x00007f5fe40bd800 flushing nmethod 0x00007f5fd5c6a350
Event: 89.212 Thread 0x00007f5fe40bd800 flushing nmethod 0x00007f5fd5cdf310
Event: 89.212 Thread 0x00007f5fe40bd800 flushing nmethod 0x00007f5fd5cee450
Event: 89.212 Thread 0x00007f5fe40bd800 flushing nmethod 0x00007f5fd5d1da10
Event: 89.276 Thread 0x00007f5fe419c000 Uncommon trap: trap_request=0xffffffde fr.pc=0x00007f5fd55ab4b0
Event: 89.276 Thread 0x00007f5fe419c000 DEOPT PACKING pc=0x00007f5fd55ab4b0 sp=0x00007f5fcbc91330
Event: 89.276 Thread 0x00007f5fe419c000 DEOPT UNPACKING pc=0x00007f5fd5004f69 sp=0x00007f5fcbc91328 mode 2
Event: 89.828 Executing VM operation: ParallelGCFailedAllocation
Event: 91.899 Executing VM operation: ParallelGCFailedAllocation done
Event: 93.608 Executing VM operation: ParallelGCFailedAllocation


Dynamic libraries:
00400000-00401000 r-xp 00000000 08:02 10618143                           /home/androidpc/android-studio/jre/bin/java
00600000-00601000 r--p 00000000 08:02 10618143                           /home/androidpc/android-studio/jre/bin/java
00601000-00602000 rw-p 00001000 08:02 10618143                           /home/androidpc/android-studio/jre/bin/java
01c36000-01c57000 rw-p 00000000 00:00 0                                  [heap]
6c0000000-6f1280000 rw-p 00000000 00:00 0 
6f1280000-76ab00000 ---p 00000000 00:00 0 
76ab00000-7ac600000 rw-p 00000000 00:00 0 
7bbb80000-7c0000000 ---p 00000000 00:00 0 
7c0000000-7c00a0000 rw-p 00000000 00:00 0 
7c00a0000-800000000 ---p 00000000 00:00 0 
7f5f64000000-7f5f6402f000 rw-p 00000000 00:00 0 
7f5f6402f000-7f5f68000000 ---p 00000000 00:00 0 
7f5f6c000000-7f5f6c03a000 rw-p 00000000 00:00 0 
7f5f6c03a000-7f5f70000000 ---p 00000000 00:00 0 
7f5f70000000-7f5f7002e000 rw-p 00000000 00:00 0 
7f5f7002e000-7f5f74000000 ---p 00000000 00:00 0 
7f5f74000000-7f5f74058000 rw-p 00000000 00:00 0 
7f5f74058000-7f5f78000000 ---p 00000000 00:00 0 
7f5f78000000-7f5f78021000 rw-p 00000000 00:00 0 
7f5f78021000-7f5f7c000000 ---p 00000000 00:00 0 
7f5f7c000000-7f5f7c021000 rw-p 00000000 00:00 0 
7f5f7c021000-7f5f80000000 ---p 00000000 00:00 0 
7f5f80000000-7f5f80021000 rw-p 00000000 00:00 0 
7f5f80021000-7f5f84000000 ---p 00000000 00:00 0 
7f5f84000000-7f5f85654000 rw-p 00000000 00:00 0 
7f5f85654000-7f5f88000000 ---p 00000000 00:00 0 
7f5f88000000-7f5f888e0000 rw-p 00000000 00:00 0 
7f5f888e0000-7f5f8c000000 ---p 00000000 00:00 0 
7f5f8c000000-7f5f8c021000 rw-p 00000000 00:00 0 
7f5f8c021000-7f5f90000000 ---p 00000000 00:00 0 
7f5f90000000-7f5f9170b000 rw-p 00000000 00:00 0 
7f5f9170b000-7f5f94000000 ---p 00000000 00:00 0 
7f5f94000000-7f5f94021000 rw-p 00000000 00:00 0 
7f5f94021000-7f5f98000000 ---p 00000000 00:00 0 
7f5f98000000-7f5f98021000 rw-p 00000000 00:00 0 
7f5f98021000-7f5f9c000000 ---p 00000000 00:00 0 
7f5f9c000000-7f5fa4000000 rw-p 00000000 00:00 0 
7f5fa4000000-7f5fa4021000 rw-p 00000000 00:00 0 
7f5fa4021000-7f5fa8000000 ---p 00000000 00:00 0 
7f5fa8000000-7f5fa8281000 rw-p 00000000 00:00 0 
7f5fa8281000-7f5fac000000 ---p 00000000 00:00 0 
7f5fac000000-7f5fac181000 rw-p 00000000 00:00 0 
7f5fac181000-7f5fb0000000 ---p 00000000 00:00 0 
7f5fb4000000-7f5fb4021000 rw-p 00000000 00:00 0 
7f5fb4021000-7f5fb8000000 ---p 00000000 00:00 0 
7f5fbc000000-7f5fbc041000 rw-p 00000000 00:00 0 
7f5fbc041000-7f5fc0000000 ---p 00000000 00:00 0 
7f5fc4000000-7f5fc4021000 rw-p 00000000 00:00 0 
7f5fc4021000-7f5fc8000000 ---p 00000000 00:00 0 
7f5fcba91000-7f5fcba94000 ---p 00000000 00:00 0 
7f5fcba94000-7f5fcbb92000 rw-p 00000000 00:00 0 
7f5fcbb92000-7f5fcbb95000 ---p 00000000 00:00 0 
7f5fcbb95000-7f5fcbc93000 rw-p 00000000 00:00 0 
7f5fcbc93000-7f5fcbc96000 ---p 00000000 00:00 0 
7f5fcbc96000-7f5fcbd94000 rw-p 00000000 00:00 0 
7f5fcbd94000-7f5fcbd97000 ---p 00000000 00:00 0 
7f5fcbd97000-7f5fcbe95000 rw-p 00000000 00:00 0 
7f5fcbe95000-7f5fcc000000 r--s 01e66000 08:02 26610851                   /home/androidpc/EonTechnician/app/build/intermediates/transforms/jarMerging/release/0.jar
7f5fcc000000-7f5fcc021000 rw-p 00000000 00:00 0 
7f5fcc021000-7f5fd0000000 ---p 00000000 00:00 0 
7f5fd005b000-7f5fd005e000 ---p 00000000 00:00 0 
7f5fd005e000-7f5fd015c000 rw-p 00000000 00:00 0 
7f5fd015c000-7f5fd015d000 ---p 00000000 00:00 0 
7f5fd015d000-7f5fd025d000 rw-p 00000000 00:00 0 
7f5fd025d000-7f5fd0260000 ---p 00000000 00:00 0 
7f5fd0260000-7f5fd035e000 rw-p 00000000 00:00 0 
7f5fd035e000-7f5fd035f000 ---p 00000000 00:00 0 
7f5fd035f000-7f5fd0362000 ---p 00000000 00:00 0 
7f5fd0362000-7f5fd045f000 rw-p 00000000 00:00 0 
7f5fd045f000-7f5fd0460000 ---p 00000000 00:00 0 
7f5fd0460000-7f5fd0463000 ---p 00000000 00:00 0 
7f5fd0463000-7f5fd0560000 rw-p 00000000 00:00 0 
7f5fd0560000-7f5fd0561000 ---p 00000000 00:00 0 
7f5fd0561000-7f5fd0564000 ---p 00000000 00:00 0 
7f5fd0564000-7f5fd0661000 rw-p 00000000 00:00 0 
7f5fd0661000-7f5fd0664000 ---p 00000000 00:00 0 
7f5fd0664000-7f5fd0762000 rw-p 00000000 00:00 0 
7f5fd0762000-7f5fd1131000 r--p 00000000 08:02 22026811                   /usr/lib/locale/locale-archive
7f5fd1131000-7f5fd1134000 ---p 00000000 00:00 0 
7f5fd1134000-7f5fd1232000 rw-p 00000000 00:00 0 
7f5fd1232000-7f5fd1235000 ---p 00000000 00:00 0 
7f5fd1235000-7f5fd1333000 rw-p 00000000 00:00 0 
7f5fd1333000-7f5fd1334000 ---p 00000000 00:00 0 
7f5fd1334000-7f5fd2a5d000 rw-p 00000000 00:00 0 
7f5fd2a5d000-7f5fd2c2d000 r--s 03c46000 08:02 10880183                   /home/androidpc/android-studio/jre/jre/lib/rt.jar
7f5fd2c2d000-7f5fd3363000 rw-p 00000000 00:00 0 
7f5fd3363000-7f5fd34a3000 ---p 00000000 00:00 0 
7f5fd34a3000-7f5fd3ca3000 rw-p 00000000 00:00 0 
7f5fd3ca3000-7f5fd3ca4000 ---p 00000000 00:00 0 
7f5fd3ca4000-7f5fd3da4000 rw-p 00000000 00:00 0 
7f5fd3da4000-7f5fd3da5000 ---p 00000000 00:00 0 
7f5fd3da5000-7f5fd3ea5000 rw-p 00000000 00:00 0 
7f5fd3ea5000-7f5fd3ea6000 ---p 00000000 00:00 0 
7f5fd3ea6000-7f5fd3fa6000 rw-p 00000000 00:00 0 
7f5fd3fa6000-7f5fd3fa7000 ---p 00000000 00:00 0 
7f5fd3fa7000-7f5fd40a7000 rw-p 00000000 00:00 0 
7f5fd40a7000-7f5fd40a8000 ---p 00000000 00:00 0 
7f5fd40a8000-7f5fd41a8000 rw-p 00000000 00:00 0 
7f5fd41a8000-7f5fd41a9000 ---p 00000000 00:00 0 
7f5fd41a9000-7f5fd4433000 rw-p 00000000 00:00 0 
7f5fd4433000-7f5fd47ff000 ---p 00000000 00:00 0 
7f5fd47ff000-7f5fd4989000 rw-p 00000000 00:00 0 
7f5fd4989000-7f5fd4d54000 ---p 00000000 00:00 0 
7f5fd4d54000-7f5fd4f62000 rw-p 00000000 00:00 0 
7f5fd4f62000-7f5fd4fff000 ---p 00000000 00:00 0 
7f5fd4fff000-7f5fd5000000 rw-p 00000000 00:00 0 
7f5fd5000000-7f5fd5da0000 rwxp 00000000 00:00 0 
7f5fd5da0000-7f5fe4000000 ---p 00000000 00:00 0 
7f5fe4000000-7f5fe43ae000 rw-p 00000000 00:00 0 
7f5fe43ae000-7f5fe8000000 ---p 00000000 00:00 0 
7f5fe800d000-7f5fe8065000 rw-p 00000000 00:00 0 
7f5fe8065000-7f5fe83ee000 ---p 00000000 00:00 0 
7f5fe83ee000-7f5fe8408000 r-xp 00000000 08:02 11011317                   /home/androidpc/android-studio/jre/jre/lib/amd64/libzip.so
7f5fe8408000-7f5fe8608000 ---p 0001a000 08:02 11011317                   /home/androidpc/android-studio/jre/jre/lib/amd64/libzip.so
7f5fe8608000-7f5fe8609000 r--p 0001a000 08:02 11011317                   /home/androidpc/android-studio/jre/jre/lib/amd64/libzip.so
7f5fe8609000-7f5fe860a000 rw-p 0001b000 08:02 11011317                   /home/androidpc/android-studio/jre/jre/lib/amd64/libzip.so
7f5fe860a000-7f5fe8615000 r-xp 00000000 08:02 46666460                   /lib/x86_64-linux-gnu/libnss_files-2.27.so
7f5fe8615000-7f5fe8814000 ---p 0000b000 08:02 46666460                   /lib/x86_64-linux-gnu/libnss_files-2.27.so
7f5fe8814000-7f5fe8815000 r--p 0000a000 08:02 46666460                   /lib/x86_64-linux-gnu/libnss_files-2.27.so
7f5fe8815000-7f5fe8816000 rw-p 0000b000 08:02 46666460                   /lib/x86_64-linux-gnu/libnss_files-2.27.so
7f5fe8816000-7f5fe881c000 rw-p 00000000 00:00 0 
7f5fe881c000-7f5fe8833000 r-xp 00000000 08:02 46666454                   /lib/x86_64-linux-gnu/libnsl-2.27.so
7f5fe8833000-7f5fe8a32000 ---p 00017000 08:02 46666454                   /lib/x86_64-linux-gnu/libnsl-2.27.so
7f5fe8a32000-7f5fe8a33000 r--p 00016000 08:02 46666454                   /lib/x86_64-linux-gnu/libnsl-2.27.so
7f5fe8a33000-7f5fe8a34000 rw-p 00017000 08:02 46666454                   /lib/x86_64-linux-gnu/libnsl-2.27.so
7f5fe8a34000-7f5fe8a36000 rw-p 00000000 00:00 0 
7f5fe8a36000-7f5fe8a41000 r-xp 00000000 08:02 46666471                   /lib/x86_64-linux-gnu/libnss_nis-2.27.so
7f5fe8a41000-7f5fe8c40000 ---p 0000b000 08:02 46666471                   /lib/x86_64-linux-gnu/libnss_nis-2.27.so
7f5fe8c40000-7f5fe8c41000 r--p 0000a000 08:02 46666471                   /lib/x86_64-linux-gnu/libnss_nis-2.27.so
7f5fe8c41000-7f5fe8c42000 rw-p 0000b000 08:02 46666471                   /lib/x86_64-linux-gnu/libnss_nis-2.27.so
7f5fe8c42000-7f5fe8c4a000 r-xp 00000000 08:02 46666456                   /lib/x86_64-linux-gnu/libnss_compat-2.27.so
7f5fe8c4a000-7f5fe8e4a000 ---p 00008000 08:02 46666456                   /lib/x86_64-linux-gnu/libnss_compat-2.27.so
7f5fe8e4a000-7f5fe8e4b000 r--p 00008000 08:02 46666456                   /lib/x86_64-linux-gnu/libnss_compat-2.27.so
7f5fe8e4b000-7f5fe8e4c000 rw-p 00009000 08:02 46666456                   /lib/x86_64-linux-gnu/libnss_compat-2.27.so
7f5fe8e4c000-7f5fe8e79000 r-xp 00000000 08:02 11011316                   /home/androidpc/android-studio/jre/jre/lib/amd64/libjava.so
7f5fe8e79000-7f5fe9078000 ---p 0002d000 08:02 11011316                   /home/androidpc/android-studio/jre/jre/lib/amd64/libjava.so
7f5fe9078000-7f5fe9079000 r--p 0002c000 08:02 11011316                   /home/androidpc/android-studio/jre/jre/lib/amd64/libjava.so
7f5fe9079000-7f5fe907b000 rw-p 0002d000 08:02 11011316                   /home/androidpc/android-studio/jre/jre/lib/amd64/libjava.so
7f5fe907b000-7f5fe908b000 r-xp 00000000 08:02 11011322                   /home/androidpc/android-studio/jre/jre/lib/amd64/libverify.so
7f5fe908b000-7f5fe928a000 ---p 00010000 08:02 11011322                   /home/androidpc/android-studio/jre/jre/lib/amd64/libverify.so
7f5fe928a000-7f5fe928c000 r--p 0000f000 08:02 11011322                   /home/androidpc/android-studio/jre/jre/lib/amd64/libverify.so
7f5fe928c000-7f5fe928d000 rw-p 00011000 08:02 11011322                   /home/androidpc/android-studio/jre/jre/lib/amd64/libverify.so
7f5fe928d000-7f5fe9294000 r-xp 00000000 08:02 46666511                   /lib/x86_64-linux-gnu/librt-2.27.so
7f5fe9294000-7f5fe9493000 ---p 00007000 08:02 46666511                   /lib/x86_64-linux-gnu/librt-2.27.so
7f5fe9493000-7f5fe9494000 r--p 00006000 08:02 46666511                   /lib/x86_64-linux-gnu/librt-2.27.so
7f5fe9494000-7f5fe9495000 rw-p 00007000 08:02 46666511                   /lib/x86_64-linux-gnu/librt-2.27.so
7f5fe9495000-7f5fe9632000 r-xp 00000000 08:02 46666433                   /lib/x86_64-linux-gnu/libm-2.27.so
7f5fe9632000-7f5fe9831000 ---p 0019d000 08:02 46666433                   /lib/x86_64-linux-gnu/libm-2.27.so
7f5fe9831000-7f5fe9832000 r--p 0019c000 08:02 46666433                   /lib/x86_64-linux-gnu/libm-2.27.so
7f5fe9832000-7f5fe9833000 rw-p 0019d000 08:02 46666433                   /lib/x86_64-linux-gnu/libm-2.27.so
7f5fe9833000-7f5fea42b000 r-xp 00000000 08:02 11011326                   /home/androidpc/android-studio/jre/jre/lib/amd64/server/libjvm.so
7f5fea42b000-7f5fea62b000 ---p 00bf8000 08:02 11011326                   /home/androidpc/android-studio/jre/jre/lib/amd64/server/libjvm.so
7f5fea62b000-7f5fea6ca000 r--p 00bf8000 08:02 11011326                   /home/androidpc/android-studio/jre/jre/lib/amd64/server/libjvm.so
7f5fea6ca000-7f5fea6f3000 rw-p 00c97000 08:02 11011326                   /home/androidpc/android-studio/jre/jre/lib/amd64/server/libjvm.so
7f5fea6f3000-7f5fea737000 rw-p 00000000 00:00 0 
7f5fea737000-7f5fea751000 r-xp 00000000 08:02 46666503                   /lib/x86_64-linux-gnu/libpthread-2.27.so
7f5fea751000-7f5fea950000 ---p 0001a000 08:02 46666503                   /lib/x86_64-linux-gnu/libpthread-2.27.so
7f5fea950000-7f5fea951000 r--p 00019000 08:02 46666503                   /lib/x86_64-linux-gnu/libpthread-2.27.so
7f5fea951000-7f5fea952000 rw-p 0001a000 08:02 46666503                   /lib/x86_64-linux-gnu/libpthread-2.27.so
7f5fea952000-7f5fea956000 rw-p 00000000 00:00 0 
7f5fea956000-7f5fea959000 r-xp 00000000 08:02 46666393                   /lib/x86_64-linux-gnu/libdl-2.27.so
7f5fea959000-7f5feab58000 ---p 00003000 08:02 46666393                   /lib/x86_64-linux-gnu/libdl-2.27.so
7f5feab58000-7f5feab59000 r--p 00002000 08:02 46666393                   /lib/x86_64-linux-gnu/libdl-2.27.so
7f5feab59000-7f5feab5a000 rw-p 00003000 08:02 46666393                   /lib/x86_64-linux-gnu/libdl-2.27.so
7f5feab5a000-7f5fead41000 r-xp 00000000 08:02 46666370                   /lib/x86_64-linux-gnu/libc-2.27.so
7f5fead41000-7f5feaf41000 ---p 001e7000 08:02 46666370                   /lib/x86_64-linux-gnu/libc-2.27.so
7f5feaf41000-7f5feaf45000 r--p 001e7000 08:02 46666370                   /lib/x86_64-linux-gnu/libc-2.27.so
7f5feaf45000-7f5feaf47000 rw-p 001eb000 08:02 46666370                   /lib/x86_64-linux-gnu/libc-2.27.so
7f5feaf47000-7f5feaf4b000 rw-p 00000000 00:00 0 
7f5feaf4b000-7f5feaf61000 r-xp 00000000 08:02 10749151                   /home/androidpc/android-studio/jre/lib/amd64/jli/libjli.so
7f5feaf61000-7f5feb160000 ---p 00016000 08:02 10749151                   /home/androidpc/android-studio/jre/lib/amd64/jli/libjli.so
7f5feb160000-7f5feb161000 r--p 00015000 08:02 10749151                   /home/androidpc/android-studio/jre/lib/amd64/jli/libjli.so
7f5feb161000-7f5feb162000 rw-p 00016000 08:02 10749151                   /home/androidpc/android-studio/jre/lib/amd64/jli/libjli.so
7f5feb162000-7f5feb189000 r-xp 00000000 08:02 46666342                   /lib/x86_64-linux-gnu/ld-2.27.so
7f5feb197000-7f5feb26a000 rw-p 00000000 00:00 0 
7f5feb26a000-7f5feb26b000 ---p 00000000 00:00 0 
7f5feb26b000-7f5feb26e000 ---p 00000000 00:00 0 
7f5feb26e000-7f5feb36d000 rw-p 00000000 00:00 0 
7f5feb36e000-7f5feb37d000 r--s 000ed000 08:02 6947636                    /home/androidpc/Android/android-sdk-linux/build-tools/27.0.1/lib/dx.jar
7f5feb37d000-7f5feb385000 rw-s 00000000 08:02 60560443                   /tmp/hsperfdata_androidpc/22409
7f5feb385000-7f5feb386000 rw-p 00000000 00:00 0 
7f5feb386000-7f5feb387000 ---p 00000000 00:00 0 
7f5feb387000-7f5feb389000 rw-p 00000000 00:00 0 
7f5feb389000-7f5feb38a000 r--p 00027000 08:02 46666342                   /lib/x86_64-linux-gnu/ld-2.27.so
7f5feb38a000-7f5feb38b000 rw-p 00028000 08:02 46666342                   /lib/x86_64-linux-gnu/ld-2.27.so
7f5feb38b000-7f5feb38c000 rw-p 00000000 00:00 0 
7ffc23a47000-7ffc23a68000 rw-p 00000000 00:00 0                          [stack]
7ffc23a7a000-7ffc23a7d000 r--p 00000000 00:00 0                          [vvar]
7ffc23a7d000-7ffc23a7f000 r-xp 00000000 00:00 0                          [vdso]
ffffffffff600000-ffffffffff601000 r-xp 00000000 00:00 0                  [vsyscall]

VM Arguments:
jvm_args: -Djava.awt.headless=true -Xmx4g -Dfile.encoding=UTF-8 -Duser.country=IN -Duser.language=en -Duser.variant 
java_command: com.android.dx.command.Main --dex --num-threads=4 --multi-dex --main-dex-list /home/androidpc/EonTechnician/app/build/intermediates/multi-dex/release/maindexlist.txt --output /home/androidpc/EonTechnician/app/build/intermediates/transforms/dex/release/0 --min-sdk-version 16 /home/androidpc/EonTechnician/app/build/intermediates/transforms/jarMerging/release/0.jar
java_class_path (initial): /home/androidpc/Android/android-sdk-linux/build-tools/27.0.1/lib/dx.jar
Launcher Type: SUN_STANDARD

Environment Variables:
JAVA_HOME=/usr/lib/jvm/java-8-oracle
PATH=/usr/local/sbin:/usr/local/bin:/usr/sbin:/usr/bin:/sbin:/bin:/usr/games:/usr/local/games:/snap/bin:/usr/lib/jvm/java-8-oracle/bin:/usr/lib/jvm/java-8-oracle/db/bin:/usr/lib/jvm/java-8-oracle/jre/bin:/usr/lib/jvm/java-8-oracle/bin:/usr/lib/jvm/java-8-oracle/db/bin:/usr/lib/jvm/java-8-oracle/jre/bin
LD_LIBRARY_PATH=/home/androidpc/android-studio/bin:
SHELL=/bin/bash
DISPLAY=:0

Signal Handlers:
SIGSEGV: [libjvm.so+0x9ebc60], sa_mask[0]=11111111011111111101111111111110, sa_flags=SA_RESTART|SA_SIGINFO
SIGBUS: [libjvm.so+0x9ebc60], sa_mask[0]=11111111011111111101111111111110, sa_flags=SA_RESTART|SA_SIGINFO
SIGFPE: [libjvm.so+0x84cf60], sa_mask[0]=11111111011111111101111111111110, sa_flags=SA_RESTART|SA_SIGINFO
SIGPIPE: [libjvm.so+0x84cf60], sa_mask[0]=11111111011111111101111111111110, sa_flags=SA_RESTART|SA_SIGINFO
SIGXFSZ: [libjvm.so+0x84cf60], sa_mask[0]=11111111011111111101111111111110, sa_flags=SA_RESTART|SA_SIGINFO
SIGILL: [libjvm.so+0x84cf60], sa_mask[0]=11111111011111111101111111111110, sa_flags=SA_RESTART|SA_SIGINFO
SIGUSR1: SIG_DFL, sa_mask[0]=00000000000000000000000000000000, sa_flags=none
SIGUSR2: [libjvm.so+0x84ce30], sa_mask[0]=00100000000000000000000000000000, sa_flags=SA_RESTART|SA_SIGINFO
SIGHUP: [libjvm.so+0x84d020], sa_mask[0]=11111111011111111101111111111110, sa_flags=SA_RESTART|SA_SIGINFO
SIGINT: [libjvm.so+0x84d020], sa_mask[0]=11111111011111111101111111111110, sa_flags=SA_RESTART|SA_SIGINFO
SIGTERM: [libjvm.so+0x84d020], sa_mask[0]=11111111011111111101111111111110, sa_flags=SA_RESTART|SA_SIGINFO
SIGQUIT: [libjvm.so+0x84d020], sa_mask[0]=11111111011111111101111111111110, sa_flags=SA_RESTART|SA_SIGINFO


---------------  S Y S T E M  ---------------

OS:DISTRIB_ID=Ubuntu
DISTRIB_RELEASE=18.04
DISTRIB_CODENAME=bionic
DISTRIB_DESCRIPTION="Ubuntu 18.04.1 LTS"

uname:Linux 4.15.0-72-generic #81-Ubuntu SMP Tue Nov 26 12:20:02 UTC 2019 x86_64
libc:glibc 2.27 NPTL 2.27 
rlimit: STACK 8192k, CORE 0k, NPROC 30892, NOFILE 1048576, AS infinity
load average:11.80 6.92 3.85

/proc/meminfo:
MemTotal:        8024692 kB
MemFree:          138136 kB
MemAvailable:      48920 kB
Buffers:            2032 kB
Cached:           194352 kB
SwapCached:         8608 kB
Active:          6687572 kB
Inactive:         859156 kB
Active(anon):    6671432 kB
Inactive(anon):   834128 kB
Active(file):      16140 kB
Inactive(file):    25028 kB
Unevictable:         176 kB
Mlocked:             176 kB
SwapTotal:       2097148 kB
SwapFree:             52 kB
Dirty:              1076 kB
Writeback:           400 kB
AnonPages:       7343384 kB
Mapped:           116468 kB
Shmem:            154740 kB
Slab:             143724 kB
SReclaimable:      60060 kB
SUnreclaim:        83664 kB
KernelStack:       17888 kB
PageTables:        90352 kB
NFS_Unstable:          0 kB
Bounce:                0 kB
WritebackTmp:          0 kB
CommitLimit:     6109492 kB
Committed_AS:   17959664 kB
VmallocTotal:   34359738367 kB
VmallocUsed:           0 kB
VmallocChunk:          0 kB
HardwareCorrupted:     0 kB
AnonHugePages:         0 kB
ShmemHugePages:        0 kB
ShmemPmdMapped:        0 kB
CmaTotal:              0 kB
CmaFree:               0 kB
HugePages_Total:       0
HugePages_Free:        0
HugePages_Rsvd:        0
HugePages_Surp:        0
Hugepagesize:       2048 kB
DirectMap4k:      444404 kB
DirectMap2M:     7800832 kB
DirectMap1G:           0 kB


CPU:total 6 (initial active 6) (6 cores per cpu, 1 threads per core) family 6 model 158 stepping 10, cmov, cx8, fxsr, mmx, sse, sse2, sse3, ssse3, sse4.1, sse4.2, popcnt, avx, avx2, aes, clmul, erms, 3dnowpref, lzcnt, tsc, tscinvbit, bmi1, bmi2, adx

/proc/cpuinfo:
processor	: 0
vendor_id	: GenuineIntel
cpu family	: 6
model		: 158
model name	: Intel(R) Core(TM) i5-8400 CPU @ 2.80GHz
stepping	: 10
microcode	: 0xca
cpu MHz		: 893.795
cache size	: 9216 KB
physical id	: 0
siblings	: 6
core id		: 0
cpu cores	: 6
apicid		: 0
initial apicid	: 0
fpu		: yes
fpu_exception	: yes
cpuid level	: 22
wp		: yes
flags		: fpu vme de pse tsc msr pae mce cx8 apic sep mtrr pge mca cmov pat pse36 clflush dts acpi mmx fxsr sse sse2 ss ht tm pbe syscall nx pdpe1gb rdtscp lm constant_tsc art arch_perfmon pebs bts rep_good nopl xtopology nonstop_tsc cpuid aperfmperf tsc_known_freq pni pclmulqdq dtes64 monitor ds_cpl vmx est tm2 ssse3 sdbg fma cx16 xtpr pdcm pcid sse4_1 sse4_2 x2apic movbe popcnt tsc_deadline_timer aes xsave avx f16c rdrand lahf_lm abm 3dnowprefetch cpuid_fault epb invpcid_single pti ssbd ibrs ibpb stibp tpr_shadow vnmi flexpriority ept vpid fsgsbase tsc_adjust bmi1 avx2 smep bmi2 erms invpcid mpx rdseed adx smap clflushopt intel_pt xsaveopt xsavec xgetbv1 xsaves dtherm ida arat pln pts hwp hwp_notify hwp_act_window hwp_epp md_clear flush_l1d
bugs		: cpu_meltdown spectre_v1 spectre_v2 spec_store_bypass l1tf mds swapgs itlb_multihit
bogomips	: 5616.00
clflush size	: 64
cache_alignment	: 64
address sizes	: 39 bits physical, 48 bits virtual
power management:

processor	: 1
vendor_id	: GenuineIntel
cpu family	: 6
model		: 158
model name	: Intel(R) Core(TM) i5-8400 CPU @ 2.80GHz
stepping	: 10
microcode	: 0xca
cpu MHz		: 900.098
cache size	: 9216 KB
physical id	: 0
siblings	: 6
core id		: 1
cpu cores	: 6
apicid		: 2
initial apicid	: 2
fpu		: yes
fpu_exception	: yes
cpuid level	: 22
wp		: yes
flags		: fpu vme de pse tsc msr pae mce cx8 apic sep mtrr pge mca cmov pat pse36 clflush dts acpi mmx fxsr sse sse2 ss ht tm pbe syscall nx pdpe1gb rdtscp lm constant_tsc art arch_perfmon pebs bts rep_good nopl xtopology nonstop_tsc cpuid aperfmperf tsc_known_freq pni pclmulqdq dtes64 monitor ds_cpl vmx est tm2 ssse3 sdbg fma cx16 xtpr pdcm pcid sse4_1 sse4_2 x2apic movbe popcnt tsc_deadline_timer aes xsave avx f16c rdrand lahf_lm abm 3dnowprefetch cpuid_fault epb invpcid_single pti ssbd ibrs ibpb stibp tpr_shadow vnmi flexpriority ept vpid fsgsbase tsc_adjust bmi1 avx2 smep bmi2 erms invpcid mpx rdseed adx smap clflushopt intel_pt xsaveopt xsavec xgetbv1 xsaves dtherm ida arat pln pts hwp hwp_notify hwp_act_window hwp_epp md_clear flush_l1d
bugs		: cpu_meltdown spectre_v1 spectre_v2 spec_store_bypass l1tf mds swapgs itlb_multihit
bogomips	: 5616.00
clflush size	: 64
cache_alignment	: 64
address sizes	: 39 bits physical, 48 bits virtual
power management:

processor	: 2
vendor_id	: GenuineIntel
cpu family	: 6
model		: 158
model name	: Intel(R) Core(TM) i5-8400 CPU @ 2.80GHz
stepping	: 10
microcode	: 0xca
cpu MHz		: 891.636
cache size	: 9216 KB
physical id	: 0
siblings	: 6
core id		: 2
cpu cores	: 6
apicid		: 4
initial apicid	: 4
fpu		: yes
fpu_exception	: yes
cpuid level	: 22
wp		: yes
flags		: fpu vme de pse tsc msr pae mce cx8 apic sep mtrr pge mca cmov pat pse36 clflush dts acpi mmx fxsr sse sse2 ss ht tm pbe syscall nx pdpe1gb rdtscp lm constant_tsc art arch_perfmon pebs bts rep_good nopl xtopology nonstop_tsc cpuid aperfmperf tsc_known_freq pni pclmulqdq dtes64 monitor ds_cpl vmx est tm2 ssse3 sdbg fma cx16 xtpr pdcm pcid sse4_1 sse4_2 x2apic movbe popcnt tsc_deadline_timer aes xsave avx f16c rdrand lahf_lm abm 3dnowprefetch cpuid_fault epb invpcid_single pti ssbd ibrs ibpb stibp tpr_shadow vnmi flexpriority ept vpid fsgsbase tsc_adjust bmi1 avx2 smep bmi2 erms invpcid mpx rdseed adx smap clflushopt intel_pt xsaveopt xsavec xgetbv1 xsaves dtherm ida arat pln pts hwp hwp_notify hwp_act_window hwp_epp md_clear flush_l1d
bugs		: cpu_meltdown spectre_v1 spectre_v2 spec_store_bypass l1tf mds swapgs itlb_multihit
bogomips	: 5616.00
clflush size	: 64
cache_alignment	: 64
address sizes	: 39 bits physical, 48 bits virtual
power management:

processor	: 3
vendor_id	: GenuineIntel
cpu family	: 6
model		: 158
model name	: Intel(R) Core(TM) i5-8400 CPU @ 2.80GHz
stepping	: 10
microcode	: 0xca
cpu MHz		: 900.051
cache size	: 9216 KB
physical id	: 0
siblings	: 6
core id		: 3
cpu cores	: 6
apicid		: 6
initial apicid	: 6
fpu		: yes
fpu_exception	: yes
cpuid level	: 22
wp		: yes
flags		: fpu vme de pse tsc msr pae mce cx8 apic sep mtrr pge mca cmov pat pse36 clflush dts acpi mmx fxsr sse sse2 ss ht tm pbe syscall nx pdpe1gb rdtscp lm constant_tsc art arch_perfmon pebs bts rep_good nopl xtopology nonstop_tsc cpuid aperfmperf tsc_known_freq pni pclmulqdq dtes64 monitor ds_cpl vmx est tm2 ssse3 sdbg fma cx16 xtpr pdcm pcid sse4_1 sse4_2 x2apic movbe popcnt tsc_deadline_timer aes xsave avx f16c rdrand lahf_lm abm 3dnowprefetch cpuid_fault epb invpcid_single pti ssbd ibrs ibpb stibp tpr_shadow vnmi flexpriority ept vpid fsgsbase tsc_adjust bmi1 avx2 smep bmi2 erms invpcid mpx rdseed adx smap clflushopt intel_pt xsaveopt xsavec xgetbv1 xsaves dtherm ida arat pln pts hwp hwp_notify hwp_act_window hwp_epp md_clear flush_l1d
bugs		: cpu_meltdown spectre_v1 spectre_v2 spec_store_bypass l1tf mds swapgs itlb_multihit
bogomips	: 5616.00
clflush size	: 64
cache_alignment	: 64
address sizes	: 39 bits physical, 48 bits virtual
power management:

processor	: 4
vendor_id	: GenuineIntel
cpu family	: 6
model		: 158
model name	: Intel(R) Core(TM) i5-8400 CPU @ 2.80GHz
stepping	: 10
microcode	: 0xca
cpu MHz		: 896.423
cache size	: 9216 KB
physical id	: 0
siblings	: 6
core id		: 4
cpu cores	: 6
apicid		: 8
initial apicid	: 8
fpu		: yes
fpu_exception	: yes
cpuid level	: 22
wp		: yes
flags		: fpu vme de pse tsc msr pae mce cx8 apic sep mtrr pge mca cmov pat pse36 clflush dts acpi mmx fxsr sse sse2 ss ht tm pbe syscall nx pdpe1gb rdtscp lm constant_tsc art arch_perfmon pebs bts rep_good nopl xtopology nonstop_tsc cpuid aperfmperf tsc_known_freq pni pclmulqdq dtes64 monitor ds_cpl vmx est tm2 ssse3 sdbg fma cx16 xtpr pdcm pcid sse4_1 sse4_2 x2apic movbe popcnt tsc_deadline_timer aes xsave avx f16c rdrand lahf_lm abm 3dnowprefetch cpuid_fault epb invpcid_single pti ssbd ibrs ibpb stibp tpr_shadow vnmi flexpriority ept vpid fsgsbase tsc_adjust bmi1 avx2 smep bmi2 erms invpcid mpx rdseed adx smap clflushopt intel_pt xsaveopt xsavec xgetbv1 xsaves dtherm ida arat pln pts hwp hwp_notify hwp_act_window hwp_epp md_clear flush_l1d
bugs		: cpu_meltdown spectre_v1 spectre_v2 spec_store_bypass l1tf mds swapgs itlb_multihit
bogomips	: 5616.00
clflush size	: 64
cache_alignment	: 64
address sizes	: 39 bits physical, 48 bits virtual
power management:

processor	: 5
vendor_id	: GenuineIntel
cpu family	: 6
model		: 158
model name	: Intel(R) Core(TM) i5-8400 CPU @ 2.80GHz
stepping	: 10
microcode	: 0xca
cpu MHz		: 900.004
cache size	: 9216 KB
physical id	: 0
siblings	: 6
core id		: 5
cpu cores	: 6
apicid		: 10
initial apicid	: 10
fpu		: yes
fpu_exception	: yes
cpuid level	: 22
wp		: yes
flags		: fpu vme de pse tsc msr pae mce cx8 apic sep mtrr pge mca cmov pat pse36 clflush dts acpi mmx fxsr sse sse2 ss ht tm pbe syscall nx pdpe1gb rdtscp lm constant_tsc art arch_perfmon pebs bts rep_good nopl xtopology nonstop_tsc cpuid aperfmperf tsc_known_freq pni pclmulqdq dtes64 monitor ds_cpl vmx est tm2 ssse3 sdbg fma cx16 xtpr pdcm pcid sse4_1 sse4_2 x2apic movbe popcnt tsc_deadline_timer aes xsave avx f16c rdrand lahf_lm abm 3dnowprefetch cpuid_fault epb invpcid_single pti ssbd ibrs ibpb stibp tpr_shadow vnmi flexpriority ept vpid fsgsbase tsc_adjust bmi1 avx2 smep bmi2 erms invpcid mpx rdseed adx smap clflushopt intel_pt xsaveopt xsavec xgetbv1 xsaves dtherm ida arat pln pts hwp hwp_notify hwp_act_window hwp_epp md_clear flush_l1d
bugs		: cpu_meltdown spectre_v1 spectre_v2 spec_store_bypass l1tf mds swapgs itlb_multihit
bogomips	: 5616.00
clflush size	: 64
cache_alignment	: 64
address sizes	: 39 bits physical, 48 bits virtual
power management:



Memory: 4k page, physical 8024692k(138136k free), swap 2097148k(52k free)

vm_info: OpenJDK 64-Bit Server VM (25.152-b01) for linux-amd64 JRE (1.8.0_152-release-915-b01), built by "builder" with gcc 4.8.4

time: Tue Dec 10 17:17:00 2019
elapsed time: 104 seconds (0d 0h 1m 44s)

