#
# There is insufficient memory for the Java Runtime Environment to continue.
# Native memory allocation (mmap) failed to map 282591232 bytes for committing reserved memory.
# Possible reasons:
#   The system is out of physical RAM or swap space
#   In 32 bit mode, the process size limit was hit
# Possible solutions:
#   Reduce memory load on the system
#   Increase physical memory or swap space
#   Check if swap backing store is full
#   Use 64 bit Java on a 64 bit OS
#   Decrease Java heap size (-Xmx/-Xms)
#   Decrease number of Java threads
#   Decrease Java thread stack sizes (-Xss)
#   Set larger code cache with -XX:ReservedCodeCacheSize=
# This output file may be truncated or incomplete.
#
#  Out of Memory Error (os_linux.cpp:2640), pid=22132, tid=0x00007fa7c1bca700
#
# JRE version: OpenJDK Runtime Environment (8.0_152-b01) (build 1.8.0_152-release-915-b01)
# Java VM: OpenJDK 64-Bit Server VM (25.152-b01 mixed mode linux-amd64 compressed oops)
# Failed to write core dump. Core dumps have been disabled. To enable core dumping, try "ulimit -c unlimited" before starting Java again
#

---------------  T H R E A D  ---------------

Current thread (0x00007fa7f407d000):  VMThread [stack: 0x00007fa7c1acb000,0x00007fa7c1bcb000] [id=22144]

Stack: [0x00007fa7c1acb000,0x00007fa7c1bcb000],  sp=0x00007fa7c1bc9460,  free space=1017k
Native frames: (J=compiled Java code, j=interpreted, Vv=VM code, C=native code)
V  [libjvm.so+0x9eb15d]  VMError::report_and_die()+0x15d
V  [libjvm.so+0x4b8eaa]  report_vm_out_of_memory(char const*, int, unsigned long, VMErrorType, char const*)+0x8a
V  [libjvm.so+0x851370]  os::pd_commit_memory(char*, unsigned long, unsigned long, bool)+0xf0
V  [libjvm.so+0x84be8f]  os::commit_memory(char*, unsigned long, unsigned long, bool)+0x1f
V  [libjvm.so+0x8c261b]  PSVirtualSpace::expand_by(unsigned long)+0x5b
V  [libjvm.so+0x8c3290]  PSYoungGen::resize_generation(unsigned long, unsigned long)+0xb0
V  [libjvm.so+0x8c35ab]  PSYoungGen::resize(unsigned long, unsigned long)+0x1b
V  [libjvm.so+0x8bfc9c]  PSScavenge::invoke_no_policy()+0xdac
V  [libjvm.so+0x8c0478]  PSScavenge::invoke()+0x38
V  [libjvm.so+0x8748f3]  ParallelScavengeHeap::failed_mem_allocate(unsigned long)+0x63
V  [libjvm.so+0x9ecc84]  VM_ParallelGCFailedAllocation::doit()+0x84
V  [libjvm.so+0x9f1197]  VM_Operation::evaluate()+0x47
V  [libjvm.so+0x9efb78]  VMThread::evaluate_operation(VM_Operation*)+0x2c8
V  [libjvm.so+0x9efff9]  VMThread::loop()+0x219
V  [libjvm.so+0x9f0442]  VMThread::run()+0x72
V  [libjvm.so+0x84e792]  java_start(Thread*)+0xf2

VM_Operation (0x00007fa7fbb097a0): ParallelGCFailedAllocation, mode: safepoint, requested by thread 0x00007fa7f400b800


---------------  P R O C E S S  ---------------

Java Threads: ( => current thread )
  0x00007fa7f4193000 JavaThread "pool-2-thread-4" [_thread_blocked, id=22157, stack(0x00007fa7c0272000,0x00007fa7c0373000)]
  0x00007fa7f4192000 JavaThread "pool-2-thread-3" [_thread_blocked, id=22156, stack(0x00007fa7c0373000,0x00007fa7c0474000)]
  0x00007fa7f418f800 JavaThread "pool-2-thread-2" [_thread_blocked, id=22155, stack(0x00007fa7c0474000,0x00007fa7c0575000)]
  0x00007fa7f418d800 JavaThread "pool-3-thread-1" [_thread_blocked, id=22154, stack(0x00007fa7c0575000,0x00007fa7c0676000)]
  0x00007fa7f418c000 JavaThread "pool-2-thread-1" [_thread_blocked, id=22153, stack(0x00007fa7c0676000,0x00007fa7c0777000)]
  0x00007fa7f40cd000 JavaThread "Service Thread" daemon [_thread_blocked, id=22151, stack(0x00007fa7c09f4000,0x00007fa7c0af5000)]
  0x00007fa7f40c2000 JavaThread "C1 CompilerThread2" daemon [_thread_blocked, id=22150, stack(0x00007fa7c0af6000,0x00007fa7c0bf6000)]
  0x00007fa7f40c0000 JavaThread "C2 CompilerThread1" daemon [_thread_blocked, id=22149, stack(0x00007fa7c0bf7000,0x00007fa7c0cf7000)]
  0x00007fa7f40bd800 JavaThread "C2 CompilerThread0" daemon [_thread_blocked, id=22148, stack(0x00007fa7c0cf8000,0x00007fa7c0df8000)]
  0x00007fa7f40bc000 JavaThread "Signal Dispatcher" daemon [_thread_blocked, id=22147, stack(0x00007fa7c0df8000,0x00007fa7c0ef9000)]
  0x00007fa7f4089800 JavaThread "Finalizer" daemon [_thread_blocked, id=22146, stack(0x00007fa7c18c8000,0x00007fa7c19c9000)]
  0x00007fa7f4085000 JavaThread "Reference Handler" daemon [_thread_blocked, id=22145, stack(0x00007fa7c19c9000,0x00007fa7c1aca000)]
  0x00007fa7f400b800 JavaThread "main" [_thread_blocked, id=22137, stack(0x00007fa7fba0c000,0x00007fa7fbb0c000)]

Other Threads:
=>0x00007fa7f407d000 VMThread [stack: 0x00007fa7c1acb000,0x00007fa7c1bcb000] [id=22144]
  0x00007fa7f40cf800 WatcherThread [stack: 0x00007fa7c08f4000,0x00007fa7c09f4000] [id=22152]

VM state:at safepoint (normal execution)

VM Mutex/Monitor currently owned by a thread:  ([mutex/lock_event])
[0x00007fa7f4007fe0] Threads_lock - owner thread: 0x00007fa7f407d000
[0x00007fa7f40084e0] Heap_lock - owner thread: 0x00007fa7f400b800

Heap:
 PSYoungGen      total 741376K, used 100507K [0x000000076ab00000, 0x000000079ed00000, 0x00000007c0000000)
  eden space 638976K, 0% used [0x000000076ab00000,0x000000076ab00000,0x0000000791b00000)
  from space 102400K, 98% used [0x0000000791b00000,0x0000000797d26da0,0x0000000797f00000)
  to   space 94208K, 0% used [0x0000000797f00000,0x0000000797f00000,0x000000079db00000)
 ParOldGen       total 632832K, used 492509K [0x00000006c0000000, 0x00000006e6a00000, 0x000000076ab00000)
  object space 632832K, 77% used [0x00000006c0000000,0x00000006de0f7590,0x00000006e6a00000)
 Metaspace       used 6649K, capacity 7346K, committed 7552K, reserved 1056768K
  class space    used 607K, capacity 618K, committed 640K, reserved 1048576K

Card table byte_map: [0x00007fa7e47ff000,0x00007fa7e5000000] byte_map_base: 0x00007fa7e11ff000

Marking Bits: (ParMarkBitMap*) 0x00007fa7faea73e0
 Begin Bits: [0x00007fa7c4000000, 0x00007fa7c8000000)
 End Bits:   [0x00007fa7c8000000, 0x00007fa7cc000000)

Polling page: 0x00007fa7fbb25000

CodeCache: size=245760Kb used=12427Kb max_used=13712Kb free=233332Kb
 bounds [0x00007fa7e5000000, 0x00007fa7e5de0000, 0x00007fa7f4000000]
 total_blobs=2690 nmethods=2423 adapters=181
 compilation: enabled

Compilation events (10 events):
Event: 227.309 Thread 0x00007fa7f40c2000 nmethod 3741 0x00007fa7e517a550 code [0x00007fa7e517a6e0, 0x00007fa7e517aa68]
Event: 227.656 Thread 0x00007fa7f40c0000 3742       4       java.util.WeakHashMap::put (162 bytes)
Event: 227.664 Thread 0x00007fa7f40bd800 3743       4       java.util.zip.ZipFile$ZipFileInputStream::<init> (41 bytes)
Event: 227.821 Thread 0x00007fa7f40c2000 3744       3       com.android.dx.ssa.InterferenceRegisterMapper::areAnyPinned (81 bytes)
Event: 227.823 Thread 0x00007fa7f40c2000 nmethod 3744 0x00007fa7e5c977d0 code [0x00007fa7e5c979c0, 0x00007fa7e5c98618]
Event: 230.047 Thread 0x00007fa7f40bd800 nmethod 3743 0x00007fa7e52d5510 code [0x00007fa7e52d5660, 0x00007fa7e52d5758]
Event: 230.047 Thread 0x00007fa7f40c0000 nmethod 3742 0x00007fa7e5456410 code [0x00007fa7e54565a0, 0x00007fa7e5456978]
Event: 236.760 Thread 0x00007fa7f40bd800 3745   !   4       com.android.dx.cf.code.BytecodeArray::parseInstruction (2796 bytes)
Event: 237.501 Thread 0x00007fa7f40c2000 3746       3       com.android.dx.dex.file.AnnotationUtils::makeCstArray (57 bytes)
Event: 237.797 Thread 0x00007fa7f40c0000 3749       4       com.android.dx.rop.code.Rops::opAdd (29 bytes)

GC Heap History (10 events):
Event: 139.210 GC heap after
Heap after GC invocations=16 (full 4):
 PSYoungGen      total 414208K, used 0K [0x000000076ab00000, 0x0000000790100000, 0x00000007c0000000)
  eden space 360448K, 0% used [0x000000076ab00000,0x000000076ab00000,0x0000000780b00000)
  from space 53760K, 0% used [0x0000000780b00000,0x0000000780b00000,0x0000000783f80000)
  to   space 72704K, 0% used [0x000000078ba00000,0x000000078ba00000,0x0000000790100000)
 ParOldGen       total 459776K, used 327021K [0x00000006c0000000, 0x00000006dc100000, 0x000000076ab00000)
  object space 459776K, 71% used [0x00000006c0000000,0x00000006d3f5b658,0x00000006dc100000)
 Metaspace       used 6625K, capacity 7346K, committed 7552K, reserved 1056768K
  class space    used 606K, capacity 618K, committed 640K, reserved 1048576K
}
Event: 159.832 GC heap before
{Heap before GC invocations=17 (full 4):
 PSYoungGen      total 414208K, used 360448K [0x000000076ab00000, 0x0000000790100000, 0x00000007c0000000)
  eden space 360448K, 100% used [0x000000076ab00000,0x0000000780b00000,0x0000000780b00000)
  from space 53760K, 0% used [0x0000000780b00000,0x0000000780b00000,0x0000000783f80000)
  to   space 72704K, 0% used [0x000000078ba00000,0x000000078ba00000,0x0000000790100000)
 ParOldGen       total 459776K, used 327021K [0x00000006c0000000, 0x00000006dc100000, 0x000000076ab00000)
  object space 459776K, 71% used [0x00000006c0000000,0x00000006d3f5b658,0x00000006dc100000)
 Metaspace       used 6635K, capacity 7346K, committed 7552K, reserved 1056768K
  class space    used 607K, capacity 618K, committed 640K, reserved 1048576K
Event: 161.259 GC heap after
Heap after GC invocations=17 (full 4):
 PSYoungGen      total 537600K, used 33365K [0x000000076ab00000, 0x000000078fe00000, 0x00000007c0000000)
  eden space 467968K, 0% used [0x000000076ab00000,0x000000076ab00000,0x0000000787400000)
  from space 69632K, 47% used [0x000000078ba00000,0x000000078da954b8,0x000000078fe00000)
  to   space 70656K, 0% used [0x0000000787400000,0x0000000787400000,0x000000078b900000)
 ParOldGen       total 459776K, used 327029K [0x00000006c0000000, 0x00000006dc100000, 0x000000076ab00000)
  object space 459776K, 71% used [0x00000006c0000000,0x00000006d3f5d658,0x00000006dc100000)
 Metaspace       used 6635K, capacity 7346K, committed 7552K, reserved 1056768K
  class space    used 607K, capacity 618K, committed 640K, reserved 1048576K
}
Event: 165.767 GC heap before
{Heap before GC invocations=18 (full 4):
 PSYoungGen      total 537600K, used 501333K [0x000000076ab00000, 0x000000078fe00000, 0x00000007c0000000)
  eden space 467968K, 100% used [0x000000076ab00000,0x0000000787400000,0x0000000787400000)
  from space 69632K, 47% used [0x000000078ba00000,0x000000078da954b8,0x000000078fe00000)
  to   space 70656K, 0% used [0x0000000787400000,0x0000000787400000,0x000000078b900000)
 ParOldGen       total 459776K, used 327029K [0x00000006c0000000, 0x00000006dc100000, 0x000000076ab00000)
  object space 459776K, 71% used [0x00000006c0000000,0x00000006d3f5d658,0x00000006dc100000)
 Metaspace       used 6640K, capacity 7346K, committed 7552K, reserved 1056768K
  class space    used 607K, capacity 618K, committed 640K, reserved 1048576K
Event: 169.251 GC heap after
Heap after GC invocations=18 (full 4):
 PSYoungGen      total 538624K, used 70630K [0x000000076ab00000, 0x000000079db00000, 0x00000007c0000000)
  eden space 467968K, 0% used [0x000000076ab00000,0x000000076ab00000,0x0000000787400000)
  from space 70656K, 99% used [0x0000000787400000,0x000000078b8f9930,0x000000078b900000)
  to   space 94208K, 0% used [0x0000000797f00000,0x0000000797f00000,0x000000079db00000)
 ParOldGen       total 459776K, used 357625K [0x00000006c0000000, 0x00000006dc100000, 0x000000076ab00000)
  object space 459776K, 77% used [0x00000006c0000000,0x00000006d5d3e4c0,0x00000006dc100000)
 Metaspace       used 6640K, capacity 7346K, committed 7552K, reserved 1056768K
  class space    used 607K, capacity 618K, committed 640K, reserved 1048576K
}
Event: 189.996 GC heap before
{Heap before GC invocations=19 (full 4):
 PSYoungGen      total 538624K, used 538598K [0x000000076ab00000, 0x000000079db00000, 0x00000007c0000000)
  eden space 467968K, 100% used [0x000000076ab00000,0x0000000787400000,0x0000000787400000)
  from space 70656K, 99% used [0x0000000787400000,0x000000078b8f9930,0x000000078b900000)
  to   space 94208K, 0% used [0x0000000797f00000,0x0000000797f00000,0x000000079db00000)
 ParOldGen       total 459776K, used 357625K [0x00000006c0000000, 0x00000006dc100000, 0x000000076ab00000)
  object space 459776K, 77% used [0x00000006c0000000,0x00000006d5d3e4c0,0x00000006dc100000)
 Metaspace       used 6647K, capacity 7346K, committed 7552K, reserved 1056768K
  class space    used 607K, capacity 618K, committed 640K, reserved 1048576K
Event: 196.985 GC heap after
Heap after GC invocations=19 (full 4):
 PSYoungGen      total 733184K, used 72786K [0x000000076ab00000, 0x000000079ed00000, 0x00000007c0000000)
  eden space 638976K, 0% used [0x000000076ab00000,0x000000076ab00000,0x0000000791b00000)
  from space 94208K, 77% used [0x0000000797f00000,0x000000079c614870,0x000000079db00000)
  to   space 102400K, 0% used [0x0000000791b00000,0x0000000791b00000,0x0000000797f00000)
 ParOldGen       total 459776K, used 428072K [0x00000006c0000000, 0x00000006dc100000, 0x000000076ab00000)
  object space 459776K, 93% used [0x00000006c0000000,0x00000006da20a0b0,0x00000006dc100000)
 Metaspace       used 6647K, capacity 7346K, committed 7552K, reserved 1056768K
  class space    used 607K, capacity 618K, committed 640K, reserved 1048576K
}
Event: 197.012 GC heap before
{Heap before GC invocations=20 (full 5):
 PSYoungGen      total 733184K, used 72786K [0x000000076ab00000, 0x000000079ed00000, 0x00000007c0000000)
  eden space 638976K, 0% used [0x000000076ab00000,0x000000076ab00000,0x0000000791b00000)
  from space 94208K, 77% used [0x0000000797f00000,0x000000079c614870,0x000000079db00000)
  to   space 102400K, 0% used [0x0000000791b00000,0x0000000791b00000,0x0000000797f00000)
 ParOldGen       total 459776K, used 428072K [0x00000006c0000000, 0x00000006dc100000, 0x000000076ab00000)
  object space 459776K, 93% used [0x00000006c0000000,0x00000006da20a0b0,0x00000006dc100000)
 Metaspace       used 6647K, capacity 7346K, committed 7552K, reserved 1056768K
  class space    used 607K, capacity 618K, committed 640K, reserved 1048576K
Event: 202.346 GC heap after
Heap after GC invocations=20 (full 5):
 PSYoungGen      total 733184K, used 33131K [0x000000076ab00000, 0x000000079ed00000, 0x00000007c0000000)
  eden space 638976K, 0% used [0x000000076ab00000,0x000000076ab00000,0x0000000791b00000)
  from space 94208K, 35% used [0x0000000797f00000,0x0000000799f5ac98,0x000000079db00000)
  to   space 102400K, 0% used [0x0000000791b00000,0x0000000791b00000,0x0000000797f00000)
 ParOldGen       total 632832K, used 459508K [0x00000006c0000000, 0x00000006e6a00000, 0x000000076ab00000)
  object space 632832K, 72% used [0x00000006c0000000,0x00000006dc0bd028,0x00000006e6a00000)
 Metaspace       used 6647K, capacity 7346K, committed 7552K, reserved 1056768K
  class space    used 607K, capacity 618K, committed 640K, reserved 1048576K
}
Event: 239.111 GC heap before
{Heap before GC invocations=21 (full 5):
 PSYoungGen      total 733184K, used 672107K [0x000000076ab00000, 0x000000079ed00000, 0x00000007c0000000)
  eden space 638976K, 100% used [0x000000076ab00000,0x0000000791b00000,0x0000000791b00000)
  from space 94208K, 35% used [0x0000000797f00000,0x0000000799f5ac98,0x000000079db00000)
  to   space 102400K, 0% used [0x0000000791b00000,0x0000000791b00000,0x0000000797f00000)
 ParOldGen       total 632832K, used 459508K [0x00000006c0000000, 0x00000006e6a00000, 0x000000076ab00000)
  object space 632832K, 72% used [0x00000006c0000000,0x00000006dc0bd028,0x00000006e6a00000)
 Metaspace       used 6649K, capacity 7346K, committed 7552K, reserved 1056768K
  class space    used 607K, capacity 618K, committed 640K, reserved 1048576K

Deoptimization events (10 events):
Event: 178.024 Thread 0x00007fa7f418f800 Uncommon trap: reason=bimorphic action=maybe_recompile pc=0x00007fa7e5b7b858 method=com.android.dx.ssa.NormalSsaInsn.changeOneSource(ILcom/android/dx/rop/code/RegisterSpec;)V @ 113
Event: 178.024 Thread 0x00007fa7f418f800 Uncommon trap: reason=bimorphic action=maybe_recompile pc=0x00007fa7e5b7b858 method=com.android.dx.ssa.NormalSsaInsn.changeOneSource(ILcom/android/dx/rop/code/RegisterSpec;)V @ 113
Event: 178.024 Thread 0x00007fa7f418d800 Uncommon trap: reason=speculate_class_check action=maybe_recompile pc=0x00007fa7e58ba498 method=java.util.concurrent.locks.AbstractQueuedSynchronizer.acquireInterruptibly(I)V @ 16
Event: 178.024 Thread 0x00007fa7f418d800 Uncommon trap: reason=speculate_class_check action=maybe_recompile pc=0x00007fa7e58ba498 method=java.util.concurrent.locks.AbstractQueuedSynchronizer.acquireInterruptibly(I)V @ 16
Event: 178.030 Thread 0x00007fa7f4193000 Uncommon trap: reason=class_check action=maybe_recompile pc=0x00007fa7e5152c44 method=com.android.dx.ssa.SCCP.replaceConstants()V @ 182
Event: 210.388 Thread 0x00007fa7f4192000 Uncommon trap: reason=class_check action=maybe_recompile pc=0x00007fa7e5152c44 method=com.android.dx.ssa.SCCP.replaceConstants()V @ 182
Event: 217.484 Thread 0x00007fa7f418f800 Uncommon trap: reason=unstable_if action=reinterpret pc=0x00007fa7e5569a5c method=java.util.concurrent.ConcurrentHashMap.putVal(Ljava/lang/Object;Ljava/lang/Object;Z)Ljava/lang/Object; @ 98
Event: 227.670 Thread 0x00007fa7f4192000 Uncommon trap: reason=unstable_if action=reinterpret pc=0x00007fa7e5338594 method=com.android.dx.ssa.InterferenceRegisterMapper.areAnyPinned(Lcom/android/dx/rop/code/RegisterSpecList;II)Z @ 68
Event: 234.543 Thread 0x00007fa7f418c000 Uncommon trap: reason=bimorphic action=maybe_recompile pc=0x00007fa7e5a3cb84 method=com.android.dx.cf.code.BytecodeArray.parseInstruction(ILcom/android/dx/cf/code/BytecodeArray$Visitor;)I @ 1867
Event: 235.629 Thread 0x00007fa7f418c000 Uncommon trap: reason=bimorphic action=maybe_recompile pc=0x00007fa7e5a3cb84 method=com.android.dx.cf.code.BytecodeArray.parseInstruction(ILcom/android/dx/cf/code/BytecodeArray$Visitor;)I @ 1867

Classes redefined (0 events):
No events

Internal exceptions (10 events):
Event: 0.097 Thread 0x00007fa7f400b800 Exception <a 'java/lang/NoSuchMethodError': Method sun.misc.Unsafe.prefetchRead(Ljava/lang/Object;J)V name or signature does not match> (0x000000076ab07f90) thrown at [/ssd/Android/AOSP-openjdk-git/jdk8u/hotspot/src/share/vm/prims/jni.cpp, line 4011]
Event: 0.518 Thread 0x00007fa7f400b800 Implicit null exception at 0x00007fa7e516acb4 to 0x00007fa7e516b2fd
Event: 1.087 Thread 0x00007fa7f4193000 Implicit null exception at 0x00007fa7e53ad4f8 to 0x00007fa7e53b025d
Event: 1.134 Thread 0x00007fa7f418c000 Implicit null exception at 0x00007fa7e539c337 to 0x00007fa7e539edd1
Event: 1.240 Thread 0x00007fa7f4192000 Exception <a 'java/lang/ArrayIndexOutOfBoundsException': 18> (0x000000076f23d920) thrown at [/ssd/Android/AOSP-openjdk-git/jdk8u/hotspot/src/share/vm/interpreter/interpreterRuntime.cpp, line 366]
Event: 1.240 Thread 0x00007fa7f4192000 Exception <a 'java/lang/ArrayIndexOutOfBoundsException': 145> (0x000000076f23f4a0) thrown at [/ssd/Android/AOSP-openjdk-git/jdk8u/hotspot/src/share/vm/interpreter/interpreterRuntime.cpp, line 366]
Event: 1.240 Thread 0x00007fa7f4192000 Exception <a 'java/lang/ArrayIndexOutOfBoundsException': 40> (0x000000076f240788) thrown at [/ssd/Android/AOSP-openjdk-git/jdk8u/hotspot/src/share/vm/interpreter/interpreterRuntime.cpp, line 366]
Event: 106.566 Thread 0x00007fa7f4192000 Implicit null exception at 0x00007fa7e5b0dfb7 to 0x00007fa7e5b0f4bd
Event: 165.632 Thread 0x00007fa7f4193000 Implicit null exception at 0x00007fa7e597cb5c to 0x00007fa7e597ce7d
Event: 165.632 Thread 0x00007fa7f4193000 Implicit null exception at 0x00007fa7e517ad70 to 0x00007fa7e517b0ad

Events (10 events):
Event: 227.670 Thread 0x00007fa7f4192000 Uncommon trap: trap_request=0xffffff65 fr.pc=0x00007fa7e5338594
Event: 227.670 Thread 0x00007fa7f4192000 DEOPT PACKING pc=0x00007fa7e5338594 sp=0x00007fa7c0471f60
Event: 227.762 Thread 0x00007fa7f4192000 DEOPT UNPACKING pc=0x00007fa7e5004f69 sp=0x00007fa7c0471f00 mode 2
Event: 233.895 Thread 0x00007fa7f418c000 Uncommon trap: trap_request=0xffffffc6 fr.pc=0x00007fa7e5a3cb84
Event: 234.711 Thread 0x00007fa7f418c000 DEOPT PACKING pc=0x00007fa7e5a3cb84 sp=0x00007fa7c07750e0
Event: 235.611 Thread 0x00007fa7f418c000 DEOPT UNPACKING pc=0x00007fa7e5004f69 sp=0x00007fa7c0775068 mode 2
Event: 235.629 Thread 0x00007fa7f418c000 Uncommon trap: trap_request=0xffffffc6 fr.pc=0x00007fa7e5a3cb84
Event: 235.635 Thread 0x00007fa7f418c000 DEOPT PACKING pc=0x00007fa7e5a3cb84 sp=0x00007fa7c0774f40
Event: 235.635 Thread 0x00007fa7f418c000 DEOPT UNPACKING pc=0x00007fa7e5004f69 sp=0x00007fa7c0774ec8 mode 2
Event: 238.445 Executing VM operation: ParallelGCFailedAllocation


Dynamic libraries:
00400000-00401000 r-xp 00000000 08:02 10618143                           /home/androidpc/android-studio/jre/bin/java
00600000-00601000 r--p 00000000 08:02 10618143                           /home/androidpc/android-studio/jre/bin/java
00601000-00602000 rw-p 00001000 08:02 10618143                           /home/androidpc/android-studio/jre/bin/java
00f06000-00f27000 rw-p 00000000 00:00 0                                  [heap]
6c0000000-6e6a00000 rw-p 00000000 00:00 0 
6e6a00000-76ab00000 ---p 00000000 00:00 0 
76ab00000-79ed00000 rw-p 00000000 00:00 0 
7afa80000-7c0000000 ---p 00000000 00:00 0 
7c0000000-7c00a0000 rw-p 00000000 00:00 0 
7c00a0000-800000000 ---p 00000000 00:00 0 
7fa784000000-7fa784021000 rw-p 00000000 00:00 0 
7fa784021000-7fa788000000 ---p 00000000 00:00 0 
7fa78c000000-7fa78c045000 rw-p 00000000 00:00 0 
7fa78c045000-7fa790000000 ---p 00000000 00:00 0 
7fa790000000-7fa790053000 rw-p 00000000 00:00 0 
7fa790053000-7fa794000000 ---p 00000000 00:00 0 
7fa794000000-7fa794040000 rw-p 00000000 00:00 0 
7fa794040000-7fa798000000 ---p 00000000 00:00 0 
7fa798000000-7fa798021000 rw-p 00000000 00:00 0 
7fa798021000-7fa79c000000 ---p 00000000 00:00 0 
7fa79c000000-7fa79c021000 rw-p 00000000 00:00 0 
7fa79c021000-7fa7a0000000 ---p 00000000 00:00 0 
7fa7a0000000-7fa7a0021000 rw-p 00000000 00:00 0 
7fa7a0021000-7fa7a4000000 ---p 00000000 00:00 0 
7fa7a4000000-7fa7a5d0c000 rw-p 00000000 00:00 0 
7fa7a5d0c000-7fa7a8000000 ---p 00000000 00:00 0 
7fa7a8000000-7fa7a88f8000 rw-p 00000000 00:00 0 
7fa7a88f8000-7fa7ac000000 ---p 00000000 00:00 0 
7fa7ac000000-7fa7ac021000 rw-p 00000000 00:00 0 
7fa7ac021000-7fa7b0000000 ---p 00000000 00:00 0 
7fa7b0000000-7fa7b161a000 rw-p 00000000 00:00 0 
7fa7b161a000-7fa7b4000000 ---p 00000000 00:00 0 
7fa7b4000000-7fa7b4021000 rw-p 00000000 00:00 0 
7fa7b4021000-7fa7b8000000 ---p 00000000 00:00 0 
7fa7b8000000-7fa7b8021000 rw-p 00000000 00:00 0 
7fa7b8021000-7fa7bc000000 ---p 00000000 00:00 0 
7fa7bc000000-7fa7bc289000 rw-p 00000000 00:00 0 
7fa7bc289000-7fa7c0000000 ---p 00000000 00:00 0 
7fa7c0272000-7fa7c0275000 ---p 00000000 00:00 0 
7fa7c0275000-7fa7c0373000 rw-p 00000000 00:00 0 
7fa7c0373000-7fa7c0376000 ---p 00000000 00:00 0 
7fa7c0376000-7fa7c0474000 rw-p 00000000 00:00 0 
7fa7c0474000-7fa7c0477000 ---p 00000000 00:00 0 
7fa7c0477000-7fa7c0575000 rw-p 00000000 00:00 0 
7fa7c0575000-7fa7c0578000 ---p 00000000 00:00 0 
7fa7c0578000-7fa7c0676000 rw-p 00000000 00:00 0 
7fa7c0676000-7fa7c0679000 ---p 00000000 00:00 0 
7fa7c0679000-7fa7c0777000 rw-p 00000000 00:00 0 
7fa7c0777000-7fa7c08f3000 r--s 02121000 08:02 15338392                   /home/androidpc/EonTechnician/app/build/intermediates/transforms/jarMerging/release/0.jar
7fa7c08f3000-7fa7c08f4000 ---p 00000000 00:00 0 
7fa7c08f4000-7fa7c09f4000 rw-p 00000000 00:00 0 
7fa7c09f4000-7fa7c09f7000 ---p 00000000 00:00 0 
7fa7c09f7000-7fa7c0af5000 rw-p 00000000 00:00 0 
7fa7c0af5000-7fa7c0af6000 ---p 00000000 00:00 0 
7fa7c0af6000-7fa7c0af9000 ---p 00000000 00:00 0 
7fa7c0af9000-7fa7c0bf6000 rw-p 00000000 00:00 0 
7fa7c0bf6000-7fa7c0bf7000 ---p 00000000 00:00 0 
7fa7c0bf7000-7fa7c0bfa000 ---p 00000000 00:00 0 
7fa7c0bfa000-7fa7c0cf7000 rw-p 00000000 00:00 0 
7fa7c0cf7000-7fa7c0cf8000 ---p 00000000 00:00 0 
7fa7c0cf8000-7fa7c0cfb000 ---p 00000000 00:00 0 
7fa7c0cfb000-7fa7c0df8000 rw-p 00000000 00:00 0 
7fa7c0df8000-7fa7c0dfb000 ---p 00000000 00:00 0 
7fa7c0dfb000-7fa7c0ef9000 rw-p 00000000 00:00 0 
7fa7c0ef9000-7fa7c18c8000 r--p 00000000 08:02 22026811                   /usr/lib/locale/locale-archive
7fa7c18c8000-7fa7c18cb000 ---p 00000000 00:00 0 
7fa7c18cb000-7fa7c19c9000 rw-p 00000000 00:00 0 
7fa7c19c9000-7fa7c19cc000 ---p 00000000 00:00 0 
7fa7c19cc000-7fa7c1aca000 rw-p 00000000 00:00 0 
7fa7c1aca000-7fa7c1acb000 ---p 00000000 00:00 0 
7fa7c1acb000-7fa7c36c0000 rw-p 00000000 00:00 0 
7fa7c36c0000-7fa7c3800000 ---p 00000000 00:00 0 
7fa7c3800000-7fa7cc000000 rw-p 00000000 00:00 0 
7fa7cc000000-7fa7cc021000 rw-p 00000000 00:00 0 
7fa7cc021000-7fa7d0000000 ---p 00000000 00:00 0 
7fa7d0000000-7fa7d0021000 rw-p 00000000 00:00 0 
7fa7d0021000-7fa7d4000000 ---p 00000000 00:00 0 
7fa7d4000000-7fa7d4021000 rw-p 00000000 00:00 0 
7fa7d4021000-7fa7d8000000 ---p 00000000 00:00 0 
7fa7d8000000-7fa7d8021000 rw-p 00000000 00:00 0 
7fa7d8021000-7fa7dc000000 ---p 00000000 00:00 0 
7fa7dc000000-7fa7dc021000 rw-p 00000000 00:00 0 
7fa7dc021000-7fa7e0000000 ---p 00000000 00:00 0 
7fa7e0000000-7fa7e0022000 rw-p 00000000 00:00 0 
7fa7e0022000-7fa7e4000000 ---p 00000000 00:00 0 
7fa7e400f000-7fa7e41b5000 rw-p 00000000 00:00 0 
7fa7e41b5000-7fa7e4385000 r--s 03c46000 08:02 10880183                   /home/androidpc/android-studio/jre/jre/lib/rt.jar
7fa7e4385000-7fa7e43fb000 rw-p 00000000 00:00 0 
7fa7e43fb000-7fa7e43fc000 ---p 00000000 00:00 0 
7fa7e43fc000-7fa7e44fc000 rw-p 00000000 00:00 0 
7fa7e44fc000-7fa7e44fd000 ---p 00000000 00:00 0 
7fa7e44fd000-7fa7e45fd000 rw-p 00000000 00:00 0 
7fa7e45fd000-7fa7e45fe000 ---p 00000000 00:00 0 
7fa7e45fe000-7fa7e46fe000 rw-p 00000000 00:00 0 
7fa7e46fe000-7fa7e46ff000 ---p 00000000 00:00 0 
7fa7e46ff000-7fa7e4934000 rw-p 00000000 00:00 0 
7fa7e4934000-7fa7e4d54000 ---p 00000000 00:00 0 
7fa7e4d54000-7fa7e4ef6000 rw-p 00000000 00:00 0 
7fa7e4ef6000-7fa7e4fff000 ---p 00000000 00:00 0 
7fa7e4fff000-7fa7e5000000 rw-p 00000000 00:00 0 
7fa7e5000000-7fa7e5de0000 rwxp 00000000 00:00 0 
7fa7e5de0000-7fa7f4000000 ---p 00000000 00:00 0 
7fa7f4000000-7fa7f439e000 rw-p 00000000 00:00 0 
7fa7f439e000-7fa7f8000000 ---p 00000000 00:00 0 
7fa7f8006000-7fa7f8075000 rw-p 00000000 00:00 0 
7fa7f8075000-7fa7f8076000 ---p 00000000 00:00 0 
7fa7f8076000-7fa7f8176000 rw-p 00000000 00:00 0 
7fa7f8176000-7fa7f8177000 ---p 00000000 00:00 0 
7fa7f8177000-7fa7f83ac000 rw-p 00000000 00:00 0 
7fa7f83ac000-7fa7f87cd000 ---p 00000000 00:00 0 
7fa7f87cd000-7fa7f8805000 rw-p 00000000 00:00 0 
7fa7f8805000-7fa7f8b8d000 ---p 00000000 00:00 0 
7fa7f8b8d000-7fa7f8ba7000 r-xp 00000000 08:02 11011317                   /home/androidpc/android-studio/jre/jre/lib/amd64/libzip.so
7fa7f8ba7000-7fa7f8da7000 ---p 0001a000 08:02 11011317                   /home/androidpc/android-studio/jre/jre/lib/amd64/libzip.so
7fa7f8da7000-7fa7f8da8000 r--p 0001a000 08:02 11011317                   /home/androidpc/android-studio/jre/jre/lib/amd64/libzip.so
7fa7f8da8000-7fa7f8da9000 rw-p 0001b000 08:02 11011317                   /home/androidpc/android-studio/jre/jre/lib/amd64/libzip.so
7fa7f8da9000-7fa7f8db4000 r-xp 00000000 08:02 46666460                   /lib/x86_64-linux-gnu/libnss_files-2.27.so
7fa7f8db4000-7fa7f8fb3000 ---p 0000b000 08:02 46666460                   /lib/x86_64-linux-gnu/libnss_files-2.27.so
7fa7f8fb3000-7fa7f8fb4000 r--p 0000a000 08:02 46666460                   /lib/x86_64-linux-gnu/libnss_files-2.27.so
7fa7f8fb4000-7fa7f8fb5000 rw-p 0000b000 08:02 46666460                   /lib/x86_64-linux-gnu/libnss_files-2.27.so
7fa7f8fb5000-7fa7f8fbb000 rw-p 00000000 00:00 0 
7fa7f8fbb000-7fa7f8fd2000 r-xp 00000000 08:02 46666454                   /lib/x86_64-linux-gnu/libnsl-2.27.so
7fa7f8fd2000-7fa7f91d1000 ---p 00017000 08:02 46666454                   /lib/x86_64-linux-gnu/libnsl-2.27.so
7fa7f91d1000-7fa7f91d2000 r--p 00016000 08:02 46666454                   /lib/x86_64-linux-gnu/libnsl-2.27.so
7fa7f91d2000-7fa7f91d3000 rw-p 00017000 08:02 46666454                   /lib/x86_64-linux-gnu/libnsl-2.27.so
7fa7f91d3000-7fa7f91d5000 rw-p 00000000 00:00 0 
7fa7f91d5000-7fa7f91e0000 r-xp 00000000 08:02 46666471                   /lib/x86_64-linux-gnu/libnss_nis-2.27.so
7fa7f91e0000-7fa7f93df000 ---p 0000b000 08:02 46666471                   /lib/x86_64-linux-gnu/libnss_nis-2.27.so
7fa7f93df000-7fa7f93e0000 r--p 0000a000 08:02 46666471                   /lib/x86_64-linux-gnu/libnss_nis-2.27.so
7fa7f93e0000-7fa7f93e1000 rw-p 0000b000 08:02 46666471                   /lib/x86_64-linux-gnu/libnss_nis-2.27.so
7fa7f93e1000-7fa7f93e9000 r-xp 00000000 08:02 46666456                   /lib/x86_64-linux-gnu/libnss_compat-2.27.so
7fa7f93e9000-7fa7f95e9000 ---p 00008000 08:02 46666456                   /lib/x86_64-linux-gnu/libnss_compat-2.27.so
7fa7f95e9000-7fa7f95ea000 r--p 00008000 08:02 46666456                   /lib/x86_64-linux-gnu/libnss_compat-2.27.so
7fa7f95ea000-7fa7f95eb000 rw-p 00009000 08:02 46666456                   /lib/x86_64-linux-gnu/libnss_compat-2.27.so
7fa7f95eb000-7fa7f9618000 r-xp 00000000 08:02 11011316                   /home/androidpc/android-studio/jre/jre/lib/amd64/libjava.so
7fa7f9618000-7fa7f9817000 ---p 0002d000 08:02 11011316                   /home/androidpc/android-studio/jre/jre/lib/amd64/libjava.so
7fa7f9817000-7fa7f9818000 r--p 0002c000 08:02 11011316                   /home/androidpc/android-studio/jre/jre/lib/amd64/libjava.so
7fa7f9818000-7fa7f981a000 rw-p 0002d000 08:02 11011316                   /home/androidpc/android-studio/jre/jre/lib/amd64/libjava.so
7fa7f981a000-7fa7f982a000 r-xp 00000000 08:02 11011322                   /home/androidpc/android-studio/jre/jre/lib/amd64/libverify.so
7fa7f982a000-7fa7f9a29000 ---p 00010000 08:02 11011322                   /home/androidpc/android-studio/jre/jre/lib/amd64/libverify.so
7fa7f9a29000-7fa7f9a2b000 r--p 0000f000 08:02 11011322                   /home/androidpc/android-studio/jre/jre/lib/amd64/libverify.so
7fa7f9a2b000-7fa7f9a2c000 rw-p 00011000 08:02 11011322                   /home/androidpc/android-studio/jre/jre/lib/amd64/libverify.so
7fa7f9a2c000-7fa7f9a33000 r-xp 00000000 08:02 46666511                   /lib/x86_64-linux-gnu/librt-2.27.so
7fa7f9a33000-7fa7f9c32000 ---p 00007000 08:02 46666511                   /lib/x86_64-linux-gnu/librt-2.27.so
7fa7f9c32000-7fa7f9c33000 r--p 00006000 08:02 46666511                   /lib/x86_64-linux-gnu/librt-2.27.so
7fa7f9c33000-7fa7f9c34000 rw-p 00007000 08:02 46666511                   /lib/x86_64-linux-gnu/librt-2.27.so
7fa7f9c34000-7fa7f9dd1000 r-xp 00000000 08:02 46666433                   /lib/x86_64-linux-gnu/libm-2.27.so
7fa7f9dd1000-7fa7f9fd0000 ---p 0019d000 08:02 46666433                   /lib/x86_64-linux-gnu/libm-2.27.so
7fa7f9fd0000-7fa7f9fd1000 r--p 0019c000 08:02 46666433                   /lib/x86_64-linux-gnu/libm-2.27.so
7fa7f9fd1000-7fa7f9fd2000 rw-p 0019d000 08:02 46666433                   /lib/x86_64-linux-gnu/libm-2.27.so
7fa7f9fd2000-7fa7fabca000 r-xp 00000000 08:02 11011326                   /home/androidpc/android-studio/jre/jre/lib/amd64/server/libjvm.so
7fa7fabca000-7fa7fadca000 ---p 00bf8000 08:02 11011326                   /home/androidpc/android-studio/jre/jre/lib/amd64/server/libjvm.so
7fa7fadca000-7fa7fae69000 r--p 00bf8000 08:02 11011326                   /home/androidpc/android-studio/jre/jre/lib/amd64/server/libjvm.so
7fa7fae69000-7fa7fae92000 rw-p 00c97000 08:02 11011326                   /home/androidpc/android-studio/jre/jre/lib/amd64/server/libjvm.so
7fa7fae92000-7fa7faed6000 rw-p 00000000 00:00 0 
7fa7faed6000-7fa7faef0000 r-xp 00000000 08:02 46666503                   /lib/x86_64-linux-gnu/libpthread-2.27.so
7fa7faef0000-7fa7fb0ef000 ---p 0001a000 08:02 46666503                   /lib/x86_64-linux-gnu/libpthread-2.27.so
7fa7fb0ef000-7fa7fb0f0000 r--p 00019000 08:02 46666503                   /lib/x86_64-linux-gnu/libpthread-2.27.so
7fa7fb0f0000-7fa7fb0f1000 rw-p 0001a000 08:02 46666503                   /lib/x86_64-linux-gnu/libpthread-2.27.so
7fa7fb0f1000-7fa7fb0f5000 rw-p 00000000 00:00 0 
7fa7fb0f5000-7fa7fb0f8000 r-xp 00000000 08:02 46666393                   /lib/x86_64-linux-gnu/libdl-2.27.so
7fa7fb0f8000-7fa7fb2f7000 ---p 00003000 08:02 46666393                   /lib/x86_64-linux-gnu/libdl-2.27.so
7fa7fb2f7000-7fa7fb2f8000 r--p 00002000 08:02 46666393                   /lib/x86_64-linux-gnu/libdl-2.27.so
7fa7fb2f8000-7fa7fb2f9000 rw-p 00003000 08:02 46666393                   /lib/x86_64-linux-gnu/libdl-2.27.so
7fa7fb2f9000-7fa7fb4e0000 r-xp 00000000 08:02 46666370                   /lib/x86_64-linux-gnu/libc-2.27.so
7fa7fb4e0000-7fa7fb6e0000 ---p 001e7000 08:02 46666370                   /lib/x86_64-linux-gnu/libc-2.27.so
7fa7fb6e0000-7fa7fb6e4000 r--p 001e7000 08:02 46666370                   /lib/x86_64-linux-gnu/libc-2.27.so
7fa7fb6e4000-7fa7fb6e6000 rw-p 001eb000 08:02 46666370                   /lib/x86_64-linux-gnu/libc-2.27.so
7fa7fb6e6000-7fa7fb6ea000 rw-p 00000000 00:00 0 
7fa7fb6ea000-7fa7fb700000 r-xp 00000000 08:02 10749151                   /home/androidpc/android-studio/jre/lib/amd64/jli/libjli.so
7fa7fb700000-7fa7fb8ff000 ---p 00016000 08:02 10749151                   /home/androidpc/android-studio/jre/lib/amd64/jli/libjli.so
7fa7fb8ff000-7fa7fb900000 r--p 00015000 08:02 10749151                   /home/androidpc/android-studio/jre/lib/amd64/jli/libjli.so
7fa7fb900000-7fa7fb901000 rw-p 00016000 08:02 10749151                   /home/androidpc/android-studio/jre/lib/amd64/jli/libjli.so
7fa7fb901000-7fa7fb928000 r-xp 00000000 08:02 46666342                   /lib/x86_64-linux-gnu/ld-2.27.so
7fa7fb929000-7fa7fb938000 r--s 000ed000 08:02 6947636                    /home/androidpc/Android/android-sdk-linux/build-tools/27.0.1/lib/dx.jar
7fa7fb938000-7fa7fba0b000 rw-p 00000000 00:00 0 
7fa7fba0b000-7fa7fba0c000 ---p 00000000 00:00 0 
7fa7fba0c000-7fa7fba0f000 ---p 00000000 00:00 0 
7fa7fba0f000-7fa7fbb0e000 rw-p 00000000 00:00 0 
7fa7fbb1c000-7fa7fbb24000 rw-s 00000000 08:02 60429026                   /tmp/hsperfdata_root/22132
7fa7fbb24000-7fa7fbb25000 rw-p 00000000 00:00 0 
7fa7fbb25000-7fa7fbb26000 ---p 00000000 00:00 0 
7fa7fbb26000-7fa7fbb28000 rw-p 00000000 00:00 0 
7fa7fbb28000-7fa7fbb29000 r--p 00027000 08:02 46666342                   /lib/x86_64-linux-gnu/ld-2.27.so
7fa7fbb29000-7fa7fbb2a000 rw-p 00028000 08:02 46666342                   /lib/x86_64-linux-gnu/ld-2.27.so
7fa7fbb2a000-7fa7fbb2b000 rw-p 00000000 00:00 0 
7fffa49a8000-7fffa49c9000 rw-p 00000000 00:00 0                          [stack]
7fffa49db000-7fffa49de000 r--p 00000000 00:00 0                          [vvar]
7fffa49de000-7fffa49e0000 r-xp 00000000 00:00 0                          [vdso]
ffffffffff600000-ffffffffff601000 r-xp 00000000 00:00 0                  [vsyscall]

VM Arguments:
jvm_args: -Djava.awt.headless=true -Xmx4g -Dfile.encoding=UTF-8 -Duser.country=IN -Duser.language=en -Duser.variant 
java_command: com.android.dx.command.Main --dex --num-threads=4 --multi-dex --main-dex-list /home/androidpc/EonTechnician/app/build/intermediates/multi-dex/release/maindexlist.txt --output /home/androidpc/EonTechnician/app/build/intermediates/transforms/dex/release/0 --min-sdk-version 16 /home/androidpc/EonTechnician/app/build/intermediates/transforms/jarMerging/release/0.jar
java_class_path (initial): /home/androidpc/Android/android-sdk-linux/build-tools/27.0.1/lib/dx.jar
Launcher Type: SUN_STANDARD

Environment Variables:
JAVA_HOME=/usr/lib/jvm/java-8-openjdk-amd64
PATH=/usr/local/sbin:/usr/local/bin:/usr/sbin:/usr/bin:/sbin:/bin:/snap/bin:/usr/lib/jvm/java-8-openjdk-amd64
USERNAME=root
LD_LIBRARY_PATH=.:
SHELL=/bin/bash
DISPLAY=:0

Signal Handlers:
SIGSEGV: [libjvm.so+0x9ebc60], sa_mask[0]=11111111011111111101111111111110, sa_flags=SA_RESTART|SA_SIGINFO
SIGBUS: [libjvm.so+0x9ebc60], sa_mask[0]=11111111011111111101111111111110, sa_flags=SA_RESTART|SA_SIGINFO
SIGFPE: [libjvm.so+0x84cf60], sa_mask[0]=11111111011111111101111111111110, sa_flags=SA_RESTART|SA_SIGINFO
SIGPIPE: [libjvm.so+0x84cf60], sa_mask[0]=11111111011111111101111111111110, sa_flags=SA_RESTART|SA_SIGINFO
SIGXFSZ: [libjvm.so+0x84cf60], sa_mask[0]=11111111011111111101111111111110, sa_flags=SA_RESTART|SA_SIGINFO
SIGILL: [libjvm.so+0x84cf60], sa_mask[0]=11111111011111111101111111111110, sa_flags=SA_RESTART|SA_SIGINFO
SIGUSR1: SIG_DFL, sa_mask[0]=00000000000000000000000000000000, sa_flags=none
SIGUSR2: [libjvm.so+0x84ce30], sa_mask[0]=00100000000000000000000000000000, sa_flags=SA_RESTART|SA_SIGINFO
SIGHUP: [libjvm.so+0x84d020], sa_mask[0]=11111111011111111101111111111110, sa_flags=SA_RESTART|SA_SIGINFO
SIGINT: [libjvm.so+0x84d020], sa_mask[0]=11111111011111111101111111111110, sa_flags=SA_RESTART|SA_SIGINFO
SIGTERM: [libjvm.so+0x84d020], sa_mask[0]=11111111011111111101111111111110, sa_flags=SA_RESTART|SA_SIGINFO
SIGQUIT: [libjvm.so+0x84d020], sa_mask[0]=11111111011111111101111111111110, sa_flags=SA_RESTART|SA_SIGINFO


---------------  S Y S T E M  ---------------

OS:DISTRIB_ID=Ubuntu
DISTRIB_RELEASE=18.04
DISTRIB_CODENAME=bionic
DISTRIB_DESCRIPTION="Ubuntu 18.04.1 LTS"

uname:Linux 4.15.0-47-generic #50-Ubuntu SMP Wed Mar 13 10:44:52 UTC 2019 x86_64
libc:glibc 2.27 NPTL 2.27 
rlimit: STACK 8192k, CORE 0k, NPROC 30898, NOFILE 4096, AS infinity
load average:67.74 39.89 17.47

/proc/meminfo:
MemTotal:        8024656 kB
MemFree:          120072 kB
MemAvailable:      40524 kB
Buffers:            2972 kB
Cached:           265948 kB
SwapCached:        17336 kB
Active:          6663132 kB
Inactive:         869124 kB
Active(anon):    6642200 kB
Inactive(anon):   830512 kB
Active(file):      20932 kB
Inactive(file):    38612 kB
Unevictable:          64 kB
Mlocked:              64 kB
SwapTotal:       2097148 kB
SwapFree:          50900 kB
Dirty:               396 kB
Writeback:          9804 kB
AnonPages:       7248292 kB
Mapped:           193336 kB
Shmem:            208548 kB
Slab:             155084 kB
SReclaimable:      61120 kB
SUnreclaim:        93964 kB
KernelStack:       22304 kB
PageTables:       101612 kB
NFS_Unstable:          0 kB
Bounce:                0 kB
WritebackTmp:          0 kB
CommitLimit:     6109476 kB
Committed_AS:   19922224 kB
VmallocTotal:   34359738367 kB
VmallocUsed:           0 kB
VmallocChunk:          0 kB
HardwareCorrupted:     0 kB
AnonHugePages:         0 kB
ShmemHugePages:        0 kB
ShmemPmdMapped:        0 kB
CmaTotal:              0 kB
CmaFree:               0 kB
HugePages_Total:       0
HugePages_Free:        0
HugePages_Rsvd:        0
HugePages_Surp:        0
Hugepagesize:       2048 kB
DirectMap4k:      405492 kB
DirectMap2M:     7839744 kB
DirectMap1G:           0 kB


CPU:total 6 (initial active 6) (6 cores per cpu, 1 threads per core) family 6 model 158 stepping 10, cmov, cx8, fxsr, mmx, sse, sse2, sse3, ssse3, sse4.1, sse4.2, popcnt, avx, avx2, aes, clmul, erms, 3dnowpref, lzcnt, tsc, tscinvbit, bmi1, bmi2, adx

/proc/cpuinfo:
processor	: 0
vendor_id	: GenuineIntel
cpu family	: 6
model		: 158
model name	: Intel(R) Core(TM) i5-8400 CPU @ 2.80GHz
stepping	: 10
microcode	: 0x96
cpu MHz		: 905.096
cache size	: 9216 KB
physical id	: 0
siblings	: 6
core id		: 0
cpu cores	: 6
apicid		: 0
initial apicid	: 0
fpu		: yes
fpu_exception	: yes
cpuid level	: 22
wp		: yes
flags		: fpu vme de pse tsc msr pae mce cx8 apic sep mtrr pge mca cmov pat pse36 clflush dts acpi mmx fxsr sse sse2 ss ht tm pbe syscall nx pdpe1gb rdtscp lm constant_tsc art arch_perfmon pebs bts rep_good nopl xtopology nonstop_tsc cpuid aperfmperf tsc_known_freq pni pclmulqdq dtes64 monitor ds_cpl vmx est tm2 ssse3 sdbg fma cx16 xtpr pdcm pcid sse4_1 sse4_2 x2apic movbe popcnt tsc_deadline_timer aes xsave avx f16c rdrand lahf_lm abm 3dnowprefetch cpuid_fault epb invpcid_single pti ssbd ibrs ibpb stibp tpr_shadow vnmi flexpriority ept vpid fsgsbase tsc_adjust bmi1 avx2 smep bmi2 erms invpcid mpx rdseed adx smap clflushopt intel_pt xsaveopt xsavec xgetbv1 xsaves dtherm ida arat pln pts hwp hwp_notify hwp_act_window hwp_epp flush_l1d
bugs		: cpu_meltdown spectre_v1 spectre_v2 spec_store_bypass l1tf
bogomips	: 5616.00
clflush size	: 64
cache_alignment	: 64
address sizes	: 39 bits physical, 48 bits virtual
power management:

processor	: 1
vendor_id	: GenuineIntel
cpu family	: 6
model		: 158
model name	: Intel(R) Core(TM) i5-8400 CPU @ 2.80GHz
stepping	: 10
microcode	: 0x96
cpu MHz		: 941.836
cache size	: 9216 KB
physical id	: 0
siblings	: 6
core id		: 1
cpu cores	: 6
apicid		: 2
initial apicid	: 2
fpu		: yes
fpu_exception	: yes
cpuid level	: 22
wp		: yes
flags		: fpu vme de pse tsc msr pae mce cx8 apic sep mtrr pge mca cmov pat pse36 clflush dts acpi mmx fxsr sse sse2 ss ht tm pbe syscall nx pdpe1gb rdtscp lm constant_tsc art arch_perfmon pebs bts rep_good nopl xtopology nonstop_tsc cpuid aperfmperf tsc_known_freq pni pclmulqdq dtes64 monitor ds_cpl vmx est tm2 ssse3 sdbg fma cx16 xtpr pdcm pcid sse4_1 sse4_2 x2apic movbe popcnt tsc_deadline_timer aes xsave avx f16c rdrand lahf_lm abm 3dnowprefetch cpuid_fault epb invpcid_single pti ssbd ibrs ibpb stibp tpr_shadow vnmi flexpriority ept vpid fsgsbase tsc_adjust bmi1 avx2 smep bmi2 erms invpcid mpx rdseed adx smap clflushopt intel_pt xsaveopt xsavec xgetbv1 xsaves dtherm ida arat pln pts hwp hwp_notify hwp_act_window hwp_epp flush_l1d
bugs		: cpu_meltdown spectre_v1 spectre_v2 spec_store_bypass l1tf
bogomips	: 5616.00
clflush size	: 64
cache_alignment	: 64
address sizes	: 39 bits physical, 48 bits virtual
power management:

processor	: 2
vendor_id	: GenuineIntel
cpu family	: 6
model		: 158
model name	: Intel(R) Core(TM) i5-8400 CPU @ 2.80GHz
stepping	: 10
microcode	: 0x96
cpu MHz		: 902.794
cache size	: 9216 KB
physical id	: 0
siblings	: 6
core id		: 2
cpu cores	: 6
apicid		: 4
initial apicid	: 4
fpu		: yes
fpu_exception	: yes
cpuid level	: 22
wp		: yes
flags		: fpu vme de pse tsc msr pae mce cx8 apic sep mtrr pge mca cmov pat pse36 clflush dts acpi mmx fxsr sse sse2 ss ht tm pbe syscall nx pdpe1gb rdtscp lm constant_tsc art arch_perfmon pebs bts rep_good nopl xtopology nonstop_tsc cpuid aperfmperf tsc_known_freq pni pclmulqdq dtes64 monitor ds_cpl vmx est tm2 ssse3 sdbg fma cx16 xtpr pdcm pcid sse4_1 sse4_2 x2apic movbe popcnt tsc_deadline_timer aes xsave avx f16c rdrand lahf_lm abm 3dnowprefetch cpuid_fault epb invpcid_single pti ssbd ibrs ibpb stibp tpr_shadow vnmi flexpriority ept vpid fsgsbase tsc_adjust bmi1 avx2 smep bmi2 erms invpcid mpx rdseed adx smap clflushopt intel_pt xsaveopt xsavec xgetbv1 xsaves dtherm ida arat pln pts hwp hwp_notify hwp_act_window hwp_epp flush_l1d
bugs		: cpu_meltdown spectre_v1 spectre_v2 spec_store_bypass l1tf
bogomips	: 5616.00
clflush size	: 64
cache_alignment	: 64
address sizes	: 39 bits physical, 48 bits virtual
power management:

processor	: 3
vendor_id	: GenuineIntel
cpu family	: 6
model		: 158
model name	: Intel(R) Core(TM) i5-8400 CPU @ 2.80GHz
stepping	: 10
microcode	: 0x96
cpu MHz		: 978.159
cache size	: 9216 KB
physical id	: 0
siblings	: 6
core id		: 3
cpu cores	: 6
apicid		: 6
initial apicid	: 6
fpu		: yes
fpu_exception	: yes
cpuid level	: 22
wp		: yes
flags		: fpu vme de pse tsc msr pae mce cx8 apic sep mtrr pge mca cmov pat pse36 clflush dts acpi mmx fxsr sse sse2 ss ht tm pbe syscall nx pdpe1gb rdtscp lm constant_tsc art arch_perfmon pebs bts rep_good nopl xtopology nonstop_tsc cpuid aperfmperf tsc_known_freq pni pclmulqdq dtes64 monitor ds_cpl vmx est tm2 ssse3 sdbg fma cx16 xtpr pdcm pcid sse4_1 sse4_2 x2apic movbe popcnt tsc_deadline_timer aes xsave avx f16c rdrand lahf_lm abm 3dnowprefetch cpuid_fault epb invpcid_single pti ssbd ibrs ibpb stibp tpr_shadow vnmi flexpriority ept vpid fsgsbase tsc_adjust bmi1 avx2 smep bmi2 erms invpcid mpx rdseed adx smap clflushopt intel_pt xsaveopt xsavec xgetbv1 xsaves dtherm ida arat pln pts hwp hwp_notify hwp_act_window hwp_epp flush_l1d
bugs		: cpu_meltdown spectre_v1 spectre_v2 spec_store_bypass l1tf
bogomips	: 5616.00
clflush size	: 64
cache_alignment	: 64
address sizes	: 39 bits physical, 48 bits virtual
power management:

processor	: 4
vendor_id	: GenuineIntel
cpu family	: 6
model		: 158
model name	: Intel(R) Core(TM) i5-8400 CPU @ 2.80GHz
stepping	: 10
microcode	: 0x96
cpu MHz		: 901.778
cache size	: 9216 KB
physical id	: 0
siblings	: 6
core id		: 4
cpu cores	: 6
apicid		: 8
initial apicid	: 8
fpu		: yes
fpu_exception	: yes
cpuid level	: 22
wp		: yes
flags		: fpu vme de pse tsc msr pae mce cx8 apic sep mtrr pge mca cmov pat pse36 clflush dts acpi mmx fxsr sse sse2 ss ht tm pbe syscall nx pdpe1gb rdtscp lm constant_tsc art arch_perfmon pebs bts rep_good nopl xtopology nonstop_tsc cpuid aperfmperf tsc_known_freq pni pclmulqdq dtes64 monitor ds_cpl vmx est tm2 ssse3 sdbg fma cx16 xtpr pdcm pcid sse4_1 sse4_2 x2apic movbe popcnt tsc_deadline_timer aes xsave avx f16c rdrand lahf_lm abm 3dnowprefetch cpuid_fault epb invpcid_single pti ssbd ibrs ibpb stibp tpr_shadow vnmi flexpriority ept vpid fsgsbase tsc_adjust bmi1 avx2 smep bmi2 erms invpcid mpx rdseed adx smap clflushopt intel_pt xsaveopt xsavec xgetbv1 xsaves dtherm ida arat pln pts hwp hwp_notify hwp_act_window hwp_epp flush_l1d
bugs		: cpu_meltdown spectre_v1 spectre_v2 spec_store_bypass l1tf
bogomips	: 5616.00
clflush size	: 64
cache_alignment	: 64
address sizes	: 39 bits physical, 48 bits virtual
power management:

processor	: 5
vendor_id	: GenuineIntel
cpu family	: 6
model		: 158
model name	: Intel(R) Core(TM) i5-8400 CPU @ 2.80GHz
stepping	: 10
microcode	: 0x96
cpu MHz		: 945.288
cache size	: 9216 KB
physical id	: 0
siblings	: 6
core id		: 5
cpu cores	: 6
apicid		: 10
initial apicid	: 10
fpu		: yes
fpu_exception	: yes
cpuid level	: 22
wp		: yes
flags		: fpu vme de pse tsc msr pae mce cx8 apic sep mtrr pge mca cmov pat pse36 clflush dts acpi mmx fxsr sse sse2 ss ht tm pbe syscall nx pdpe1gb rdtscp lm constant_tsc art arch_perfmon pebs bts rep_good nopl xtopology nonstop_tsc cpuid aperfmperf tsc_known_freq pni pclmulqdq dtes64 monitor ds_cpl vmx est tm2 ssse3 sdbg fma cx16 xtpr pdcm pcid sse4_1 sse4_2 x2apic movbe popcnt tsc_deadline_timer aes xsave avx f16c rdrand lahf_lm abm 3dnowprefetch cpuid_fault epb invpcid_single pti ssbd ibrs ibpb stibp tpr_shadow vnmi flexpriority ept vpid fsgsbase tsc_adjust bmi1 avx2 smep bmi2 erms invpcid mpx rdseed adx smap clflushopt intel_pt xsaveopt xsavec xgetbv1 xsaves dtherm ida arat pln pts hwp hwp_notify hwp_act_window hwp_epp flush_l1d
bugs		: cpu_meltdown spectre_v1 spectre_v2 spec_store_bypass l1tf
bogomips	: 5616.00
clflush size	: 64
cache_alignment	: 64
address sizes	: 39 bits physical, 48 bits virtual
power management:



Memory: 4k page, physical 8024656k(119948k free), swap 2097148k(50900k free)

vm_info: OpenJDK 64-Bit Server VM (25.152-b01) for linux-amd64 JRE (1.8.0_152-release-915-b01), built by "builder" with gcc 4.8.4

time: Fri May  3 17:04:40 2019
elapsed time: 274 seconds (0d 0h 4m 34s)

